[2023-08-20T01:09:25.432+0000] {processor.py:157} INFO - Started process (PID=49) to work on /home/airflow/.local/lib/python3.8/site-packages/airflow/example_dags/example_local_kubernetes_executor.py
[2023-08-20T01:09:25.433+0000] {processor.py:829} INFO - Processing file /home/airflow/.local/lib/python3.8/site-packages/airflow/example_dags/example_local_kubernetes_executor.py for tasks to queue
[2023-08-20T01:09:25.434+0000] {logging_mixin.py:151} INFO - [2023-08-20T01:09:25.434+0000] {dagbag.py:539} INFO - Filling up the DagBag from /home/airflow/.local/lib/python3.8/site-packages/airflow/example_dags/example_local_kubernetes_executor.py
[2023-08-20T01:09:26.151+0000] {processor.py:839} INFO - DAG(s) dict_keys(['example_local_kubernetes_executor']) retrieved from /home/airflow/.local/lib/python3.8/site-packages/airflow/example_dags/example_local_kubernetes_executor.py
[2023-08-20T01:09:26.206+0000] {logging_mixin.py:151} INFO - [2023-08-20T01:09:26.206+0000] {manager.py:501} INFO - Created Permission View: can edit on DAG:example_local_kubernetes_executor
[2023-08-20T01:09:26.209+0000] {logging_mixin.py:151} INFO - [2023-08-20T01:09:26.209+0000] {manager.py:501} INFO - Created Permission View: can delete on DAG:example_local_kubernetes_executor
[2023-08-20T01:09:26.211+0000] {logging_mixin.py:151} INFO - [2023-08-20T01:09:26.211+0000] {manager.py:501} INFO - Created Permission View: can read on DAG:example_local_kubernetes_executor
[2023-08-20T01:09:26.217+0000] {logging_mixin.py:151} INFO - [2023-08-20T01:09:26.217+0000] {dag.py:2907} INFO - Sync 1 DAGs
[2023-08-20T01:09:26.221+0000] {logging_mixin.py:151} INFO - [2023-08-20T01:09:26.221+0000] {dag.py:2929} INFO - Creating ORM DAG for example_local_kubernetes_executor
[2023-08-20T01:09:26.222+0000] {logging_mixin.py:151} INFO - [2023-08-20T01:09:26.222+0000] {dag.py:3677} INFO - Setting next_dagrun for example_local_kubernetes_executor to None, run_after=None
[2023-08-20T01:09:26.228+0000] {processor.py:179} INFO - Processing /home/airflow/.local/lib/python3.8/site-packages/airflow/example_dags/example_local_kubernetes_executor.py took 0.799 seconds
[2023-08-20T01:09:56.968+0000] {processor.py:157} INFO - Started process (PID=104) to work on /home/airflow/.local/lib/python3.8/site-packages/airflow/example_dags/example_local_kubernetes_executor.py
[2023-08-20T01:09:56.969+0000] {processor.py:829} INFO - Processing file /home/airflow/.local/lib/python3.8/site-packages/airflow/example_dags/example_local_kubernetes_executor.py for tasks to queue
[2023-08-20T01:09:56.972+0000] {logging_mixin.py:151} INFO - [2023-08-20T01:09:56.971+0000] {dagbag.py:539} INFO - Filling up the DagBag from /home/airflow/.local/lib/python3.8/site-packages/airflow/example_dags/example_local_kubernetes_executor.py
[2023-08-20T01:09:57.091+0000] {processor.py:839} INFO - DAG(s) dict_keys(['example_local_kubernetes_executor']) retrieved from /home/airflow/.local/lib/python3.8/site-packages/airflow/example_dags/example_local_kubernetes_executor.py
[2023-08-20T01:09:57.108+0000] {logging_mixin.py:151} INFO - [2023-08-20T01:09:57.108+0000] {dag.py:2907} INFO - Sync 1 DAGs
[2023-08-20T01:09:57.113+0000] {logging_mixin.py:151} INFO - [2023-08-20T01:09:57.113+0000] {dag.py:3677} INFO - Setting next_dagrun for example_local_kubernetes_executor to None, run_after=None
[2023-08-20T01:09:57.121+0000] {processor.py:179} INFO - Processing /home/airflow/.local/lib/python3.8/site-packages/airflow/example_dags/example_local_kubernetes_executor.py took 0.158 seconds
[2023-08-20T01:10:27.723+0000] {processor.py:157} INFO - Started process (PID=158) to work on /home/airflow/.local/lib/python3.8/site-packages/airflow/example_dags/example_local_kubernetes_executor.py
[2023-08-20T01:10:27.724+0000] {processor.py:829} INFO - Processing file /home/airflow/.local/lib/python3.8/site-packages/airflow/example_dags/example_local_kubernetes_executor.py for tasks to queue
[2023-08-20T01:10:27.726+0000] {logging_mixin.py:151} INFO - [2023-08-20T01:10:27.726+0000] {dagbag.py:539} INFO - Filling up the DagBag from /home/airflow/.local/lib/python3.8/site-packages/airflow/example_dags/example_local_kubernetes_executor.py
[2023-08-20T01:10:27.841+0000] {processor.py:839} INFO - DAG(s) dict_keys(['example_local_kubernetes_executor']) retrieved from /home/airflow/.local/lib/python3.8/site-packages/airflow/example_dags/example_local_kubernetes_executor.py
[2023-08-20T01:10:27.860+0000] {logging_mixin.py:151} INFO - [2023-08-20T01:10:27.860+0000] {dag.py:2907} INFO - Sync 1 DAGs
[2023-08-20T01:10:27.866+0000] {logging_mixin.py:151} INFO - [2023-08-20T01:10:27.866+0000] {dag.py:3677} INFO - Setting next_dagrun for example_local_kubernetes_executor to None, run_after=None
[2023-08-20T01:10:27.873+0000] {processor.py:179} INFO - Processing /home/airflow/.local/lib/python3.8/site-packages/airflow/example_dags/example_local_kubernetes_executor.py took 0.155 seconds
[2023-08-20T01:10:58.437+0000] {processor.py:157} INFO - Started process (PID=212) to work on /home/airflow/.local/lib/python3.8/site-packages/airflow/example_dags/example_local_kubernetes_executor.py
[2023-08-20T01:10:58.438+0000] {processor.py:829} INFO - Processing file /home/airflow/.local/lib/python3.8/site-packages/airflow/example_dags/example_local_kubernetes_executor.py for tasks to queue
[2023-08-20T01:10:58.441+0000] {logging_mixin.py:151} INFO - [2023-08-20T01:10:58.441+0000] {dagbag.py:539} INFO - Filling up the DagBag from /home/airflow/.local/lib/python3.8/site-packages/airflow/example_dags/example_local_kubernetes_executor.py
[2023-08-20T01:10:58.572+0000] {processor.py:839} INFO - DAG(s) dict_keys(['example_local_kubernetes_executor']) retrieved from /home/airflow/.local/lib/python3.8/site-packages/airflow/example_dags/example_local_kubernetes_executor.py
[2023-08-20T01:10:58.591+0000] {logging_mixin.py:151} INFO - [2023-08-20T01:10:58.591+0000] {dag.py:2907} INFO - Sync 1 DAGs
[2023-08-20T01:10:58.597+0000] {logging_mixin.py:151} INFO - [2023-08-20T01:10:58.597+0000] {dag.py:3677} INFO - Setting next_dagrun for example_local_kubernetes_executor to None, run_after=None
[2023-08-20T01:10:58.604+0000] {processor.py:179} INFO - Processing /home/airflow/.local/lib/python3.8/site-packages/airflow/example_dags/example_local_kubernetes_executor.py took 0.172 seconds
[2023-08-20T01:11:29.116+0000] {processor.py:157} INFO - Started process (PID=266) to work on /home/airflow/.local/lib/python3.8/site-packages/airflow/example_dags/example_local_kubernetes_executor.py
[2023-08-20T01:11:29.117+0000] {processor.py:829} INFO - Processing file /home/airflow/.local/lib/python3.8/site-packages/airflow/example_dags/example_local_kubernetes_executor.py for tasks to queue
[2023-08-20T01:11:29.120+0000] {logging_mixin.py:151} INFO - [2023-08-20T01:11:29.120+0000] {dagbag.py:539} INFO - Filling up the DagBag from /home/airflow/.local/lib/python3.8/site-packages/airflow/example_dags/example_local_kubernetes_executor.py
[2023-08-20T01:11:29.238+0000] {processor.py:839} INFO - DAG(s) dict_keys(['example_local_kubernetes_executor']) retrieved from /home/airflow/.local/lib/python3.8/site-packages/airflow/example_dags/example_local_kubernetes_executor.py
[2023-08-20T01:11:29.256+0000] {logging_mixin.py:151} INFO - [2023-08-20T01:11:29.256+0000] {dag.py:2907} INFO - Sync 1 DAGs
[2023-08-20T01:11:29.262+0000] {logging_mixin.py:151} INFO - [2023-08-20T01:11:29.262+0000] {dag.py:3677} INFO - Setting next_dagrun for example_local_kubernetes_executor to None, run_after=None
[2023-08-20T01:11:29.269+0000] {processor.py:179} INFO - Processing /home/airflow/.local/lib/python3.8/site-packages/airflow/example_dags/example_local_kubernetes_executor.py took 0.159 seconds
[2023-08-20T01:11:59.818+0000] {processor.py:157} INFO - Started process (PID=320) to work on /home/airflow/.local/lib/python3.8/site-packages/airflow/example_dags/example_local_kubernetes_executor.py
[2023-08-20T01:11:59.819+0000] {processor.py:829} INFO - Processing file /home/airflow/.local/lib/python3.8/site-packages/airflow/example_dags/example_local_kubernetes_executor.py for tasks to queue
[2023-08-20T01:11:59.822+0000] {logging_mixin.py:151} INFO - [2023-08-20T01:11:59.821+0000] {dagbag.py:539} INFO - Filling up the DagBag from /home/airflow/.local/lib/python3.8/site-packages/airflow/example_dags/example_local_kubernetes_executor.py
[2023-08-20T01:11:59.946+0000] {processor.py:839} INFO - DAG(s) dict_keys(['example_local_kubernetes_executor']) retrieved from /home/airflow/.local/lib/python3.8/site-packages/airflow/example_dags/example_local_kubernetes_executor.py
[2023-08-20T01:11:59.964+0000] {logging_mixin.py:151} INFO - [2023-08-20T01:11:59.964+0000] {dag.py:2907} INFO - Sync 1 DAGs
[2023-08-20T01:11:59.970+0000] {logging_mixin.py:151} INFO - [2023-08-20T01:11:59.970+0000] {dag.py:3677} INFO - Setting next_dagrun for example_local_kubernetes_executor to None, run_after=None
[2023-08-20T01:11:59.978+0000] {processor.py:179} INFO - Processing /home/airflow/.local/lib/python3.8/site-packages/airflow/example_dags/example_local_kubernetes_executor.py took 0.164 seconds
[2023-08-20T01:12:51.334+0000] {processor.py:157} INFO - Started process (PID=48) to work on /home/airflow/.local/lib/python3.8/site-packages/airflow/example_dags/example_local_kubernetes_executor.py
[2023-08-20T01:12:51.335+0000] {processor.py:829} INFO - Processing file /home/airflow/.local/lib/python3.8/site-packages/airflow/example_dags/example_local_kubernetes_executor.py for tasks to queue
[2023-08-20T01:12:51.337+0000] {logging_mixin.py:151} INFO - [2023-08-20T01:12:51.336+0000] {dagbag.py:539} INFO - Filling up the DagBag from /home/airflow/.local/lib/python3.8/site-packages/airflow/example_dags/example_local_kubernetes_executor.py
[2023-08-20T01:12:51.536+0000] {processor.py:839} INFO - DAG(s) dict_keys(['example_local_kubernetes_executor']) retrieved from /home/airflow/.local/lib/python3.8/site-packages/airflow/example_dags/example_local_kubernetes_executor.py
[2023-08-20T01:12:51.544+0000] {logging_mixin.py:151} INFO - [2023-08-20T01:12:51.544+0000] {dag.py:2907} INFO - Sync 1 DAGs
[2023-08-20T01:12:51.548+0000] {logging_mixin.py:151} INFO - [2023-08-20T01:12:51.548+0000] {dag.py:3677} INFO - Setting next_dagrun for example_local_kubernetes_executor to None, run_after=None
[2023-08-20T01:12:51.556+0000] {processor.py:179} INFO - Processing /home/airflow/.local/lib/python3.8/site-packages/airflow/example_dags/example_local_kubernetes_executor.py took 0.224 seconds
[2023-08-20T01:13:22.095+0000] {processor.py:157} INFO - Started process (PID=101) to work on /home/airflow/.local/lib/python3.8/site-packages/airflow/example_dags/example_local_kubernetes_executor.py
[2023-08-20T01:13:22.095+0000] {processor.py:829} INFO - Processing file /home/airflow/.local/lib/python3.8/site-packages/airflow/example_dags/example_local_kubernetes_executor.py for tasks to queue
[2023-08-20T01:13:22.096+0000] {logging_mixin.py:151} INFO - [2023-08-20T01:13:22.096+0000] {dagbag.py:539} INFO - Filling up the DagBag from /home/airflow/.local/lib/python3.8/site-packages/airflow/example_dags/example_local_kubernetes_executor.py
[2023-08-20T01:13:22.266+0000] {processor.py:839} INFO - DAG(s) dict_keys(['example_local_kubernetes_executor']) retrieved from /home/airflow/.local/lib/python3.8/site-packages/airflow/example_dags/example_local_kubernetes_executor.py
[2023-08-20T01:13:22.281+0000] {logging_mixin.py:151} INFO - [2023-08-20T01:13:22.281+0000] {dag.py:2907} INFO - Sync 1 DAGs
[2023-08-20T01:13:22.286+0000] {logging_mixin.py:151} INFO - [2023-08-20T01:13:22.286+0000] {dag.py:3677} INFO - Setting next_dagrun for example_local_kubernetes_executor to None, run_after=None
[2023-08-20T01:13:22.294+0000] {processor.py:179} INFO - Processing /home/airflow/.local/lib/python3.8/site-packages/airflow/example_dags/example_local_kubernetes_executor.py took 0.201 seconds
[2023-08-20T01:13:53.065+0000] {processor.py:157} INFO - Started process (PID=155) to work on /home/airflow/.local/lib/python3.8/site-packages/airflow/example_dags/example_local_kubernetes_executor.py
[2023-08-20T01:13:53.066+0000] {processor.py:829} INFO - Processing file /home/airflow/.local/lib/python3.8/site-packages/airflow/example_dags/example_local_kubernetes_executor.py for tasks to queue
[2023-08-20T01:13:53.067+0000] {logging_mixin.py:151} INFO - [2023-08-20T01:13:53.067+0000] {dagbag.py:539} INFO - Filling up the DagBag from /home/airflow/.local/lib/python3.8/site-packages/airflow/example_dags/example_local_kubernetes_executor.py
[2023-08-20T01:13:53.173+0000] {processor.py:839} INFO - DAG(s) dict_keys(['example_local_kubernetes_executor']) retrieved from /home/airflow/.local/lib/python3.8/site-packages/airflow/example_dags/example_local_kubernetes_executor.py
[2023-08-20T01:13:53.191+0000] {logging_mixin.py:151} INFO - [2023-08-20T01:13:53.190+0000] {dag.py:2907} INFO - Sync 1 DAGs
[2023-08-20T01:13:53.196+0000] {logging_mixin.py:151} INFO - [2023-08-20T01:13:53.196+0000] {dag.py:3677} INFO - Setting next_dagrun for example_local_kubernetes_executor to None, run_after=None
[2023-08-20T01:13:53.203+0000] {processor.py:179} INFO - Processing /home/airflow/.local/lib/python3.8/site-packages/airflow/example_dags/example_local_kubernetes_executor.py took 0.140 seconds
[2023-08-20T01:14:23.606+0000] {processor.py:157} INFO - Started process (PID=209) to work on /home/airflow/.local/lib/python3.8/site-packages/airflow/example_dags/example_local_kubernetes_executor.py
[2023-08-20T01:14:23.607+0000] {processor.py:829} INFO - Processing file /home/airflow/.local/lib/python3.8/site-packages/airflow/example_dags/example_local_kubernetes_executor.py for tasks to queue
[2023-08-20T01:14:23.608+0000] {logging_mixin.py:151} INFO - [2023-08-20T01:14:23.607+0000] {dagbag.py:539} INFO - Filling up the DagBag from /home/airflow/.local/lib/python3.8/site-packages/airflow/example_dags/example_local_kubernetes_executor.py
[2023-08-20T01:14:23.714+0000] {processor.py:839} INFO - DAG(s) dict_keys(['example_local_kubernetes_executor']) retrieved from /home/airflow/.local/lib/python3.8/site-packages/airflow/example_dags/example_local_kubernetes_executor.py
[2023-08-20T01:14:23.733+0000] {logging_mixin.py:151} INFO - [2023-08-20T01:14:23.732+0000] {dag.py:2907} INFO - Sync 1 DAGs
[2023-08-20T01:14:23.738+0000] {logging_mixin.py:151} INFO - [2023-08-20T01:14:23.738+0000] {dag.py:3677} INFO - Setting next_dagrun for example_local_kubernetes_executor to None, run_after=None
[2023-08-20T01:14:23.745+0000] {processor.py:179} INFO - Processing /home/airflow/.local/lib/python3.8/site-packages/airflow/example_dags/example_local_kubernetes_executor.py took 0.141 seconds
[2023-08-20T01:14:54.245+0000] {processor.py:157} INFO - Started process (PID=263) to work on /home/airflow/.local/lib/python3.8/site-packages/airflow/example_dags/example_local_kubernetes_executor.py
[2023-08-20T01:14:54.246+0000] {processor.py:829} INFO - Processing file /home/airflow/.local/lib/python3.8/site-packages/airflow/example_dags/example_local_kubernetes_executor.py for tasks to queue
[2023-08-20T01:14:54.247+0000] {logging_mixin.py:151} INFO - [2023-08-20T01:14:54.247+0000] {dagbag.py:539} INFO - Filling up the DagBag from /home/airflow/.local/lib/python3.8/site-packages/airflow/example_dags/example_local_kubernetes_executor.py
[2023-08-20T01:14:54.353+0000] {processor.py:839} INFO - DAG(s) dict_keys(['example_local_kubernetes_executor']) retrieved from /home/airflow/.local/lib/python3.8/site-packages/airflow/example_dags/example_local_kubernetes_executor.py
[2023-08-20T01:14:54.371+0000] {logging_mixin.py:151} INFO - [2023-08-20T01:14:54.371+0000] {dag.py:2907} INFO - Sync 1 DAGs
[2023-08-20T01:14:54.377+0000] {logging_mixin.py:151} INFO - [2023-08-20T01:14:54.377+0000] {dag.py:3677} INFO - Setting next_dagrun for example_local_kubernetes_executor to None, run_after=None
[2023-08-20T01:14:54.384+0000] {processor.py:179} INFO - Processing /home/airflow/.local/lib/python3.8/site-packages/airflow/example_dags/example_local_kubernetes_executor.py took 0.141 seconds
[2023-08-20T01:15:24.835+0000] {processor.py:157} INFO - Started process (PID=317) to work on /home/airflow/.local/lib/python3.8/site-packages/airflow/example_dags/example_local_kubernetes_executor.py
[2023-08-20T01:15:24.835+0000] {processor.py:829} INFO - Processing file /home/airflow/.local/lib/python3.8/site-packages/airflow/example_dags/example_local_kubernetes_executor.py for tasks to queue
[2023-08-20T01:15:24.837+0000] {logging_mixin.py:151} INFO - [2023-08-20T01:15:24.836+0000] {dagbag.py:539} INFO - Filling up the DagBag from /home/airflow/.local/lib/python3.8/site-packages/airflow/example_dags/example_local_kubernetes_executor.py
[2023-08-20T01:15:24.943+0000] {processor.py:839} INFO - DAG(s) dict_keys(['example_local_kubernetes_executor']) retrieved from /home/airflow/.local/lib/python3.8/site-packages/airflow/example_dags/example_local_kubernetes_executor.py
[2023-08-20T01:15:24.961+0000] {logging_mixin.py:151} INFO - [2023-08-20T01:15:24.960+0000] {dag.py:2907} INFO - Sync 1 DAGs
[2023-08-20T01:15:24.966+0000] {logging_mixin.py:151} INFO - [2023-08-20T01:15:24.966+0000] {dag.py:3677} INFO - Setting next_dagrun for example_local_kubernetes_executor to None, run_after=None
[2023-08-20T01:15:24.974+0000] {processor.py:179} INFO - Processing /home/airflow/.local/lib/python3.8/site-packages/airflow/example_dags/example_local_kubernetes_executor.py took 0.141 seconds
