[2023-08-20T01:09:23.525+0000] {processor.py:157} INFO - Started process (PID=33) to work on /home/airflow/.local/lib/python3.8/site-packages/airflow/example_dags/example_short_circuit_decorator.py
[2023-08-20T01:09:23.525+0000] {processor.py:829} INFO - Processing file /home/airflow/.local/lib/python3.8/site-packages/airflow/example_dags/example_short_circuit_decorator.py for tasks to queue
[2023-08-20T01:09:23.526+0000] {logging_mixin.py:151} INFO - [2023-08-20T01:09:23.526+0000] {dagbag.py:539} INFO - Filling up the DagBag from /home/airflow/.local/lib/python3.8/site-packages/airflow/example_dags/example_short_circuit_decorator.py
[2023-08-20T01:09:23.532+0000] {processor.py:839} INFO - DAG(s) dict_keys(['example_short_circuit_decorator']) retrieved from /home/airflow/.local/lib/python3.8/site-packages/airflow/example_dags/example_short_circuit_decorator.py
[2023-08-20T01:09:23.726+0000] {logging_mixin.py:151} INFO - [2023-08-20T01:09:23.726+0000] {manager.py:501} INFO - Created Permission View: can edit on DAG:example_short_circuit_decorator
[2023-08-20T01:09:23.732+0000] {logging_mixin.py:151} INFO - [2023-08-20T01:09:23.732+0000] {manager.py:501} INFO - Created Permission View: can delete on DAG:example_short_circuit_decorator
[2023-08-20T01:09:23.734+0000] {logging_mixin.py:151} INFO - [2023-08-20T01:09:23.734+0000] {manager.py:501} INFO - Created Permission View: can read on DAG:example_short_circuit_decorator
[2023-08-20T01:09:23.742+0000] {logging_mixin.py:151} INFO - [2023-08-20T01:09:23.742+0000] {dag.py:2907} INFO - Sync 1 DAGs
[2023-08-20T01:09:23.748+0000] {logging_mixin.py:151} INFO - [2023-08-20T01:09:23.748+0000] {dag.py:2929} INFO - Creating ORM DAG for example_short_circuit_decorator
[2023-08-20T01:09:23.752+0000] {logging_mixin.py:151} INFO - [2023-08-20T01:09:23.752+0000] {dag.py:3677} INFO - Setting next_dagrun for example_short_circuit_decorator to 2023-08-19T01:09:23.751925+00:00, run_after=2023-08-20T01:09:23.751925+00:00
[2023-08-20T01:09:23.761+0000] {processor.py:179} INFO - Processing /home/airflow/.local/lib/python3.8/site-packages/airflow/example_dags/example_short_circuit_decorator.py took 0.238 seconds
[2023-08-20T01:09:54.378+0000] {processor.py:157} INFO - Started process (PID=87) to work on /home/airflow/.local/lib/python3.8/site-packages/airflow/example_dags/example_short_circuit_decorator.py
[2023-08-20T01:09:54.379+0000] {processor.py:829} INFO - Processing file /home/airflow/.local/lib/python3.8/site-packages/airflow/example_dags/example_short_circuit_decorator.py for tasks to queue
[2023-08-20T01:09:54.380+0000] {logging_mixin.py:151} INFO - [2023-08-20T01:09:54.380+0000] {dagbag.py:539} INFO - Filling up the DagBag from /home/airflow/.local/lib/python3.8/site-packages/airflow/example_dags/example_short_circuit_decorator.py
[2023-08-20T01:09:54.389+0000] {processor.py:839} INFO - DAG(s) dict_keys(['example_short_circuit_decorator']) retrieved from /home/airflow/.local/lib/python3.8/site-packages/airflow/example_dags/example_short_circuit_decorator.py
[2023-08-20T01:09:54.408+0000] {logging_mixin.py:151} INFO - [2023-08-20T01:09:54.408+0000] {dag.py:2907} INFO - Sync 1 DAGs
[2023-08-20T01:09:54.421+0000] {logging_mixin.py:151} INFO - [2023-08-20T01:09:54.421+0000] {dag.py:3677} INFO - Setting next_dagrun for example_short_circuit_decorator to 2023-08-19T01:09:54.420847+00:00, run_after=2023-08-20T01:09:54.420847+00:00
[2023-08-20T01:09:54.452+0000] {processor.py:179} INFO - Processing /home/airflow/.local/lib/python3.8/site-packages/airflow/example_dags/example_short_circuit_decorator.py took 0.077 seconds
[2023-08-20T01:10:25.171+0000] {processor.py:157} INFO - Started process (PID=141) to work on /home/airflow/.local/lib/python3.8/site-packages/airflow/example_dags/example_short_circuit_decorator.py
[2023-08-20T01:10:25.172+0000] {processor.py:829} INFO - Processing file /home/airflow/.local/lib/python3.8/site-packages/airflow/example_dags/example_short_circuit_decorator.py for tasks to queue
[2023-08-20T01:10:25.174+0000] {logging_mixin.py:151} INFO - [2023-08-20T01:10:25.174+0000] {dagbag.py:539} INFO - Filling up the DagBag from /home/airflow/.local/lib/python3.8/site-packages/airflow/example_dags/example_short_circuit_decorator.py
[2023-08-20T01:10:25.182+0000] {processor.py:839} INFO - DAG(s) dict_keys(['example_short_circuit_decorator']) retrieved from /home/airflow/.local/lib/python3.8/site-packages/airflow/example_dags/example_short_circuit_decorator.py
[2023-08-20T01:10:25.203+0000] {logging_mixin.py:151} INFO - [2023-08-20T01:10:25.203+0000] {dag.py:2907} INFO - Sync 1 DAGs
[2023-08-20T01:10:25.216+0000] {logging_mixin.py:151} INFO - [2023-08-20T01:10:25.216+0000] {dag.py:3677} INFO - Setting next_dagrun for example_short_circuit_decorator to 2023-08-19T01:10:25.215996+00:00, run_after=2023-08-20T01:10:25.215996+00:00
[2023-08-20T01:10:25.224+0000] {processor.py:179} INFO - Processing /home/airflow/.local/lib/python3.8/site-packages/airflow/example_dags/example_short_circuit_decorator.py took 0.056 seconds
[2023-08-20T01:10:55.899+0000] {processor.py:157} INFO - Started process (PID=195) to work on /home/airflow/.local/lib/python3.8/site-packages/airflow/example_dags/example_short_circuit_decorator.py
[2023-08-20T01:10:55.900+0000] {processor.py:829} INFO - Processing file /home/airflow/.local/lib/python3.8/site-packages/airflow/example_dags/example_short_circuit_decorator.py for tasks to queue
[2023-08-20T01:10:55.903+0000] {logging_mixin.py:151} INFO - [2023-08-20T01:10:55.902+0000] {dagbag.py:539} INFO - Filling up the DagBag from /home/airflow/.local/lib/python3.8/site-packages/airflow/example_dags/example_short_circuit_decorator.py
[2023-08-20T01:10:55.911+0000] {processor.py:839} INFO - DAG(s) dict_keys(['example_short_circuit_decorator']) retrieved from /home/airflow/.local/lib/python3.8/site-packages/airflow/example_dags/example_short_circuit_decorator.py
[2023-08-20T01:10:55.930+0000] {logging_mixin.py:151} INFO - [2023-08-20T01:10:55.929+0000] {dag.py:2907} INFO - Sync 1 DAGs
[2023-08-20T01:10:55.941+0000] {logging_mixin.py:151} INFO - [2023-08-20T01:10:55.940+0000] {dag.py:3677} INFO - Setting next_dagrun for example_short_circuit_decorator to 2023-08-19T01:10:55.940775+00:00, run_after=2023-08-20T01:10:55.940775+00:00
[2023-08-20T01:10:55.949+0000] {processor.py:179} INFO - Processing /home/airflow/.local/lib/python3.8/site-packages/airflow/example_dags/example_short_circuit_decorator.py took 0.054 seconds
[2023-08-20T01:11:26.555+0000] {processor.py:157} INFO - Started process (PID=249) to work on /home/airflow/.local/lib/python3.8/site-packages/airflow/example_dags/example_short_circuit_decorator.py
[2023-08-20T01:11:26.556+0000] {processor.py:829} INFO - Processing file /home/airflow/.local/lib/python3.8/site-packages/airflow/example_dags/example_short_circuit_decorator.py for tasks to queue
[2023-08-20T01:11:26.558+0000] {logging_mixin.py:151} INFO - [2023-08-20T01:11:26.557+0000] {dagbag.py:539} INFO - Filling up the DagBag from /home/airflow/.local/lib/python3.8/site-packages/airflow/example_dags/example_short_circuit_decorator.py
[2023-08-20T01:11:26.565+0000] {processor.py:839} INFO - DAG(s) dict_keys(['example_short_circuit_decorator']) retrieved from /home/airflow/.local/lib/python3.8/site-packages/airflow/example_dags/example_short_circuit_decorator.py
[2023-08-20T01:11:26.582+0000] {logging_mixin.py:151} INFO - [2023-08-20T01:11:26.582+0000] {dag.py:2907} INFO - Sync 1 DAGs
[2023-08-20T01:11:26.593+0000] {logging_mixin.py:151} INFO - [2023-08-20T01:11:26.593+0000] {dag.py:3677} INFO - Setting next_dagrun for example_short_circuit_decorator to 2023-08-19T01:11:26.593337+00:00, run_after=2023-08-20T01:11:26.593337+00:00
[2023-08-20T01:11:26.601+0000] {processor.py:179} INFO - Processing /home/airflow/.local/lib/python3.8/site-packages/airflow/example_dags/example_short_circuit_decorator.py took 0.049 seconds
[2023-08-20T01:11:57.279+0000] {processor.py:157} INFO - Started process (PID=303) to work on /home/airflow/.local/lib/python3.8/site-packages/airflow/example_dags/example_short_circuit_decorator.py
[2023-08-20T01:11:57.280+0000] {processor.py:829} INFO - Processing file /home/airflow/.local/lib/python3.8/site-packages/airflow/example_dags/example_short_circuit_decorator.py for tasks to queue
[2023-08-20T01:11:57.282+0000] {logging_mixin.py:151} INFO - [2023-08-20T01:11:57.281+0000] {dagbag.py:539} INFO - Filling up the DagBag from /home/airflow/.local/lib/python3.8/site-packages/airflow/example_dags/example_short_circuit_decorator.py
[2023-08-20T01:11:57.289+0000] {processor.py:839} INFO - DAG(s) dict_keys(['example_short_circuit_decorator']) retrieved from /home/airflow/.local/lib/python3.8/site-packages/airflow/example_dags/example_short_circuit_decorator.py
[2023-08-20T01:11:57.307+0000] {logging_mixin.py:151} INFO - [2023-08-20T01:11:57.307+0000] {dag.py:2907} INFO - Sync 1 DAGs
[2023-08-20T01:11:57.319+0000] {logging_mixin.py:151} INFO - [2023-08-20T01:11:57.318+0000] {dag.py:3677} INFO - Setting next_dagrun for example_short_circuit_decorator to 2023-08-19T01:11:57.318755+00:00, run_after=2023-08-20T01:11:57.318755+00:00
[2023-08-20T01:11:57.328+0000] {processor.py:179} INFO - Processing /home/airflow/.local/lib/python3.8/site-packages/airflow/example_dags/example_short_circuit_decorator.py took 0.053 seconds
[2023-08-20T01:12:50.829+0000] {processor.py:157} INFO - Started process (PID=32) to work on /home/airflow/.local/lib/python3.8/site-packages/airflow/example_dags/example_short_circuit_decorator.py
[2023-08-20T01:12:50.832+0000] {processor.py:829} INFO - Processing file /home/airflow/.local/lib/python3.8/site-packages/airflow/example_dags/example_short_circuit_decorator.py for tasks to queue
[2023-08-20T01:12:50.833+0000] {logging_mixin.py:151} INFO - [2023-08-20T01:12:50.833+0000] {dagbag.py:539} INFO - Filling up the DagBag from /home/airflow/.local/lib/python3.8/site-packages/airflow/example_dags/example_short_circuit_decorator.py
[2023-08-20T01:12:50.847+0000] {processor.py:839} INFO - DAG(s) dict_keys(['example_short_circuit_decorator']) retrieved from /home/airflow/.local/lib/python3.8/site-packages/airflow/example_dags/example_short_circuit_decorator.py
[2023-08-20T01:12:50.864+0000] {logging_mixin.py:151} INFO - [2023-08-20T01:12:50.864+0000] {dag.py:2907} INFO - Sync 1 DAGs
[2023-08-20T01:12:50.875+0000] {logging_mixin.py:151} INFO - [2023-08-20T01:12:50.875+0000] {dag.py:3677} INFO - Setting next_dagrun for example_short_circuit_decorator to 2023-08-19T01:12:50.874865+00:00, run_after=2023-08-20T01:12:50.874865+00:00
[2023-08-20T01:12:50.882+0000] {processor.py:179} INFO - Processing /home/airflow/.local/lib/python3.8/site-packages/airflow/example_dags/example_short_circuit_decorator.py took 0.062 seconds
[2023-08-20T01:13:20.981+0000] {processor.py:157} INFO - Started process (PID=85) to work on /home/airflow/.local/lib/python3.8/site-packages/airflow/example_dags/example_short_circuit_decorator.py
[2023-08-20T01:13:20.982+0000] {processor.py:829} INFO - Processing file /home/airflow/.local/lib/python3.8/site-packages/airflow/example_dags/example_short_circuit_decorator.py for tasks to queue
[2023-08-20T01:13:20.983+0000] {logging_mixin.py:151} INFO - [2023-08-20T01:13:20.983+0000] {dagbag.py:539} INFO - Filling up the DagBag from /home/airflow/.local/lib/python3.8/site-packages/airflow/example_dags/example_short_circuit_decorator.py
[2023-08-20T01:13:20.987+0000] {processor.py:839} INFO - DAG(s) dict_keys(['example_short_circuit_decorator']) retrieved from /home/airflow/.local/lib/python3.8/site-packages/airflow/example_dags/example_short_circuit_decorator.py
[2023-08-20T01:13:21.063+0000] {logging_mixin.py:151} INFO - [2023-08-20T01:13:21.063+0000] {dag.py:2907} INFO - Sync 1 DAGs
[2023-08-20T01:13:21.071+0000] {logging_mixin.py:151} INFO - [2023-08-20T01:13:21.071+0000] {dag.py:3677} INFO - Setting next_dagrun for example_short_circuit_decorator to 2023-08-19T01:13:21.071728+00:00, run_after=2023-08-20T01:13:21.071728+00:00
[2023-08-20T01:13:21.078+0000] {processor.py:179} INFO - Processing /home/airflow/.local/lib/python3.8/site-packages/airflow/example_dags/example_short_circuit_decorator.py took 0.099 seconds
[2023-08-20T01:13:51.547+0000] {processor.py:157} INFO - Started process (PID=139) to work on /home/airflow/.local/lib/python3.8/site-packages/airflow/example_dags/example_short_circuit_decorator.py
[2023-08-20T01:13:51.547+0000] {processor.py:829} INFO - Processing file /home/airflow/.local/lib/python3.8/site-packages/airflow/example_dags/example_short_circuit_decorator.py for tasks to queue
[2023-08-20T01:13:51.550+0000] {logging_mixin.py:151} INFO - [2023-08-20T01:13:51.549+0000] {dagbag.py:539} INFO - Filling up the DagBag from /home/airflow/.local/lib/python3.8/site-packages/airflow/example_dags/example_short_circuit_decorator.py
[2023-08-20T01:13:51.556+0000] {processor.py:839} INFO - DAG(s) dict_keys(['example_short_circuit_decorator']) retrieved from /home/airflow/.local/lib/python3.8/site-packages/airflow/example_dags/example_short_circuit_decorator.py
[2023-08-20T01:13:51.572+0000] {logging_mixin.py:151} INFO - [2023-08-20T01:13:51.572+0000] {dag.py:2907} INFO - Sync 1 DAGs
[2023-08-20T01:13:51.583+0000] {logging_mixin.py:151} INFO - [2023-08-20T01:13:51.583+0000] {dag.py:3677} INFO - Setting next_dagrun for example_short_circuit_decorator to 2023-08-19T01:13:51.583177+00:00, run_after=2023-08-20T01:13:51.583177+00:00
[2023-08-20T01:13:51.590+0000] {processor.py:179} INFO - Processing /home/airflow/.local/lib/python3.8/site-packages/airflow/example_dags/example_short_circuit_decorator.py took 0.047 seconds
[2023-08-20T01:14:22.144+0000] {processor.py:157} INFO - Started process (PID=193) to work on /home/airflow/.local/lib/python3.8/site-packages/airflow/example_dags/example_short_circuit_decorator.py
[2023-08-20T01:14:22.144+0000] {processor.py:829} INFO - Processing file /home/airflow/.local/lib/python3.8/site-packages/airflow/example_dags/example_short_circuit_decorator.py for tasks to queue
[2023-08-20T01:14:22.146+0000] {logging_mixin.py:151} INFO - [2023-08-20T01:14:22.146+0000] {dagbag.py:539} INFO - Filling up the DagBag from /home/airflow/.local/lib/python3.8/site-packages/airflow/example_dags/example_short_circuit_decorator.py
[2023-08-20T01:14:22.151+0000] {processor.py:839} INFO - DAG(s) dict_keys(['example_short_circuit_decorator']) retrieved from /home/airflow/.local/lib/python3.8/site-packages/airflow/example_dags/example_short_circuit_decorator.py
[2023-08-20T01:14:22.165+0000] {logging_mixin.py:151} INFO - [2023-08-20T01:14:22.165+0000] {dag.py:2907} INFO - Sync 1 DAGs
[2023-08-20T01:14:22.174+0000] {logging_mixin.py:151} INFO - [2023-08-20T01:14:22.174+0000] {dag.py:3677} INFO - Setting next_dagrun for example_short_circuit_decorator to 2023-08-19T01:14:22.174314+00:00, run_after=2023-08-20T01:14:22.174314+00:00
[2023-08-20T01:14:22.182+0000] {processor.py:179} INFO - Processing /home/airflow/.local/lib/python3.8/site-packages/airflow/example_dags/example_short_circuit_decorator.py took 0.040 seconds
[2023-08-20T01:14:52.780+0000] {processor.py:157} INFO - Started process (PID=247) to work on /home/airflow/.local/lib/python3.8/site-packages/airflow/example_dags/example_short_circuit_decorator.py
[2023-08-20T01:14:52.781+0000] {processor.py:829} INFO - Processing file /home/airflow/.local/lib/python3.8/site-packages/airflow/example_dags/example_short_circuit_decorator.py for tasks to queue
[2023-08-20T01:14:52.783+0000] {logging_mixin.py:151} INFO - [2023-08-20T01:14:52.783+0000] {dagbag.py:539} INFO - Filling up the DagBag from /home/airflow/.local/lib/python3.8/site-packages/airflow/example_dags/example_short_circuit_decorator.py
[2023-08-20T01:14:52.790+0000] {processor.py:839} INFO - DAG(s) dict_keys(['example_short_circuit_decorator']) retrieved from /home/airflow/.local/lib/python3.8/site-packages/airflow/example_dags/example_short_circuit_decorator.py
[2023-08-20T01:14:52.807+0000] {logging_mixin.py:151} INFO - [2023-08-20T01:14:52.807+0000] {dag.py:2907} INFO - Sync 1 DAGs
[2023-08-20T01:14:52.818+0000] {logging_mixin.py:151} INFO - [2023-08-20T01:14:52.818+0000] {dag.py:3677} INFO - Setting next_dagrun for example_short_circuit_decorator to 2023-08-19T01:14:52.818186+00:00, run_after=2023-08-20T01:14:52.818186+00:00
[2023-08-20T01:14:52.826+0000] {processor.py:179} INFO - Processing /home/airflow/.local/lib/python3.8/site-packages/airflow/example_dags/example_short_circuit_decorator.py took 0.049 seconds
[2023-08-20T01:15:23.403+0000] {processor.py:157} INFO - Started process (PID=301) to work on /home/airflow/.local/lib/python3.8/site-packages/airflow/example_dags/example_short_circuit_decorator.py
[2023-08-20T01:15:23.404+0000] {processor.py:829} INFO - Processing file /home/airflow/.local/lib/python3.8/site-packages/airflow/example_dags/example_short_circuit_decorator.py for tasks to queue
[2023-08-20T01:15:23.406+0000] {logging_mixin.py:151} INFO - [2023-08-20T01:15:23.405+0000] {dagbag.py:539} INFO - Filling up the DagBag from /home/airflow/.local/lib/python3.8/site-packages/airflow/example_dags/example_short_circuit_decorator.py
[2023-08-20T01:15:23.413+0000] {processor.py:839} INFO - DAG(s) dict_keys(['example_short_circuit_decorator']) retrieved from /home/airflow/.local/lib/python3.8/site-packages/airflow/example_dags/example_short_circuit_decorator.py
[2023-08-20T01:15:23.431+0000] {logging_mixin.py:151} INFO - [2023-08-20T01:15:23.431+0000] {dag.py:2907} INFO - Sync 1 DAGs
[2023-08-20T01:15:23.442+0000] {logging_mixin.py:151} INFO - [2023-08-20T01:15:23.442+0000] {dag.py:3677} INFO - Setting next_dagrun for example_short_circuit_decorator to 2023-08-19T01:15:23.442393+00:00, run_after=2023-08-20T01:15:23.442393+00:00
[2023-08-20T01:15:23.450+0000] {processor.py:179} INFO - Processing /home/airflow/.local/lib/python3.8/site-packages/airflow/example_dags/example_short_circuit_decorator.py took 0.051 seconds
