[2023-08-20T01:09:27.372+0000] {processor.py:157} INFO - Started process (PID=71) to work on /home/airflow/.local/lib/python3.8/site-packages/airflow/example_dags/example_setup_teardown.py
[2023-08-20T01:09:27.372+0000] {processor.py:829} INFO - Processing file /home/airflow/.local/lib/python3.8/site-packages/airflow/example_dags/example_setup_teardown.py for tasks to queue
[2023-08-20T01:09:27.373+0000] {logging_mixin.py:151} INFO - [2023-08-20T01:09:27.373+0000] {dagbag.py:539} INFO - Filling up the DagBag from /home/airflow/.local/lib/python3.8/site-packages/airflow/example_dags/example_setup_teardown.py
[2023-08-20T01:09:27.378+0000] {processor.py:839} INFO - DAG(s) dict_keys(['example_setup_teardown']) retrieved from /home/airflow/.local/lib/python3.8/site-packages/airflow/example_dags/example_setup_teardown.py
[2023-08-20T01:09:27.424+0000] {logging_mixin.py:151} INFO - [2023-08-20T01:09:27.424+0000] {manager.py:501} INFO - Created Permission View: can edit on DAG:example_setup_teardown
[2023-08-20T01:09:27.428+0000] {logging_mixin.py:151} INFO - [2023-08-20T01:09:27.428+0000] {manager.py:501} INFO - Created Permission View: can delete on DAG:example_setup_teardown
[2023-08-20T01:09:27.430+0000] {logging_mixin.py:151} INFO - [2023-08-20T01:09:27.430+0000] {manager.py:501} INFO - Created Permission View: can read on DAG:example_setup_teardown
[2023-08-20T01:09:27.435+0000] {logging_mixin.py:151} INFO - [2023-08-20T01:09:27.435+0000] {dag.py:2907} INFO - Sync 1 DAGs
[2023-08-20T01:09:27.441+0000] {logging_mixin.py:151} INFO - [2023-08-20T01:09:27.441+0000] {dag.py:2929} INFO - Creating ORM DAG for example_setup_teardown
[2023-08-20T01:09:27.445+0000] {logging_mixin.py:151} INFO - [2023-08-20T01:09:27.445+0000] {dag.py:3677} INFO - Setting next_dagrun for example_setup_teardown to 2023-08-19T01:09:27.445022+00:00, run_after=2023-08-20T01:09:27.445022+00:00
[2023-08-20T01:09:27.451+0000] {processor.py:179} INFO - Processing /home/airflow/.local/lib/python3.8/site-packages/airflow/example_dags/example_setup_teardown.py took 0.082 seconds
[2023-08-20T01:09:57.733+0000] {processor.py:157} INFO - Started process (PID=125) to work on /home/airflow/.local/lib/python3.8/site-packages/airflow/example_dags/example_setup_teardown.py
[2023-08-20T01:09:57.733+0000] {processor.py:829} INFO - Processing file /home/airflow/.local/lib/python3.8/site-packages/airflow/example_dags/example_setup_teardown.py for tasks to queue
[2023-08-20T01:09:57.734+0000] {logging_mixin.py:151} INFO - [2023-08-20T01:09:57.734+0000] {dagbag.py:539} INFO - Filling up the DagBag from /home/airflow/.local/lib/python3.8/site-packages/airflow/example_dags/example_setup_teardown.py
[2023-08-20T01:09:57.738+0000] {processor.py:839} INFO - DAG(s) dict_keys(['example_setup_teardown']) retrieved from /home/airflow/.local/lib/python3.8/site-packages/airflow/example_dags/example_setup_teardown.py
[2023-08-20T01:09:57.749+0000] {logging_mixin.py:151} INFO - [2023-08-20T01:09:57.749+0000] {dag.py:2907} INFO - Sync 1 DAGs
[2023-08-20T01:09:57.758+0000] {logging_mixin.py:151} INFO - [2023-08-20T01:09:57.758+0000] {dag.py:3677} INFO - Setting next_dagrun for example_setup_teardown to 2023-08-19T01:09:57.758395+00:00, run_after=2023-08-20T01:09:57.758395+00:00
[2023-08-20T01:09:57.765+0000] {processor.py:179} INFO - Processing /home/airflow/.local/lib/python3.8/site-packages/airflow/example_dags/example_setup_teardown.py took 0.034 seconds
[2023-08-20T01:10:28.439+0000] {processor.py:157} INFO - Started process (PID=179) to work on /home/airflow/.local/lib/python3.8/site-packages/airflow/example_dags/example_setup_teardown.py
[2023-08-20T01:10:28.440+0000] {processor.py:829} INFO - Processing file /home/airflow/.local/lib/python3.8/site-packages/airflow/example_dags/example_setup_teardown.py for tasks to queue
[2023-08-20T01:10:28.441+0000] {logging_mixin.py:151} INFO - [2023-08-20T01:10:28.440+0000] {dagbag.py:539} INFO - Filling up the DagBag from /home/airflow/.local/lib/python3.8/site-packages/airflow/example_dags/example_setup_teardown.py
[2023-08-20T01:10:28.444+0000] {processor.py:839} INFO - DAG(s) dict_keys(['example_setup_teardown']) retrieved from /home/airflow/.local/lib/python3.8/site-packages/airflow/example_dags/example_setup_teardown.py
[2023-08-20T01:10:28.456+0000] {logging_mixin.py:151} INFO - [2023-08-20T01:10:28.456+0000] {dag.py:2907} INFO - Sync 1 DAGs
[2023-08-20T01:10:28.465+0000] {logging_mixin.py:151} INFO - [2023-08-20T01:10:28.465+0000] {dag.py:3677} INFO - Setting next_dagrun for example_setup_teardown to 2023-08-19T01:10:28.465681+00:00, run_after=2023-08-20T01:10:28.465681+00:00
[2023-08-20T01:10:28.473+0000] {processor.py:179} INFO - Processing /home/airflow/.local/lib/python3.8/site-packages/airflow/example_dags/example_setup_teardown.py took 0.035 seconds
[2023-08-20T01:10:59.119+0000] {processor.py:157} INFO - Started process (PID=233) to work on /home/airflow/.local/lib/python3.8/site-packages/airflow/example_dags/example_setup_teardown.py
[2023-08-20T01:10:59.120+0000] {processor.py:829} INFO - Processing file /home/airflow/.local/lib/python3.8/site-packages/airflow/example_dags/example_setup_teardown.py for tasks to queue
[2023-08-20T01:10:59.121+0000] {logging_mixin.py:151} INFO - [2023-08-20T01:10:59.121+0000] {dagbag.py:539} INFO - Filling up the DagBag from /home/airflow/.local/lib/python3.8/site-packages/airflow/example_dags/example_setup_teardown.py
[2023-08-20T01:10:59.124+0000] {processor.py:839} INFO - DAG(s) dict_keys(['example_setup_teardown']) retrieved from /home/airflow/.local/lib/python3.8/site-packages/airflow/example_dags/example_setup_teardown.py
[2023-08-20T01:10:59.136+0000] {logging_mixin.py:151} INFO - [2023-08-20T01:10:59.136+0000] {dag.py:2907} INFO - Sync 1 DAGs
[2023-08-20T01:10:59.146+0000] {logging_mixin.py:151} INFO - [2023-08-20T01:10:59.146+0000] {dag.py:3677} INFO - Setting next_dagrun for example_setup_teardown to 2023-08-19T01:10:59.146157+00:00, run_after=2023-08-20T01:10:59.146157+00:00
[2023-08-20T01:10:59.153+0000] {processor.py:179} INFO - Processing /home/airflow/.local/lib/python3.8/site-packages/airflow/example_dags/example_setup_teardown.py took 0.035 seconds
[2023-08-20T01:11:29.796+0000] {processor.py:157} INFO - Started process (PID=287) to work on /home/airflow/.local/lib/python3.8/site-packages/airflow/example_dags/example_setup_teardown.py
[2023-08-20T01:11:29.796+0000] {processor.py:829} INFO - Processing file /home/airflow/.local/lib/python3.8/site-packages/airflow/example_dags/example_setup_teardown.py for tasks to queue
[2023-08-20T01:11:29.798+0000] {logging_mixin.py:151} INFO - [2023-08-20T01:11:29.797+0000] {dagbag.py:539} INFO - Filling up the DagBag from /home/airflow/.local/lib/python3.8/site-packages/airflow/example_dags/example_setup_teardown.py
[2023-08-20T01:11:29.801+0000] {processor.py:839} INFO - DAG(s) dict_keys(['example_setup_teardown']) retrieved from /home/airflow/.local/lib/python3.8/site-packages/airflow/example_dags/example_setup_teardown.py
[2023-08-20T01:11:29.813+0000] {logging_mixin.py:151} INFO - [2023-08-20T01:11:29.813+0000] {dag.py:2907} INFO - Sync 1 DAGs
[2023-08-20T01:11:29.822+0000] {logging_mixin.py:151} INFO - [2023-08-20T01:11:29.822+0000] {dag.py:3677} INFO - Setting next_dagrun for example_setup_teardown to 2023-08-19T01:11:29.822589+00:00, run_after=2023-08-20T01:11:29.822589+00:00
[2023-08-20T01:11:29.829+0000] {processor.py:179} INFO - Processing /home/airflow/.local/lib/python3.8/site-packages/airflow/example_dags/example_setup_teardown.py took 0.035 seconds
[2023-08-20T01:12:00.628+0000] {processor.py:157} INFO - Started process (PID=341) to work on /home/airflow/.local/lib/python3.8/site-packages/airflow/example_dags/example_setup_teardown.py
[2023-08-20T01:12:00.628+0000] {processor.py:829} INFO - Processing file /home/airflow/.local/lib/python3.8/site-packages/airflow/example_dags/example_setup_teardown.py for tasks to queue
[2023-08-20T01:12:00.630+0000] {logging_mixin.py:151} INFO - [2023-08-20T01:12:00.629+0000] {dagbag.py:539} INFO - Filling up the DagBag from /home/airflow/.local/lib/python3.8/site-packages/airflow/example_dags/example_setup_teardown.py
[2023-08-20T01:12:00.633+0000] {processor.py:839} INFO - DAG(s) dict_keys(['example_setup_teardown']) retrieved from /home/airflow/.local/lib/python3.8/site-packages/airflow/example_dags/example_setup_teardown.py
[2023-08-20T01:12:00.645+0000] {logging_mixin.py:151} INFO - [2023-08-20T01:12:00.645+0000] {dag.py:2907} INFO - Sync 1 DAGs
[2023-08-20T01:12:00.655+0000] {logging_mixin.py:151} INFO - [2023-08-20T01:12:00.655+0000] {dag.py:3677} INFO - Setting next_dagrun for example_setup_teardown to 2023-08-19T01:12:00.655241+00:00, run_after=2023-08-20T01:12:00.655241+00:00
[2023-08-20T01:12:00.663+0000] {processor.py:179} INFO - Processing /home/airflow/.local/lib/python3.8/site-packages/airflow/example_dags/example_setup_teardown.py took 0.037 seconds
[2023-08-20T01:12:52.428+0000] {processor.py:157} INFO - Started process (PID=70) to work on /home/airflow/.local/lib/python3.8/site-packages/airflow/example_dags/example_setup_teardown.py
[2023-08-20T01:12:52.428+0000] {processor.py:829} INFO - Processing file /home/airflow/.local/lib/python3.8/site-packages/airflow/example_dags/example_setup_teardown.py for tasks to queue
[2023-08-20T01:12:52.429+0000] {logging_mixin.py:151} INFO - [2023-08-20T01:12:52.429+0000] {dagbag.py:539} INFO - Filling up the DagBag from /home/airflow/.local/lib/python3.8/site-packages/airflow/example_dags/example_setup_teardown.py
[2023-08-20T01:12:52.434+0000] {processor.py:839} INFO - DAG(s) dict_keys(['example_setup_teardown']) retrieved from /home/airflow/.local/lib/python3.8/site-packages/airflow/example_dags/example_setup_teardown.py
[2023-08-20T01:12:52.442+0000] {logging_mixin.py:151} INFO - [2023-08-20T01:12:52.442+0000] {dag.py:2907} INFO - Sync 1 DAGs
[2023-08-20T01:12:52.526+0000] {logging_mixin.py:151} INFO - [2023-08-20T01:12:52.526+0000] {dag.py:3677} INFO - Setting next_dagrun for example_setup_teardown to 2023-08-19T01:12:52.526504+00:00, run_after=2023-08-20T01:12:52.526504+00:00
[2023-08-20T01:12:52.534+0000] {processor.py:179} INFO - Processing /home/airflow/.local/lib/python3.8/site-packages/airflow/example_dags/example_setup_teardown.py took 0.109 seconds
[2023-08-20T01:13:23.108+0000] {processor.py:157} INFO - Started process (PID=123) to work on /home/airflow/.local/lib/python3.8/site-packages/airflow/example_dags/example_setup_teardown.py
[2023-08-20T01:13:23.109+0000] {processor.py:829} INFO - Processing file /home/airflow/.local/lib/python3.8/site-packages/airflow/example_dags/example_setup_teardown.py for tasks to queue
[2023-08-20T01:13:23.110+0000] {logging_mixin.py:151} INFO - [2023-08-20T01:13:23.110+0000] {dagbag.py:539} INFO - Filling up the DagBag from /home/airflow/.local/lib/python3.8/site-packages/airflow/example_dags/example_setup_teardown.py
[2023-08-20T01:13:23.114+0000] {processor.py:839} INFO - DAG(s) dict_keys(['example_setup_teardown']) retrieved from /home/airflow/.local/lib/python3.8/site-packages/airflow/example_dags/example_setup_teardown.py
[2023-08-20T01:13:23.126+0000] {logging_mixin.py:151} INFO - [2023-08-20T01:13:23.126+0000] {dag.py:2907} INFO - Sync 1 DAGs
[2023-08-20T01:13:23.135+0000] {logging_mixin.py:151} INFO - [2023-08-20T01:13:23.135+0000] {dag.py:3677} INFO - Setting next_dagrun for example_setup_teardown to 2023-08-19T01:13:23.135191+00:00, run_after=2023-08-20T01:13:23.135191+00:00
[2023-08-20T01:13:23.142+0000] {processor.py:179} INFO - Processing /home/airflow/.local/lib/python3.8/site-packages/airflow/example_dags/example_setup_teardown.py took 0.036 seconds
[2023-08-20T01:13:53.735+0000] {processor.py:157} INFO - Started process (PID=177) to work on /home/airflow/.local/lib/python3.8/site-packages/airflow/example_dags/example_setup_teardown.py
[2023-08-20T01:13:53.735+0000] {processor.py:829} INFO - Processing file /home/airflow/.local/lib/python3.8/site-packages/airflow/example_dags/example_setup_teardown.py for tasks to queue
[2023-08-20T01:13:53.737+0000] {logging_mixin.py:151} INFO - [2023-08-20T01:13:53.736+0000] {dagbag.py:539} INFO - Filling up the DagBag from /home/airflow/.local/lib/python3.8/site-packages/airflow/example_dags/example_setup_teardown.py
[2023-08-20T01:13:53.740+0000] {processor.py:839} INFO - DAG(s) dict_keys(['example_setup_teardown']) retrieved from /home/airflow/.local/lib/python3.8/site-packages/airflow/example_dags/example_setup_teardown.py
[2023-08-20T01:13:53.752+0000] {logging_mixin.py:151} INFO - [2023-08-20T01:13:53.752+0000] {dag.py:2907} INFO - Sync 1 DAGs
[2023-08-20T01:13:53.762+0000] {logging_mixin.py:151} INFO - [2023-08-20T01:13:53.762+0000] {dag.py:3677} INFO - Setting next_dagrun for example_setup_teardown to 2023-08-19T01:13:53.761906+00:00, run_after=2023-08-20T01:13:53.761906+00:00
[2023-08-20T01:13:53.769+0000] {processor.py:179} INFO - Processing /home/airflow/.local/lib/python3.8/site-packages/airflow/example_dags/example_setup_teardown.py took 0.036 seconds
[2023-08-20T01:14:24.333+0000] {processor.py:157} INFO - Started process (PID=231) to work on /home/airflow/.local/lib/python3.8/site-packages/airflow/example_dags/example_setup_teardown.py
[2023-08-20T01:14:24.334+0000] {processor.py:829} INFO - Processing file /home/airflow/.local/lib/python3.8/site-packages/airflow/example_dags/example_setup_teardown.py for tasks to queue
[2023-08-20T01:14:24.335+0000] {logging_mixin.py:151} INFO - [2023-08-20T01:14:24.335+0000] {dagbag.py:539} INFO - Filling up the DagBag from /home/airflow/.local/lib/python3.8/site-packages/airflow/example_dags/example_setup_teardown.py
[2023-08-20T01:14:24.338+0000] {processor.py:839} INFO - DAG(s) dict_keys(['example_setup_teardown']) retrieved from /home/airflow/.local/lib/python3.8/site-packages/airflow/example_dags/example_setup_teardown.py
[2023-08-20T01:14:24.350+0000] {logging_mixin.py:151} INFO - [2023-08-20T01:14:24.350+0000] {dag.py:2907} INFO - Sync 1 DAGs
[2023-08-20T01:14:24.359+0000] {logging_mixin.py:151} INFO - [2023-08-20T01:14:24.359+0000] {dag.py:3677} INFO - Setting next_dagrun for example_setup_teardown to 2023-08-19T01:14:24.359692+00:00, run_after=2023-08-20T01:14:24.359692+00:00
[2023-08-20T01:14:24.366+0000] {processor.py:179} INFO - Processing /home/airflow/.local/lib/python3.8/site-packages/airflow/example_dags/example_setup_teardown.py took 0.035 seconds
[2023-08-20T01:14:54.965+0000] {processor.py:157} INFO - Started process (PID=285) to work on /home/airflow/.local/lib/python3.8/site-packages/airflow/example_dags/example_setup_teardown.py
[2023-08-20T01:14:54.966+0000] {processor.py:829} INFO - Processing file /home/airflow/.local/lib/python3.8/site-packages/airflow/example_dags/example_setup_teardown.py for tasks to queue
[2023-08-20T01:14:54.967+0000] {logging_mixin.py:151} INFO - [2023-08-20T01:14:54.967+0000] {dagbag.py:539} INFO - Filling up the DagBag from /home/airflow/.local/lib/python3.8/site-packages/airflow/example_dags/example_setup_teardown.py
[2023-08-20T01:14:54.970+0000] {processor.py:839} INFO - DAG(s) dict_keys(['example_setup_teardown']) retrieved from /home/airflow/.local/lib/python3.8/site-packages/airflow/example_dags/example_setup_teardown.py
[2023-08-20T01:14:54.981+0000] {logging_mixin.py:151} INFO - [2023-08-20T01:14:54.981+0000] {dag.py:2907} INFO - Sync 1 DAGs
[2023-08-20T01:14:54.991+0000] {logging_mixin.py:151} INFO - [2023-08-20T01:14:54.991+0000] {dag.py:3677} INFO - Setting next_dagrun for example_setup_teardown to 2023-08-19T01:14:54.991283+00:00, run_after=2023-08-20T01:14:54.991283+00:00
[2023-08-20T01:14:54.998+0000] {processor.py:179} INFO - Processing /home/airflow/.local/lib/python3.8/site-packages/airflow/example_dags/example_setup_teardown.py took 0.035 seconds
[2023-08-20T01:15:25.566+0000] {processor.py:157} INFO - Started process (PID=339) to work on /home/airflow/.local/lib/python3.8/site-packages/airflow/example_dags/example_setup_teardown.py
[2023-08-20T01:15:25.566+0000] {processor.py:829} INFO - Processing file /home/airflow/.local/lib/python3.8/site-packages/airflow/example_dags/example_setup_teardown.py for tasks to queue
[2023-08-20T01:15:25.567+0000] {logging_mixin.py:151} INFO - [2023-08-20T01:15:25.567+0000] {dagbag.py:539} INFO - Filling up the DagBag from /home/airflow/.local/lib/python3.8/site-packages/airflow/example_dags/example_setup_teardown.py
[2023-08-20T01:15:25.571+0000] {processor.py:839} INFO - DAG(s) dict_keys(['example_setup_teardown']) retrieved from /home/airflow/.local/lib/python3.8/site-packages/airflow/example_dags/example_setup_teardown.py
[2023-08-20T01:15:25.582+0000] {logging_mixin.py:151} INFO - [2023-08-20T01:15:25.582+0000] {dag.py:2907} INFO - Sync 1 DAGs
[2023-08-20T01:15:25.591+0000] {logging_mixin.py:151} INFO - [2023-08-20T01:15:25.591+0000] {dag.py:3677} INFO - Setting next_dagrun for example_setup_teardown to 2023-08-19T01:15:25.591536+00:00, run_after=2023-08-20T01:15:25.591536+00:00
[2023-08-20T01:15:25.599+0000] {processor.py:179} INFO - Processing /home/airflow/.local/lib/python3.8/site-packages/airflow/example_dags/example_setup_teardown.py took 0.035 seconds
