[2023-08-20T01:09:26.040+0000] {processor.py:157} INFO - Started process (PID=52) to work on /home/airflow/.local/lib/python3.8/site-packages/airflow/example_dags/example_datasets.py
[2023-08-20T01:09:26.040+0000] {processor.py:829} INFO - Processing file /home/airflow/.local/lib/python3.8/site-packages/airflow/example_dags/example_datasets.py for tasks to queue
[2023-08-20T01:09:26.041+0000] {logging_mixin.py:151} INFO - [2023-08-20T01:09:26.041+0000] {dagbag.py:539} INFO - Filling up the DagBag from /home/airflow/.local/lib/python3.8/site-packages/airflow/example_dags/example_datasets.py
[2023-08-20T01:09:26.116+0000] {processor.py:839} INFO - DAG(s) dict_keys(['dataset_consumes_1', 'dataset_consumes_unknown_never_scheduled', 'dataset_produces_1', 'dataset_produces_2', 'dataset_consumes_1_never_scheduled', 'dataset_consumes_1_and_2']) retrieved from /home/airflow/.local/lib/python3.8/site-packages/airflow/example_dags/example_datasets.py
[2023-08-20T01:09:26.163+0000] {logging_mixin.py:151} INFO - [2023-08-20T01:09:26.163+0000] {manager.py:501} INFO - Created Permission View: can edit on DAG:dataset_consumes_1
[2023-08-20T01:09:26.167+0000] {logging_mixin.py:151} INFO - [2023-08-20T01:09:26.167+0000] {manager.py:501} INFO - Created Permission View: can delete on DAG:dataset_consumes_1
[2023-08-20T01:09:26.169+0000] {logging_mixin.py:151} INFO - [2023-08-20T01:09:26.169+0000] {manager.py:501} INFO - Created Permission View: can read on DAG:dataset_consumes_1
[2023-08-20T01:09:26.178+0000] {logging_mixin.py:151} INFO - [2023-08-20T01:09:26.178+0000] {manager.py:501} INFO - Created Permission View: can edit on DAG:dataset_consumes_unknown_never_scheduled
[2023-08-20T01:09:26.180+0000] {logging_mixin.py:151} INFO - [2023-08-20T01:09:26.180+0000] {manager.py:501} INFO - Created Permission View: can delete on DAG:dataset_consumes_unknown_never_scheduled
[2023-08-20T01:09:26.182+0000] {logging_mixin.py:151} INFO - [2023-08-20T01:09:26.182+0000] {manager.py:501} INFO - Created Permission View: can read on DAG:dataset_consumes_unknown_never_scheduled
[2023-08-20T01:09:26.188+0000] {logging_mixin.py:151} INFO - [2023-08-20T01:09:26.188+0000] {manager.py:501} INFO - Created Permission View: can edit on DAG:dataset_produces_1
[2023-08-20T01:09:26.190+0000] {logging_mixin.py:151} INFO - [2023-08-20T01:09:26.190+0000] {manager.py:501} INFO - Created Permission View: can delete on DAG:dataset_produces_1
[2023-08-20T01:09:26.193+0000] {logging_mixin.py:151} INFO - [2023-08-20T01:09:26.193+0000] {manager.py:501} INFO - Created Permission View: can read on DAG:dataset_produces_1
[2023-08-20T01:09:26.199+0000] {logging_mixin.py:151} INFO - [2023-08-20T01:09:26.199+0000] {manager.py:501} INFO - Created Permission View: can edit on DAG:dataset_produces_2
[2023-08-20T01:09:26.201+0000] {logging_mixin.py:151} INFO - [2023-08-20T01:09:26.201+0000] {manager.py:501} INFO - Created Permission View: can delete on DAG:dataset_produces_2
[2023-08-20T01:09:26.203+0000] {logging_mixin.py:151} INFO - [2023-08-20T01:09:26.203+0000] {manager.py:501} INFO - Created Permission View: can read on DAG:dataset_produces_2
[2023-08-20T01:09:26.210+0000] {logging_mixin.py:151} INFO - [2023-08-20T01:09:26.210+0000] {manager.py:501} INFO - Created Permission View: can edit on DAG:dataset_consumes_1_never_scheduled
[2023-08-20T01:09:26.212+0000] {logging_mixin.py:151} INFO - [2023-08-20T01:09:26.212+0000] {manager.py:501} INFO - Created Permission View: can delete on DAG:dataset_consumes_1_never_scheduled
[2023-08-20T01:09:26.214+0000] {logging_mixin.py:151} INFO - [2023-08-20T01:09:26.214+0000] {manager.py:501} INFO - Created Permission View: can read on DAG:dataset_consumes_1_never_scheduled
[2023-08-20T01:09:26.220+0000] {logging_mixin.py:151} INFO - [2023-08-20T01:09:26.220+0000] {manager.py:501} INFO - Created Permission View: can edit on DAG:dataset_consumes_1_and_2
[2023-08-20T01:09:26.222+0000] {logging_mixin.py:151} INFO - [2023-08-20T01:09:26.222+0000] {manager.py:501} INFO - Created Permission View: can delete on DAG:dataset_consumes_1_and_2
[2023-08-20T01:09:26.225+0000] {logging_mixin.py:151} INFO - [2023-08-20T01:09:26.225+0000] {manager.py:501} INFO - Created Permission View: can read on DAG:dataset_consumes_1_and_2
[2023-08-20T01:09:26.227+0000] {logging_mixin.py:151} INFO - [2023-08-20T01:09:26.227+0000] {dag.py:2907} INFO - Sync 6 DAGs
[2023-08-20T01:09:26.232+0000] {logging_mixin.py:151} INFO - [2023-08-20T01:09:26.232+0000] {dag.py:2929} INFO - Creating ORM DAG for dataset_consumes_1_and_2
[2023-08-20T01:09:26.232+0000] {logging_mixin.py:151} INFO - [2023-08-20T01:09:26.232+0000] {dag.py:2929} INFO - Creating ORM DAG for dataset_produces_2
[2023-08-20T01:09:26.232+0000] {logging_mixin.py:151} INFO - [2023-08-20T01:09:26.232+0000] {dag.py:2929} INFO - Creating ORM DAG for dataset_consumes_1
[2023-08-20T01:09:26.233+0000] {logging_mixin.py:151} INFO - [2023-08-20T01:09:26.232+0000] {dag.py:2929} INFO - Creating ORM DAG for dataset_consumes_1_never_scheduled
[2023-08-20T01:09:26.233+0000] {logging_mixin.py:151} INFO - [2023-08-20T01:09:26.233+0000] {dag.py:2929} INFO - Creating ORM DAG for dataset_consumes_unknown_never_scheduled
[2023-08-20T01:09:26.233+0000] {logging_mixin.py:151} INFO - [2023-08-20T01:09:26.233+0000] {dag.py:2929} INFO - Creating ORM DAG for dataset_produces_1
[2023-08-20T01:09:26.237+0000] {logging_mixin.py:151} INFO - [2023-08-20T01:09:26.237+0000] {dag.py:3677} INFO - Setting next_dagrun for dataset_consumes_1 to None, run_after=None
[2023-08-20T01:09:26.238+0000] {logging_mixin.py:151} INFO - [2023-08-20T01:09:26.237+0000] {dag.py:3677} INFO - Setting next_dagrun for dataset_consumes_1_and_2 to None, run_after=None
[2023-08-20T01:09:26.238+0000] {logging_mixin.py:151} INFO - [2023-08-20T01:09:26.238+0000] {dag.py:3677} INFO - Setting next_dagrun for dataset_consumes_1_never_scheduled to None, run_after=None
[2023-08-20T01:09:26.238+0000] {logging_mixin.py:151} INFO - [2023-08-20T01:09:26.238+0000] {dag.py:3677} INFO - Setting next_dagrun for dataset_consumes_unknown_never_scheduled to None, run_after=None
[2023-08-20T01:09:26.239+0000] {logging_mixin.py:151} INFO - [2023-08-20T01:09:26.239+0000] {dag.py:3677} INFO - Setting next_dagrun for dataset_produces_1 to 2023-08-19T00:00:00+00:00, run_after=2023-08-20T00:00:00+00:00
[2023-08-20T01:09:26.239+0000] {logging_mixin.py:151} INFO - [2023-08-20T01:09:26.239+0000] {dag.py:3677} INFO - Setting next_dagrun for dataset_produces_2 to None, run_after=None
[2023-08-20T01:09:26.254+0000] {processor.py:179} INFO - Processing /home/airflow/.local/lib/python3.8/site-packages/airflow/example_dags/example_datasets.py took 0.216 seconds
[2023-08-20T01:09:57.026+0000] {processor.py:157} INFO - Started process (PID=106) to work on /home/airflow/.local/lib/python3.8/site-packages/airflow/example_dags/example_datasets.py
[2023-08-20T01:09:57.027+0000] {processor.py:829} INFO - Processing file /home/airflow/.local/lib/python3.8/site-packages/airflow/example_dags/example_datasets.py for tasks to queue
[2023-08-20T01:09:57.028+0000] {logging_mixin.py:151} INFO - [2023-08-20T01:09:57.028+0000] {dagbag.py:539} INFO - Filling up the DagBag from /home/airflow/.local/lib/python3.8/site-packages/airflow/example_dags/example_datasets.py
[2023-08-20T01:09:57.033+0000] {processor.py:839} INFO - DAG(s) dict_keys(['dataset_consumes_1', 'dataset_consumes_1_and_2', 'dataset_consumes_1_never_scheduled', 'dataset_consumes_unknown_never_scheduled', 'dataset_produces_1', 'dataset_produces_2']) retrieved from /home/airflow/.local/lib/python3.8/site-packages/airflow/example_dags/example_datasets.py
[2023-08-20T01:09:57.050+0000] {logging_mixin.py:151} INFO - [2023-08-20T01:09:57.050+0000] {dag.py:2907} INFO - Sync 6 DAGs
[2023-08-20T01:09:57.060+0000] {logging_mixin.py:151} INFO - [2023-08-20T01:09:57.060+0000] {dag.py:3677} INFO - Setting next_dagrun for dataset_consumes_1 to None, run_after=None
[2023-08-20T01:09:57.061+0000] {logging_mixin.py:151} INFO - [2023-08-20T01:09:57.061+0000] {dag.py:3677} INFO - Setting next_dagrun for dataset_consumes_1_and_2 to None, run_after=None
[2023-08-20T01:09:57.062+0000] {logging_mixin.py:151} INFO - [2023-08-20T01:09:57.062+0000] {dag.py:3677} INFO - Setting next_dagrun for dataset_consumes_1_never_scheduled to None, run_after=None
[2023-08-20T01:09:57.062+0000] {logging_mixin.py:151} INFO - [2023-08-20T01:09:57.062+0000] {dag.py:3677} INFO - Setting next_dagrun for dataset_consumes_unknown_never_scheduled to None, run_after=None
[2023-08-20T01:09:57.064+0000] {logging_mixin.py:151} INFO - [2023-08-20T01:09:57.064+0000] {dag.py:3677} INFO - Setting next_dagrun for dataset_produces_1 to 2023-08-19T00:00:00+00:00, run_after=2023-08-20T00:00:00+00:00
[2023-08-20T01:09:57.064+0000] {logging_mixin.py:151} INFO - [2023-08-20T01:09:57.064+0000] {dag.py:3677} INFO - Setting next_dagrun for dataset_produces_2 to None, run_after=None
[2023-08-20T01:09:57.076+0000] {processor.py:179} INFO - Processing /home/airflow/.local/lib/python3.8/site-packages/airflow/example_dags/example_datasets.py took 0.052 seconds
[2023-08-20T01:10:27.777+0000] {processor.py:157} INFO - Started process (PID=160) to work on /home/airflow/.local/lib/python3.8/site-packages/airflow/example_dags/example_datasets.py
[2023-08-20T01:10:27.777+0000] {processor.py:829} INFO - Processing file /home/airflow/.local/lib/python3.8/site-packages/airflow/example_dags/example_datasets.py for tasks to queue
[2023-08-20T01:10:27.778+0000] {logging_mixin.py:151} INFO - [2023-08-20T01:10:27.778+0000] {dagbag.py:539} INFO - Filling up the DagBag from /home/airflow/.local/lib/python3.8/site-packages/airflow/example_dags/example_datasets.py
[2023-08-20T01:10:27.783+0000] {processor.py:839} INFO - DAG(s) dict_keys(['dataset_produces_1', 'dataset_consumes_1_and_2', 'dataset_consumes_1_never_scheduled', 'dataset_consumes_unknown_never_scheduled', 'dataset_produces_2', 'dataset_consumes_1']) retrieved from /home/airflow/.local/lib/python3.8/site-packages/airflow/example_dags/example_datasets.py
[2023-08-20T01:10:27.800+0000] {logging_mixin.py:151} INFO - [2023-08-20T01:10:27.800+0000] {dag.py:2907} INFO - Sync 6 DAGs
[2023-08-20T01:10:27.810+0000] {logging_mixin.py:151} INFO - [2023-08-20T01:10:27.810+0000] {dag.py:3677} INFO - Setting next_dagrun for dataset_consumes_1 to None, run_after=None
[2023-08-20T01:10:27.812+0000] {logging_mixin.py:151} INFO - [2023-08-20T01:10:27.811+0000] {dag.py:3677} INFO - Setting next_dagrun for dataset_consumes_1_and_2 to None, run_after=None
[2023-08-20T01:10:27.812+0000] {logging_mixin.py:151} INFO - [2023-08-20T01:10:27.812+0000] {dag.py:3677} INFO - Setting next_dagrun for dataset_consumes_1_never_scheduled to None, run_after=None
[2023-08-20T01:10:27.813+0000] {logging_mixin.py:151} INFO - [2023-08-20T01:10:27.813+0000] {dag.py:3677} INFO - Setting next_dagrun for dataset_consumes_unknown_never_scheduled to None, run_after=None
[2023-08-20T01:10:27.814+0000] {logging_mixin.py:151} INFO - [2023-08-20T01:10:27.814+0000] {dag.py:3677} INFO - Setting next_dagrun for dataset_produces_1 to 2023-08-19T00:00:00+00:00, run_after=2023-08-20T00:00:00+00:00
[2023-08-20T01:10:27.814+0000] {logging_mixin.py:151} INFO - [2023-08-20T01:10:27.814+0000] {dag.py:3677} INFO - Setting next_dagrun for dataset_produces_2 to None, run_after=None
[2023-08-20T01:10:27.826+0000] {processor.py:179} INFO - Processing /home/airflow/.local/lib/python3.8/site-packages/airflow/example_dags/example_datasets.py took 0.051 seconds
[2023-08-20T01:10:58.504+0000] {processor.py:157} INFO - Started process (PID=214) to work on /home/airflow/.local/lib/python3.8/site-packages/airflow/example_dags/example_datasets.py
[2023-08-20T01:10:58.505+0000] {processor.py:829} INFO - Processing file /home/airflow/.local/lib/python3.8/site-packages/airflow/example_dags/example_datasets.py for tasks to queue
[2023-08-20T01:10:58.506+0000] {logging_mixin.py:151} INFO - [2023-08-20T01:10:58.506+0000] {dagbag.py:539} INFO - Filling up the DagBag from /home/airflow/.local/lib/python3.8/site-packages/airflow/example_dags/example_datasets.py
[2023-08-20T01:10:58.512+0000] {processor.py:839} INFO - DAG(s) dict_keys(['dataset_consumes_1_and_2', 'dataset_produces_2', 'dataset_produces_1', 'dataset_consumes_unknown_never_scheduled', 'dataset_consumes_1_never_scheduled', 'dataset_consumes_1']) retrieved from /home/airflow/.local/lib/python3.8/site-packages/airflow/example_dags/example_datasets.py
[2023-08-20T01:10:58.532+0000] {logging_mixin.py:151} INFO - [2023-08-20T01:10:58.532+0000] {dag.py:2907} INFO - Sync 6 DAGs
[2023-08-20T01:10:58.545+0000] {logging_mixin.py:151} INFO - [2023-08-20T01:10:58.545+0000] {dag.py:3677} INFO - Setting next_dagrun for dataset_consumes_1 to None, run_after=None
[2023-08-20T01:10:58.547+0000] {logging_mixin.py:151} INFO - [2023-08-20T01:10:58.547+0000] {dag.py:3677} INFO - Setting next_dagrun for dataset_consumes_1_and_2 to None, run_after=None
[2023-08-20T01:10:58.548+0000] {logging_mixin.py:151} INFO - [2023-08-20T01:10:58.547+0000] {dag.py:3677} INFO - Setting next_dagrun for dataset_consumes_1_never_scheduled to None, run_after=None
[2023-08-20T01:10:58.548+0000] {logging_mixin.py:151} INFO - [2023-08-20T01:10:58.548+0000] {dag.py:3677} INFO - Setting next_dagrun for dataset_consumes_unknown_never_scheduled to None, run_after=None
[2023-08-20T01:10:58.549+0000] {logging_mixin.py:151} INFO - [2023-08-20T01:10:58.549+0000] {dag.py:3677} INFO - Setting next_dagrun for dataset_produces_1 to 2023-08-19T00:00:00+00:00, run_after=2023-08-20T00:00:00+00:00
[2023-08-20T01:10:58.550+0000] {logging_mixin.py:151} INFO - [2023-08-20T01:10:58.550+0000] {dag.py:3677} INFO - Setting next_dagrun for dataset_produces_2 to None, run_after=None
[2023-08-20T01:10:58.563+0000] {processor.py:179} INFO - Processing /home/airflow/.local/lib/python3.8/site-packages/airflow/example_dags/example_datasets.py took 0.061 seconds
[2023-08-20T01:11:29.173+0000] {processor.py:157} INFO - Started process (PID=268) to work on /home/airflow/.local/lib/python3.8/site-packages/airflow/example_dags/example_datasets.py
[2023-08-20T01:11:29.173+0000] {processor.py:829} INFO - Processing file /home/airflow/.local/lib/python3.8/site-packages/airflow/example_dags/example_datasets.py for tasks to queue
[2023-08-20T01:11:29.174+0000] {logging_mixin.py:151} INFO - [2023-08-20T01:11:29.174+0000] {dagbag.py:539} INFO - Filling up the DagBag from /home/airflow/.local/lib/python3.8/site-packages/airflow/example_dags/example_datasets.py
[2023-08-20T01:11:29.179+0000] {processor.py:839} INFO - DAG(s) dict_keys(['dataset_consumes_unknown_never_scheduled', 'dataset_consumes_1', 'dataset_consumes_1_never_scheduled', 'dataset_produces_1', 'dataset_consumes_1_and_2', 'dataset_produces_2']) retrieved from /home/airflow/.local/lib/python3.8/site-packages/airflow/example_dags/example_datasets.py
[2023-08-20T01:11:29.232+0000] {logging_mixin.py:151} INFO - [2023-08-20T01:11:29.232+0000] {dag.py:2907} INFO - Sync 6 DAGs
[2023-08-20T01:11:29.237+0000] {logging_mixin.py:151} INFO - [2023-08-20T01:11:29.237+0000] {dag.py:2929} INFO - Creating ORM DAG for dataset_consumes_1
[2023-08-20T01:11:29.241+0000] {logging_mixin.py:151} INFO - [2023-08-20T01:11:29.241+0000] {dag.py:3677} INFO - Setting next_dagrun for dataset_consumes_1 to None, run_after=None
[2023-08-20T01:11:29.241+0000] {logging_mixin.py:151} INFO - [2023-08-20T01:11:29.241+0000] {dag.py:3677} INFO - Setting next_dagrun for dataset_consumes_1_and_2 to None, run_after=None
[2023-08-20T01:11:29.243+0000] {logging_mixin.py:151} INFO - [2023-08-20T01:11:29.243+0000] {dag.py:3677} INFO - Setting next_dagrun for dataset_consumes_1_never_scheduled to None, run_after=None
[2023-08-20T01:11:29.243+0000] {logging_mixin.py:151} INFO - [2023-08-20T01:11:29.243+0000] {dag.py:3677} INFO - Setting next_dagrun for dataset_consumes_unknown_never_scheduled to None, run_after=None
[2023-08-20T01:11:29.245+0000] {logging_mixin.py:151} INFO - [2023-08-20T01:11:29.245+0000] {dag.py:3677} INFO - Setting next_dagrun for dataset_produces_1 to 2023-08-19T00:00:00+00:00, run_after=2023-08-20T00:00:00+00:00
[2023-08-20T01:11:29.245+0000] {logging_mixin.py:151} INFO - [2023-08-20T01:11:29.245+0000] {dag.py:3677} INFO - Setting next_dagrun for dataset_produces_2 to None, run_after=None
[2023-08-20T01:11:29.259+0000] {processor.py:179} INFO - Processing /home/airflow/.local/lib/python3.8/site-packages/airflow/example_dags/example_datasets.py took 0.089 seconds
[2023-08-20T01:11:59.880+0000] {processor.py:157} INFO - Started process (PID=322) to work on /home/airflow/.local/lib/python3.8/site-packages/airflow/example_dags/example_datasets.py
[2023-08-20T01:11:59.881+0000] {processor.py:829} INFO - Processing file /home/airflow/.local/lib/python3.8/site-packages/airflow/example_dags/example_datasets.py for tasks to queue
[2023-08-20T01:11:59.882+0000] {logging_mixin.py:151} INFO - [2023-08-20T01:11:59.882+0000] {dagbag.py:539} INFO - Filling up the DagBag from /home/airflow/.local/lib/python3.8/site-packages/airflow/example_dags/example_datasets.py
[2023-08-20T01:11:59.887+0000] {processor.py:839} INFO - DAG(s) dict_keys(['dataset_consumes_1', 'dataset_consumes_1_and_2', 'dataset_consumes_unknown_never_scheduled', 'dataset_produces_2', 'dataset_consumes_1_never_scheduled', 'dataset_produces_1']) retrieved from /home/airflow/.local/lib/python3.8/site-packages/airflow/example_dags/example_datasets.py
[2023-08-20T01:11:59.906+0000] {logging_mixin.py:151} INFO - [2023-08-20T01:11:59.906+0000] {dag.py:2907} INFO - Sync 6 DAGs
[2023-08-20T01:11:59.916+0000] {logging_mixin.py:151} INFO - [2023-08-20T01:11:59.916+0000] {dag.py:3677} INFO - Setting next_dagrun for dataset_consumes_1 to None, run_after=None
[2023-08-20T01:11:59.918+0000] {logging_mixin.py:151} INFO - [2023-08-20T01:11:59.918+0000] {dag.py:3677} INFO - Setting next_dagrun for dataset_consumes_1_and_2 to None, run_after=None
[2023-08-20T01:11:59.919+0000] {logging_mixin.py:151} INFO - [2023-08-20T01:11:59.919+0000] {dag.py:3677} INFO - Setting next_dagrun for dataset_consumes_1_never_scheduled to None, run_after=None
[2023-08-20T01:11:59.919+0000] {logging_mixin.py:151} INFO - [2023-08-20T01:11:59.919+0000] {dag.py:3677} INFO - Setting next_dagrun for dataset_consumes_unknown_never_scheduled to None, run_after=None
[2023-08-20T01:11:59.921+0000] {logging_mixin.py:151} INFO - [2023-08-20T01:11:59.921+0000] {dag.py:3677} INFO - Setting next_dagrun for dataset_produces_1 to 2023-08-19T00:00:00+00:00, run_after=2023-08-20T00:00:00+00:00
[2023-08-20T01:11:59.921+0000] {logging_mixin.py:151} INFO - [2023-08-20T01:11:59.921+0000] {dag.py:3677} INFO - Setting next_dagrun for dataset_produces_2 to None, run_after=None
[2023-08-20T01:11:59.933+0000] {processor.py:179} INFO - Processing /home/airflow/.local/lib/python3.8/site-packages/airflow/example_dags/example_datasets.py took 0.055 seconds
[2023-08-20T01:12:51.454+0000] {processor.py:157} INFO - Started process (PID=51) to work on /home/airflow/.local/lib/python3.8/site-packages/airflow/example_dags/example_datasets.py
[2023-08-20T01:12:51.455+0000] {processor.py:829} INFO - Processing file /home/airflow/.local/lib/python3.8/site-packages/airflow/example_dags/example_datasets.py for tasks to queue
[2023-08-20T01:12:51.456+0000] {logging_mixin.py:151} INFO - [2023-08-20T01:12:51.456+0000] {dagbag.py:539} INFO - Filling up the DagBag from /home/airflow/.local/lib/python3.8/site-packages/airflow/example_dags/example_datasets.py
[2023-08-20T01:12:51.462+0000] {processor.py:839} INFO - DAG(s) dict_keys(['dataset_produces_1', 'dataset_produces_2', 'dataset_consumes_1_never_scheduled', 'dataset_consumes_1_and_2', 'dataset_consumes_1', 'dataset_consumes_unknown_never_scheduled']) retrieved from /home/airflow/.local/lib/python3.8/site-packages/airflow/example_dags/example_datasets.py
[2023-08-20T01:12:51.472+0000] {logging_mixin.py:151} INFO - [2023-08-20T01:12:51.472+0000] {dag.py:2907} INFO - Sync 6 DAGs
[2023-08-20T01:12:51.485+0000] {logging_mixin.py:151} INFO - [2023-08-20T01:12:51.485+0000] {dag.py:3677} INFO - Setting next_dagrun for dataset_consumes_1 to None, run_after=None
[2023-08-20T01:12:51.487+0000] {logging_mixin.py:151} INFO - [2023-08-20T01:12:51.487+0000] {dag.py:3677} INFO - Setting next_dagrun for dataset_consumes_1_and_2 to None, run_after=None
[2023-08-20T01:12:51.487+0000] {logging_mixin.py:151} INFO - [2023-08-20T01:12:51.487+0000] {dag.py:3677} INFO - Setting next_dagrun for dataset_consumes_1_never_scheduled to None, run_after=None
[2023-08-20T01:12:51.488+0000] {logging_mixin.py:151} INFO - [2023-08-20T01:12:51.488+0000] {dag.py:3677} INFO - Setting next_dagrun for dataset_consumes_unknown_never_scheduled to None, run_after=None
[2023-08-20T01:12:51.489+0000] {logging_mixin.py:151} INFO - [2023-08-20T01:12:51.489+0000] {dag.py:3677} INFO - Setting next_dagrun for dataset_produces_1 to 2023-08-19T00:00:00+00:00, run_after=2023-08-20T00:00:00+00:00
[2023-08-20T01:12:51.490+0000] {logging_mixin.py:151} INFO - [2023-08-20T01:12:51.490+0000] {dag.py:3677} INFO - Setting next_dagrun for dataset_produces_2 to None, run_after=None
[2023-08-20T01:12:51.503+0000] {processor.py:179} INFO - Processing /home/airflow/.local/lib/python3.8/site-packages/airflow/example_dags/example_datasets.py took 0.050 seconds
[2023-08-20T01:13:22.310+0000] {processor.py:157} INFO - Started process (PID=104) to work on /home/airflow/.local/lib/python3.8/site-packages/airflow/example_dags/example_datasets.py
[2023-08-20T01:13:22.311+0000] {processor.py:829} INFO - Processing file /home/airflow/.local/lib/python3.8/site-packages/airflow/example_dags/example_datasets.py for tasks to queue
[2023-08-20T01:13:22.312+0000] {logging_mixin.py:151} INFO - [2023-08-20T01:13:22.312+0000] {dagbag.py:539} INFO - Filling up the DagBag from /home/airflow/.local/lib/python3.8/site-packages/airflow/example_dags/example_datasets.py
[2023-08-20T01:13:22.386+0000] {processor.py:839} INFO - DAG(s) dict_keys(['dataset_consumes_unknown_never_scheduled', 'dataset_consumes_1', 'dataset_consumes_1_and_2', 'dataset_produces_1', 'dataset_produces_2', 'dataset_consumes_1_never_scheduled']) retrieved from /home/airflow/.local/lib/python3.8/site-packages/airflow/example_dags/example_datasets.py
[2023-08-20T01:13:22.402+0000] {logging_mixin.py:151} INFO - [2023-08-20T01:13:22.402+0000] {dag.py:2907} INFO - Sync 6 DAGs
[2023-08-20T01:13:22.410+0000] {logging_mixin.py:151} INFO - [2023-08-20T01:13:22.410+0000] {dag.py:3677} INFO - Setting next_dagrun for dataset_consumes_1 to None, run_after=None
[2023-08-20T01:13:22.412+0000] {logging_mixin.py:151} INFO - [2023-08-20T01:13:22.412+0000] {dag.py:3677} INFO - Setting next_dagrun for dataset_consumes_1_and_2 to None, run_after=None
[2023-08-20T01:13:22.412+0000] {logging_mixin.py:151} INFO - [2023-08-20T01:13:22.412+0000] {dag.py:3677} INFO - Setting next_dagrun for dataset_consumes_1_never_scheduled to None, run_after=None
[2023-08-20T01:13:22.413+0000] {logging_mixin.py:151} INFO - [2023-08-20T01:13:22.413+0000] {dag.py:3677} INFO - Setting next_dagrun for dataset_consumes_unknown_never_scheduled to None, run_after=None
[2023-08-20T01:13:22.414+0000] {logging_mixin.py:151} INFO - [2023-08-20T01:13:22.414+0000] {dag.py:3677} INFO - Setting next_dagrun for dataset_produces_1 to 2023-08-19T00:00:00+00:00, run_after=2023-08-20T00:00:00+00:00
[2023-08-20T01:13:22.414+0000] {logging_mixin.py:151} INFO - [2023-08-20T01:13:22.414+0000] {dag.py:3677} INFO - Setting next_dagrun for dataset_produces_2 to None, run_after=None
[2023-08-20T01:13:22.427+0000] {processor.py:179} INFO - Processing /home/airflow/.local/lib/python3.8/site-packages/airflow/example_dags/example_datasets.py took 0.119 seconds
[2023-08-20T01:13:53.176+0000] {processor.py:157} INFO - Started process (PID=158) to work on /home/airflow/.local/lib/python3.8/site-packages/airflow/example_dags/example_datasets.py
[2023-08-20T01:13:53.177+0000] {processor.py:829} INFO - Processing file /home/airflow/.local/lib/python3.8/site-packages/airflow/example_dags/example_datasets.py for tasks to queue
[2023-08-20T01:13:53.178+0000] {logging_mixin.py:151} INFO - [2023-08-20T01:13:53.178+0000] {dagbag.py:539} INFO - Filling up the DagBag from /home/airflow/.local/lib/python3.8/site-packages/airflow/example_dags/example_datasets.py
[2023-08-20T01:13:53.183+0000] {processor.py:839} INFO - DAG(s) dict_keys(['dataset_consumes_1_and_2', 'dataset_produces_1', 'dataset_consumes_1_never_scheduled', 'dataset_consumes_unknown_never_scheduled', 'dataset_consumes_1', 'dataset_produces_2']) retrieved from /home/airflow/.local/lib/python3.8/site-packages/airflow/example_dags/example_datasets.py
[2023-08-20T01:13:53.201+0000] {logging_mixin.py:151} INFO - [2023-08-20T01:13:53.201+0000] {dag.py:2907} INFO - Sync 6 DAGs
[2023-08-20T01:13:53.210+0000] {logging_mixin.py:151} INFO - [2023-08-20T01:13:53.210+0000] {dag.py:3677} INFO - Setting next_dagrun for dataset_consumes_1 to None, run_after=None
[2023-08-20T01:13:53.212+0000] {logging_mixin.py:151} INFO - [2023-08-20T01:13:53.212+0000] {dag.py:3677} INFO - Setting next_dagrun for dataset_consumes_1_and_2 to None, run_after=None
[2023-08-20T01:13:53.212+0000] {logging_mixin.py:151} INFO - [2023-08-20T01:13:53.212+0000] {dag.py:3677} INFO - Setting next_dagrun for dataset_consumes_1_never_scheduled to None, run_after=None
[2023-08-20T01:13:53.213+0000] {logging_mixin.py:151} INFO - [2023-08-20T01:13:53.213+0000] {dag.py:3677} INFO - Setting next_dagrun for dataset_consumes_unknown_never_scheduled to None, run_after=None
[2023-08-20T01:13:53.214+0000] {logging_mixin.py:151} INFO - [2023-08-20T01:13:53.214+0000] {dag.py:3677} INFO - Setting next_dagrun for dataset_produces_1 to 2023-08-19T00:00:00+00:00, run_after=2023-08-20T00:00:00+00:00
[2023-08-20T01:13:53.214+0000] {logging_mixin.py:151} INFO - [2023-08-20T01:13:53.214+0000] {dag.py:3677} INFO - Setting next_dagrun for dataset_produces_2 to None, run_after=None
[2023-08-20T01:13:53.227+0000] {processor.py:179} INFO - Processing /home/airflow/.local/lib/python3.8/site-packages/airflow/example_dags/example_datasets.py took 0.052 seconds
[2023-08-20T01:14:23.717+0000] {processor.py:157} INFO - Started process (PID=212) to work on /home/airflow/.local/lib/python3.8/site-packages/airflow/example_dags/example_datasets.py
[2023-08-20T01:14:23.717+0000] {processor.py:829} INFO - Processing file /home/airflow/.local/lib/python3.8/site-packages/airflow/example_dags/example_datasets.py for tasks to queue
[2023-08-20T01:14:23.718+0000] {logging_mixin.py:151} INFO - [2023-08-20T01:14:23.718+0000] {dagbag.py:539} INFO - Filling up the DagBag from /home/airflow/.local/lib/python3.8/site-packages/airflow/example_dags/example_datasets.py
[2023-08-20T01:14:23.723+0000] {processor.py:839} INFO - DAG(s) dict_keys(['dataset_produces_2', 'dataset_consumes_unknown_never_scheduled', 'dataset_produces_1', 'dataset_consumes_1_never_scheduled', 'dataset_consumes_1', 'dataset_consumes_1_and_2']) retrieved from /home/airflow/.local/lib/python3.8/site-packages/airflow/example_dags/example_datasets.py
[2023-08-20T01:14:23.741+0000] {logging_mixin.py:151} INFO - [2023-08-20T01:14:23.740+0000] {dag.py:2907} INFO - Sync 6 DAGs
[2023-08-20T01:14:23.750+0000] {logging_mixin.py:151} INFO - [2023-08-20T01:14:23.750+0000] {dag.py:3677} INFO - Setting next_dagrun for dataset_consumes_1 to None, run_after=None
[2023-08-20T01:14:23.752+0000] {logging_mixin.py:151} INFO - [2023-08-20T01:14:23.752+0000] {dag.py:3677} INFO - Setting next_dagrun for dataset_consumes_1_and_2 to None, run_after=None
[2023-08-20T01:14:23.752+0000] {logging_mixin.py:151} INFO - [2023-08-20T01:14:23.752+0000] {dag.py:3677} INFO - Setting next_dagrun for dataset_consumes_1_never_scheduled to None, run_after=None
[2023-08-20T01:14:23.753+0000] {logging_mixin.py:151} INFO - [2023-08-20T01:14:23.753+0000] {dag.py:3677} INFO - Setting next_dagrun for dataset_consumes_unknown_never_scheduled to None, run_after=None
[2023-08-20T01:14:23.754+0000] {logging_mixin.py:151} INFO - [2023-08-20T01:14:23.754+0000] {dag.py:3677} INFO - Setting next_dagrun for dataset_produces_1 to 2023-08-19T00:00:00+00:00, run_after=2023-08-20T00:00:00+00:00
[2023-08-20T01:14:23.754+0000] {logging_mixin.py:151} INFO - [2023-08-20T01:14:23.754+0000] {dag.py:3677} INFO - Setting next_dagrun for dataset_produces_2 to None, run_after=None
[2023-08-20T01:14:23.766+0000] {processor.py:179} INFO - Processing /home/airflow/.local/lib/python3.8/site-packages/airflow/example_dags/example_datasets.py took 0.052 seconds
[2023-08-20T01:14:54.396+0000] {processor.py:157} INFO - Started process (PID=266) to work on /home/airflow/.local/lib/python3.8/site-packages/airflow/example_dags/example_datasets.py
[2023-08-20T01:14:54.396+0000] {processor.py:829} INFO - Processing file /home/airflow/.local/lib/python3.8/site-packages/airflow/example_dags/example_datasets.py for tasks to queue
[2023-08-20T01:14:54.397+0000] {logging_mixin.py:151} INFO - [2023-08-20T01:14:54.397+0000] {dagbag.py:539} INFO - Filling up the DagBag from /home/airflow/.local/lib/python3.8/site-packages/airflow/example_dags/example_datasets.py
[2023-08-20T01:14:54.402+0000] {processor.py:839} INFO - DAG(s) dict_keys(['dataset_consumes_1_and_2', 'dataset_consumes_1_never_scheduled', 'dataset_produces_1', 'dataset_produces_2', 'dataset_consumes_1', 'dataset_consumes_unknown_never_scheduled']) retrieved from /home/airflow/.local/lib/python3.8/site-packages/airflow/example_dags/example_datasets.py
[2023-08-20T01:14:54.419+0000] {logging_mixin.py:151} INFO - [2023-08-20T01:14:54.419+0000] {dag.py:2907} INFO - Sync 6 DAGs
[2023-08-20T01:14:54.428+0000] {logging_mixin.py:151} INFO - [2023-08-20T01:14:54.428+0000] {dag.py:3677} INFO - Setting next_dagrun for dataset_consumes_1 to None, run_after=None
[2023-08-20T01:14:54.429+0000] {logging_mixin.py:151} INFO - [2023-08-20T01:14:54.429+0000] {dag.py:3677} INFO - Setting next_dagrun for dataset_consumes_1_and_2 to None, run_after=None
[2023-08-20T01:14:54.430+0000] {logging_mixin.py:151} INFO - [2023-08-20T01:14:54.430+0000] {dag.py:3677} INFO - Setting next_dagrun for dataset_consumes_1_never_scheduled to None, run_after=None
[2023-08-20T01:14:54.431+0000] {logging_mixin.py:151} INFO - [2023-08-20T01:14:54.430+0000] {dag.py:3677} INFO - Setting next_dagrun for dataset_consumes_unknown_never_scheduled to None, run_after=None
[2023-08-20T01:14:54.432+0000] {logging_mixin.py:151} INFO - [2023-08-20T01:14:54.432+0000] {dag.py:3677} INFO - Setting next_dagrun for dataset_produces_1 to 2023-08-19T00:00:00+00:00, run_after=2023-08-20T00:00:00+00:00
[2023-08-20T01:14:54.432+0000] {logging_mixin.py:151} INFO - [2023-08-20T01:14:54.432+0000] {dag.py:3677} INFO - Setting next_dagrun for dataset_produces_2 to None, run_after=None
[2023-08-20T01:14:54.443+0000] {processor.py:179} INFO - Processing /home/airflow/.local/lib/python3.8/site-packages/airflow/example_dags/example_datasets.py took 0.049 seconds
[2023-08-20T01:15:24.942+0000] {processor.py:157} INFO - Started process (PID=320) to work on /home/airflow/.local/lib/python3.8/site-packages/airflow/example_dags/example_datasets.py
[2023-08-20T01:15:24.942+0000] {processor.py:829} INFO - Processing file /home/airflow/.local/lib/python3.8/site-packages/airflow/example_dags/example_datasets.py for tasks to queue
[2023-08-20T01:15:24.943+0000] {logging_mixin.py:151} INFO - [2023-08-20T01:15:24.943+0000] {dagbag.py:539} INFO - Filling up the DagBag from /home/airflow/.local/lib/python3.8/site-packages/airflow/example_dags/example_datasets.py
[2023-08-20T01:15:24.949+0000] {processor.py:839} INFO - DAG(s) dict_keys(['dataset_consumes_unknown_never_scheduled', 'dataset_produces_1', 'dataset_consumes_1_and_2', 'dataset_produces_2', 'dataset_consumes_1', 'dataset_consumes_1_never_scheduled']) retrieved from /home/airflow/.local/lib/python3.8/site-packages/airflow/example_dags/example_datasets.py
[2023-08-20T01:15:24.966+0000] {logging_mixin.py:151} INFO - [2023-08-20T01:15:24.966+0000] {dag.py:2907} INFO - Sync 6 DAGs
[2023-08-20T01:15:24.975+0000] {logging_mixin.py:151} INFO - [2023-08-20T01:15:24.975+0000] {dag.py:3677} INFO - Setting next_dagrun for dataset_consumes_1 to None, run_after=None
[2023-08-20T01:15:24.976+0000] {logging_mixin.py:151} INFO - [2023-08-20T01:15:24.976+0000] {dag.py:3677} INFO - Setting next_dagrun for dataset_consumes_1_and_2 to None, run_after=None
[2023-08-20T01:15:24.977+0000] {logging_mixin.py:151} INFO - [2023-08-20T01:15:24.977+0000] {dag.py:3677} INFO - Setting next_dagrun for dataset_consumes_1_never_scheduled to None, run_after=None
[2023-08-20T01:15:24.977+0000] {logging_mixin.py:151} INFO - [2023-08-20T01:15:24.977+0000] {dag.py:3677} INFO - Setting next_dagrun for dataset_consumes_unknown_never_scheduled to None, run_after=None
[2023-08-20T01:15:24.979+0000] {logging_mixin.py:151} INFO - [2023-08-20T01:15:24.979+0000] {dag.py:3677} INFO - Setting next_dagrun for dataset_produces_1 to 2023-08-19T00:00:00+00:00, run_after=2023-08-20T00:00:00+00:00
[2023-08-20T01:15:24.979+0000] {logging_mixin.py:151} INFO - [2023-08-20T01:15:24.979+0000] {dag.py:3677} INFO - Setting next_dagrun for dataset_produces_2 to None, run_after=None
[2023-08-20T01:15:24.991+0000] {processor.py:179} INFO - Processing /home/airflow/.local/lib/python3.8/site-packages/airflow/example_dags/example_datasets.py took 0.051 seconds
