[2023-08-20T01:09:26.487+0000] {processor.py:157} INFO - Started process (PID=55) to work on /home/airflow/.local/lib/python3.8/site-packages/airflow/example_dags/example_sensors.py
[2023-08-20T01:09:26.488+0000] {processor.py:829} INFO - Processing file /home/airflow/.local/lib/python3.8/site-packages/airflow/example_dags/example_sensors.py for tasks to queue
[2023-08-20T01:09:26.489+0000] {logging_mixin.py:151} INFO - [2023-08-20T01:09:26.489+0000] {dagbag.py:539} INFO - Filling up the DagBag from /home/airflow/.local/lib/python3.8/site-packages/airflow/example_dags/example_sensors.py
[2023-08-20T01:09:26.495+0000] {processor.py:839} INFO - DAG(s) dict_keys(['example_sensors']) retrieved from /home/airflow/.local/lib/python3.8/site-packages/airflow/example_dags/example_sensors.py
[2023-08-20T01:09:26.545+0000] {logging_mixin.py:151} INFO - [2023-08-20T01:09:26.545+0000] {manager.py:501} INFO - Created Permission View: can edit on DAG:example_sensors
[2023-08-20T01:09:26.549+0000] {logging_mixin.py:151} INFO - [2023-08-20T01:09:26.549+0000] {manager.py:501} INFO - Created Permission View: can delete on DAG:example_sensors
[2023-08-20T01:09:26.551+0000] {logging_mixin.py:151} INFO - [2023-08-20T01:09:26.551+0000] {manager.py:501} INFO - Created Permission View: can read on DAG:example_sensors
[2023-08-20T01:09:26.556+0000] {logging_mixin.py:151} INFO - [2023-08-20T01:09:26.556+0000] {dag.py:2907} INFO - Sync 1 DAGs
[2023-08-20T01:09:26.560+0000] {logging_mixin.py:151} INFO - [2023-08-20T01:09:26.560+0000] {dag.py:2929} INFO - Creating ORM DAG for example_sensors
[2023-08-20T01:09:26.560+0000] {logging_mixin.py:151} INFO - [2023-08-20T01:09:26.560+0000] {dag.py:3677} INFO - Setting next_dagrun for example_sensors to None, run_after=None
[2023-08-20T01:09:26.567+0000] {processor.py:179} INFO - Processing /home/airflow/.local/lib/python3.8/site-packages/airflow/example_dags/example_sensors.py took 0.082 seconds
[2023-08-20T01:09:57.175+0000] {processor.py:157} INFO - Started process (PID=109) to work on /home/airflow/.local/lib/python3.8/site-packages/airflow/example_dags/example_sensors.py
[2023-08-20T01:09:57.175+0000] {processor.py:829} INFO - Processing file /home/airflow/.local/lib/python3.8/site-packages/airflow/example_dags/example_sensors.py for tasks to queue
[2023-08-20T01:09:57.177+0000] {logging_mixin.py:151} INFO - [2023-08-20T01:09:57.176+0000] {dagbag.py:539} INFO - Filling up the DagBag from /home/airflow/.local/lib/python3.8/site-packages/airflow/example_dags/example_sensors.py
[2023-08-20T01:09:57.182+0000] {processor.py:839} INFO - DAG(s) dict_keys(['example_sensors']) retrieved from /home/airflow/.local/lib/python3.8/site-packages/airflow/example_dags/example_sensors.py
[2023-08-20T01:09:57.195+0000] {logging_mixin.py:151} INFO - [2023-08-20T01:09:57.195+0000] {dag.py:2907} INFO - Sync 1 DAGs
[2023-08-20T01:09:57.200+0000] {logging_mixin.py:151} INFO - [2023-08-20T01:09:57.200+0000] {dag.py:3677} INFO - Setting next_dagrun for example_sensors to None, run_after=None
[2023-08-20T01:09:57.207+0000] {processor.py:179} INFO - Processing /home/airflow/.local/lib/python3.8/site-packages/airflow/example_dags/example_sensors.py took 0.035 seconds
[2023-08-20T01:10:27.934+0000] {processor.py:157} INFO - Started process (PID=163) to work on /home/airflow/.local/lib/python3.8/site-packages/airflow/example_dags/example_sensors.py
[2023-08-20T01:10:27.934+0000] {processor.py:829} INFO - Processing file /home/airflow/.local/lib/python3.8/site-packages/airflow/example_dags/example_sensors.py for tasks to queue
[2023-08-20T01:10:27.935+0000] {logging_mixin.py:151} INFO - [2023-08-20T01:10:27.935+0000] {dagbag.py:539} INFO - Filling up the DagBag from /home/airflow/.local/lib/python3.8/site-packages/airflow/example_dags/example_sensors.py
[2023-08-20T01:10:27.940+0000] {processor.py:839} INFO - DAG(s) dict_keys(['example_sensors']) retrieved from /home/airflow/.local/lib/python3.8/site-packages/airflow/example_dags/example_sensors.py
[2023-08-20T01:10:27.954+0000] {logging_mixin.py:151} INFO - [2023-08-20T01:10:27.954+0000] {dag.py:2907} INFO - Sync 1 DAGs
[2023-08-20T01:10:27.959+0000] {logging_mixin.py:151} INFO - [2023-08-20T01:10:27.959+0000] {dag.py:3677} INFO - Setting next_dagrun for example_sensors to None, run_after=None
[2023-08-20T01:10:27.966+0000] {processor.py:179} INFO - Processing /home/airflow/.local/lib/python3.8/site-packages/airflow/example_dags/example_sensors.py took 0.034 seconds
[2023-08-20T01:10:58.626+0000] {processor.py:157} INFO - Started process (PID=217) to work on /home/airflow/.local/lib/python3.8/site-packages/airflow/example_dags/example_sensors.py
[2023-08-20T01:10:58.627+0000] {processor.py:829} INFO - Processing file /home/airflow/.local/lib/python3.8/site-packages/airflow/example_dags/example_sensors.py for tasks to queue
[2023-08-20T01:10:58.628+0000] {logging_mixin.py:151} INFO - [2023-08-20T01:10:58.628+0000] {dagbag.py:539} INFO - Filling up the DagBag from /home/airflow/.local/lib/python3.8/site-packages/airflow/example_dags/example_sensors.py
[2023-08-20T01:10:58.632+0000] {processor.py:839} INFO - DAG(s) dict_keys(['example_sensors']) retrieved from /home/airflow/.local/lib/python3.8/site-packages/airflow/example_dags/example_sensors.py
[2023-08-20T01:10:58.646+0000] {logging_mixin.py:151} INFO - [2023-08-20T01:10:58.645+0000] {dag.py:2907} INFO - Sync 1 DAGs
[2023-08-20T01:10:58.651+0000] {logging_mixin.py:151} INFO - [2023-08-20T01:10:58.651+0000] {dag.py:3677} INFO - Setting next_dagrun for example_sensors to None, run_after=None
[2023-08-20T01:10:58.659+0000] {processor.py:179} INFO - Processing /home/airflow/.local/lib/python3.8/site-packages/airflow/example_dags/example_sensors.py took 0.034 seconds
[2023-08-20T01:11:29.321+0000] {processor.py:157} INFO - Started process (PID=271) to work on /home/airflow/.local/lib/python3.8/site-packages/airflow/example_dags/example_sensors.py
[2023-08-20T01:11:29.322+0000] {processor.py:829} INFO - Processing file /home/airflow/.local/lib/python3.8/site-packages/airflow/example_dags/example_sensors.py for tasks to queue
[2023-08-20T01:11:29.323+0000] {logging_mixin.py:151} INFO - [2023-08-20T01:11:29.323+0000] {dagbag.py:539} INFO - Filling up the DagBag from /home/airflow/.local/lib/python3.8/site-packages/airflow/example_dags/example_sensors.py
[2023-08-20T01:11:29.328+0000] {processor.py:839} INFO - DAG(s) dict_keys(['example_sensors']) retrieved from /home/airflow/.local/lib/python3.8/site-packages/airflow/example_dags/example_sensors.py
[2023-08-20T01:11:29.341+0000] {logging_mixin.py:151} INFO - [2023-08-20T01:11:29.341+0000] {dag.py:2907} INFO - Sync 1 DAGs
[2023-08-20T01:11:29.346+0000] {logging_mixin.py:151} INFO - [2023-08-20T01:11:29.346+0000] {dag.py:3677} INFO - Setting next_dagrun for example_sensors to None, run_after=None
[2023-08-20T01:11:29.352+0000] {processor.py:179} INFO - Processing /home/airflow/.local/lib/python3.8/site-packages/airflow/example_dags/example_sensors.py took 0.033 seconds
[2023-08-20T01:12:00.037+0000] {processor.py:157} INFO - Started process (PID=325) to work on /home/airflow/.local/lib/python3.8/site-packages/airflow/example_dags/example_sensors.py
[2023-08-20T01:12:00.038+0000] {processor.py:829} INFO - Processing file /home/airflow/.local/lib/python3.8/site-packages/airflow/example_dags/example_sensors.py for tasks to queue
[2023-08-20T01:12:00.039+0000] {logging_mixin.py:151} INFO - [2023-08-20T01:12:00.039+0000] {dagbag.py:539} INFO - Filling up the DagBag from /home/airflow/.local/lib/python3.8/site-packages/airflow/example_dags/example_sensors.py
[2023-08-20T01:12:00.044+0000] {processor.py:839} INFO - DAG(s) dict_keys(['example_sensors']) retrieved from /home/airflow/.local/lib/python3.8/site-packages/airflow/example_dags/example_sensors.py
[2023-08-20T01:12:00.058+0000] {logging_mixin.py:151} INFO - [2023-08-20T01:12:00.058+0000] {dag.py:2907} INFO - Sync 1 DAGs
[2023-08-20T01:12:00.063+0000] {logging_mixin.py:151} INFO - [2023-08-20T01:12:00.063+0000] {dag.py:3677} INFO - Setting next_dagrun for example_sensors to None, run_after=None
[2023-08-20T01:12:00.070+0000] {processor.py:179} INFO - Processing /home/airflow/.local/lib/python3.8/site-packages/airflow/example_dags/example_sensors.py took 0.035 seconds
[2023-08-20T01:12:51.626+0000] {processor.py:157} INFO - Started process (PID=54) to work on /home/airflow/.local/lib/python3.8/site-packages/airflow/example_dags/example_sensors.py
[2023-08-20T01:12:51.627+0000] {processor.py:829} INFO - Processing file /home/airflow/.local/lib/python3.8/site-packages/airflow/example_dags/example_sensors.py for tasks to queue
[2023-08-20T01:12:51.629+0000] {logging_mixin.py:151} INFO - [2023-08-20T01:12:51.628+0000] {dagbag.py:539} INFO - Filling up the DagBag from /home/airflow/.local/lib/python3.8/site-packages/airflow/example_dags/example_sensors.py
[2023-08-20T01:12:51.636+0000] {processor.py:839} INFO - DAG(s) dict_keys(['example_sensors']) retrieved from /home/airflow/.local/lib/python3.8/site-packages/airflow/example_dags/example_sensors.py
[2023-08-20T01:12:51.648+0000] {logging_mixin.py:151} INFO - [2023-08-20T01:12:51.648+0000] {dag.py:2907} INFO - Sync 1 DAGs
[2023-08-20T01:12:51.658+0000] {logging_mixin.py:151} INFO - [2023-08-20T01:12:51.657+0000] {dag.py:3677} INFO - Setting next_dagrun for example_sensors to None, run_after=None
[2023-08-20T01:12:51.666+0000] {processor.py:179} INFO - Processing /home/airflow/.local/lib/python3.8/site-packages/airflow/example_dags/example_sensors.py took 0.042 seconds
[2023-08-20T01:13:22.542+0000] {processor.py:157} INFO - Started process (PID=107) to work on /home/airflow/.local/lib/python3.8/site-packages/airflow/example_dags/example_sensors.py
[2023-08-20T01:13:22.543+0000] {processor.py:829} INFO - Processing file /home/airflow/.local/lib/python3.8/site-packages/airflow/example_dags/example_sensors.py for tasks to queue
[2023-08-20T01:13:22.544+0000] {logging_mixin.py:151} INFO - [2023-08-20T01:13:22.544+0000] {dagbag.py:539} INFO - Filling up the DagBag from /home/airflow/.local/lib/python3.8/site-packages/airflow/example_dags/example_sensors.py
[2023-08-20T01:13:22.549+0000] {processor.py:839} INFO - DAG(s) dict_keys(['example_sensors']) retrieved from /home/airflow/.local/lib/python3.8/site-packages/airflow/example_dags/example_sensors.py
[2023-08-20T01:13:22.563+0000] {logging_mixin.py:151} INFO - [2023-08-20T01:13:22.563+0000] {dag.py:2907} INFO - Sync 1 DAGs
[2023-08-20T01:13:22.569+0000] {logging_mixin.py:151} INFO - [2023-08-20T01:13:22.569+0000] {dag.py:3677} INFO - Setting next_dagrun for example_sensors to None, run_after=None
[2023-08-20T01:13:22.576+0000] {processor.py:179} INFO - Processing /home/airflow/.local/lib/python3.8/site-packages/airflow/example_dags/example_sensors.py took 0.036 seconds
[2023-08-20T01:13:53.267+0000] {processor.py:157} INFO - Started process (PID=161) to work on /home/airflow/.local/lib/python3.8/site-packages/airflow/example_dags/example_sensors.py
[2023-08-20T01:13:53.267+0000] {processor.py:829} INFO - Processing file /home/airflow/.local/lib/python3.8/site-packages/airflow/example_dags/example_sensors.py for tasks to queue
[2023-08-20T01:13:53.268+0000] {logging_mixin.py:151} INFO - [2023-08-20T01:13:53.268+0000] {dagbag.py:539} INFO - Filling up the DagBag from /home/airflow/.local/lib/python3.8/site-packages/airflow/example_dags/example_sensors.py
[2023-08-20T01:13:53.273+0000] {processor.py:839} INFO - DAG(s) dict_keys(['example_sensors']) retrieved from /home/airflow/.local/lib/python3.8/site-packages/airflow/example_dags/example_sensors.py
[2023-08-20T01:13:53.287+0000] {logging_mixin.py:151} INFO - [2023-08-20T01:13:53.287+0000] {dag.py:2907} INFO - Sync 1 DAGs
[2023-08-20T01:13:53.292+0000] {logging_mixin.py:151} INFO - [2023-08-20T01:13:53.292+0000] {dag.py:3677} INFO - Setting next_dagrun for example_sensors to None, run_after=None
[2023-08-20T01:13:53.300+0000] {processor.py:179} INFO - Processing /home/airflow/.local/lib/python3.8/site-packages/airflow/example_dags/example_sensors.py took 0.035 seconds
[2023-08-20T01:14:23.811+0000] {processor.py:157} INFO - Started process (PID=215) to work on /home/airflow/.local/lib/python3.8/site-packages/airflow/example_dags/example_sensors.py
[2023-08-20T01:14:23.812+0000] {processor.py:829} INFO - Processing file /home/airflow/.local/lib/python3.8/site-packages/airflow/example_dags/example_sensors.py for tasks to queue
[2023-08-20T01:14:23.813+0000] {logging_mixin.py:151} INFO - [2023-08-20T01:14:23.813+0000] {dagbag.py:539} INFO - Filling up the DagBag from /home/airflow/.local/lib/python3.8/site-packages/airflow/example_dags/example_sensors.py
[2023-08-20T01:14:23.817+0000] {processor.py:839} INFO - DAG(s) dict_keys(['example_sensors']) retrieved from /home/airflow/.local/lib/python3.8/site-packages/airflow/example_dags/example_sensors.py
[2023-08-20T01:14:23.831+0000] {logging_mixin.py:151} INFO - [2023-08-20T01:14:23.831+0000] {dag.py:2907} INFO - Sync 1 DAGs
[2023-08-20T01:14:23.837+0000] {logging_mixin.py:151} INFO - [2023-08-20T01:14:23.837+0000] {dag.py:3677} INFO - Setting next_dagrun for example_sensors to None, run_after=None
[2023-08-20T01:14:23.845+0000] {processor.py:179} INFO - Processing /home/airflow/.local/lib/python3.8/site-packages/airflow/example_dags/example_sensors.py took 0.035 seconds
[2023-08-20T01:14:54.499+0000] {processor.py:157} INFO - Started process (PID=269) to work on /home/airflow/.local/lib/python3.8/site-packages/airflow/example_dags/example_sensors.py
[2023-08-20T01:14:54.499+0000] {processor.py:829} INFO - Processing file /home/airflow/.local/lib/python3.8/site-packages/airflow/example_dags/example_sensors.py for tasks to queue
[2023-08-20T01:14:54.501+0000] {logging_mixin.py:151} INFO - [2023-08-20T01:14:54.500+0000] {dagbag.py:539} INFO - Filling up the DagBag from /home/airflow/.local/lib/python3.8/site-packages/airflow/example_dags/example_sensors.py
[2023-08-20T01:14:54.505+0000] {processor.py:839} INFO - DAG(s) dict_keys(['example_sensors']) retrieved from /home/airflow/.local/lib/python3.8/site-packages/airflow/example_dags/example_sensors.py
[2023-08-20T01:14:54.518+0000] {logging_mixin.py:151} INFO - [2023-08-20T01:14:54.517+0000] {dag.py:2907} INFO - Sync 1 DAGs
[2023-08-20T01:14:54.523+0000] {logging_mixin.py:151} INFO - [2023-08-20T01:14:54.522+0000] {dag.py:3677} INFO - Setting next_dagrun for example_sensors to None, run_after=None
[2023-08-20T01:14:54.529+0000] {processor.py:179} INFO - Processing /home/airflow/.local/lib/python3.8/site-packages/airflow/example_dags/example_sensors.py took 0.032 seconds
[2023-08-20T01:15:25.036+0000] {processor.py:157} INFO - Started process (PID=323) to work on /home/airflow/.local/lib/python3.8/site-packages/airflow/example_dags/example_sensors.py
[2023-08-20T01:15:25.037+0000] {processor.py:829} INFO - Processing file /home/airflow/.local/lib/python3.8/site-packages/airflow/example_dags/example_sensors.py for tasks to queue
[2023-08-20T01:15:25.038+0000] {logging_mixin.py:151} INFO - [2023-08-20T01:15:25.038+0000] {dagbag.py:539} INFO - Filling up the DagBag from /home/airflow/.local/lib/python3.8/site-packages/airflow/example_dags/example_sensors.py
[2023-08-20T01:15:25.042+0000] {processor.py:839} INFO - DAG(s) dict_keys(['example_sensors']) retrieved from /home/airflow/.local/lib/python3.8/site-packages/airflow/example_dags/example_sensors.py
[2023-08-20T01:15:25.056+0000] {logging_mixin.py:151} INFO - [2023-08-20T01:15:25.056+0000] {dag.py:2907} INFO - Sync 1 DAGs
[2023-08-20T01:15:25.061+0000] {logging_mixin.py:151} INFO - [2023-08-20T01:15:25.061+0000] {dag.py:3677} INFO - Setting next_dagrun for example_sensors to None, run_after=None
[2023-08-20T01:15:25.068+0000] {processor.py:179} INFO - Processing /home/airflow/.local/lib/python3.8/site-packages/airflow/example_dags/example_sensors.py took 0.034 seconds
