[2023-08-20T01:09:27.281+0000] {processor.py:157} INFO - Started process (PID=69) to work on /home/airflow/.local/lib/python3.8/site-packages/airflow/example_dags/example_trigger_controller_dag.py
[2023-08-20T01:09:27.281+0000] {processor.py:829} INFO - Processing file /home/airflow/.local/lib/python3.8/site-packages/airflow/example_dags/example_trigger_controller_dag.py for tasks to queue
[2023-08-20T01:09:27.283+0000] {logging_mixin.py:151} INFO - [2023-08-20T01:09:27.282+0000] {dagbag.py:539} INFO - Filling up the DagBag from /home/airflow/.local/lib/python3.8/site-packages/airflow/example_dags/example_trigger_controller_dag.py
[2023-08-20T01:09:27.286+0000] {processor.py:839} INFO - DAG(s) dict_keys(['example_trigger_controller_dag']) retrieved from /home/airflow/.local/lib/python3.8/site-packages/airflow/example_dags/example_trigger_controller_dag.py
[2023-08-20T01:09:27.332+0000] {logging_mixin.py:151} INFO - [2023-08-20T01:09:27.332+0000] {manager.py:501} INFO - Created Permission View: can edit on DAG:example_trigger_controller_dag
[2023-08-20T01:09:27.336+0000] {logging_mixin.py:151} INFO - [2023-08-20T01:09:27.336+0000] {manager.py:501} INFO - Created Permission View: can delete on DAG:example_trigger_controller_dag
[2023-08-20T01:09:27.338+0000] {logging_mixin.py:151} INFO - [2023-08-20T01:09:27.338+0000] {manager.py:501} INFO - Created Permission View: can read on DAG:example_trigger_controller_dag
[2023-08-20T01:09:27.343+0000] {logging_mixin.py:151} INFO - [2023-08-20T01:09:27.343+0000] {dag.py:2907} INFO - Sync 1 DAGs
[2023-08-20T01:09:27.348+0000] {logging_mixin.py:151} INFO - [2023-08-20T01:09:27.348+0000] {dag.py:2929} INFO - Creating ORM DAG for example_trigger_controller_dag
[2023-08-20T01:09:27.352+0000] {logging_mixin.py:151} INFO - [2023-08-20T01:09:27.352+0000] {dag.py:3677} INFO - Setting next_dagrun for example_trigger_controller_dag to 2021-01-01T00:00:00+00:00, run_after=2021-01-01T00:00:00+00:00
[2023-08-20T01:09:27.358+0000] {processor.py:179} INFO - Processing /home/airflow/.local/lib/python3.8/site-packages/airflow/example_dags/example_trigger_controller_dag.py took 0.079 seconds
[2023-08-20T01:09:57.689+0000] {processor.py:157} INFO - Started process (PID=123) to work on /home/airflow/.local/lib/python3.8/site-packages/airflow/example_dags/example_trigger_controller_dag.py
[2023-08-20T01:09:57.689+0000] {processor.py:829} INFO - Processing file /home/airflow/.local/lib/python3.8/site-packages/airflow/example_dags/example_trigger_controller_dag.py for tasks to queue
[2023-08-20T01:09:57.690+0000] {logging_mixin.py:151} INFO - [2023-08-20T01:09:57.690+0000] {dagbag.py:539} INFO - Filling up the DagBag from /home/airflow/.local/lib/python3.8/site-packages/airflow/example_dags/example_trigger_controller_dag.py
[2023-08-20T01:09:57.693+0000] {processor.py:839} INFO - DAG(s) dict_keys(['example_trigger_controller_dag']) retrieved from /home/airflow/.local/lib/python3.8/site-packages/airflow/example_dags/example_trigger_controller_dag.py
[2023-08-20T01:09:57.705+0000] {logging_mixin.py:151} INFO - [2023-08-20T01:09:57.705+0000] {dag.py:2907} INFO - Sync 1 DAGs
[2023-08-20T01:09:57.714+0000] {logging_mixin.py:151} INFO - [2023-08-20T01:09:57.714+0000] {dag.py:3677} INFO - Setting next_dagrun for example_trigger_controller_dag to 2021-01-01T00:00:00+00:00, run_after=2021-01-01T00:00:00+00:00
[2023-08-20T01:09:57.721+0000] {processor.py:179} INFO - Processing /home/airflow/.local/lib/python3.8/site-packages/airflow/example_dags/example_trigger_controller_dag.py took 0.034 seconds
[2023-08-20T01:10:28.396+0000] {processor.py:157} INFO - Started process (PID=177) to work on /home/airflow/.local/lib/python3.8/site-packages/airflow/example_dags/example_trigger_controller_dag.py
[2023-08-20T01:10:28.396+0000] {processor.py:829} INFO - Processing file /home/airflow/.local/lib/python3.8/site-packages/airflow/example_dags/example_trigger_controller_dag.py for tasks to queue
[2023-08-20T01:10:28.397+0000] {logging_mixin.py:151} INFO - [2023-08-20T01:10:28.397+0000] {dagbag.py:539} INFO - Filling up the DagBag from /home/airflow/.local/lib/python3.8/site-packages/airflow/example_dags/example_trigger_controller_dag.py
[2023-08-20T01:10:28.400+0000] {processor.py:839} INFO - DAG(s) dict_keys(['example_trigger_controller_dag']) retrieved from /home/airflow/.local/lib/python3.8/site-packages/airflow/example_dags/example_trigger_controller_dag.py
[2023-08-20T01:10:28.411+0000] {logging_mixin.py:151} INFO - [2023-08-20T01:10:28.411+0000] {dag.py:2907} INFO - Sync 1 DAGs
[2023-08-20T01:10:28.420+0000] {logging_mixin.py:151} INFO - [2023-08-20T01:10:28.420+0000] {dag.py:3677} INFO - Setting next_dagrun for example_trigger_controller_dag to 2021-01-01T00:00:00+00:00, run_after=2021-01-01T00:00:00+00:00
[2023-08-20T01:10:28.427+0000] {processor.py:179} INFO - Processing /home/airflow/.local/lib/python3.8/site-packages/airflow/example_dags/example_trigger_controller_dag.py took 0.034 seconds
[2023-08-20T01:10:59.075+0000] {processor.py:157} INFO - Started process (PID=231) to work on /home/airflow/.local/lib/python3.8/site-packages/airflow/example_dags/example_trigger_controller_dag.py
[2023-08-20T01:10:59.075+0000] {processor.py:829} INFO - Processing file /home/airflow/.local/lib/python3.8/site-packages/airflow/example_dags/example_trigger_controller_dag.py for tasks to queue
[2023-08-20T01:10:59.076+0000] {logging_mixin.py:151} INFO - [2023-08-20T01:10:59.076+0000] {dagbag.py:539} INFO - Filling up the DagBag from /home/airflow/.local/lib/python3.8/site-packages/airflow/example_dags/example_trigger_controller_dag.py
[2023-08-20T01:10:59.079+0000] {processor.py:839} INFO - DAG(s) dict_keys(['example_trigger_controller_dag']) retrieved from /home/airflow/.local/lib/python3.8/site-packages/airflow/example_dags/example_trigger_controller_dag.py
[2023-08-20T01:10:59.091+0000] {logging_mixin.py:151} INFO - [2023-08-20T01:10:59.091+0000] {dag.py:2907} INFO - Sync 1 DAGs
[2023-08-20T01:10:59.101+0000] {logging_mixin.py:151} INFO - [2023-08-20T01:10:59.101+0000] {dag.py:3677} INFO - Setting next_dagrun for example_trigger_controller_dag to 2021-01-01T00:00:00+00:00, run_after=2021-01-01T00:00:00+00:00
[2023-08-20T01:10:59.108+0000] {processor.py:179} INFO - Processing /home/airflow/.local/lib/python3.8/site-packages/airflow/example_dags/example_trigger_controller_dag.py took 0.035 seconds
[2023-08-20T01:11:29.751+0000] {processor.py:157} INFO - Started process (PID=285) to work on /home/airflow/.local/lib/python3.8/site-packages/airflow/example_dags/example_trigger_controller_dag.py
[2023-08-20T01:11:29.751+0000] {processor.py:829} INFO - Processing file /home/airflow/.local/lib/python3.8/site-packages/airflow/example_dags/example_trigger_controller_dag.py for tasks to queue
[2023-08-20T01:11:29.753+0000] {logging_mixin.py:151} INFO - [2023-08-20T01:11:29.752+0000] {dagbag.py:539} INFO - Filling up the DagBag from /home/airflow/.local/lib/python3.8/site-packages/airflow/example_dags/example_trigger_controller_dag.py
[2023-08-20T01:11:29.755+0000] {processor.py:839} INFO - DAG(s) dict_keys(['example_trigger_controller_dag']) retrieved from /home/airflow/.local/lib/python3.8/site-packages/airflow/example_dags/example_trigger_controller_dag.py
[2023-08-20T01:11:29.767+0000] {logging_mixin.py:151} INFO - [2023-08-20T01:11:29.767+0000] {dag.py:2907} INFO - Sync 1 DAGs
[2023-08-20T01:11:29.776+0000] {logging_mixin.py:151} INFO - [2023-08-20T01:11:29.776+0000] {dag.py:3677} INFO - Setting next_dagrun for example_trigger_controller_dag to 2021-01-01T00:00:00+00:00, run_after=2021-01-01T00:00:00+00:00
[2023-08-20T01:11:29.782+0000] {processor.py:179} INFO - Processing /home/airflow/.local/lib/python3.8/site-packages/airflow/example_dags/example_trigger_controller_dag.py took 0.033 seconds
[2023-08-20T01:12:00.579+0000] {processor.py:157} INFO - Started process (PID=339) to work on /home/airflow/.local/lib/python3.8/site-packages/airflow/example_dags/example_trigger_controller_dag.py
[2023-08-20T01:12:00.580+0000] {processor.py:829} INFO - Processing file /home/airflow/.local/lib/python3.8/site-packages/airflow/example_dags/example_trigger_controller_dag.py for tasks to queue
[2023-08-20T01:12:00.581+0000] {logging_mixin.py:151} INFO - [2023-08-20T01:12:00.580+0000] {dagbag.py:539} INFO - Filling up the DagBag from /home/airflow/.local/lib/python3.8/site-packages/airflow/example_dags/example_trigger_controller_dag.py
[2023-08-20T01:12:00.583+0000] {processor.py:839} INFO - DAG(s) dict_keys(['example_trigger_controller_dag']) retrieved from /home/airflow/.local/lib/python3.8/site-packages/airflow/example_dags/example_trigger_controller_dag.py
[2023-08-20T01:12:00.596+0000] {logging_mixin.py:151} INFO - [2023-08-20T01:12:00.596+0000] {dag.py:2907} INFO - Sync 1 DAGs
[2023-08-20T01:12:00.606+0000] {logging_mixin.py:151} INFO - [2023-08-20T01:12:00.606+0000] {dag.py:3677} INFO - Setting next_dagrun for example_trigger_controller_dag to 2021-01-01T00:00:00+00:00, run_after=2021-01-01T00:00:00+00:00
[2023-08-20T01:12:00.613+0000] {processor.py:179} INFO - Processing /home/airflow/.local/lib/python3.8/site-packages/airflow/example_dags/example_trigger_controller_dag.py took 0.036 seconds
[2023-08-20T01:12:52.303+0000] {processor.py:157} INFO - Started process (PID=68) to work on /home/airflow/.local/lib/python3.8/site-packages/airflow/example_dags/example_trigger_controller_dag.py
[2023-08-20T01:12:52.303+0000] {processor.py:829} INFO - Processing file /home/airflow/.local/lib/python3.8/site-packages/airflow/example_dags/example_trigger_controller_dag.py for tasks to queue
[2023-08-20T01:12:52.305+0000] {logging_mixin.py:151} INFO - [2023-08-20T01:12:52.304+0000] {dagbag.py:539} INFO - Filling up the DagBag from /home/airflow/.local/lib/python3.8/site-packages/airflow/example_dags/example_trigger_controller_dag.py
[2023-08-20T01:12:52.309+0000] {processor.py:839} INFO - DAG(s) dict_keys(['example_trigger_controller_dag']) retrieved from /home/airflow/.local/lib/python3.8/site-packages/airflow/example_dags/example_trigger_controller_dag.py
[2023-08-20T01:12:52.317+0000] {logging_mixin.py:151} INFO - [2023-08-20T01:12:52.317+0000] {dag.py:2907} INFO - Sync 1 DAGs
[2023-08-20T01:12:52.328+0000] {logging_mixin.py:151} INFO - [2023-08-20T01:12:52.328+0000] {dag.py:3677} INFO - Setting next_dagrun for example_trigger_controller_dag to 2021-01-01T00:00:00+00:00, run_after=2021-01-01T00:00:00+00:00
[2023-08-20T01:12:52.413+0000] {processor.py:179} INFO - Processing /home/airflow/.local/lib/python3.8/site-packages/airflow/example_dags/example_trigger_controller_dag.py took 0.112 seconds
[2023-08-20T01:13:23.023+0000] {processor.py:157} INFO - Started process (PID=121) to work on /home/airflow/.local/lib/python3.8/site-packages/airflow/example_dags/example_trigger_controller_dag.py
[2023-08-20T01:13:23.023+0000] {processor.py:829} INFO - Processing file /home/airflow/.local/lib/python3.8/site-packages/airflow/example_dags/example_trigger_controller_dag.py for tasks to queue
[2023-08-20T01:13:23.024+0000] {logging_mixin.py:151} INFO - [2023-08-20T01:13:23.024+0000] {dagbag.py:539} INFO - Filling up the DagBag from /home/airflow/.local/lib/python3.8/site-packages/airflow/example_dags/example_trigger_controller_dag.py
[2023-08-20T01:13:23.027+0000] {processor.py:839} INFO - DAG(s) dict_keys(['example_trigger_controller_dag']) retrieved from /home/airflow/.local/lib/python3.8/site-packages/airflow/example_dags/example_trigger_controller_dag.py
[2023-08-20T01:13:23.039+0000] {logging_mixin.py:151} INFO - [2023-08-20T01:13:23.039+0000] {dag.py:2907} INFO - Sync 1 DAGs
[2023-08-20T01:13:23.049+0000] {logging_mixin.py:151} INFO - [2023-08-20T01:13:23.048+0000] {dag.py:3677} INFO - Setting next_dagrun for example_trigger_controller_dag to 2021-01-01T00:00:00+00:00, run_after=2021-01-01T00:00:00+00:00
[2023-08-20T01:13:23.056+0000] {processor.py:179} INFO - Processing /home/airflow/.local/lib/python3.8/site-packages/airflow/example_dags/example_trigger_controller_dag.py took 0.035 seconds
[2023-08-20T01:13:53.692+0000] {processor.py:157} INFO - Started process (PID=175) to work on /home/airflow/.local/lib/python3.8/site-packages/airflow/example_dags/example_trigger_controller_dag.py
[2023-08-20T01:13:53.692+0000] {processor.py:829} INFO - Processing file /home/airflow/.local/lib/python3.8/site-packages/airflow/example_dags/example_trigger_controller_dag.py for tasks to queue
[2023-08-20T01:13:53.693+0000] {logging_mixin.py:151} INFO - [2023-08-20T01:13:53.693+0000] {dagbag.py:539} INFO - Filling up the DagBag from /home/airflow/.local/lib/python3.8/site-packages/airflow/example_dags/example_trigger_controller_dag.py
[2023-08-20T01:13:53.696+0000] {processor.py:839} INFO - DAG(s) dict_keys(['example_trigger_controller_dag']) retrieved from /home/airflow/.local/lib/python3.8/site-packages/airflow/example_dags/example_trigger_controller_dag.py
[2023-08-20T01:13:53.707+0000] {logging_mixin.py:151} INFO - [2023-08-20T01:13:53.707+0000] {dag.py:2907} INFO - Sync 1 DAGs
[2023-08-20T01:13:53.717+0000] {logging_mixin.py:151} INFO - [2023-08-20T01:13:53.717+0000] {dag.py:3677} INFO - Setting next_dagrun for example_trigger_controller_dag to 2021-01-01T00:00:00+00:00, run_after=2021-01-01T00:00:00+00:00
[2023-08-20T01:13:53.724+0000] {processor.py:179} INFO - Processing /home/airflow/.local/lib/python3.8/site-packages/airflow/example_dags/example_trigger_controller_dag.py took 0.034 seconds
[2023-08-20T01:14:24.289+0000] {processor.py:157} INFO - Started process (PID=229) to work on /home/airflow/.local/lib/python3.8/site-packages/airflow/example_dags/example_trigger_controller_dag.py
[2023-08-20T01:14:24.289+0000] {processor.py:829} INFO - Processing file /home/airflow/.local/lib/python3.8/site-packages/airflow/example_dags/example_trigger_controller_dag.py for tasks to queue
[2023-08-20T01:14:24.291+0000] {logging_mixin.py:151} INFO - [2023-08-20T01:14:24.290+0000] {dagbag.py:539} INFO - Filling up the DagBag from /home/airflow/.local/lib/python3.8/site-packages/airflow/example_dags/example_trigger_controller_dag.py
[2023-08-20T01:14:24.293+0000] {processor.py:839} INFO - DAG(s) dict_keys(['example_trigger_controller_dag']) retrieved from /home/airflow/.local/lib/python3.8/site-packages/airflow/example_dags/example_trigger_controller_dag.py
[2023-08-20T01:14:24.305+0000] {logging_mixin.py:151} INFO - [2023-08-20T01:14:24.305+0000] {dag.py:2907} INFO - Sync 1 DAGs
[2023-08-20T01:14:24.314+0000] {logging_mixin.py:151} INFO - [2023-08-20T01:14:24.314+0000] {dag.py:3677} INFO - Setting next_dagrun for example_trigger_controller_dag to 2021-01-01T00:00:00+00:00, run_after=2021-01-01T00:00:00+00:00
[2023-08-20T01:14:24.321+0000] {processor.py:179} INFO - Processing /home/airflow/.local/lib/python3.8/site-packages/airflow/example_dags/example_trigger_controller_dag.py took 0.034 seconds
[2023-08-20T01:14:54.922+0000] {processor.py:157} INFO - Started process (PID=283) to work on /home/airflow/.local/lib/python3.8/site-packages/airflow/example_dags/example_trigger_controller_dag.py
[2023-08-20T01:14:54.922+0000] {processor.py:829} INFO - Processing file /home/airflow/.local/lib/python3.8/site-packages/airflow/example_dags/example_trigger_controller_dag.py for tasks to queue
[2023-08-20T01:14:54.923+0000] {logging_mixin.py:151} INFO - [2023-08-20T01:14:54.923+0000] {dagbag.py:539} INFO - Filling up the DagBag from /home/airflow/.local/lib/python3.8/site-packages/airflow/example_dags/example_trigger_controller_dag.py
[2023-08-20T01:14:54.926+0000] {processor.py:839} INFO - DAG(s) dict_keys(['example_trigger_controller_dag']) retrieved from /home/airflow/.local/lib/python3.8/site-packages/airflow/example_dags/example_trigger_controller_dag.py
[2023-08-20T01:14:54.937+0000] {logging_mixin.py:151} INFO - [2023-08-20T01:14:54.937+0000] {dag.py:2907} INFO - Sync 1 DAGs
[2023-08-20T01:14:54.947+0000] {logging_mixin.py:151} INFO - [2023-08-20T01:14:54.946+0000] {dag.py:3677} INFO - Setting next_dagrun for example_trigger_controller_dag to 2021-01-01T00:00:00+00:00, run_after=2021-01-01T00:00:00+00:00
[2023-08-20T01:14:54.954+0000] {processor.py:179} INFO - Processing /home/airflow/.local/lib/python3.8/site-packages/airflow/example_dags/example_trigger_controller_dag.py took 0.034 seconds
[2023-08-20T01:15:25.522+0000] {processor.py:157} INFO - Started process (PID=337) to work on /home/airflow/.local/lib/python3.8/site-packages/airflow/example_dags/example_trigger_controller_dag.py
[2023-08-20T01:15:25.522+0000] {processor.py:829} INFO - Processing file /home/airflow/.local/lib/python3.8/site-packages/airflow/example_dags/example_trigger_controller_dag.py for tasks to queue
[2023-08-20T01:15:25.523+0000] {logging_mixin.py:151} INFO - [2023-08-20T01:15:25.523+0000] {dagbag.py:539} INFO - Filling up the DagBag from /home/airflow/.local/lib/python3.8/site-packages/airflow/example_dags/example_trigger_controller_dag.py
[2023-08-20T01:15:25.525+0000] {processor.py:839} INFO - DAG(s) dict_keys(['example_trigger_controller_dag']) retrieved from /home/airflow/.local/lib/python3.8/site-packages/airflow/example_dags/example_trigger_controller_dag.py
[2023-08-20T01:15:25.538+0000] {logging_mixin.py:151} INFO - [2023-08-20T01:15:25.537+0000] {dag.py:2907} INFO - Sync 1 DAGs
[2023-08-20T01:15:25.546+0000] {logging_mixin.py:151} INFO - [2023-08-20T01:15:25.546+0000] {dag.py:3677} INFO - Setting next_dagrun for example_trigger_controller_dag to 2021-01-01T00:00:00+00:00, run_after=2021-01-01T00:00:00+00:00
[2023-08-20T01:15:25.553+0000] {processor.py:179} INFO - Processing /home/airflow/.local/lib/python3.8/site-packages/airflow/example_dags/example_trigger_controller_dag.py took 0.034 seconds
