[2023-08-20T01:09:25.664+0000] {processor.py:157} INFO - Started process (PID=50) to work on /home/airflow/.local/lib/python3.8/site-packages/airflow/example_dags/example_skip_dag.py
[2023-08-20T01:09:25.664+0000] {processor.py:829} INFO - Processing file /home/airflow/.local/lib/python3.8/site-packages/airflow/example_dags/example_skip_dag.py for tasks to queue
[2023-08-20T01:09:25.666+0000] {logging_mixin.py:151} INFO - [2023-08-20T01:09:25.665+0000] {dagbag.py:539} INFO - Filling up the DagBag from /home/airflow/.local/lib/python3.8/site-packages/airflow/example_dags/example_skip_dag.py
[2023-08-20T01:09:25.672+0000] {processor.py:839} INFO - DAG(s) dict_keys(['example_skip_dag']) retrieved from /home/airflow/.local/lib/python3.8/site-packages/airflow/example_dags/example_skip_dag.py
[2023-08-20T01:09:25.813+0000] {logging_mixin.py:151} INFO - [2023-08-20T01:09:25.813+0000] {manager.py:501} INFO - Created Permission View: can edit on DAG:example_skip_dag
[2023-08-20T01:09:25.818+0000] {logging_mixin.py:151} INFO - [2023-08-20T01:09:25.818+0000] {manager.py:501} INFO - Created Permission View: can delete on DAG:example_skip_dag
[2023-08-20T01:09:25.821+0000] {logging_mixin.py:151} INFO - [2023-08-20T01:09:25.821+0000] {manager.py:501} INFO - Created Permission View: can read on DAG:example_skip_dag
[2023-08-20T01:09:25.827+0000] {logging_mixin.py:151} INFO - [2023-08-20T01:09:25.827+0000] {dag.py:2907} INFO - Sync 1 DAGs
[2023-08-20T01:09:25.832+0000] {logging_mixin.py:151} INFO - [2023-08-20T01:09:25.832+0000] {dag.py:2929} INFO - Creating ORM DAG for example_skip_dag
[2023-08-20T01:09:25.836+0000] {logging_mixin.py:151} INFO - [2023-08-20T01:09:25.836+0000] {dag.py:3677} INFO - Setting next_dagrun for example_skip_dag to 2023-08-19T01:09:25.836501+00:00, run_after=2023-08-20T01:09:25.836501+00:00
[2023-08-20T01:09:25.845+0000] {processor.py:179} INFO - Processing /home/airflow/.local/lib/python3.8/site-packages/airflow/example_dags/example_skip_dag.py took 0.183 seconds
[2023-08-20T01:09:55.886+0000] {processor.py:157} INFO - Started process (PID=103) to work on /home/airflow/.local/lib/python3.8/site-packages/airflow/example_dags/example_skip_dag.py
[2023-08-20T01:09:55.887+0000] {processor.py:829} INFO - Processing file /home/airflow/.local/lib/python3.8/site-packages/airflow/example_dags/example_skip_dag.py for tasks to queue
[2023-08-20T01:09:55.888+0000] {logging_mixin.py:151} INFO - [2023-08-20T01:09:55.888+0000] {dagbag.py:539} INFO - Filling up the DagBag from /home/airflow/.local/lib/python3.8/site-packages/airflow/example_dags/example_skip_dag.py
[2023-08-20T01:09:55.891+0000] {processor.py:839} INFO - DAG(s) dict_keys(['example_skip_dag']) retrieved from /home/airflow/.local/lib/python3.8/site-packages/airflow/example_dags/example_skip_dag.py
[2023-08-20T01:09:55.904+0000] {logging_mixin.py:151} INFO - [2023-08-20T01:09:55.904+0000] {dag.py:2907} INFO - Sync 1 DAGs
[2023-08-20T01:09:55.913+0000] {logging_mixin.py:151} INFO - [2023-08-20T01:09:55.913+0000] {dag.py:3677} INFO - Setting next_dagrun for example_skip_dag to 2023-08-19T01:09:55.913535+00:00, run_after=2023-08-20T01:09:55.913535+00:00
[2023-08-20T01:09:55.920+0000] {processor.py:179} INFO - Processing /home/airflow/.local/lib/python3.8/site-packages/airflow/example_dags/example_skip_dag.py took 0.036 seconds
[2023-08-20T01:10:26.653+0000] {processor.py:157} INFO - Started process (PID=157) to work on /home/airflow/.local/lib/python3.8/site-packages/airflow/example_dags/example_skip_dag.py
[2023-08-20T01:10:26.653+0000] {processor.py:829} INFO - Processing file /home/airflow/.local/lib/python3.8/site-packages/airflow/example_dags/example_skip_dag.py for tasks to queue
[2023-08-20T01:10:26.654+0000] {logging_mixin.py:151} INFO - [2023-08-20T01:10:26.654+0000] {dagbag.py:539} INFO - Filling up the DagBag from /home/airflow/.local/lib/python3.8/site-packages/airflow/example_dags/example_skip_dag.py
[2023-08-20T01:10:26.658+0000] {processor.py:839} INFO - DAG(s) dict_keys(['example_skip_dag']) retrieved from /home/airflow/.local/lib/python3.8/site-packages/airflow/example_dags/example_skip_dag.py
[2023-08-20T01:10:26.671+0000] {logging_mixin.py:151} INFO - [2023-08-20T01:10:26.671+0000] {dag.py:2907} INFO - Sync 1 DAGs
[2023-08-20T01:10:26.682+0000] {logging_mixin.py:151} INFO - [2023-08-20T01:10:26.681+0000] {dag.py:3677} INFO - Setting next_dagrun for example_skip_dag to 2023-08-19T01:10:26.681756+00:00, run_after=2023-08-20T01:10:26.681756+00:00
[2023-08-20T01:10:26.689+0000] {processor.py:179} INFO - Processing /home/airflow/.local/lib/python3.8/site-packages/airflow/example_dags/example_skip_dag.py took 0.038 seconds
[2023-08-20T01:10:57.410+0000] {processor.py:157} INFO - Started process (PID=211) to work on /home/airflow/.local/lib/python3.8/site-packages/airflow/example_dags/example_skip_dag.py
[2023-08-20T01:10:57.411+0000] {processor.py:829} INFO - Processing file /home/airflow/.local/lib/python3.8/site-packages/airflow/example_dags/example_skip_dag.py for tasks to queue
[2023-08-20T01:10:57.412+0000] {logging_mixin.py:151} INFO - [2023-08-20T01:10:57.411+0000] {dagbag.py:539} INFO - Filling up the DagBag from /home/airflow/.local/lib/python3.8/site-packages/airflow/example_dags/example_skip_dag.py
[2023-08-20T01:10:57.415+0000] {processor.py:839} INFO - DAG(s) dict_keys(['example_skip_dag']) retrieved from /home/airflow/.local/lib/python3.8/site-packages/airflow/example_dags/example_skip_dag.py
[2023-08-20T01:10:57.427+0000] {logging_mixin.py:151} INFO - [2023-08-20T01:10:57.427+0000] {dag.py:2907} INFO - Sync 1 DAGs
[2023-08-20T01:10:57.436+0000] {logging_mixin.py:151} INFO - [2023-08-20T01:10:57.436+0000] {dag.py:3677} INFO - Setting next_dagrun for example_skip_dag to 2023-08-19T01:10:57.435973+00:00, run_after=2023-08-20T01:10:57.435973+00:00
[2023-08-20T01:10:57.443+0000] {processor.py:179} INFO - Processing /home/airflow/.local/lib/python3.8/site-packages/airflow/example_dags/example_skip_dag.py took 0.034 seconds
[2023-08-20T01:11:28.079+0000] {processor.py:157} INFO - Started process (PID=265) to work on /home/airflow/.local/lib/python3.8/site-packages/airflow/example_dags/example_skip_dag.py
[2023-08-20T01:11:28.079+0000] {processor.py:829} INFO - Processing file /home/airflow/.local/lib/python3.8/site-packages/airflow/example_dags/example_skip_dag.py for tasks to queue
[2023-08-20T01:11:28.080+0000] {logging_mixin.py:151} INFO - [2023-08-20T01:11:28.080+0000] {dagbag.py:539} INFO - Filling up the DagBag from /home/airflow/.local/lib/python3.8/site-packages/airflow/example_dags/example_skip_dag.py
[2023-08-20T01:11:28.083+0000] {processor.py:839} INFO - DAG(s) dict_keys(['example_skip_dag']) retrieved from /home/airflow/.local/lib/python3.8/site-packages/airflow/example_dags/example_skip_dag.py
[2023-08-20T01:11:28.095+0000] {logging_mixin.py:151} INFO - [2023-08-20T01:11:28.095+0000] {dag.py:2907} INFO - Sync 1 DAGs
[2023-08-20T01:11:28.104+0000] {logging_mixin.py:151} INFO - [2023-08-20T01:11:28.104+0000] {dag.py:3677} INFO - Setting next_dagrun for example_skip_dag to 2023-08-19T01:11:28.104091+00:00, run_after=2023-08-20T01:11:28.104091+00:00
[2023-08-20T01:11:28.110+0000] {processor.py:179} INFO - Processing /home/airflow/.local/lib/python3.8/site-packages/airflow/example_dags/example_skip_dag.py took 0.033 seconds
[2023-08-20T01:11:58.738+0000] {processor.py:157} INFO - Started process (PID=319) to work on /home/airflow/.local/lib/python3.8/site-packages/airflow/example_dags/example_skip_dag.py
[2023-08-20T01:11:58.738+0000] {processor.py:829} INFO - Processing file /home/airflow/.local/lib/python3.8/site-packages/airflow/example_dags/example_skip_dag.py for tasks to queue
[2023-08-20T01:11:58.739+0000] {logging_mixin.py:151} INFO - [2023-08-20T01:11:58.739+0000] {dagbag.py:539} INFO - Filling up the DagBag from /home/airflow/.local/lib/python3.8/site-packages/airflow/example_dags/example_skip_dag.py
[2023-08-20T01:11:58.743+0000] {processor.py:839} INFO - DAG(s) dict_keys(['example_skip_dag']) retrieved from /home/airflow/.local/lib/python3.8/site-packages/airflow/example_dags/example_skip_dag.py
[2023-08-20T01:11:58.757+0000] {logging_mixin.py:151} INFO - [2023-08-20T01:11:58.756+0000] {dag.py:2907} INFO - Sync 1 DAGs
[2023-08-20T01:11:58.767+0000] {logging_mixin.py:151} INFO - [2023-08-20T01:11:58.767+0000] {dag.py:3677} INFO - Setting next_dagrun for example_skip_dag to 2023-08-19T01:11:58.767326+00:00, run_after=2023-08-20T01:11:58.767326+00:00
[2023-08-20T01:11:58.776+0000] {processor.py:179} INFO - Processing /home/airflow/.local/lib/python3.8/site-packages/airflow/example_dags/example_skip_dag.py took 0.040 seconds
[2023-08-20T01:12:51.347+0000] {processor.py:157} INFO - Started process (PID=49) to work on /home/airflow/.local/lib/python3.8/site-packages/airflow/example_dags/example_skip_dag.py
[2023-08-20T01:12:51.348+0000] {processor.py:829} INFO - Processing file /home/airflow/.local/lib/python3.8/site-packages/airflow/example_dags/example_skip_dag.py for tasks to queue
[2023-08-20T01:12:51.350+0000] {logging_mixin.py:151} INFO - [2023-08-20T01:12:51.350+0000] {dagbag.py:539} INFO - Filling up the DagBag from /home/airflow/.local/lib/python3.8/site-packages/airflow/example_dags/example_skip_dag.py
[2023-08-20T01:12:51.355+0000] {processor.py:839} INFO - DAG(s) dict_keys(['example_skip_dag']) retrieved from /home/airflow/.local/lib/python3.8/site-packages/airflow/example_dags/example_skip_dag.py
[2023-08-20T01:12:51.364+0000] {logging_mixin.py:151} INFO - [2023-08-20T01:12:51.363+0000] {dag.py:2907} INFO - Sync 1 DAGs
[2023-08-20T01:12:51.373+0000] {logging_mixin.py:151} INFO - [2023-08-20T01:12:51.373+0000] {dag.py:3677} INFO - Setting next_dagrun for example_skip_dag to 2023-08-19T01:12:51.373652+00:00, run_after=2023-08-20T01:12:51.373652+00:00
[2023-08-20T01:12:51.381+0000] {processor.py:179} INFO - Processing /home/airflow/.local/lib/python3.8/site-packages/airflow/example_dags/example_skip_dag.py took 0.037 seconds
[2023-08-20T01:13:22.148+0000] {processor.py:157} INFO - Started process (PID=102) to work on /home/airflow/.local/lib/python3.8/site-packages/airflow/example_dags/example_skip_dag.py
[2023-08-20T01:13:22.148+0000] {processor.py:829} INFO - Processing file /home/airflow/.local/lib/python3.8/site-packages/airflow/example_dags/example_skip_dag.py for tasks to queue
[2023-08-20T01:13:22.150+0000] {logging_mixin.py:151} INFO - [2023-08-20T01:13:22.149+0000] {dagbag.py:539} INFO - Filling up the DagBag from /home/airflow/.local/lib/python3.8/site-packages/airflow/example_dags/example_skip_dag.py
[2023-08-20T01:13:22.218+0000] {processor.py:839} INFO - DAG(s) dict_keys(['example_skip_dag']) retrieved from /home/airflow/.local/lib/python3.8/site-packages/airflow/example_dags/example_skip_dag.py
[2023-08-20T01:13:22.229+0000] {logging_mixin.py:151} INFO - [2023-08-20T01:13:22.229+0000] {dag.py:2907} INFO - Sync 1 DAGs
[2023-08-20T01:13:22.237+0000] {logging_mixin.py:151} INFO - [2023-08-20T01:13:22.237+0000] {dag.py:3677} INFO - Setting next_dagrun for example_skip_dag to 2023-08-19T01:13:22.237207+00:00, run_after=2023-08-20T01:13:22.237207+00:00
[2023-08-20T01:13:22.244+0000] {processor.py:179} INFO - Processing /home/airflow/.local/lib/python3.8/site-packages/airflow/example_dags/example_skip_dag.py took 0.098 seconds
[2023-08-20T01:13:53.088+0000] {processor.py:157} INFO - Started process (PID=156) to work on /home/airflow/.local/lib/python3.8/site-packages/airflow/example_dags/example_skip_dag.py
[2023-08-20T01:13:53.089+0000] {processor.py:829} INFO - Processing file /home/airflow/.local/lib/python3.8/site-packages/airflow/example_dags/example_skip_dag.py for tasks to queue
[2023-08-20T01:13:53.090+0000] {logging_mixin.py:151} INFO - [2023-08-20T01:13:53.090+0000] {dagbag.py:539} INFO - Filling up the DagBag from /home/airflow/.local/lib/python3.8/site-packages/airflow/example_dags/example_skip_dag.py
[2023-08-20T01:13:53.094+0000] {processor.py:839} INFO - DAG(s) dict_keys(['example_skip_dag']) retrieved from /home/airflow/.local/lib/python3.8/site-packages/airflow/example_dags/example_skip_dag.py
[2023-08-20T01:13:53.106+0000] {logging_mixin.py:151} INFO - [2023-08-20T01:13:53.106+0000] {dag.py:2907} INFO - Sync 1 DAGs
[2023-08-20T01:13:53.115+0000] {logging_mixin.py:151} INFO - [2023-08-20T01:13:53.115+0000] {dag.py:3677} INFO - Setting next_dagrun for example_skip_dag to 2023-08-19T01:13:53.115643+00:00, run_after=2023-08-20T01:13:53.115643+00:00
[2023-08-20T01:13:53.123+0000] {processor.py:179} INFO - Processing /home/airflow/.local/lib/python3.8/site-packages/airflow/example_dags/example_skip_dag.py took 0.036 seconds
[2023-08-20T01:14:23.630+0000] {processor.py:157} INFO - Started process (PID=210) to work on /home/airflow/.local/lib/python3.8/site-packages/airflow/example_dags/example_skip_dag.py
[2023-08-20T01:14:23.631+0000] {processor.py:829} INFO - Processing file /home/airflow/.local/lib/python3.8/site-packages/airflow/example_dags/example_skip_dag.py for tasks to queue
[2023-08-20T01:14:23.632+0000] {logging_mixin.py:151} INFO - [2023-08-20T01:14:23.632+0000] {dagbag.py:539} INFO - Filling up the DagBag from /home/airflow/.local/lib/python3.8/site-packages/airflow/example_dags/example_skip_dag.py
[2023-08-20T01:14:23.635+0000] {processor.py:839} INFO - DAG(s) dict_keys(['example_skip_dag']) retrieved from /home/airflow/.local/lib/python3.8/site-packages/airflow/example_dags/example_skip_dag.py
[2023-08-20T01:14:23.647+0000] {logging_mixin.py:151} INFO - [2023-08-20T01:14:23.647+0000] {dag.py:2907} INFO - Sync 1 DAGs
[2023-08-20T01:14:23.656+0000] {logging_mixin.py:151} INFO - [2023-08-20T01:14:23.656+0000] {dag.py:3677} INFO - Setting next_dagrun for example_skip_dag to 2023-08-19T01:14:23.656543+00:00, run_after=2023-08-20T01:14:23.656543+00:00
[2023-08-20T01:14:23.664+0000] {processor.py:179} INFO - Processing /home/airflow/.local/lib/python3.8/site-packages/airflow/example_dags/example_skip_dag.py took 0.036 seconds
[2023-08-20T01:14:54.310+0000] {processor.py:157} INFO - Started process (PID=264) to work on /home/airflow/.local/lib/python3.8/site-packages/airflow/example_dags/example_skip_dag.py
[2023-08-20T01:14:54.310+0000] {processor.py:829} INFO - Processing file /home/airflow/.local/lib/python3.8/site-packages/airflow/example_dags/example_skip_dag.py for tasks to queue
[2023-08-20T01:14:54.311+0000] {logging_mixin.py:151} INFO - [2023-08-20T01:14:54.311+0000] {dagbag.py:539} INFO - Filling up the DagBag from /home/airflow/.local/lib/python3.8/site-packages/airflow/example_dags/example_skip_dag.py
[2023-08-20T01:14:54.315+0000] {processor.py:839} INFO - DAG(s) dict_keys(['example_skip_dag']) retrieved from /home/airflow/.local/lib/python3.8/site-packages/airflow/example_dags/example_skip_dag.py
[2023-08-20T01:14:54.328+0000] {logging_mixin.py:151} INFO - [2023-08-20T01:14:54.327+0000] {dag.py:2907} INFO - Sync 1 DAGs
[2023-08-20T01:14:54.337+0000] {logging_mixin.py:151} INFO - [2023-08-20T01:14:54.337+0000] {dag.py:3677} INFO - Setting next_dagrun for example_skip_dag to 2023-08-19T01:14:54.337094+00:00, run_after=2023-08-20T01:14:54.337094+00:00
[2023-08-20T01:14:54.344+0000] {processor.py:179} INFO - Processing /home/airflow/.local/lib/python3.8/site-packages/airflow/example_dags/example_skip_dag.py took 0.036 seconds
[2023-08-20T01:15:24.856+0000] {processor.py:157} INFO - Started process (PID=318) to work on /home/airflow/.local/lib/python3.8/site-packages/airflow/example_dags/example_skip_dag.py
[2023-08-20T01:15:24.857+0000] {processor.py:829} INFO - Processing file /home/airflow/.local/lib/python3.8/site-packages/airflow/example_dags/example_skip_dag.py for tasks to queue
[2023-08-20T01:15:24.858+0000] {logging_mixin.py:151} INFO - [2023-08-20T01:15:24.858+0000] {dagbag.py:539} INFO - Filling up the DagBag from /home/airflow/.local/lib/python3.8/site-packages/airflow/example_dags/example_skip_dag.py
[2023-08-20T01:15:24.861+0000] {processor.py:839} INFO - DAG(s) dict_keys(['example_skip_dag']) retrieved from /home/airflow/.local/lib/python3.8/site-packages/airflow/example_dags/example_skip_dag.py
[2023-08-20T01:15:24.873+0000] {logging_mixin.py:151} INFO - [2023-08-20T01:15:24.873+0000] {dag.py:2907} INFO - Sync 1 DAGs
[2023-08-20T01:15:24.882+0000] {logging_mixin.py:151} INFO - [2023-08-20T01:15:24.882+0000] {dag.py:3677} INFO - Setting next_dagrun for example_skip_dag to 2023-08-19T01:15:24.882312+00:00, run_after=2023-08-20T01:15:24.882312+00:00
[2023-08-20T01:15:24.889+0000] {processor.py:179} INFO - Processing /home/airflow/.local/lib/python3.8/site-packages/airflow/example_dags/example_skip_dag.py took 0.035 seconds
