[2023-08-20T01:09:27.312+0000] {processor.py:157} INFO - Started process (PID=70) to work on /home/airflow/.local/lib/python3.8/site-packages/airflow/example_dags/example_complex.py
[2023-08-20T01:09:27.313+0000] {processor.py:829} INFO - Processing file /home/airflow/.local/lib/python3.8/site-packages/airflow/example_dags/example_complex.py for tasks to queue
[2023-08-20T01:09:27.314+0000] {logging_mixin.py:151} INFO - [2023-08-20T01:09:27.314+0000] {dagbag.py:539} INFO - Filling up the DagBag from /home/airflow/.local/lib/python3.8/site-packages/airflow/example_dags/example_complex.py
[2023-08-20T01:09:27.321+0000] {processor.py:839} INFO - DAG(s) dict_keys(['example_complex']) retrieved from /home/airflow/.local/lib/python3.8/site-packages/airflow/example_dags/example_complex.py
[2023-08-20T01:09:27.372+0000] {logging_mixin.py:151} INFO - [2023-08-20T01:09:27.372+0000] {manager.py:501} INFO - Created Permission View: can edit on DAG:example_complex
[2023-08-20T01:09:27.376+0000] {logging_mixin.py:151} INFO - [2023-08-20T01:09:27.376+0000] {manager.py:501} INFO - Created Permission View: can delete on DAG:example_complex
[2023-08-20T01:09:27.378+0000] {logging_mixin.py:151} INFO - [2023-08-20T01:09:27.378+0000] {manager.py:501} INFO - Created Permission View: can read on DAG:example_complex
[2023-08-20T01:09:27.383+0000] {logging_mixin.py:151} INFO - [2023-08-20T01:09:27.383+0000] {dag.py:2907} INFO - Sync 1 DAGs
[2023-08-20T01:09:27.388+0000] {logging_mixin.py:151} INFO - [2023-08-20T01:09:27.388+0000] {dag.py:2929} INFO - Creating ORM DAG for example_complex
[2023-08-20T01:09:27.389+0000] {logging_mixin.py:151} INFO - [2023-08-20T01:09:27.389+0000] {dag.py:3677} INFO - Setting next_dagrun for example_complex to None, run_after=None
[2023-08-20T01:09:27.396+0000] {processor.py:179} INFO - Processing /home/airflow/.local/lib/python3.8/site-packages/airflow/example_dags/example_complex.py took 0.086 seconds
[2023-08-20T01:09:57.692+0000] {processor.py:157} INFO - Started process (PID=124) to work on /home/airflow/.local/lib/python3.8/site-packages/airflow/example_dags/example_complex.py
[2023-08-20T01:09:57.692+0000] {processor.py:829} INFO - Processing file /home/airflow/.local/lib/python3.8/site-packages/airflow/example_dags/example_complex.py for tasks to queue
[2023-08-20T01:09:57.693+0000] {logging_mixin.py:151} INFO - [2023-08-20T01:09:57.693+0000] {dagbag.py:539} INFO - Filling up the DagBag from /home/airflow/.local/lib/python3.8/site-packages/airflow/example_dags/example_complex.py
[2023-08-20T01:09:57.699+0000] {processor.py:839} INFO - DAG(s) dict_keys(['example_complex']) retrieved from /home/airflow/.local/lib/python3.8/site-packages/airflow/example_dags/example_complex.py
[2023-08-20T01:09:57.714+0000] {logging_mixin.py:151} INFO - [2023-08-20T01:09:57.714+0000] {dag.py:2907} INFO - Sync 1 DAGs
[2023-08-20T01:09:57.719+0000] {logging_mixin.py:151} INFO - [2023-08-20T01:09:57.719+0000] {dag.py:3677} INFO - Setting next_dagrun for example_complex to None, run_after=None
[2023-08-20T01:09:57.726+0000] {processor.py:179} INFO - Processing /home/airflow/.local/lib/python3.8/site-packages/airflow/example_dags/example_complex.py took 0.036 seconds
[2023-08-20T01:10:28.403+0000] {processor.py:157} INFO - Started process (PID=178) to work on /home/airflow/.local/lib/python3.8/site-packages/airflow/example_dags/example_complex.py
[2023-08-20T01:10:28.403+0000] {processor.py:829} INFO - Processing file /home/airflow/.local/lib/python3.8/site-packages/airflow/example_dags/example_complex.py for tasks to queue
[2023-08-20T01:10:28.404+0000] {logging_mixin.py:151} INFO - [2023-08-20T01:10:28.404+0000] {dagbag.py:539} INFO - Filling up the DagBag from /home/airflow/.local/lib/python3.8/site-packages/airflow/example_dags/example_complex.py
[2023-08-20T01:10:28.409+0000] {processor.py:839} INFO - DAG(s) dict_keys(['example_complex']) retrieved from /home/airflow/.local/lib/python3.8/site-packages/airflow/example_dags/example_complex.py
[2023-08-20T01:10:28.425+0000] {logging_mixin.py:151} INFO - [2023-08-20T01:10:28.425+0000] {dag.py:2907} INFO - Sync 1 DAGs
[2023-08-20T01:10:28.430+0000] {logging_mixin.py:151} INFO - [2023-08-20T01:10:28.430+0000] {dag.py:3677} INFO - Setting next_dagrun for example_complex to None, run_after=None
[2023-08-20T01:10:28.437+0000] {processor.py:179} INFO - Processing /home/airflow/.local/lib/python3.8/site-packages/airflow/example_dags/example_complex.py took 0.037 seconds
[2023-08-20T01:10:59.102+0000] {processor.py:157} INFO - Started process (PID=232) to work on /home/airflow/.local/lib/python3.8/site-packages/airflow/example_dags/example_complex.py
[2023-08-20T01:10:59.102+0000] {processor.py:829} INFO - Processing file /home/airflow/.local/lib/python3.8/site-packages/airflow/example_dags/example_complex.py for tasks to queue
[2023-08-20T01:10:59.104+0000] {logging_mixin.py:151} INFO - [2023-08-20T01:10:59.103+0000] {dagbag.py:539} INFO - Filling up the DagBag from /home/airflow/.local/lib/python3.8/site-packages/airflow/example_dags/example_complex.py
[2023-08-20T01:10:59.109+0000] {processor.py:839} INFO - DAG(s) dict_keys(['example_complex']) retrieved from /home/airflow/.local/lib/python3.8/site-packages/airflow/example_dags/example_complex.py
[2023-08-20T01:10:59.125+0000] {logging_mixin.py:151} INFO - [2023-08-20T01:10:59.125+0000] {dag.py:2907} INFO - Sync 1 DAGs
[2023-08-20T01:10:59.131+0000] {logging_mixin.py:151} INFO - [2023-08-20T01:10:59.131+0000] {dag.py:3677} INFO - Setting next_dagrun for example_complex to None, run_after=None
[2023-08-20T01:10:59.138+0000] {processor.py:179} INFO - Processing /home/airflow/.local/lib/python3.8/site-packages/airflow/example_dags/example_complex.py took 0.038 seconds
[2023-08-20T01:11:29.793+0000] {processor.py:157} INFO - Started process (PID=286) to work on /home/airflow/.local/lib/python3.8/site-packages/airflow/example_dags/example_complex.py
[2023-08-20T01:11:29.794+0000] {processor.py:829} INFO - Processing file /home/airflow/.local/lib/python3.8/site-packages/airflow/example_dags/example_complex.py for tasks to queue
[2023-08-20T01:11:29.795+0000] {logging_mixin.py:151} INFO - [2023-08-20T01:11:29.795+0000] {dagbag.py:539} INFO - Filling up the DagBag from /home/airflow/.local/lib/python3.8/site-packages/airflow/example_dags/example_complex.py
[2023-08-20T01:11:29.801+0000] {processor.py:839} INFO - DAG(s) dict_keys(['example_complex']) retrieved from /home/airflow/.local/lib/python3.8/site-packages/airflow/example_dags/example_complex.py
[2023-08-20T01:11:29.816+0000] {logging_mixin.py:151} INFO - [2023-08-20T01:11:29.816+0000] {dag.py:2907} INFO - Sync 1 DAGs
[2023-08-20T01:11:29.821+0000] {logging_mixin.py:151} INFO - [2023-08-20T01:11:29.821+0000] {dag.py:3677} INFO - Setting next_dagrun for example_complex to None, run_after=None
[2023-08-20T01:11:29.829+0000] {processor.py:179} INFO - Processing /home/airflow/.local/lib/python3.8/site-packages/airflow/example_dags/example_complex.py took 0.038 seconds
[2023-08-20T01:12:00.625+0000] {processor.py:157} INFO - Started process (PID=340) to work on /home/airflow/.local/lib/python3.8/site-packages/airflow/example_dags/example_complex.py
[2023-08-20T01:12:00.626+0000] {processor.py:829} INFO - Processing file /home/airflow/.local/lib/python3.8/site-packages/airflow/example_dags/example_complex.py for tasks to queue
[2023-08-20T01:12:00.627+0000] {logging_mixin.py:151} INFO - [2023-08-20T01:12:00.627+0000] {dagbag.py:539} INFO - Filling up the DagBag from /home/airflow/.local/lib/python3.8/site-packages/airflow/example_dags/example_complex.py
[2023-08-20T01:12:00.633+0000] {processor.py:839} INFO - DAG(s) dict_keys(['example_complex']) retrieved from /home/airflow/.local/lib/python3.8/site-packages/airflow/example_dags/example_complex.py
[2023-08-20T01:12:00.649+0000] {logging_mixin.py:151} INFO - [2023-08-20T01:12:00.649+0000] {dag.py:2907} INFO - Sync 1 DAGs
[2023-08-20T01:12:00.654+0000] {logging_mixin.py:151} INFO - [2023-08-20T01:12:00.654+0000] {dag.py:3677} INFO - Setting next_dagrun for example_complex to None, run_after=None
[2023-08-20T01:12:00.663+0000] {processor.py:179} INFO - Processing /home/airflow/.local/lib/python3.8/site-packages/airflow/example_dags/example_complex.py took 0.039 seconds
[2023-08-20T01:12:52.358+0000] {processor.py:157} INFO - Started process (PID=69) to work on /home/airflow/.local/lib/python3.8/site-packages/airflow/example_dags/example_complex.py
[2023-08-20T01:12:52.359+0000] {processor.py:829} INFO - Processing file /home/airflow/.local/lib/python3.8/site-packages/airflow/example_dags/example_complex.py for tasks to queue
[2023-08-20T01:12:52.360+0000] {logging_mixin.py:151} INFO - [2023-08-20T01:12:52.360+0000] {dagbag.py:539} INFO - Filling up the DagBag from /home/airflow/.local/lib/python3.8/site-packages/airflow/example_dags/example_complex.py
[2023-08-20T01:12:52.366+0000] {processor.py:839} INFO - DAG(s) dict_keys(['example_complex']) retrieved from /home/airflow/.local/lib/python3.8/site-packages/airflow/example_dags/example_complex.py
[2023-08-20T01:12:52.375+0000] {logging_mixin.py:151} INFO - [2023-08-20T01:12:52.375+0000] {dag.py:2907} INFO - Sync 1 DAGs
[2023-08-20T01:12:52.382+0000] {logging_mixin.py:151} INFO - [2023-08-20T01:12:52.382+0000] {dag.py:3677} INFO - Setting next_dagrun for example_complex to None, run_after=None
[2023-08-20T01:12:52.463+0000] {processor.py:179} INFO - Processing /home/airflow/.local/lib/python3.8/site-packages/airflow/example_dags/example_complex.py took 0.106 seconds
[2023-08-20T01:13:23.064+0000] {processor.py:157} INFO - Started process (PID=122) to work on /home/airflow/.local/lib/python3.8/site-packages/airflow/example_dags/example_complex.py
[2023-08-20T01:13:23.065+0000] {processor.py:829} INFO - Processing file /home/airflow/.local/lib/python3.8/site-packages/airflow/example_dags/example_complex.py for tasks to queue
[2023-08-20T01:13:23.066+0000] {logging_mixin.py:151} INFO - [2023-08-20T01:13:23.066+0000] {dagbag.py:539} INFO - Filling up the DagBag from /home/airflow/.local/lib/python3.8/site-packages/airflow/example_dags/example_complex.py
[2023-08-20T01:13:23.071+0000] {processor.py:839} INFO - DAG(s) dict_keys(['example_complex']) retrieved from /home/airflow/.local/lib/python3.8/site-packages/airflow/example_dags/example_complex.py
[2023-08-20T01:13:23.087+0000] {logging_mixin.py:151} INFO - [2023-08-20T01:13:23.087+0000] {dag.py:2907} INFO - Sync 1 DAGs
[2023-08-20T01:13:23.092+0000] {logging_mixin.py:151} INFO - [2023-08-20T01:13:23.091+0000] {dag.py:3677} INFO - Setting next_dagrun for example_complex to None, run_after=None
[2023-08-20T01:13:23.098+0000] {processor.py:179} INFO - Processing /home/airflow/.local/lib/python3.8/site-packages/airflow/example_dags/example_complex.py took 0.036 seconds
[2023-08-20T01:13:53.706+0000] {processor.py:157} INFO - Started process (PID=176) to work on /home/airflow/.local/lib/python3.8/site-packages/airflow/example_dags/example_complex.py
[2023-08-20T01:13:53.707+0000] {processor.py:829} INFO - Processing file /home/airflow/.local/lib/python3.8/site-packages/airflow/example_dags/example_complex.py for tasks to queue
[2023-08-20T01:13:53.708+0000] {logging_mixin.py:151} INFO - [2023-08-20T01:13:53.708+0000] {dagbag.py:539} INFO - Filling up the DagBag from /home/airflow/.local/lib/python3.8/site-packages/airflow/example_dags/example_complex.py
[2023-08-20T01:13:53.713+0000] {processor.py:839} INFO - DAG(s) dict_keys(['example_complex']) retrieved from /home/airflow/.local/lib/python3.8/site-packages/airflow/example_dags/example_complex.py
[2023-08-20T01:13:53.729+0000] {logging_mixin.py:151} INFO - [2023-08-20T01:13:53.729+0000] {dag.py:2907} INFO - Sync 1 DAGs
[2023-08-20T01:13:53.734+0000] {logging_mixin.py:151} INFO - [2023-08-20T01:13:53.734+0000] {dag.py:3677} INFO - Setting next_dagrun for example_complex to None, run_after=None
[2023-08-20T01:13:53.742+0000] {processor.py:179} INFO - Processing /home/airflow/.local/lib/python3.8/site-packages/airflow/example_dags/example_complex.py took 0.037 seconds
[2023-08-20T01:14:24.292+0000] {processor.py:157} INFO - Started process (PID=230) to work on /home/airflow/.local/lib/python3.8/site-packages/airflow/example_dags/example_complex.py
[2023-08-20T01:14:24.292+0000] {processor.py:829} INFO - Processing file /home/airflow/.local/lib/python3.8/site-packages/airflow/example_dags/example_complex.py for tasks to queue
[2023-08-20T01:14:24.294+0000] {logging_mixin.py:151} INFO - [2023-08-20T01:14:24.293+0000] {dagbag.py:539} INFO - Filling up the DagBag from /home/airflow/.local/lib/python3.8/site-packages/airflow/example_dags/example_complex.py
[2023-08-20T01:14:24.299+0000] {processor.py:839} INFO - DAG(s) dict_keys(['example_complex']) retrieved from /home/airflow/.local/lib/python3.8/site-packages/airflow/example_dags/example_complex.py
[2023-08-20T01:14:24.314+0000] {logging_mixin.py:151} INFO - [2023-08-20T01:14:24.314+0000] {dag.py:2907} INFO - Sync 1 DAGs
[2023-08-20T01:14:24.320+0000] {logging_mixin.py:151} INFO - [2023-08-20T01:14:24.320+0000] {dag.py:3677} INFO - Setting next_dagrun for example_complex to None, run_after=None
[2023-08-20T01:14:24.327+0000] {processor.py:179} INFO - Processing /home/airflow/.local/lib/python3.8/site-packages/airflow/example_dags/example_complex.py took 0.036 seconds
[2023-08-20T01:14:54.930+0000] {processor.py:157} INFO - Started process (PID=284) to work on /home/airflow/.local/lib/python3.8/site-packages/airflow/example_dags/example_complex.py
[2023-08-20T01:14:54.930+0000] {processor.py:829} INFO - Processing file /home/airflow/.local/lib/python3.8/site-packages/airflow/example_dags/example_complex.py for tasks to queue
[2023-08-20T01:14:54.931+0000] {logging_mixin.py:151} INFO - [2023-08-20T01:14:54.931+0000] {dagbag.py:539} INFO - Filling up the DagBag from /home/airflow/.local/lib/python3.8/site-packages/airflow/example_dags/example_complex.py
[2023-08-20T01:14:54.936+0000] {processor.py:839} INFO - DAG(s) dict_keys(['example_complex']) retrieved from /home/airflow/.local/lib/python3.8/site-packages/airflow/example_dags/example_complex.py
[2023-08-20T01:14:54.952+0000] {logging_mixin.py:151} INFO - [2023-08-20T01:14:54.952+0000] {dag.py:2907} INFO - Sync 1 DAGs
[2023-08-20T01:14:54.958+0000] {logging_mixin.py:151} INFO - [2023-08-20T01:14:54.958+0000] {dag.py:3677} INFO - Setting next_dagrun for example_complex to None, run_after=None
[2023-08-20T01:14:54.965+0000] {processor.py:179} INFO - Processing /home/airflow/.local/lib/python3.8/site-packages/airflow/example_dags/example_complex.py took 0.037 seconds
[2023-08-20T01:15:25.524+0000] {processor.py:157} INFO - Started process (PID=338) to work on /home/airflow/.local/lib/python3.8/site-packages/airflow/example_dags/example_complex.py
[2023-08-20T01:15:25.525+0000] {processor.py:829} INFO - Processing file /home/airflow/.local/lib/python3.8/site-packages/airflow/example_dags/example_complex.py for tasks to queue
[2023-08-20T01:15:25.526+0000] {logging_mixin.py:151} INFO - [2023-08-20T01:15:25.526+0000] {dagbag.py:539} INFO - Filling up the DagBag from /home/airflow/.local/lib/python3.8/site-packages/airflow/example_dags/example_complex.py
[2023-08-20T01:15:25.531+0000] {processor.py:839} INFO - DAG(s) dict_keys(['example_complex']) retrieved from /home/airflow/.local/lib/python3.8/site-packages/airflow/example_dags/example_complex.py
[2023-08-20T01:15:25.547+0000] {logging_mixin.py:151} INFO - [2023-08-20T01:15:25.547+0000] {dag.py:2907} INFO - Sync 1 DAGs
[2023-08-20T01:15:25.552+0000] {logging_mixin.py:151} INFO - [2023-08-20T01:15:25.552+0000] {dag.py:3677} INFO - Setting next_dagrun for example_complex to None, run_after=None
[2023-08-20T01:15:25.559+0000] {processor.py:179} INFO - Processing /home/airflow/.local/lib/python3.8/site-packages/airflow/example_dags/example_complex.py took 0.037 seconds
