[2023-08-20T01:09:23.944+0000] {processor.py:157} INFO - Started process (PID=35) to work on /home/airflow/.local/lib/python3.8/site-packages/airflow/example_dags/example_short_circuit_operator.py
[2023-08-20T01:09:23.945+0000] {processor.py:829} INFO - Processing file /home/airflow/.local/lib/python3.8/site-packages/airflow/example_dags/example_short_circuit_operator.py for tasks to queue
[2023-08-20T01:09:23.946+0000] {logging_mixin.py:151} INFO - [2023-08-20T01:09:23.946+0000] {dagbag.py:539} INFO - Filling up the DagBag from /home/airflow/.local/lib/python3.8/site-packages/airflow/example_dags/example_short_circuit_operator.py
[2023-08-20T01:09:23.951+0000] {processor.py:839} INFO - DAG(s) dict_keys(['example_short_circuit_operator']) retrieved from /home/airflow/.local/lib/python3.8/site-packages/airflow/example_dags/example_short_circuit_operator.py
[2023-08-20T01:09:24.078+0000] {logging_mixin.py:151} INFO - [2023-08-20T01:09:24.078+0000] {manager.py:501} INFO - Created Permission View: can edit on DAG:example_short_circuit_operator
[2023-08-20T01:09:24.083+0000] {logging_mixin.py:151} INFO - [2023-08-20T01:09:24.083+0000] {manager.py:501} INFO - Created Permission View: can delete on DAG:example_short_circuit_operator
[2023-08-20T01:09:24.086+0000] {logging_mixin.py:151} INFO - [2023-08-20T01:09:24.086+0000] {manager.py:501} INFO - Created Permission View: can read on DAG:example_short_circuit_operator
[2023-08-20T01:09:24.092+0000] {logging_mixin.py:151} INFO - [2023-08-20T01:09:24.092+0000] {dag.py:2907} INFO - Sync 1 DAGs
[2023-08-20T01:09:24.097+0000] {logging_mixin.py:151} INFO - [2023-08-20T01:09:24.097+0000] {dag.py:2929} INFO - Creating ORM DAG for example_short_circuit_operator
[2023-08-20T01:09:24.101+0000] {logging_mixin.py:151} INFO - [2023-08-20T01:09:24.101+0000] {dag.py:3677} INFO - Setting next_dagrun for example_short_circuit_operator to 2023-08-19T01:09:24.101731+00:00, run_after=2023-08-20T01:09:24.101731+00:00
[2023-08-20T01:09:24.108+0000] {processor.py:179} INFO - Processing /home/airflow/.local/lib/python3.8/site-packages/airflow/example_dags/example_short_circuit_operator.py took 0.166 seconds
[2023-08-20T01:09:54.513+0000] {processor.py:157} INFO - Started process (PID=89) to work on /home/airflow/.local/lib/python3.8/site-packages/airflow/example_dags/example_short_circuit_operator.py
[2023-08-20T01:09:54.513+0000] {processor.py:829} INFO - Processing file /home/airflow/.local/lib/python3.8/site-packages/airflow/example_dags/example_short_circuit_operator.py for tasks to queue
[2023-08-20T01:09:54.514+0000] {logging_mixin.py:151} INFO - [2023-08-20T01:09:54.514+0000] {dagbag.py:539} INFO - Filling up the DagBag from /home/airflow/.local/lib/python3.8/site-packages/airflow/example_dags/example_short_circuit_operator.py
[2023-08-20T01:09:54.518+0000] {processor.py:839} INFO - DAG(s) dict_keys(['example_short_circuit_operator']) retrieved from /home/airflow/.local/lib/python3.8/site-packages/airflow/example_dags/example_short_circuit_operator.py
[2023-08-20T01:09:54.531+0000] {logging_mixin.py:151} INFO - [2023-08-20T01:09:54.531+0000] {dag.py:2907} INFO - Sync 1 DAGs
[2023-08-20T01:09:54.540+0000] {logging_mixin.py:151} INFO - [2023-08-20T01:09:54.540+0000] {dag.py:3677} INFO - Setting next_dagrun for example_short_circuit_operator to 2023-08-19T01:09:54.540183+00:00, run_after=2023-08-20T01:09:54.540183+00:00
[2023-08-20T01:09:54.547+0000] {processor.py:179} INFO - Processing /home/airflow/.local/lib/python3.8/site-packages/airflow/example_dags/example_short_circuit_operator.py took 0.036 seconds
[2023-08-20T01:10:25.290+0000] {processor.py:157} INFO - Started process (PID=143) to work on /home/airflow/.local/lib/python3.8/site-packages/airflow/example_dags/example_short_circuit_operator.py
[2023-08-20T01:10:25.290+0000] {processor.py:829} INFO - Processing file /home/airflow/.local/lib/python3.8/site-packages/airflow/example_dags/example_short_circuit_operator.py for tasks to queue
[2023-08-20T01:10:25.292+0000] {logging_mixin.py:151} INFO - [2023-08-20T01:10:25.292+0000] {dagbag.py:539} INFO - Filling up the DagBag from /home/airflow/.local/lib/python3.8/site-packages/airflow/example_dags/example_short_circuit_operator.py
[2023-08-20T01:10:25.296+0000] {processor.py:839} INFO - DAG(s) dict_keys(['example_short_circuit_operator']) retrieved from /home/airflow/.local/lib/python3.8/site-packages/airflow/example_dags/example_short_circuit_operator.py
[2023-08-20T01:10:25.311+0000] {logging_mixin.py:151} INFO - [2023-08-20T01:10:25.311+0000] {dag.py:2907} INFO - Sync 1 DAGs
[2023-08-20T01:10:25.320+0000] {logging_mixin.py:151} INFO - [2023-08-20T01:10:25.320+0000] {dag.py:3677} INFO - Setting next_dagrun for example_short_circuit_operator to 2023-08-19T01:10:25.320724+00:00, run_after=2023-08-20T01:10:25.320724+00:00
[2023-08-20T01:10:25.329+0000] {processor.py:179} INFO - Processing /home/airflow/.local/lib/python3.8/site-packages/airflow/example_dags/example_short_circuit_operator.py took 0.041 seconds
[2023-08-20T01:10:55.962+0000] {processor.py:157} INFO - Started process (PID=197) to work on /home/airflow/.local/lib/python3.8/site-packages/airflow/example_dags/example_short_circuit_operator.py
[2023-08-20T01:10:55.962+0000] {processor.py:829} INFO - Processing file /home/airflow/.local/lib/python3.8/site-packages/airflow/example_dags/example_short_circuit_operator.py for tasks to queue
[2023-08-20T01:10:55.963+0000] {logging_mixin.py:151} INFO - [2023-08-20T01:10:55.963+0000] {dagbag.py:539} INFO - Filling up the DagBag from /home/airflow/.local/lib/python3.8/site-packages/airflow/example_dags/example_short_circuit_operator.py
[2023-08-20T01:10:55.967+0000] {processor.py:839} INFO - DAG(s) dict_keys(['example_short_circuit_operator']) retrieved from /home/airflow/.local/lib/python3.8/site-packages/airflow/example_dags/example_short_circuit_operator.py
[2023-08-20T01:10:55.981+0000] {logging_mixin.py:151} INFO - [2023-08-20T01:10:55.981+0000] {dag.py:2907} INFO - Sync 1 DAGs
[2023-08-20T01:10:55.990+0000] {logging_mixin.py:151} INFO - [2023-08-20T01:10:55.990+0000] {dag.py:3677} INFO - Setting next_dagrun for example_short_circuit_operator to 2023-08-19T01:10:55.990230+00:00, run_after=2023-08-20T01:10:55.990230+00:00
[2023-08-20T01:10:55.997+0000] {processor.py:179} INFO - Processing /home/airflow/.local/lib/python3.8/site-packages/airflow/example_dags/example_short_circuit_operator.py took 0.037 seconds
[2023-08-20T01:11:26.656+0000] {processor.py:157} INFO - Started process (PID=251) to work on /home/airflow/.local/lib/python3.8/site-packages/airflow/example_dags/example_short_circuit_operator.py
[2023-08-20T01:11:26.656+0000] {processor.py:829} INFO - Processing file /home/airflow/.local/lib/python3.8/site-packages/airflow/example_dags/example_short_circuit_operator.py for tasks to queue
[2023-08-20T01:11:26.657+0000] {logging_mixin.py:151} INFO - [2023-08-20T01:11:26.657+0000] {dagbag.py:539} INFO - Filling up the DagBag from /home/airflow/.local/lib/python3.8/site-packages/airflow/example_dags/example_short_circuit_operator.py
[2023-08-20T01:11:26.661+0000] {processor.py:839} INFO - DAG(s) dict_keys(['example_short_circuit_operator']) retrieved from /home/airflow/.local/lib/python3.8/site-packages/airflow/example_dags/example_short_circuit_operator.py
[2023-08-20T01:11:26.675+0000] {logging_mixin.py:151} INFO - [2023-08-20T01:11:26.675+0000] {dag.py:2907} INFO - Sync 1 DAGs
[2023-08-20T01:11:26.684+0000] {logging_mixin.py:151} INFO - [2023-08-20T01:11:26.684+0000] {dag.py:3677} INFO - Setting next_dagrun for example_short_circuit_operator to 2023-08-19T01:11:26.684238+00:00, run_after=2023-08-20T01:11:26.684238+00:00
[2023-08-20T01:11:26.691+0000] {processor.py:179} INFO - Processing /home/airflow/.local/lib/python3.8/site-packages/airflow/example_dags/example_short_circuit_operator.py took 0.038 seconds
[2023-08-20T01:11:57.389+0000] {processor.py:157} INFO - Started process (PID=305) to work on /home/airflow/.local/lib/python3.8/site-packages/airflow/example_dags/example_short_circuit_operator.py
[2023-08-20T01:11:57.390+0000] {processor.py:829} INFO - Processing file /home/airflow/.local/lib/python3.8/site-packages/airflow/example_dags/example_short_circuit_operator.py for tasks to queue
[2023-08-20T01:11:57.391+0000] {logging_mixin.py:151} INFO - [2023-08-20T01:11:57.391+0000] {dagbag.py:539} INFO - Filling up the DagBag from /home/airflow/.local/lib/python3.8/site-packages/airflow/example_dags/example_short_circuit_operator.py
[2023-08-20T01:11:57.395+0000] {processor.py:839} INFO - DAG(s) dict_keys(['example_short_circuit_operator']) retrieved from /home/airflow/.local/lib/python3.8/site-packages/airflow/example_dags/example_short_circuit_operator.py
[2023-08-20T01:11:57.409+0000] {logging_mixin.py:151} INFO - [2023-08-20T01:11:57.409+0000] {dag.py:2907} INFO - Sync 1 DAGs
[2023-08-20T01:11:57.419+0000] {logging_mixin.py:151} INFO - [2023-08-20T01:11:57.419+0000] {dag.py:3677} INFO - Setting next_dagrun for example_short_circuit_operator to 2023-08-19T01:11:57.419703+00:00, run_after=2023-08-20T01:11:57.419703+00:00
[2023-08-20T01:11:57.428+0000] {processor.py:179} INFO - Processing /home/airflow/.local/lib/python3.8/site-packages/airflow/example_dags/example_short_circuit_operator.py took 0.041 seconds
[2023-08-20T01:12:50.894+0000] {processor.py:157} INFO - Started process (PID=34) to work on /home/airflow/.local/lib/python3.8/site-packages/airflow/example_dags/example_short_circuit_operator.py
[2023-08-20T01:12:50.895+0000] {processor.py:829} INFO - Processing file /home/airflow/.local/lib/python3.8/site-packages/airflow/example_dags/example_short_circuit_operator.py for tasks to queue
[2023-08-20T01:12:50.896+0000] {logging_mixin.py:151} INFO - [2023-08-20T01:12:50.895+0000] {dagbag.py:539} INFO - Filling up the DagBag from /home/airflow/.local/lib/python3.8/site-packages/airflow/example_dags/example_short_circuit_operator.py
[2023-08-20T01:12:50.900+0000] {processor.py:839} INFO - DAG(s) dict_keys(['example_short_circuit_operator']) retrieved from /home/airflow/.local/lib/python3.8/site-packages/airflow/example_dags/example_short_circuit_operator.py
[2023-08-20T01:12:50.909+0000] {logging_mixin.py:151} INFO - [2023-08-20T01:12:50.909+0000] {dag.py:2907} INFO - Sync 1 DAGs
[2023-08-20T01:12:50.919+0000] {logging_mixin.py:151} INFO - [2023-08-20T01:12:50.919+0000] {dag.py:3677} INFO - Setting next_dagrun for example_short_circuit_operator to 2023-08-19T01:12:50.919371+00:00, run_after=2023-08-20T01:12:50.919371+00:00
[2023-08-20T01:12:50.927+0000] {processor.py:179} INFO - Processing /home/airflow/.local/lib/python3.8/site-packages/airflow/example_dags/example_short_circuit_operator.py took 0.034 seconds
[2023-08-20T01:13:21.192+0000] {processor.py:157} INFO - Started process (PID=87) to work on /home/airflow/.local/lib/python3.8/site-packages/airflow/example_dags/example_short_circuit_operator.py
[2023-08-20T01:13:21.193+0000] {processor.py:829} INFO - Processing file /home/airflow/.local/lib/python3.8/site-packages/airflow/example_dags/example_short_circuit_operator.py for tasks to queue
[2023-08-20T01:13:21.194+0000] {logging_mixin.py:151} INFO - [2023-08-20T01:13:21.194+0000] {dagbag.py:539} INFO - Filling up the DagBag from /home/airflow/.local/lib/python3.8/site-packages/airflow/example_dags/example_short_circuit_operator.py
[2023-08-20T01:13:21.198+0000] {processor.py:839} INFO - DAG(s) dict_keys(['example_short_circuit_operator']) retrieved from /home/airflow/.local/lib/python3.8/site-packages/airflow/example_dags/example_short_circuit_operator.py
[2023-08-20T01:13:21.274+0000] {logging_mixin.py:151} INFO - [2023-08-20T01:13:21.274+0000] {dag.py:2907} INFO - Sync 1 DAGs
[2023-08-20T01:13:21.281+0000] {logging_mixin.py:151} INFO - [2023-08-20T01:13:21.281+0000] {dag.py:3677} INFO - Setting next_dagrun for example_short_circuit_operator to 2023-08-19T01:13:21.281820+00:00, run_after=2023-08-20T01:13:21.281820+00:00
[2023-08-20T01:13:21.289+0000] {processor.py:179} INFO - Processing /home/airflow/.local/lib/python3.8/site-packages/airflow/example_dags/example_short_circuit_operator.py took 0.098 seconds
[2023-08-20T01:13:51.642+0000] {processor.py:157} INFO - Started process (PID=141) to work on /home/airflow/.local/lib/python3.8/site-packages/airflow/example_dags/example_short_circuit_operator.py
[2023-08-20T01:13:51.643+0000] {processor.py:829} INFO - Processing file /home/airflow/.local/lib/python3.8/site-packages/airflow/example_dags/example_short_circuit_operator.py for tasks to queue
[2023-08-20T01:13:51.644+0000] {logging_mixin.py:151} INFO - [2023-08-20T01:13:51.644+0000] {dagbag.py:539} INFO - Filling up the DagBag from /home/airflow/.local/lib/python3.8/site-packages/airflow/example_dags/example_short_circuit_operator.py
[2023-08-20T01:13:51.648+0000] {processor.py:839} INFO - DAG(s) dict_keys(['example_short_circuit_operator']) retrieved from /home/airflow/.local/lib/python3.8/site-packages/airflow/example_dags/example_short_circuit_operator.py
[2023-08-20T01:13:51.661+0000] {logging_mixin.py:151} INFO - [2023-08-20T01:13:51.660+0000] {dag.py:2907} INFO - Sync 1 DAGs
[2023-08-20T01:13:51.670+0000] {logging_mixin.py:151} INFO - [2023-08-20T01:13:51.669+0000] {dag.py:3677} INFO - Setting next_dagrun for example_short_circuit_operator to 2023-08-19T01:13:51.669842+00:00, run_after=2023-08-20T01:13:51.669842+00:00
[2023-08-20T01:13:51.677+0000] {processor.py:179} INFO - Processing /home/airflow/.local/lib/python3.8/site-packages/airflow/example_dags/example_short_circuit_operator.py took 0.037 seconds
[2023-08-20T01:14:22.234+0000] {processor.py:157} INFO - Started process (PID=195) to work on /home/airflow/.local/lib/python3.8/site-packages/airflow/example_dags/example_short_circuit_operator.py
[2023-08-20T01:14:22.235+0000] {processor.py:829} INFO - Processing file /home/airflow/.local/lib/python3.8/site-packages/airflow/example_dags/example_short_circuit_operator.py for tasks to queue
[2023-08-20T01:14:22.236+0000] {logging_mixin.py:151} INFO - [2023-08-20T01:14:22.236+0000] {dagbag.py:539} INFO - Filling up the DagBag from /home/airflow/.local/lib/python3.8/site-packages/airflow/example_dags/example_short_circuit_operator.py
[2023-08-20T01:14:22.239+0000] {processor.py:839} INFO - DAG(s) dict_keys(['example_short_circuit_operator']) retrieved from /home/airflow/.local/lib/python3.8/site-packages/airflow/example_dags/example_short_circuit_operator.py
[2023-08-20T01:14:22.253+0000] {logging_mixin.py:151} INFO - [2023-08-20T01:14:22.252+0000] {dag.py:2907} INFO - Sync 1 DAGs
[2023-08-20T01:14:22.261+0000] {logging_mixin.py:151} INFO - [2023-08-20T01:14:22.261+0000] {dag.py:3677} INFO - Setting next_dagrun for example_short_circuit_operator to 2023-08-19T01:14:22.261462+00:00, run_after=2023-08-20T01:14:22.261462+00:00
[2023-08-20T01:14:22.269+0000] {processor.py:179} INFO - Processing /home/airflow/.local/lib/python3.8/site-packages/airflow/example_dags/example_short_circuit_operator.py took 0.036 seconds
[2023-08-20T01:14:52.879+0000] {processor.py:157} INFO - Started process (PID=249) to work on /home/airflow/.local/lib/python3.8/site-packages/airflow/example_dags/example_short_circuit_operator.py
[2023-08-20T01:14:52.880+0000] {processor.py:829} INFO - Processing file /home/airflow/.local/lib/python3.8/site-packages/airflow/example_dags/example_short_circuit_operator.py for tasks to queue
[2023-08-20T01:14:52.881+0000] {logging_mixin.py:151} INFO - [2023-08-20T01:14:52.881+0000] {dagbag.py:539} INFO - Filling up the DagBag from /home/airflow/.local/lib/python3.8/site-packages/airflow/example_dags/example_short_circuit_operator.py
[2023-08-20T01:14:52.885+0000] {processor.py:839} INFO - DAG(s) dict_keys(['example_short_circuit_operator']) retrieved from /home/airflow/.local/lib/python3.8/site-packages/airflow/example_dags/example_short_circuit_operator.py
[2023-08-20T01:14:52.898+0000] {logging_mixin.py:151} INFO - [2023-08-20T01:14:52.898+0000] {dag.py:2907} INFO - Sync 1 DAGs
[2023-08-20T01:14:52.907+0000] {logging_mixin.py:151} INFO - [2023-08-20T01:14:52.907+0000] {dag.py:3677} INFO - Setting next_dagrun for example_short_circuit_operator to 2023-08-19T01:14:52.906995+00:00, run_after=2023-08-20T01:14:52.906995+00:00
[2023-08-20T01:14:52.914+0000] {processor.py:179} INFO - Processing /home/airflow/.local/lib/python3.8/site-packages/airflow/example_dags/example_short_circuit_operator.py took 0.037 seconds
[2023-08-20T01:15:23.503+0000] {processor.py:157} INFO - Started process (PID=303) to work on /home/airflow/.local/lib/python3.8/site-packages/airflow/example_dags/example_short_circuit_operator.py
[2023-08-20T01:15:23.503+0000] {processor.py:829} INFO - Processing file /home/airflow/.local/lib/python3.8/site-packages/airflow/example_dags/example_short_circuit_operator.py for tasks to queue
[2023-08-20T01:15:23.505+0000] {logging_mixin.py:151} INFO - [2023-08-20T01:15:23.504+0000] {dagbag.py:539} INFO - Filling up the DagBag from /home/airflow/.local/lib/python3.8/site-packages/airflow/example_dags/example_short_circuit_operator.py
[2023-08-20T01:15:23.508+0000] {processor.py:839} INFO - DAG(s) dict_keys(['example_short_circuit_operator']) retrieved from /home/airflow/.local/lib/python3.8/site-packages/airflow/example_dags/example_short_circuit_operator.py
[2023-08-20T01:15:23.522+0000] {logging_mixin.py:151} INFO - [2023-08-20T01:15:23.522+0000] {dag.py:2907} INFO - Sync 1 DAGs
[2023-08-20T01:15:23.531+0000] {logging_mixin.py:151} INFO - [2023-08-20T01:15:23.530+0000] {dag.py:3677} INFO - Setting next_dagrun for example_short_circuit_operator to 2023-08-19T01:15:23.530778+00:00, run_after=2023-08-20T01:15:23.530778+00:00
[2023-08-20T01:15:23.538+0000] {processor.py:179} INFO - Processing /home/airflow/.local/lib/python3.8/site-packages/airflow/example_dags/example_short_circuit_operator.py took 0.037 seconds
