[2023-08-20T01:09:26.992+0000] {processor.py:157} INFO - Started process (PID=64) to work on /home/airflow/.local/lib/python3.8/site-packages/airflow/example_dags/example_params_trigger_ui.py
[2023-08-20T01:09:26.993+0000] {processor.py:829} INFO - Processing file /home/airflow/.local/lib/python3.8/site-packages/airflow/example_dags/example_params_trigger_ui.py for tasks to queue
[2023-08-20T01:09:26.994+0000] {logging_mixin.py:151} INFO - [2023-08-20T01:09:26.994+0000] {dagbag.py:539} INFO - Filling up the DagBag from /home/airflow/.local/lib/python3.8/site-packages/airflow/example_dags/example_params_trigger_ui.py
[2023-08-20T01:09:27.004+0000] {processor.py:839} INFO - DAG(s) dict_keys(['example_params_trigger_ui']) retrieved from /home/airflow/.local/lib/python3.8/site-packages/airflow/example_dags/example_params_trigger_ui.py
[2023-08-20T01:09:27.059+0000] {logging_mixin.py:151} INFO - [2023-08-20T01:09:27.059+0000] {manager.py:501} INFO - Created Permission View: can edit on DAG:example_params_trigger_ui
[2023-08-20T01:09:27.063+0000] {logging_mixin.py:151} INFO - [2023-08-20T01:09:27.063+0000] {manager.py:501} INFO - Created Permission View: can delete on DAG:example_params_trigger_ui
[2023-08-20T01:09:27.065+0000] {logging_mixin.py:151} INFO - [2023-08-20T01:09:27.065+0000] {manager.py:501} INFO - Created Permission View: can read on DAG:example_params_trigger_ui
[2023-08-20T01:09:27.071+0000] {logging_mixin.py:151} INFO - [2023-08-20T01:09:27.070+0000] {dag.py:2907} INFO - Sync 1 DAGs
[2023-08-20T01:09:27.076+0000] {logging_mixin.py:151} INFO - [2023-08-20T01:09:27.076+0000] {dag.py:2929} INFO - Creating ORM DAG for example_params_trigger_ui
[2023-08-20T01:09:27.076+0000] {logging_mixin.py:151} INFO - [2023-08-20T01:09:27.076+0000] {dag.py:3677} INFO - Setting next_dagrun for example_params_trigger_ui to None, run_after=None
[2023-08-20T01:09:27.083+0000] {processor.py:179} INFO - Processing /home/airflow/.local/lib/python3.8/site-packages/airflow/example_dags/example_params_trigger_ui.py took 0.093 seconds
[2023-08-20T01:09:57.452+0000] {processor.py:157} INFO - Started process (PID=118) to work on /home/airflow/.local/lib/python3.8/site-packages/airflow/example_dags/example_params_trigger_ui.py
[2023-08-20T01:09:57.452+0000] {processor.py:829} INFO - Processing file /home/airflow/.local/lib/python3.8/site-packages/airflow/example_dags/example_params_trigger_ui.py for tasks to queue
[2023-08-20T01:09:57.453+0000] {logging_mixin.py:151} INFO - [2023-08-20T01:09:57.453+0000] {dagbag.py:539} INFO - Filling up the DagBag from /home/airflow/.local/lib/python3.8/site-packages/airflow/example_dags/example_params_trigger_ui.py
[2023-08-20T01:09:57.462+0000] {processor.py:839} INFO - DAG(s) dict_keys(['example_params_trigger_ui']) retrieved from /home/airflow/.local/lib/python3.8/site-packages/airflow/example_dags/example_params_trigger_ui.py
[2023-08-20T01:09:57.484+0000] {logging_mixin.py:151} INFO - [2023-08-20T01:09:57.484+0000] {dag.py:2907} INFO - Sync 1 DAGs
[2023-08-20T01:09:57.489+0000] {logging_mixin.py:151} INFO - [2023-08-20T01:09:57.489+0000] {dag.py:3677} INFO - Setting next_dagrun for example_params_trigger_ui to None, run_after=None
[2023-08-20T01:09:57.496+0000] {processor.py:179} INFO - Processing /home/airflow/.local/lib/python3.8/site-packages/airflow/example_dags/example_params_trigger_ui.py took 0.046 seconds
[2023-08-20T01:10:28.234+0000] {processor.py:157} INFO - Started process (PID=172) to work on /home/airflow/.local/lib/python3.8/site-packages/airflow/example_dags/example_params_trigger_ui.py
[2023-08-20T01:10:28.234+0000] {processor.py:829} INFO - Processing file /home/airflow/.local/lib/python3.8/site-packages/airflow/example_dags/example_params_trigger_ui.py for tasks to queue
[2023-08-20T01:10:28.236+0000] {logging_mixin.py:151} INFO - [2023-08-20T01:10:28.235+0000] {dagbag.py:539} INFO - Filling up the DagBag from /home/airflow/.local/lib/python3.8/site-packages/airflow/example_dags/example_params_trigger_ui.py
[2023-08-20T01:10:28.245+0000] {processor.py:839} INFO - DAG(s) dict_keys(['example_params_trigger_ui']) retrieved from /home/airflow/.local/lib/python3.8/site-packages/airflow/example_dags/example_params_trigger_ui.py
[2023-08-20T01:10:28.269+0000] {logging_mixin.py:151} INFO - [2023-08-20T01:10:28.269+0000] {dag.py:2907} INFO - Sync 1 DAGs
[2023-08-20T01:10:28.275+0000] {logging_mixin.py:151} INFO - [2023-08-20T01:10:28.275+0000] {dag.py:3677} INFO - Setting next_dagrun for example_params_trigger_ui to None, run_after=None
[2023-08-20T01:10:28.284+0000] {processor.py:179} INFO - Processing /home/airflow/.local/lib/python3.8/site-packages/airflow/example_dags/example_params_trigger_ui.py took 0.053 seconds
[2023-08-20T01:10:58.910+0000] {processor.py:157} INFO - Started process (PID=226) to work on /home/airflow/.local/lib/python3.8/site-packages/airflow/example_dags/example_params_trigger_ui.py
[2023-08-20T01:10:58.910+0000] {processor.py:829} INFO - Processing file /home/airflow/.local/lib/python3.8/site-packages/airflow/example_dags/example_params_trigger_ui.py for tasks to queue
[2023-08-20T01:10:58.912+0000] {logging_mixin.py:151} INFO - [2023-08-20T01:10:58.911+0000] {dagbag.py:539} INFO - Filling up the DagBag from /home/airflow/.local/lib/python3.8/site-packages/airflow/example_dags/example_params_trigger_ui.py
[2023-08-20T01:10:58.920+0000] {processor.py:839} INFO - DAG(s) dict_keys(['example_params_trigger_ui']) retrieved from /home/airflow/.local/lib/python3.8/site-packages/airflow/example_dags/example_params_trigger_ui.py
[2023-08-20T01:10:58.942+0000] {logging_mixin.py:151} INFO - [2023-08-20T01:10:58.942+0000] {dag.py:2907} INFO - Sync 1 DAGs
[2023-08-20T01:10:58.948+0000] {logging_mixin.py:151} INFO - [2023-08-20T01:10:58.948+0000] {dag.py:3677} INFO - Setting next_dagrun for example_params_trigger_ui to None, run_after=None
[2023-08-20T01:10:58.955+0000] {processor.py:179} INFO - Processing /home/airflow/.local/lib/python3.8/site-packages/airflow/example_dags/example_params_trigger_ui.py took 0.046 seconds
[2023-08-20T01:11:29.599+0000] {processor.py:157} INFO - Started process (PID=280) to work on /home/airflow/.local/lib/python3.8/site-packages/airflow/example_dags/example_params_trigger_ui.py
[2023-08-20T01:11:29.599+0000] {processor.py:829} INFO - Processing file /home/airflow/.local/lib/python3.8/site-packages/airflow/example_dags/example_params_trigger_ui.py for tasks to queue
[2023-08-20T01:11:29.601+0000] {logging_mixin.py:151} INFO - [2023-08-20T01:11:29.600+0000] {dagbag.py:539} INFO - Filling up the DagBag from /home/airflow/.local/lib/python3.8/site-packages/airflow/example_dags/example_params_trigger_ui.py
[2023-08-20T01:11:29.609+0000] {processor.py:839} INFO - DAG(s) dict_keys(['example_params_trigger_ui']) retrieved from /home/airflow/.local/lib/python3.8/site-packages/airflow/example_dags/example_params_trigger_ui.py
[2023-08-20T01:11:29.632+0000] {logging_mixin.py:151} INFO - [2023-08-20T01:11:29.632+0000] {dag.py:2907} INFO - Sync 1 DAGs
[2023-08-20T01:11:29.637+0000] {logging_mixin.py:151} INFO - [2023-08-20T01:11:29.637+0000] {dag.py:3677} INFO - Setting next_dagrun for example_params_trigger_ui to None, run_after=None
[2023-08-20T01:11:29.645+0000] {processor.py:179} INFO - Processing /home/airflow/.local/lib/python3.8/site-packages/airflow/example_dags/example_params_trigger_ui.py took 0.048 seconds
[2023-08-20T01:12:00.430+0000] {processor.py:157} INFO - Started process (PID=334) to work on /home/airflow/.local/lib/python3.8/site-packages/airflow/example_dags/example_params_trigger_ui.py
[2023-08-20T01:12:00.431+0000] {processor.py:829} INFO - Processing file /home/airflow/.local/lib/python3.8/site-packages/airflow/example_dags/example_params_trigger_ui.py for tasks to queue
[2023-08-20T01:12:00.432+0000] {logging_mixin.py:151} INFO - [2023-08-20T01:12:00.432+0000] {dagbag.py:539} INFO - Filling up the DagBag from /home/airflow/.local/lib/python3.8/site-packages/airflow/example_dags/example_params_trigger_ui.py
[2023-08-20T01:12:00.441+0000] {processor.py:839} INFO - DAG(s) dict_keys(['example_params_trigger_ui']) retrieved from /home/airflow/.local/lib/python3.8/site-packages/airflow/example_dags/example_params_trigger_ui.py
[2023-08-20T01:12:00.463+0000] {logging_mixin.py:151} INFO - [2023-08-20T01:12:00.463+0000] {dag.py:2907} INFO - Sync 1 DAGs
[2023-08-20T01:12:00.468+0000] {logging_mixin.py:151} INFO - [2023-08-20T01:12:00.468+0000] {dag.py:3677} INFO - Setting next_dagrun for example_params_trigger_ui to None, run_after=None
[2023-08-20T01:12:00.475+0000] {processor.py:179} INFO - Processing /home/airflow/.local/lib/python3.8/site-packages/airflow/example_dags/example_params_trigger_ui.py took 0.047 seconds
[2023-08-20T01:12:52.034+0000] {processor.py:157} INFO - Started process (PID=63) to work on /home/airflow/.local/lib/python3.8/site-packages/airflow/example_dags/example_params_trigger_ui.py
[2023-08-20T01:12:52.035+0000] {processor.py:829} INFO - Processing file /home/airflow/.local/lib/python3.8/site-packages/airflow/example_dags/example_params_trigger_ui.py for tasks to queue
[2023-08-20T01:12:52.037+0000] {logging_mixin.py:151} INFO - [2023-08-20T01:12:52.037+0000] {dagbag.py:539} INFO - Filling up the DagBag from /home/airflow/.local/lib/python3.8/site-packages/airflow/example_dags/example_params_trigger_ui.py
[2023-08-20T01:12:52.052+0000] {processor.py:839} INFO - DAG(s) dict_keys(['example_params_trigger_ui']) retrieved from /home/airflow/.local/lib/python3.8/site-packages/airflow/example_dags/example_params_trigger_ui.py
[2023-08-20T01:12:52.062+0000] {logging_mixin.py:151} INFO - [2023-08-20T01:12:52.061+0000] {dag.py:2907} INFO - Sync 1 DAGs
[2023-08-20T01:12:52.068+0000] {logging_mixin.py:151} INFO - [2023-08-20T01:12:52.068+0000] {dag.py:3677} INFO - Setting next_dagrun for example_params_trigger_ui to None, run_after=None
[2023-08-20T01:12:52.077+0000] {processor.py:179} INFO - Processing /home/airflow/.local/lib/python3.8/site-packages/airflow/example_dags/example_params_trigger_ui.py took 0.047 seconds
[2023-08-20T01:13:22.818+0000] {processor.py:157} INFO - Started process (PID=116) to work on /home/airflow/.local/lib/python3.8/site-packages/airflow/example_dags/example_params_trigger_ui.py
[2023-08-20T01:13:22.818+0000] {processor.py:829} INFO - Processing file /home/airflow/.local/lib/python3.8/site-packages/airflow/example_dags/example_params_trigger_ui.py for tasks to queue
[2023-08-20T01:13:22.820+0000] {logging_mixin.py:151} INFO - [2023-08-20T01:13:22.819+0000] {dagbag.py:539} INFO - Filling up the DagBag from /home/airflow/.local/lib/python3.8/site-packages/airflow/example_dags/example_params_trigger_ui.py
[2023-08-20T01:13:22.828+0000] {processor.py:839} INFO - DAG(s) dict_keys(['example_params_trigger_ui']) retrieved from /home/airflow/.local/lib/python3.8/site-packages/airflow/example_dags/example_params_trigger_ui.py
[2023-08-20T01:13:22.850+0000] {logging_mixin.py:151} INFO - [2023-08-20T01:13:22.850+0000] {dag.py:2907} INFO - Sync 1 DAGs
[2023-08-20T01:13:22.856+0000] {logging_mixin.py:151} INFO - [2023-08-20T01:13:22.856+0000] {dag.py:3677} INFO - Setting next_dagrun for example_params_trigger_ui to None, run_after=None
[2023-08-20T01:13:22.863+0000] {processor.py:179} INFO - Processing /home/airflow/.local/lib/python3.8/site-packages/airflow/example_dags/example_params_trigger_ui.py took 0.047 seconds
[2023-08-20T01:13:53.544+0000] {processor.py:157} INFO - Started process (PID=170) to work on /home/airflow/.local/lib/python3.8/site-packages/airflow/example_dags/example_params_trigger_ui.py
[2023-08-20T01:13:53.544+0000] {processor.py:829} INFO - Processing file /home/airflow/.local/lib/python3.8/site-packages/airflow/example_dags/example_params_trigger_ui.py for tasks to queue
[2023-08-20T01:13:53.546+0000] {logging_mixin.py:151} INFO - [2023-08-20T01:13:53.545+0000] {dagbag.py:539} INFO - Filling up the DagBag from /home/airflow/.local/lib/python3.8/site-packages/airflow/example_dags/example_params_trigger_ui.py
[2023-08-20T01:13:53.554+0000] {processor.py:839} INFO - DAG(s) dict_keys(['example_params_trigger_ui']) retrieved from /home/airflow/.local/lib/python3.8/site-packages/airflow/example_dags/example_params_trigger_ui.py
[2023-08-20T01:13:53.577+0000] {logging_mixin.py:151} INFO - [2023-08-20T01:13:53.576+0000] {dag.py:2907} INFO - Sync 1 DAGs
[2023-08-20T01:13:53.582+0000] {logging_mixin.py:151} INFO - [2023-08-20T01:13:53.582+0000] {dag.py:3677} INFO - Setting next_dagrun for example_params_trigger_ui to None, run_after=None
[2023-08-20T01:13:53.590+0000] {processor.py:179} INFO - Processing /home/airflow/.local/lib/python3.8/site-packages/airflow/example_dags/example_params_trigger_ui.py took 0.048 seconds
[2023-08-20T01:14:24.049+0000] {processor.py:157} INFO - Started process (PID=224) to work on /home/airflow/.local/lib/python3.8/site-packages/airflow/example_dags/example_params_trigger_ui.py
[2023-08-20T01:14:24.050+0000] {processor.py:829} INFO - Processing file /home/airflow/.local/lib/python3.8/site-packages/airflow/example_dags/example_params_trigger_ui.py for tasks to queue
[2023-08-20T01:14:24.051+0000] {logging_mixin.py:151} INFO - [2023-08-20T01:14:24.051+0000] {dagbag.py:539} INFO - Filling up the DagBag from /home/airflow/.local/lib/python3.8/site-packages/airflow/example_dags/example_params_trigger_ui.py
[2023-08-20T01:14:24.059+0000] {processor.py:839} INFO - DAG(s) dict_keys(['example_params_trigger_ui']) retrieved from /home/airflow/.local/lib/python3.8/site-packages/airflow/example_dags/example_params_trigger_ui.py
[2023-08-20T01:14:24.082+0000] {logging_mixin.py:151} INFO - [2023-08-20T01:14:24.082+0000] {dag.py:2907} INFO - Sync 1 DAGs
[2023-08-20T01:14:24.087+0000] {logging_mixin.py:151} INFO - [2023-08-20T01:14:24.087+0000] {dag.py:3677} INFO - Setting next_dagrun for example_params_trigger_ui to None, run_after=None
[2023-08-20T01:14:24.094+0000] {processor.py:179} INFO - Processing /home/airflow/.local/lib/python3.8/site-packages/airflow/example_dags/example_params_trigger_ui.py took 0.046 seconds
[2023-08-20T01:14:54.773+0000] {processor.py:157} INFO - Started process (PID=278) to work on /home/airflow/.local/lib/python3.8/site-packages/airflow/example_dags/example_params_trigger_ui.py
[2023-08-20T01:14:54.774+0000] {processor.py:829} INFO - Processing file /home/airflow/.local/lib/python3.8/site-packages/airflow/example_dags/example_params_trigger_ui.py for tasks to queue
[2023-08-20T01:14:54.775+0000] {logging_mixin.py:151} INFO - [2023-08-20T01:14:54.775+0000] {dagbag.py:539} INFO - Filling up the DagBag from /home/airflow/.local/lib/python3.8/site-packages/airflow/example_dags/example_params_trigger_ui.py
[2023-08-20T01:14:54.783+0000] {processor.py:839} INFO - DAG(s) dict_keys(['example_params_trigger_ui']) retrieved from /home/airflow/.local/lib/python3.8/site-packages/airflow/example_dags/example_params_trigger_ui.py
[2023-08-20T01:14:54.805+0000] {logging_mixin.py:151} INFO - [2023-08-20T01:14:54.804+0000] {dag.py:2907} INFO - Sync 1 DAGs
[2023-08-20T01:14:54.810+0000] {logging_mixin.py:151} INFO - [2023-08-20T01:14:54.810+0000] {dag.py:3677} INFO - Setting next_dagrun for example_params_trigger_ui to None, run_after=None
[2023-08-20T01:14:54.817+0000] {processor.py:179} INFO - Processing /home/airflow/.local/lib/python3.8/site-packages/airflow/example_dags/example_params_trigger_ui.py took 0.046 seconds
[2023-08-20T01:15:25.316+0000] {processor.py:157} INFO - Started process (PID=332) to work on /home/airflow/.local/lib/python3.8/site-packages/airflow/example_dags/example_params_trigger_ui.py
[2023-08-20T01:15:25.317+0000] {processor.py:829} INFO - Processing file /home/airflow/.local/lib/python3.8/site-packages/airflow/example_dags/example_params_trigger_ui.py for tasks to queue
[2023-08-20T01:15:25.318+0000] {logging_mixin.py:151} INFO - [2023-08-20T01:15:25.318+0000] {dagbag.py:539} INFO - Filling up the DagBag from /home/airflow/.local/lib/python3.8/site-packages/airflow/example_dags/example_params_trigger_ui.py
[2023-08-20T01:15:25.326+0000] {processor.py:839} INFO - DAG(s) dict_keys(['example_params_trigger_ui']) retrieved from /home/airflow/.local/lib/python3.8/site-packages/airflow/example_dags/example_params_trigger_ui.py
[2023-08-20T01:15:25.348+0000] {logging_mixin.py:151} INFO - [2023-08-20T01:15:25.348+0000] {dag.py:2907} INFO - Sync 1 DAGs
[2023-08-20T01:15:25.353+0000] {logging_mixin.py:151} INFO - [2023-08-20T01:15:25.353+0000] {dag.py:3677} INFO - Setting next_dagrun for example_params_trigger_ui to None, run_after=None
[2023-08-20T01:15:25.361+0000] {processor.py:179} INFO - Processing /home/airflow/.local/lib/python3.8/site-packages/airflow/example_dags/example_params_trigger_ui.py took 0.047 seconds
