[2023-08-20T01:09:25.032+0000] {processor.py:157} INFO - Started process (PID=46) to work on /home/airflow/.local/lib/python3.8/site-packages/airflow/example_dags/example_branch_python_dop_operator_3.py
[2023-08-20T01:09:25.033+0000] {processor.py:829} INFO - Processing file /home/airflow/.local/lib/python3.8/site-packages/airflow/example_dags/example_branch_python_dop_operator_3.py for tasks to queue
[2023-08-20T01:09:25.034+0000] {logging_mixin.py:151} INFO - [2023-08-20T01:09:25.034+0000] {dagbag.py:539} INFO - Filling up the DagBag from /home/airflow/.local/lib/python3.8/site-packages/airflow/example_dags/example_branch_python_dop_operator_3.py
[2023-08-20T01:09:25.040+0000] {processor.py:839} INFO - DAG(s) dict_keys(['example_branch_dop_operator_v3']) retrieved from /home/airflow/.local/lib/python3.8/site-packages/airflow/example_dags/example_branch_python_dop_operator_3.py
[2023-08-20T01:09:25.190+0000] {logging_mixin.py:151} INFO - [2023-08-20T01:09:25.189+0000] {manager.py:501} INFO - Created Permission View: can edit on DAG:example_branch_dop_operator_v3
[2023-08-20T01:09:25.194+0000] {logging_mixin.py:151} INFO - [2023-08-20T01:09:25.194+0000] {manager.py:501} INFO - Created Permission View: can delete on DAG:example_branch_dop_operator_v3
[2023-08-20T01:09:25.196+0000] {logging_mixin.py:151} INFO - [2023-08-20T01:09:25.196+0000] {manager.py:501} INFO - Created Permission View: can read on DAG:example_branch_dop_operator_v3
[2023-08-20T01:09:25.202+0000] {logging_mixin.py:151} INFO - [2023-08-20T01:09:25.202+0000] {dag.py:2907} INFO - Sync 1 DAGs
[2023-08-20T01:09:25.206+0000] {logging_mixin.py:151} INFO - [2023-08-20T01:09:25.206+0000] {dag.py:2929} INFO - Creating ORM DAG for example_branch_dop_operator_v3
[2023-08-20T01:09:25.213+0000] {logging_mixin.py:151} INFO - [2023-08-20T01:09:25.213+0000] {dag.py:3677} INFO - Setting next_dagrun for example_branch_dop_operator_v3 to 2023-08-20T01:08:00+00:00, run_after=2023-08-20T01:09:00+00:00
[2023-08-20T01:09:25.220+0000] {processor.py:179} INFO - Processing /home/airflow/.local/lib/python3.8/site-packages/airflow/example_dags/example_branch_python_dop_operator_3.py took 0.190 seconds
[2023-08-20T01:09:55.832+0000] {processor.py:157} INFO - Started process (PID=100) to work on /home/airflow/.local/lib/python3.8/site-packages/airflow/example_dags/example_branch_python_dop_operator_3.py
[2023-08-20T01:09:55.832+0000] {processor.py:829} INFO - Processing file /home/airflow/.local/lib/python3.8/site-packages/airflow/example_dags/example_branch_python_dop_operator_3.py for tasks to queue
[2023-08-20T01:09:55.833+0000] {logging_mixin.py:151} INFO - [2023-08-20T01:09:55.833+0000] {dagbag.py:539} INFO - Filling up the DagBag from /home/airflow/.local/lib/python3.8/site-packages/airflow/example_dags/example_branch_python_dop_operator_3.py
[2023-08-20T01:09:55.838+0000] {processor.py:839} INFO - DAG(s) dict_keys(['example_branch_dop_operator_v3']) retrieved from /home/airflow/.local/lib/python3.8/site-packages/airflow/example_dags/example_branch_python_dop_operator_3.py
[2023-08-20T01:09:55.850+0000] {logging_mixin.py:151} INFO - [2023-08-20T01:09:55.850+0000] {dag.py:2907} INFO - Sync 1 DAGs
[2023-08-20T01:09:55.861+0000] {logging_mixin.py:151} INFO - [2023-08-20T01:09:55.861+0000] {dag.py:3677} INFO - Setting next_dagrun for example_branch_dop_operator_v3 to 2023-08-20T01:08:00+00:00, run_after=2023-08-20T01:09:00+00:00
[2023-08-20T01:09:55.868+0000] {processor.py:179} INFO - Processing /home/airflow/.local/lib/python3.8/site-packages/airflow/example_dags/example_branch_python_dop_operator_3.py took 0.038 seconds
[2023-08-20T01:10:26.588+0000] {processor.py:157} INFO - Started process (PID=154) to work on /home/airflow/.local/lib/python3.8/site-packages/airflow/example_dags/example_branch_python_dop_operator_3.py
[2023-08-20T01:10:26.588+0000] {processor.py:829} INFO - Processing file /home/airflow/.local/lib/python3.8/site-packages/airflow/example_dags/example_branch_python_dop_operator_3.py for tasks to queue
[2023-08-20T01:10:26.590+0000] {logging_mixin.py:151} INFO - [2023-08-20T01:10:26.589+0000] {dagbag.py:539} INFO - Filling up the DagBag from /home/airflow/.local/lib/python3.8/site-packages/airflow/example_dags/example_branch_python_dop_operator_3.py
[2023-08-20T01:10:26.596+0000] {processor.py:839} INFO - DAG(s) dict_keys(['example_branch_dop_operator_v3']) retrieved from /home/airflow/.local/lib/python3.8/site-packages/airflow/example_dags/example_branch_python_dop_operator_3.py
[2023-08-20T01:10:26.608+0000] {logging_mixin.py:151} INFO - [2023-08-20T01:10:26.608+0000] {dag.py:2907} INFO - Sync 1 DAGs
[2023-08-20T01:10:26.621+0000] {logging_mixin.py:151} INFO - [2023-08-20T01:10:26.621+0000] {dag.py:3677} INFO - Setting next_dagrun for example_branch_dop_operator_v3 to 2023-08-20T01:09:00+00:00, run_after=2023-08-20T01:10:00+00:00
[2023-08-20T01:10:26.628+0000] {processor.py:179} INFO - Processing /home/airflow/.local/lib/python3.8/site-packages/airflow/example_dags/example_branch_python_dop_operator_3.py took 0.043 seconds
[2023-08-20T01:10:57.294+0000] {processor.py:157} INFO - Started process (PID=208) to work on /home/airflow/.local/lib/python3.8/site-packages/airflow/example_dags/example_branch_python_dop_operator_3.py
[2023-08-20T01:10:57.294+0000] {processor.py:829} INFO - Processing file /home/airflow/.local/lib/python3.8/site-packages/airflow/example_dags/example_branch_python_dop_operator_3.py for tasks to queue
[2023-08-20T01:10:57.295+0000] {logging_mixin.py:151} INFO - [2023-08-20T01:10:57.295+0000] {dagbag.py:539} INFO - Filling up the DagBag from /home/airflow/.local/lib/python3.8/site-packages/airflow/example_dags/example_branch_python_dop_operator_3.py
[2023-08-20T01:10:57.300+0000] {processor.py:839} INFO - DAG(s) dict_keys(['example_branch_dop_operator_v3']) retrieved from /home/airflow/.local/lib/python3.8/site-packages/airflow/example_dags/example_branch_python_dop_operator_3.py
[2023-08-20T01:10:57.312+0000] {logging_mixin.py:151} INFO - [2023-08-20T01:10:57.312+0000] {dag.py:2907} INFO - Sync 1 DAGs
[2023-08-20T01:10:57.323+0000] {logging_mixin.py:151} INFO - [2023-08-20T01:10:57.323+0000] {dag.py:3677} INFO - Setting next_dagrun for example_branch_dop_operator_v3 to 2023-08-20T01:09:00+00:00, run_after=2023-08-20T01:10:00+00:00
[2023-08-20T01:10:57.331+0000] {processor.py:179} INFO - Processing /home/airflow/.local/lib/python3.8/site-packages/airflow/example_dags/example_branch_python_dop_operator_3.py took 0.039 seconds
[2023-08-20T01:11:27.970+0000] {processor.py:157} INFO - Started process (PID=262) to work on /home/airflow/.local/lib/python3.8/site-packages/airflow/example_dags/example_branch_python_dop_operator_3.py
[2023-08-20T01:11:27.971+0000] {processor.py:829} INFO - Processing file /home/airflow/.local/lib/python3.8/site-packages/airflow/example_dags/example_branch_python_dop_operator_3.py for tasks to queue
[2023-08-20T01:11:27.972+0000] {logging_mixin.py:151} INFO - [2023-08-20T01:11:27.971+0000] {dagbag.py:539} INFO - Filling up the DagBag from /home/airflow/.local/lib/python3.8/site-packages/airflow/example_dags/example_branch_python_dop_operator_3.py
[2023-08-20T01:11:27.976+0000] {processor.py:839} INFO - DAG(s) dict_keys(['example_branch_dop_operator_v3']) retrieved from /home/airflow/.local/lib/python3.8/site-packages/airflow/example_dags/example_branch_python_dop_operator_3.py
[2023-08-20T01:11:27.988+0000] {logging_mixin.py:151} INFO - [2023-08-20T01:11:27.988+0000] {dag.py:2907} INFO - Sync 1 DAGs
[2023-08-20T01:11:27.999+0000] {logging_mixin.py:151} INFO - [2023-08-20T01:11:27.999+0000] {dag.py:3677} INFO - Setting next_dagrun for example_branch_dop_operator_v3 to 2023-08-20T01:10:00+00:00, run_after=2023-08-20T01:11:00+00:00
[2023-08-20T01:11:28.006+0000] {processor.py:179} INFO - Processing /home/airflow/.local/lib/python3.8/site-packages/airflow/example_dags/example_branch_python_dop_operator_3.py took 0.038 seconds
[2023-08-20T01:11:58.669+0000] {processor.py:157} INFO - Started process (PID=316) to work on /home/airflow/.local/lib/python3.8/site-packages/airflow/example_dags/example_branch_python_dop_operator_3.py
[2023-08-20T01:11:58.670+0000] {processor.py:829} INFO - Processing file /home/airflow/.local/lib/python3.8/site-packages/airflow/example_dags/example_branch_python_dop_operator_3.py for tasks to queue
[2023-08-20T01:11:58.671+0000] {logging_mixin.py:151} INFO - [2023-08-20T01:11:58.671+0000] {dagbag.py:539} INFO - Filling up the DagBag from /home/airflow/.local/lib/python3.8/site-packages/airflow/example_dags/example_branch_python_dop_operator_3.py
[2023-08-20T01:11:58.677+0000] {processor.py:839} INFO - DAG(s) dict_keys(['example_branch_dop_operator_v3']) retrieved from /home/airflow/.local/lib/python3.8/site-packages/airflow/example_dags/example_branch_python_dop_operator_3.py
[2023-08-20T01:11:58.691+0000] {logging_mixin.py:151} INFO - [2023-08-20T01:11:58.690+0000] {dag.py:2907} INFO - Sync 1 DAGs
[2023-08-20T01:11:58.704+0000] {logging_mixin.py:151} INFO - [2023-08-20T01:11:58.704+0000] {dag.py:3677} INFO - Setting next_dagrun for example_branch_dop_operator_v3 to 2023-08-20T01:10:00+00:00, run_after=2023-08-20T01:11:00+00:00
[2023-08-20T01:11:58.712+0000] {processor.py:179} INFO - Processing /home/airflow/.local/lib/python3.8/site-packages/airflow/example_dags/example_branch_python_dop_operator_3.py took 0.044 seconds
[2023-08-20T01:12:51.230+0000] {processor.py:157} INFO - Started process (PID=45) to work on /home/airflow/.local/lib/python3.8/site-packages/airflow/example_dags/example_branch_python_dop_operator_3.py
[2023-08-20T01:12:51.230+0000] {processor.py:829} INFO - Processing file /home/airflow/.local/lib/python3.8/site-packages/airflow/example_dags/example_branch_python_dop_operator_3.py for tasks to queue
[2023-08-20T01:12:51.232+0000] {logging_mixin.py:151} INFO - [2023-08-20T01:12:51.231+0000] {dagbag.py:539} INFO - Filling up the DagBag from /home/airflow/.local/lib/python3.8/site-packages/airflow/example_dags/example_branch_python_dop_operator_3.py
[2023-08-20T01:12:51.238+0000] {processor.py:839} INFO - DAG(s) dict_keys(['example_branch_dop_operator_v3']) retrieved from /home/airflow/.local/lib/python3.8/site-packages/airflow/example_dags/example_branch_python_dop_operator_3.py
[2023-08-20T01:12:51.247+0000] {logging_mixin.py:151} INFO - [2023-08-20T01:12:51.247+0000] {dag.py:2907} INFO - Sync 1 DAGs
[2023-08-20T01:12:51.263+0000] {logging_mixin.py:151} INFO - [2023-08-20T01:12:51.263+0000] {dag.py:3677} INFO - Setting next_dagrun for example_branch_dop_operator_v3 to 2023-08-20T01:11:00+00:00, run_after=2023-08-20T01:12:00+00:00
[2023-08-20T01:12:51.271+0000] {processor.py:179} INFO - Processing /home/airflow/.local/lib/python3.8/site-packages/airflow/example_dags/example_branch_python_dop_operator_3.py took 0.044 seconds
[2023-08-20T01:13:21.893+0000] {processor.py:157} INFO - Started process (PID=98) to work on /home/airflow/.local/lib/python3.8/site-packages/airflow/example_dags/example_branch_python_dop_operator_3.py
[2023-08-20T01:13:21.894+0000] {processor.py:829} INFO - Processing file /home/airflow/.local/lib/python3.8/site-packages/airflow/example_dags/example_branch_python_dop_operator_3.py for tasks to queue
[2023-08-20T01:13:21.895+0000] {logging_mixin.py:151} INFO - [2023-08-20T01:13:21.895+0000] {dagbag.py:539} INFO - Filling up the DagBag from /home/airflow/.local/lib/python3.8/site-packages/airflow/example_dags/example_branch_python_dop_operator_3.py
[2023-08-20T01:13:21.900+0000] {processor.py:839} INFO - DAG(s) dict_keys(['example_branch_dop_operator_v3']) retrieved from /home/airflow/.local/lib/python3.8/site-packages/airflow/example_dags/example_branch_python_dop_operator_3.py
[2023-08-20T01:13:21.980+0000] {logging_mixin.py:151} INFO - [2023-08-20T01:13:21.980+0000] {dag.py:2907} INFO - Sync 1 DAGs
[2023-08-20T01:13:21.990+0000] {logging_mixin.py:151} INFO - [2023-08-20T01:13:21.990+0000] {dag.py:3677} INFO - Setting next_dagrun for example_branch_dop_operator_v3 to 2023-08-20T01:12:00+00:00, run_after=2023-08-20T01:13:00+00:00
[2023-08-20T01:13:21.997+0000] {processor.py:179} INFO - Processing /home/airflow/.local/lib/python3.8/site-packages/airflow/example_dags/example_branch_python_dop_operator_3.py took 0.105 seconds
[2023-08-20T01:13:52.959+0000] {processor.py:157} INFO - Started process (PID=152) to work on /home/airflow/.local/lib/python3.8/site-packages/airflow/example_dags/example_branch_python_dop_operator_3.py
[2023-08-20T01:13:52.960+0000] {processor.py:829} INFO - Processing file /home/airflow/.local/lib/python3.8/site-packages/airflow/example_dags/example_branch_python_dop_operator_3.py for tasks to queue
[2023-08-20T01:13:52.963+0000] {logging_mixin.py:151} INFO - [2023-08-20T01:13:52.962+0000] {dagbag.py:539} INFO - Filling up the DagBag from /home/airflow/.local/lib/python3.8/site-packages/airflow/example_dags/example_branch_python_dop_operator_3.py
[2023-08-20T01:13:52.970+0000] {processor.py:839} INFO - DAG(s) dict_keys(['example_branch_dop_operator_v3']) retrieved from /home/airflow/.local/lib/python3.8/site-packages/airflow/example_dags/example_branch_python_dop_operator_3.py
[2023-08-20T01:13:52.986+0000] {logging_mixin.py:151} INFO - [2023-08-20T01:13:52.986+0000] {dag.py:2907} INFO - Sync 1 DAGs
[2023-08-20T01:13:53.000+0000] {logging_mixin.py:151} INFO - [2023-08-20T01:13:53.000+0000] {dag.py:3677} INFO - Setting next_dagrun for example_branch_dop_operator_v3 to 2023-08-20T01:12:00+00:00, run_after=2023-08-20T01:13:00+00:00
[2023-08-20T01:13:53.007+0000] {processor.py:179} INFO - Processing /home/airflow/.local/lib/python3.8/site-packages/airflow/example_dags/example_branch_python_dop_operator_3.py took 0.052 seconds
[2023-08-20T01:14:23.501+0000] {processor.py:157} INFO - Started process (PID=206) to work on /home/airflow/.local/lib/python3.8/site-packages/airflow/example_dags/example_branch_python_dop_operator_3.py
[2023-08-20T01:14:23.502+0000] {processor.py:829} INFO - Processing file /home/airflow/.local/lib/python3.8/site-packages/airflow/example_dags/example_branch_python_dop_operator_3.py for tasks to queue
[2023-08-20T01:14:23.504+0000] {logging_mixin.py:151} INFO - [2023-08-20T01:14:23.504+0000] {dagbag.py:539} INFO - Filling up the DagBag from /home/airflow/.local/lib/python3.8/site-packages/airflow/example_dags/example_branch_python_dop_operator_3.py
[2023-08-20T01:14:23.513+0000] {processor.py:839} INFO - DAG(s) dict_keys(['example_branch_dop_operator_v3']) retrieved from /home/airflow/.local/lib/python3.8/site-packages/airflow/example_dags/example_branch_python_dop_operator_3.py
[2023-08-20T01:14:23.528+0000] {logging_mixin.py:151} INFO - [2023-08-20T01:14:23.528+0000] {dag.py:2907} INFO - Sync 1 DAGs
[2023-08-20T01:14:23.542+0000] {logging_mixin.py:151} INFO - [2023-08-20T01:14:23.542+0000] {dag.py:3677} INFO - Setting next_dagrun for example_branch_dop_operator_v3 to 2023-08-20T01:13:00+00:00, run_after=2023-08-20T01:14:00+00:00
[2023-08-20T01:14:23.549+0000] {processor.py:179} INFO - Processing /home/airflow/.local/lib/python3.8/site-packages/airflow/example_dags/example_branch_python_dop_operator_3.py took 0.052 seconds
[2023-08-20T01:14:54.142+0000] {processor.py:157} INFO - Started process (PID=260) to work on /home/airflow/.local/lib/python3.8/site-packages/airflow/example_dags/example_branch_python_dop_operator_3.py
[2023-08-20T01:14:54.143+0000] {processor.py:829} INFO - Processing file /home/airflow/.local/lib/python3.8/site-packages/airflow/example_dags/example_branch_python_dop_operator_3.py for tasks to queue
[2023-08-20T01:14:54.145+0000] {logging_mixin.py:151} INFO - [2023-08-20T01:14:54.145+0000] {dagbag.py:539} INFO - Filling up the DagBag from /home/airflow/.local/lib/python3.8/site-packages/airflow/example_dags/example_branch_python_dop_operator_3.py
[2023-08-20T01:14:54.153+0000] {processor.py:839} INFO - DAG(s) dict_keys(['example_branch_dop_operator_v3']) retrieved from /home/airflow/.local/lib/python3.8/site-packages/airflow/example_dags/example_branch_python_dop_operator_3.py
[2023-08-20T01:14:54.169+0000] {logging_mixin.py:151} INFO - [2023-08-20T01:14:54.169+0000] {dag.py:2907} INFO - Sync 1 DAGs
[2023-08-20T01:14:54.182+0000] {logging_mixin.py:151} INFO - [2023-08-20T01:14:54.182+0000] {dag.py:3677} INFO - Setting next_dagrun for example_branch_dop_operator_v3 to 2023-08-20T01:13:00+00:00, run_after=2023-08-20T01:14:00+00:00
[2023-08-20T01:14:54.190+0000] {processor.py:179} INFO - Processing /home/airflow/.local/lib/python3.8/site-packages/airflow/example_dags/example_branch_python_dop_operator_3.py took 0.052 seconds
[2023-08-20T01:15:24.730+0000] {processor.py:157} INFO - Started process (PID=314) to work on /home/airflow/.local/lib/python3.8/site-packages/airflow/example_dags/example_branch_python_dop_operator_3.py
[2023-08-20T01:15:24.731+0000] {processor.py:829} INFO - Processing file /home/airflow/.local/lib/python3.8/site-packages/airflow/example_dags/example_branch_python_dop_operator_3.py for tasks to queue
[2023-08-20T01:15:24.733+0000] {logging_mixin.py:151} INFO - [2023-08-20T01:15:24.733+0000] {dagbag.py:539} INFO - Filling up the DagBag from /home/airflow/.local/lib/python3.8/site-packages/airflow/example_dags/example_branch_python_dop_operator_3.py
[2023-08-20T01:15:24.740+0000] {processor.py:839} INFO - DAG(s) dict_keys(['example_branch_dop_operator_v3']) retrieved from /home/airflow/.local/lib/python3.8/site-packages/airflow/example_dags/example_branch_python_dop_operator_3.py
[2023-08-20T01:15:24.756+0000] {logging_mixin.py:151} INFO - [2023-08-20T01:15:24.756+0000] {dag.py:2907} INFO - Sync 1 DAGs
[2023-08-20T01:15:24.770+0000] {logging_mixin.py:151} INFO - [2023-08-20T01:15:24.770+0000] {dag.py:3677} INFO - Setting next_dagrun for example_branch_dop_operator_v3 to 2023-08-20T01:14:00+00:00, run_after=2023-08-20T01:15:00+00:00
[2023-08-20T01:15:24.778+0000] {processor.py:179} INFO - Processing /home/airflow/.local/lib/python3.8/site-packages/airflow/example_dags/example_branch_python_dop_operator_3.py took 0.052 seconds
