[2023-08-20T01:09:24.481+0000] {processor.py:157} INFO - Started process (PID=41) to work on /home/airflow/.local/lib/python3.8/site-packages/airflow/example_dags/example_setup_teardown_taskflow.py
[2023-08-20T01:09:24.481+0000] {processor.py:829} INFO - Processing file /home/airflow/.local/lib/python3.8/site-packages/airflow/example_dags/example_setup_teardown_taskflow.py for tasks to queue
[2023-08-20T01:09:24.483+0000] {logging_mixin.py:151} INFO - [2023-08-20T01:09:24.482+0000] {dagbag.py:539} INFO - Filling up the DagBag from /home/airflow/.local/lib/python3.8/site-packages/airflow/example_dags/example_setup_teardown_taskflow.py
[2023-08-20T01:09:24.489+0000] {processor.py:839} INFO - DAG(s) dict_keys(['example_setup_teardown_taskflow']) retrieved from /home/airflow/.local/lib/python3.8/site-packages/airflow/example_dags/example_setup_teardown_taskflow.py
[2023-08-20T01:09:24.619+0000] {logging_mixin.py:151} INFO - [2023-08-20T01:09:24.619+0000] {manager.py:501} INFO - Created Permission View: can edit on DAG:example_setup_teardown_taskflow
[2023-08-20T01:09:24.623+0000] {logging_mixin.py:151} INFO - [2023-08-20T01:09:24.623+0000] {manager.py:501} INFO - Created Permission View: can delete on DAG:example_setup_teardown_taskflow
[2023-08-20T01:09:24.625+0000] {logging_mixin.py:151} INFO - [2023-08-20T01:09:24.625+0000] {manager.py:501} INFO - Created Permission View: can read on DAG:example_setup_teardown_taskflow
[2023-08-20T01:09:24.631+0000] {logging_mixin.py:151} INFO - [2023-08-20T01:09:24.631+0000] {dag.py:2907} INFO - Sync 1 DAGs
[2023-08-20T01:09:24.635+0000] {logging_mixin.py:151} INFO - [2023-08-20T01:09:24.635+0000] {dag.py:2929} INFO - Creating ORM DAG for example_setup_teardown_taskflow
[2023-08-20T01:09:24.640+0000] {logging_mixin.py:151} INFO - [2023-08-20T01:09:24.640+0000] {dag.py:3677} INFO - Setting next_dagrun for example_setup_teardown_taskflow to 2023-08-19T01:09:24.640368+00:00, run_after=2023-08-20T01:09:24.640368+00:00
[2023-08-20T01:09:24.647+0000] {processor.py:179} INFO - Processing /home/airflow/.local/lib/python3.8/site-packages/airflow/example_dags/example_setup_teardown_taskflow.py took 0.168 seconds
[2023-08-20T01:09:55.685+0000] {processor.py:157} INFO - Started process (PID=95) to work on /home/airflow/.local/lib/python3.8/site-packages/airflow/example_dags/example_setup_teardown_taskflow.py
[2023-08-20T01:09:55.686+0000] {processor.py:829} INFO - Processing file /home/airflow/.local/lib/python3.8/site-packages/airflow/example_dags/example_setup_teardown_taskflow.py for tasks to queue
[2023-08-20T01:09:55.688+0000] {logging_mixin.py:151} INFO - [2023-08-20T01:09:55.687+0000] {dagbag.py:539} INFO - Filling up the DagBag from /home/airflow/.local/lib/python3.8/site-packages/airflow/example_dags/example_setup_teardown_taskflow.py
[2023-08-20T01:09:55.696+0000] {processor.py:839} INFO - DAG(s) dict_keys(['example_setup_teardown_taskflow']) retrieved from /home/airflow/.local/lib/python3.8/site-packages/airflow/example_dags/example_setup_teardown_taskflow.py
[2023-08-20T01:09:55.713+0000] {logging_mixin.py:151} INFO - [2023-08-20T01:09:55.713+0000] {dag.py:2907} INFO - Sync 1 DAGs
[2023-08-20T01:09:55.724+0000] {logging_mixin.py:151} INFO - [2023-08-20T01:09:55.724+0000] {dag.py:3677} INFO - Setting next_dagrun for example_setup_teardown_taskflow to 2023-08-19T01:09:55.724513+00:00, run_after=2023-08-20T01:09:55.724513+00:00
[2023-08-20T01:09:55.732+0000] {processor.py:179} INFO - Processing /home/airflow/.local/lib/python3.8/site-packages/airflow/example_dags/example_setup_teardown_taskflow.py took 0.051 seconds
[2023-08-20T01:10:26.425+0000] {processor.py:157} INFO - Started process (PID=149) to work on /home/airflow/.local/lib/python3.8/site-packages/airflow/example_dags/example_setup_teardown_taskflow.py
[2023-08-20T01:10:26.426+0000] {processor.py:829} INFO - Processing file /home/airflow/.local/lib/python3.8/site-packages/airflow/example_dags/example_setup_teardown_taskflow.py for tasks to queue
[2023-08-20T01:10:26.428+0000] {logging_mixin.py:151} INFO - [2023-08-20T01:10:26.428+0000] {dagbag.py:539} INFO - Filling up the DagBag from /home/airflow/.local/lib/python3.8/site-packages/airflow/example_dags/example_setup_teardown_taskflow.py
[2023-08-20T01:10:26.433+0000] {processor.py:839} INFO - DAG(s) dict_keys(['example_setup_teardown_taskflow']) retrieved from /home/airflow/.local/lib/python3.8/site-packages/airflow/example_dags/example_setup_teardown_taskflow.py
[2023-08-20T01:10:26.447+0000] {logging_mixin.py:151} INFO - [2023-08-20T01:10:26.447+0000] {dag.py:2907} INFO - Sync 1 DAGs
[2023-08-20T01:10:26.460+0000] {logging_mixin.py:151} INFO - [2023-08-20T01:10:26.460+0000] {dag.py:3677} INFO - Setting next_dagrun for example_setup_teardown_taskflow to 2023-08-19T01:10:26.460243+00:00, run_after=2023-08-20T01:10:26.460243+00:00
[2023-08-20T01:10:26.469+0000] {processor.py:179} INFO - Processing /home/airflow/.local/lib/python3.8/site-packages/airflow/example_dags/example_setup_teardown_taskflow.py took 0.048 seconds
[2023-08-20T01:10:57.144+0000] {processor.py:157} INFO - Started process (PID=203) to work on /home/airflow/.local/lib/python3.8/site-packages/airflow/example_dags/example_setup_teardown_taskflow.py
[2023-08-20T01:10:57.146+0000] {processor.py:829} INFO - Processing file /home/airflow/.local/lib/python3.8/site-packages/airflow/example_dags/example_setup_teardown_taskflow.py for tasks to queue
[2023-08-20T01:10:57.148+0000] {logging_mixin.py:151} INFO - [2023-08-20T01:10:57.147+0000] {dagbag.py:539} INFO - Filling up the DagBag from /home/airflow/.local/lib/python3.8/site-packages/airflow/example_dags/example_setup_teardown_taskflow.py
[2023-08-20T01:10:57.156+0000] {processor.py:839} INFO - DAG(s) dict_keys(['example_setup_teardown_taskflow']) retrieved from /home/airflow/.local/lib/python3.8/site-packages/airflow/example_dags/example_setup_teardown_taskflow.py
[2023-08-20T01:10:57.172+0000] {logging_mixin.py:151} INFO - [2023-08-20T01:10:57.172+0000] {dag.py:2907} INFO - Sync 1 DAGs
[2023-08-20T01:10:57.183+0000] {logging_mixin.py:151} INFO - [2023-08-20T01:10:57.183+0000] {dag.py:3677} INFO - Setting next_dagrun for example_setup_teardown_taskflow to 2023-08-19T01:10:57.183513+00:00, run_after=2023-08-20T01:10:57.183513+00:00
[2023-08-20T01:10:57.191+0000] {processor.py:179} INFO - Processing /home/airflow/.local/lib/python3.8/site-packages/airflow/example_dags/example_setup_teardown_taskflow.py took 0.051 seconds
[2023-08-20T01:11:27.824+0000] {processor.py:157} INFO - Started process (PID=257) to work on /home/airflow/.local/lib/python3.8/site-packages/airflow/example_dags/example_setup_teardown_taskflow.py
[2023-08-20T01:11:27.825+0000] {processor.py:829} INFO - Processing file /home/airflow/.local/lib/python3.8/site-packages/airflow/example_dags/example_setup_teardown_taskflow.py for tasks to queue
[2023-08-20T01:11:27.827+0000] {logging_mixin.py:151} INFO - [2023-08-20T01:11:27.827+0000] {dagbag.py:539} INFO - Filling up the DagBag from /home/airflow/.local/lib/python3.8/site-packages/airflow/example_dags/example_setup_teardown_taskflow.py
[2023-08-20T01:11:27.835+0000] {processor.py:839} INFO - DAG(s) dict_keys(['example_setup_teardown_taskflow']) retrieved from /home/airflow/.local/lib/python3.8/site-packages/airflow/example_dags/example_setup_teardown_taskflow.py
[2023-08-20T01:11:27.852+0000] {logging_mixin.py:151} INFO - [2023-08-20T01:11:27.852+0000] {dag.py:2907} INFO - Sync 1 DAGs
[2023-08-20T01:11:27.864+0000] {logging_mixin.py:151} INFO - [2023-08-20T01:11:27.864+0000] {dag.py:3677} INFO - Setting next_dagrun for example_setup_teardown_taskflow to 2023-08-19T01:11:27.863853+00:00, run_after=2023-08-20T01:11:27.863853+00:00
[2023-08-20T01:11:27.871+0000] {processor.py:179} INFO - Processing /home/airflow/.local/lib/python3.8/site-packages/airflow/example_dags/example_setup_teardown_taskflow.py took 0.051 seconds
[2023-08-20T01:11:58.516+0000] {processor.py:157} INFO - Started process (PID=311) to work on /home/airflow/.local/lib/python3.8/site-packages/airflow/example_dags/example_setup_teardown_taskflow.py
[2023-08-20T01:11:58.517+0000] {processor.py:829} INFO - Processing file /home/airflow/.local/lib/python3.8/site-packages/airflow/example_dags/example_setup_teardown_taskflow.py for tasks to queue
[2023-08-20T01:11:58.518+0000] {logging_mixin.py:151} INFO - [2023-08-20T01:11:58.518+0000] {dagbag.py:539} INFO - Filling up the DagBag from /home/airflow/.local/lib/python3.8/site-packages/airflow/example_dags/example_setup_teardown_taskflow.py
[2023-08-20T01:11:58.523+0000] {processor.py:839} INFO - DAG(s) dict_keys(['example_setup_teardown_taskflow']) retrieved from /home/airflow/.local/lib/python3.8/site-packages/airflow/example_dags/example_setup_teardown_taskflow.py
[2023-08-20T01:11:58.537+0000] {logging_mixin.py:151} INFO - [2023-08-20T01:11:58.536+0000] {dag.py:2907} INFO - Sync 1 DAGs
[2023-08-20T01:11:58.547+0000] {logging_mixin.py:151} INFO - [2023-08-20T01:11:58.547+0000] {dag.py:3677} INFO - Setting next_dagrun for example_setup_teardown_taskflow to 2023-08-19T01:11:58.547259+00:00, run_after=2023-08-20T01:11:58.547259+00:00
[2023-08-20T01:11:58.556+0000] {processor.py:179} INFO - Processing /home/airflow/.local/lib/python3.8/site-packages/airflow/example_dags/example_setup_teardown_taskflow.py took 0.042 seconds
[2023-08-20T01:12:51.075+0000] {processor.py:157} INFO - Started process (PID=40) to work on /home/airflow/.local/lib/python3.8/site-packages/airflow/example_dags/example_setup_teardown_taskflow.py
[2023-08-20T01:12:51.076+0000] {processor.py:829} INFO - Processing file /home/airflow/.local/lib/python3.8/site-packages/airflow/example_dags/example_setup_teardown_taskflow.py for tasks to queue
[2023-08-20T01:12:51.077+0000] {logging_mixin.py:151} INFO - [2023-08-20T01:12:51.077+0000] {dagbag.py:539} INFO - Filling up the DagBag from /home/airflow/.local/lib/python3.8/site-packages/airflow/example_dags/example_setup_teardown_taskflow.py
[2023-08-20T01:12:51.084+0000] {processor.py:839} INFO - DAG(s) dict_keys(['example_setup_teardown_taskflow']) retrieved from /home/airflow/.local/lib/python3.8/site-packages/airflow/example_dags/example_setup_teardown_taskflow.py
[2023-08-20T01:12:51.093+0000] {logging_mixin.py:151} INFO - [2023-08-20T01:12:51.093+0000] {dag.py:2907} INFO - Sync 1 DAGs
[2023-08-20T01:12:51.104+0000] {logging_mixin.py:151} INFO - [2023-08-20T01:12:51.104+0000] {dag.py:3677} INFO - Setting next_dagrun for example_setup_teardown_taskflow to 2023-08-19T01:12:51.103879+00:00, run_after=2023-08-20T01:12:51.103879+00:00
[2023-08-20T01:12:51.112+0000] {processor.py:179} INFO - Processing /home/airflow/.local/lib/python3.8/site-packages/airflow/example_dags/example_setup_teardown_taskflow.py took 0.038 seconds
[2023-08-20T01:13:21.623+0000] {processor.py:157} INFO - Started process (PID=93) to work on /home/airflow/.local/lib/python3.8/site-packages/airflow/example_dags/example_setup_teardown_taskflow.py
[2023-08-20T01:13:21.624+0000] {processor.py:829} INFO - Processing file /home/airflow/.local/lib/python3.8/site-packages/airflow/example_dags/example_setup_teardown_taskflow.py for tasks to queue
[2023-08-20T01:13:21.625+0000] {logging_mixin.py:151} INFO - [2023-08-20T01:13:21.625+0000] {dagbag.py:539} INFO - Filling up the DagBag from /home/airflow/.local/lib/python3.8/site-packages/airflow/example_dags/example_setup_teardown_taskflow.py
[2023-08-20T01:13:21.630+0000] {processor.py:839} INFO - DAG(s) dict_keys(['example_setup_teardown_taskflow']) retrieved from /home/airflow/.local/lib/python3.8/site-packages/airflow/example_dags/example_setup_teardown_taskflow.py
[2023-08-20T01:13:21.709+0000] {logging_mixin.py:151} INFO - [2023-08-20T01:13:21.709+0000] {dag.py:2907} INFO - Sync 1 DAGs
[2023-08-20T01:13:21.717+0000] {logging_mixin.py:151} INFO - [2023-08-20T01:13:21.717+0000] {dag.py:3677} INFO - Setting next_dagrun for example_setup_teardown_taskflow to 2023-08-19T01:13:21.717629+00:00, run_after=2023-08-20T01:13:21.717629+00:00
[2023-08-20T01:13:21.724+0000] {processor.py:179} INFO - Processing /home/airflow/.local/lib/python3.8/site-packages/airflow/example_dags/example_setup_teardown_taskflow.py took 0.103 seconds
[2023-08-20T01:13:51.781+0000] {processor.py:157} INFO - Started process (PID=147) to work on /home/airflow/.local/lib/python3.8/site-packages/airflow/example_dags/example_setup_teardown_taskflow.py
[2023-08-20T01:13:51.781+0000] {processor.py:829} INFO - Processing file /home/airflow/.local/lib/python3.8/site-packages/airflow/example_dags/example_setup_teardown_taskflow.py for tasks to queue
[2023-08-20T01:13:51.783+0000] {logging_mixin.py:151} INFO - [2023-08-20T01:13:51.782+0000] {dagbag.py:539} INFO - Filling up the DagBag from /home/airflow/.local/lib/python3.8/site-packages/airflow/example_dags/example_setup_teardown_taskflow.py
[2023-08-20T01:13:51.787+0000] {processor.py:839} INFO - DAG(s) dict_keys(['example_setup_teardown_taskflow']) retrieved from /home/airflow/.local/lib/python3.8/site-packages/airflow/example_dags/example_setup_teardown_taskflow.py
[2023-08-20T01:13:51.799+0000] {logging_mixin.py:151} INFO - [2023-08-20T01:13:51.799+0000] {dag.py:2907} INFO - Sync 1 DAGs
[2023-08-20T01:13:51.810+0000] {logging_mixin.py:151} INFO - [2023-08-20T01:13:51.809+0000] {dag.py:3677} INFO - Setting next_dagrun for example_setup_teardown_taskflow to 2023-08-19T01:13:51.809793+00:00, run_after=2023-08-20T01:13:51.809793+00:00
[2023-08-20T01:13:51.816+0000] {processor.py:179} INFO - Processing /home/airflow/.local/lib/python3.8/site-packages/airflow/example_dags/example_setup_teardown_taskflow.py took 0.038 seconds
[2023-08-20T01:14:22.364+0000] {processor.py:157} INFO - Started process (PID=201) to work on /home/airflow/.local/lib/python3.8/site-packages/airflow/example_dags/example_setup_teardown_taskflow.py
[2023-08-20T01:14:22.365+0000] {processor.py:829} INFO - Processing file /home/airflow/.local/lib/python3.8/site-packages/airflow/example_dags/example_setup_teardown_taskflow.py for tasks to queue
[2023-08-20T01:14:22.366+0000] {logging_mixin.py:151} INFO - [2023-08-20T01:14:22.366+0000] {dagbag.py:539} INFO - Filling up the DagBag from /home/airflow/.local/lib/python3.8/site-packages/airflow/example_dags/example_setup_teardown_taskflow.py
[2023-08-20T01:14:22.370+0000] {processor.py:839} INFO - DAG(s) dict_keys(['example_setup_teardown_taskflow']) retrieved from /home/airflow/.local/lib/python3.8/site-packages/airflow/example_dags/example_setup_teardown_taskflow.py
[2023-08-20T01:14:22.382+0000] {logging_mixin.py:151} INFO - [2023-08-20T01:14:22.382+0000] {dag.py:2907} INFO - Sync 1 DAGs
[2023-08-20T01:14:22.391+0000] {logging_mixin.py:151} INFO - [2023-08-20T01:14:22.391+0000] {dag.py:3677} INFO - Setting next_dagrun for example_setup_teardown_taskflow to 2023-08-19T01:14:22.391506+00:00, run_after=2023-08-20T01:14:22.391506+00:00
[2023-08-20T01:14:22.398+0000] {processor.py:179} INFO - Processing /home/airflow/.local/lib/python3.8/site-packages/airflow/example_dags/example_setup_teardown_taskflow.py took 0.036 seconds
[2023-08-20T01:14:53.011+0000] {processor.py:157} INFO - Started process (PID=255) to work on /home/airflow/.local/lib/python3.8/site-packages/airflow/example_dags/example_setup_teardown_taskflow.py
[2023-08-20T01:14:53.012+0000] {processor.py:829} INFO - Processing file /home/airflow/.local/lib/python3.8/site-packages/airflow/example_dags/example_setup_teardown_taskflow.py for tasks to queue
[2023-08-20T01:14:53.013+0000] {logging_mixin.py:151} INFO - [2023-08-20T01:14:53.013+0000] {dagbag.py:539} INFO - Filling up the DagBag from /home/airflow/.local/lib/python3.8/site-packages/airflow/example_dags/example_setup_teardown_taskflow.py
[2023-08-20T01:14:53.017+0000] {processor.py:839} INFO - DAG(s) dict_keys(['example_setup_teardown_taskflow']) retrieved from /home/airflow/.local/lib/python3.8/site-packages/airflow/example_dags/example_setup_teardown_taskflow.py
[2023-08-20T01:14:53.029+0000] {logging_mixin.py:151} INFO - [2023-08-20T01:14:53.029+0000] {dag.py:2907} INFO - Sync 1 DAGs
[2023-08-20T01:14:53.038+0000] {logging_mixin.py:151} INFO - [2023-08-20T01:14:53.038+0000] {dag.py:3677} INFO - Setting next_dagrun for example_setup_teardown_taskflow to 2023-08-19T01:14:53.038477+00:00, run_after=2023-08-20T01:14:53.038477+00:00
[2023-08-20T01:14:53.045+0000] {processor.py:179} INFO - Processing /home/airflow/.local/lib/python3.8/site-packages/airflow/example_dags/example_setup_teardown_taskflow.py took 0.036 seconds
[2023-08-20T01:15:23.632+0000] {processor.py:157} INFO - Started process (PID=309) to work on /home/airflow/.local/lib/python3.8/site-packages/airflow/example_dags/example_setup_teardown_taskflow.py
[2023-08-20T01:15:23.633+0000] {processor.py:829} INFO - Processing file /home/airflow/.local/lib/python3.8/site-packages/airflow/example_dags/example_setup_teardown_taskflow.py for tasks to queue
[2023-08-20T01:15:23.634+0000] {logging_mixin.py:151} INFO - [2023-08-20T01:15:23.633+0000] {dagbag.py:539} INFO - Filling up the DagBag from /home/airflow/.local/lib/python3.8/site-packages/airflow/example_dags/example_setup_teardown_taskflow.py
[2023-08-20T01:15:23.638+0000] {processor.py:839} INFO - DAG(s) dict_keys(['example_setup_teardown_taskflow']) retrieved from /home/airflow/.local/lib/python3.8/site-packages/airflow/example_dags/example_setup_teardown_taskflow.py
[2023-08-20T01:15:23.650+0000] {logging_mixin.py:151} INFO - [2023-08-20T01:15:23.650+0000] {dag.py:2907} INFO - Sync 1 DAGs
[2023-08-20T01:15:23.660+0000] {logging_mixin.py:151} INFO - [2023-08-20T01:15:23.660+0000] {dag.py:3677} INFO - Setting next_dagrun for example_setup_teardown_taskflow to 2023-08-19T01:15:23.659864+00:00, run_after=2023-08-20T01:15:23.659864+00:00
[2023-08-20T01:15:23.666+0000] {processor.py:179} INFO - Processing /home/airflow/.local/lib/python3.8/site-packages/airflow/example_dags/example_setup_teardown_taskflow.py took 0.036 seconds
