[2023-08-20T01:09:27.466+0000] {processor.py:157} INFO - Started process (PID=73) to work on /home/airflow/.local/lib/python3.8/site-packages/airflow/example_dags/example_nested_branch_dag.py
[2023-08-20T01:09:27.466+0000] {processor.py:829} INFO - Processing file /home/airflow/.local/lib/python3.8/site-packages/airflow/example_dags/example_nested_branch_dag.py for tasks to queue
[2023-08-20T01:09:27.468+0000] {logging_mixin.py:151} INFO - [2023-08-20T01:09:27.467+0000] {dagbag.py:539} INFO - Filling up the DagBag from /home/airflow/.local/lib/python3.8/site-packages/airflow/example_dags/example_nested_branch_dag.py
[2023-08-20T01:09:27.473+0000] {processor.py:839} INFO - DAG(s) dict_keys(['example_nested_branch_dag']) retrieved from /home/airflow/.local/lib/python3.8/site-packages/airflow/example_dags/example_nested_branch_dag.py
[2023-08-20T01:09:27.519+0000] {logging_mixin.py:151} INFO - [2023-08-20T01:09:27.519+0000] {manager.py:501} INFO - Created Permission View: can edit on DAG:example_nested_branch_dag
[2023-08-20T01:09:27.523+0000] {logging_mixin.py:151} INFO - [2023-08-20T01:09:27.523+0000] {manager.py:501} INFO - Created Permission View: can delete on DAG:example_nested_branch_dag
[2023-08-20T01:09:27.526+0000] {logging_mixin.py:151} INFO - [2023-08-20T01:09:27.525+0000] {manager.py:501} INFO - Created Permission View: can read on DAG:example_nested_branch_dag
[2023-08-20T01:09:27.531+0000] {logging_mixin.py:151} INFO - [2023-08-20T01:09:27.531+0000] {dag.py:2907} INFO - Sync 1 DAGs
[2023-08-20T01:09:27.536+0000] {logging_mixin.py:151} INFO - [2023-08-20T01:09:27.536+0000] {dag.py:2929} INFO - Creating ORM DAG for example_nested_branch_dag
[2023-08-20T01:09:27.541+0000] {logging_mixin.py:151} INFO - [2023-08-20T01:09:27.541+0000] {dag.py:3677} INFO - Setting next_dagrun for example_nested_branch_dag to 2023-08-19T00:00:00+00:00, run_after=2023-08-20T00:00:00+00:00
[2023-08-20T01:09:27.548+0000] {processor.py:179} INFO - Processing /home/airflow/.local/lib/python3.8/site-packages/airflow/example_dags/example_nested_branch_dag.py took 0.085 seconds
[2023-08-20T01:09:57.777+0000] {processor.py:157} INFO - Started process (PID=127) to work on /home/airflow/.local/lib/python3.8/site-packages/airflow/example_dags/example_nested_branch_dag.py
[2023-08-20T01:09:57.777+0000] {processor.py:829} INFO - Processing file /home/airflow/.local/lib/python3.8/site-packages/airflow/example_dags/example_nested_branch_dag.py for tasks to queue
[2023-08-20T01:09:57.778+0000] {logging_mixin.py:151} INFO - [2023-08-20T01:09:57.778+0000] {dagbag.py:539} INFO - Filling up the DagBag from /home/airflow/.local/lib/python3.8/site-packages/airflow/example_dags/example_nested_branch_dag.py
[2023-08-20T01:09:57.784+0000] {processor.py:839} INFO - DAG(s) dict_keys(['example_nested_branch_dag']) retrieved from /home/airflow/.local/lib/python3.8/site-packages/airflow/example_dags/example_nested_branch_dag.py
[2023-08-20T01:09:57.796+0000] {logging_mixin.py:151} INFO - [2023-08-20T01:09:57.796+0000] {dag.py:2907} INFO - Sync 1 DAGs
[2023-08-20T01:09:57.806+0000] {logging_mixin.py:151} INFO - [2023-08-20T01:09:57.806+0000] {dag.py:3677} INFO - Setting next_dagrun for example_nested_branch_dag to 2023-08-19T00:00:00+00:00, run_after=2023-08-20T00:00:00+00:00
[2023-08-20T01:09:57.813+0000] {processor.py:179} INFO - Processing /home/airflow/.local/lib/python3.8/site-packages/airflow/example_dags/example_nested_branch_dag.py took 0.038 seconds
[2023-08-20T01:10:28.485+0000] {processor.py:157} INFO - Started process (PID=181) to work on /home/airflow/.local/lib/python3.8/site-packages/airflow/example_dags/example_nested_branch_dag.py
[2023-08-20T01:10:28.485+0000] {processor.py:829} INFO - Processing file /home/airflow/.local/lib/python3.8/site-packages/airflow/example_dags/example_nested_branch_dag.py for tasks to queue
[2023-08-20T01:10:28.487+0000] {logging_mixin.py:151} INFO - [2023-08-20T01:10:28.486+0000] {dagbag.py:539} INFO - Filling up the DagBag from /home/airflow/.local/lib/python3.8/site-packages/airflow/example_dags/example_nested_branch_dag.py
[2023-08-20T01:10:28.492+0000] {processor.py:839} INFO - DAG(s) dict_keys(['example_nested_branch_dag']) retrieved from /home/airflow/.local/lib/python3.8/site-packages/airflow/example_dags/example_nested_branch_dag.py
[2023-08-20T01:10:28.505+0000] {logging_mixin.py:151} INFO - [2023-08-20T01:10:28.505+0000] {dag.py:2907} INFO - Sync 1 DAGs
[2023-08-20T01:10:28.515+0000] {logging_mixin.py:151} INFO - [2023-08-20T01:10:28.515+0000] {dag.py:3677} INFO - Setting next_dagrun for example_nested_branch_dag to 2023-08-19T00:00:00+00:00, run_after=2023-08-20T00:00:00+00:00
[2023-08-20T01:10:28.523+0000] {processor.py:179} INFO - Processing /home/airflow/.local/lib/python3.8/site-packages/airflow/example_dags/example_nested_branch_dag.py took 0.040 seconds
[2023-08-20T01:10:59.166+0000] {processor.py:157} INFO - Started process (PID=235) to work on /home/airflow/.local/lib/python3.8/site-packages/airflow/example_dags/example_nested_branch_dag.py
[2023-08-20T01:10:59.167+0000] {processor.py:829} INFO - Processing file /home/airflow/.local/lib/python3.8/site-packages/airflow/example_dags/example_nested_branch_dag.py for tasks to queue
[2023-08-20T01:10:59.168+0000] {logging_mixin.py:151} INFO - [2023-08-20T01:10:59.168+0000] {dagbag.py:539} INFO - Filling up the DagBag from /home/airflow/.local/lib/python3.8/site-packages/airflow/example_dags/example_nested_branch_dag.py
[2023-08-20T01:10:59.173+0000] {processor.py:839} INFO - DAG(s) dict_keys(['example_nested_branch_dag']) retrieved from /home/airflow/.local/lib/python3.8/site-packages/airflow/example_dags/example_nested_branch_dag.py
[2023-08-20T01:10:59.185+0000] {logging_mixin.py:151} INFO - [2023-08-20T01:10:59.185+0000] {dag.py:2907} INFO - Sync 1 DAGs
[2023-08-20T01:10:59.196+0000] {logging_mixin.py:151} INFO - [2023-08-20T01:10:59.196+0000] {dag.py:3677} INFO - Setting next_dagrun for example_nested_branch_dag to 2023-08-19T00:00:00+00:00, run_after=2023-08-20T00:00:00+00:00
[2023-08-20T01:10:59.203+0000] {processor.py:179} INFO - Processing /home/airflow/.local/lib/python3.8/site-packages/airflow/example_dags/example_nested_branch_dag.py took 0.038 seconds
[2023-08-20T01:11:29.892+0000] {processor.py:157} INFO - Started process (PID=289) to work on /home/airflow/.local/lib/python3.8/site-packages/airflow/example_dags/example_nested_branch_dag.py
[2023-08-20T01:11:29.893+0000] {processor.py:829} INFO - Processing file /home/airflow/.local/lib/python3.8/site-packages/airflow/example_dags/example_nested_branch_dag.py for tasks to queue
[2023-08-20T01:11:29.894+0000] {logging_mixin.py:151} INFO - [2023-08-20T01:11:29.894+0000] {dagbag.py:539} INFO - Filling up the DagBag from /home/airflow/.local/lib/python3.8/site-packages/airflow/example_dags/example_nested_branch_dag.py
[2023-08-20T01:11:29.900+0000] {processor.py:839} INFO - DAG(s) dict_keys(['example_nested_branch_dag']) retrieved from /home/airflow/.local/lib/python3.8/site-packages/airflow/example_dags/example_nested_branch_dag.py
[2023-08-20T01:11:29.913+0000] {logging_mixin.py:151} INFO - [2023-08-20T01:11:29.912+0000] {dag.py:2907} INFO - Sync 1 DAGs
[2023-08-20T01:11:29.924+0000] {logging_mixin.py:151} INFO - [2023-08-20T01:11:29.924+0000] {dag.py:3677} INFO - Setting next_dagrun for example_nested_branch_dag to 2023-08-19T00:00:00+00:00, run_after=2023-08-20T00:00:00+00:00
[2023-08-20T01:11:29.931+0000] {processor.py:179} INFO - Processing /home/airflow/.local/lib/python3.8/site-packages/airflow/example_dags/example_nested_branch_dag.py took 0.041 seconds
[2023-08-20T01:12:00.677+0000] {processor.py:157} INFO - Started process (PID=343) to work on /home/airflow/.local/lib/python3.8/site-packages/airflow/example_dags/example_nested_branch_dag.py
[2023-08-20T01:12:00.678+0000] {processor.py:829} INFO - Processing file /home/airflow/.local/lib/python3.8/site-packages/airflow/example_dags/example_nested_branch_dag.py for tasks to queue
[2023-08-20T01:12:00.679+0000] {logging_mixin.py:151} INFO - [2023-08-20T01:12:00.678+0000] {dagbag.py:539} INFO - Filling up the DagBag from /home/airflow/.local/lib/python3.8/site-packages/airflow/example_dags/example_nested_branch_dag.py
[2023-08-20T01:12:00.685+0000] {processor.py:839} INFO - DAG(s) dict_keys(['example_nested_branch_dag']) retrieved from /home/airflow/.local/lib/python3.8/site-packages/airflow/example_dags/example_nested_branch_dag.py
[2023-08-20T01:12:00.697+0000] {logging_mixin.py:151} INFO - [2023-08-20T01:12:00.697+0000] {dag.py:2907} INFO - Sync 1 DAGs
[2023-08-20T01:12:00.707+0000] {logging_mixin.py:151} INFO - [2023-08-20T01:12:00.707+0000] {dag.py:3677} INFO - Setting next_dagrun for example_nested_branch_dag to 2023-08-19T00:00:00+00:00, run_after=2023-08-20T00:00:00+00:00
[2023-08-20T01:12:00.715+0000] {processor.py:179} INFO - Processing /home/airflow/.local/lib/python3.8/site-packages/airflow/example_dags/example_nested_branch_dag.py took 0.040 seconds
[2023-08-20T01:12:52.550+0000] {processor.py:157} INFO - Started process (PID=72) to work on /home/airflow/.local/lib/python3.8/site-packages/airflow/example_dags/example_nested_branch_dag.py
[2023-08-20T01:12:52.551+0000] {processor.py:829} INFO - Processing file /home/airflow/.local/lib/python3.8/site-packages/airflow/example_dags/example_nested_branch_dag.py for tasks to queue
[2023-08-20T01:12:52.552+0000] {logging_mixin.py:151} INFO - [2023-08-20T01:12:52.551+0000] {dagbag.py:539} INFO - Filling up the DagBag from /home/airflow/.local/lib/python3.8/site-packages/airflow/example_dags/example_nested_branch_dag.py
[2023-08-20T01:12:52.557+0000] {processor.py:839} INFO - DAG(s) dict_keys(['example_nested_branch_dag']) retrieved from /home/airflow/.local/lib/python3.8/site-packages/airflow/example_dags/example_nested_branch_dag.py
[2023-08-20T01:12:52.566+0000] {logging_mixin.py:151} INFO - [2023-08-20T01:12:52.566+0000] {dag.py:2907} INFO - Sync 1 DAGs
[2023-08-20T01:12:52.650+0000] {logging_mixin.py:151} INFO - [2023-08-20T01:12:52.650+0000] {dag.py:3677} INFO - Setting next_dagrun for example_nested_branch_dag to 2023-08-19T00:00:00+00:00, run_after=2023-08-20T00:00:00+00:00
[2023-08-20T01:12:52.658+0000] {processor.py:179} INFO - Processing /home/airflow/.local/lib/python3.8/site-packages/airflow/example_dags/example_nested_branch_dag.py took 0.109 seconds
[2023-08-20T01:13:23.154+0000] {processor.py:157} INFO - Started process (PID=125) to work on /home/airflow/.local/lib/python3.8/site-packages/airflow/example_dags/example_nested_branch_dag.py
[2023-08-20T01:13:23.154+0000] {processor.py:829} INFO - Processing file /home/airflow/.local/lib/python3.8/site-packages/airflow/example_dags/example_nested_branch_dag.py for tasks to queue
[2023-08-20T01:13:23.155+0000] {logging_mixin.py:151} INFO - [2023-08-20T01:13:23.155+0000] {dagbag.py:539} INFO - Filling up the DagBag from /home/airflow/.local/lib/python3.8/site-packages/airflow/example_dags/example_nested_branch_dag.py
[2023-08-20T01:13:23.161+0000] {processor.py:839} INFO - DAG(s) dict_keys(['example_nested_branch_dag']) retrieved from /home/airflow/.local/lib/python3.8/site-packages/airflow/example_dags/example_nested_branch_dag.py
[2023-08-20T01:13:23.173+0000] {logging_mixin.py:151} INFO - [2023-08-20T01:13:23.173+0000] {dag.py:2907} INFO - Sync 1 DAGs
[2023-08-20T01:13:23.183+0000] {logging_mixin.py:151} INFO - [2023-08-20T01:13:23.183+0000] {dag.py:3677} INFO - Setting next_dagrun for example_nested_branch_dag to 2023-08-19T00:00:00+00:00, run_after=2023-08-20T00:00:00+00:00
[2023-08-20T01:13:23.191+0000] {processor.py:179} INFO - Processing /home/airflow/.local/lib/python3.8/site-packages/airflow/example_dags/example_nested_branch_dag.py took 0.039 seconds
[2023-08-20T01:13:53.781+0000] {processor.py:157} INFO - Started process (PID=179) to work on /home/airflow/.local/lib/python3.8/site-packages/airflow/example_dags/example_nested_branch_dag.py
[2023-08-20T01:13:53.781+0000] {processor.py:829} INFO - Processing file /home/airflow/.local/lib/python3.8/site-packages/airflow/example_dags/example_nested_branch_dag.py for tasks to queue
[2023-08-20T01:13:53.782+0000] {logging_mixin.py:151} INFO - [2023-08-20T01:13:53.782+0000] {dagbag.py:539} INFO - Filling up the DagBag from /home/airflow/.local/lib/python3.8/site-packages/airflow/example_dags/example_nested_branch_dag.py
[2023-08-20T01:13:53.788+0000] {processor.py:839} INFO - DAG(s) dict_keys(['example_nested_branch_dag']) retrieved from /home/airflow/.local/lib/python3.8/site-packages/airflow/example_dags/example_nested_branch_dag.py
[2023-08-20T01:13:53.800+0000] {logging_mixin.py:151} INFO - [2023-08-20T01:13:53.800+0000] {dag.py:2907} INFO - Sync 1 DAGs
[2023-08-20T01:13:53.810+0000] {logging_mixin.py:151} INFO - [2023-08-20T01:13:53.810+0000] {dag.py:3677} INFO - Setting next_dagrun for example_nested_branch_dag to 2023-08-19T00:00:00+00:00, run_after=2023-08-20T00:00:00+00:00
[2023-08-20T01:13:53.817+0000] {processor.py:179} INFO - Processing /home/airflow/.local/lib/python3.8/site-packages/airflow/example_dags/example_nested_branch_dag.py took 0.039 seconds
[2023-08-20T01:14:24.379+0000] {processor.py:157} INFO - Started process (PID=233) to work on /home/airflow/.local/lib/python3.8/site-packages/airflow/example_dags/example_nested_branch_dag.py
[2023-08-20T01:14:24.379+0000] {processor.py:829} INFO - Processing file /home/airflow/.local/lib/python3.8/site-packages/airflow/example_dags/example_nested_branch_dag.py for tasks to queue
[2023-08-20T01:14:24.380+0000] {logging_mixin.py:151} INFO - [2023-08-20T01:14:24.380+0000] {dagbag.py:539} INFO - Filling up the DagBag from /home/airflow/.local/lib/python3.8/site-packages/airflow/example_dags/example_nested_branch_dag.py
[2023-08-20T01:14:24.386+0000] {processor.py:839} INFO - DAG(s) dict_keys(['example_nested_branch_dag']) retrieved from /home/airflow/.local/lib/python3.8/site-packages/airflow/example_dags/example_nested_branch_dag.py
[2023-08-20T01:14:24.398+0000] {logging_mixin.py:151} INFO - [2023-08-20T01:14:24.398+0000] {dag.py:2907} INFO - Sync 1 DAGs
[2023-08-20T01:14:24.408+0000] {logging_mixin.py:151} INFO - [2023-08-20T01:14:24.408+0000] {dag.py:3677} INFO - Setting next_dagrun for example_nested_branch_dag to 2023-08-19T00:00:00+00:00, run_after=2023-08-20T00:00:00+00:00
[2023-08-20T01:14:24.415+0000] {processor.py:179} INFO - Processing /home/airflow/.local/lib/python3.8/site-packages/airflow/example_dags/example_nested_branch_dag.py took 0.038 seconds
[2023-08-20T01:14:55.009+0000] {processor.py:157} INFO - Started process (PID=287) to work on /home/airflow/.local/lib/python3.8/site-packages/airflow/example_dags/example_nested_branch_dag.py
[2023-08-20T01:14:55.010+0000] {processor.py:829} INFO - Processing file /home/airflow/.local/lib/python3.8/site-packages/airflow/example_dags/example_nested_branch_dag.py for tasks to queue
[2023-08-20T01:14:55.011+0000] {logging_mixin.py:151} INFO - [2023-08-20T01:14:55.011+0000] {dagbag.py:539} INFO - Filling up the DagBag from /home/airflow/.local/lib/python3.8/site-packages/airflow/example_dags/example_nested_branch_dag.py
[2023-08-20T01:14:55.016+0000] {processor.py:839} INFO - DAG(s) dict_keys(['example_nested_branch_dag']) retrieved from /home/airflow/.local/lib/python3.8/site-packages/airflow/example_dags/example_nested_branch_dag.py
[2023-08-20T01:14:55.029+0000] {logging_mixin.py:151} INFO - [2023-08-20T01:14:55.029+0000] {dag.py:2907} INFO - Sync 1 DAGs
[2023-08-20T01:14:55.039+0000] {logging_mixin.py:151} INFO - [2023-08-20T01:14:55.039+0000] {dag.py:3677} INFO - Setting next_dagrun for example_nested_branch_dag to 2023-08-19T00:00:00+00:00, run_after=2023-08-20T00:00:00+00:00
[2023-08-20T01:14:55.046+0000] {processor.py:179} INFO - Processing /home/airflow/.local/lib/python3.8/site-packages/airflow/example_dags/example_nested_branch_dag.py took 0.039 seconds
[2023-08-20T01:15:25.611+0000] {processor.py:157} INFO - Started process (PID=341) to work on /home/airflow/.local/lib/python3.8/site-packages/airflow/example_dags/example_nested_branch_dag.py
[2023-08-20T01:15:25.611+0000] {processor.py:829} INFO - Processing file /home/airflow/.local/lib/python3.8/site-packages/airflow/example_dags/example_nested_branch_dag.py for tasks to queue
[2023-08-20T01:15:25.612+0000] {logging_mixin.py:151} INFO - [2023-08-20T01:15:25.612+0000] {dagbag.py:539} INFO - Filling up the DagBag from /home/airflow/.local/lib/python3.8/site-packages/airflow/example_dags/example_nested_branch_dag.py
[2023-08-20T01:15:25.618+0000] {processor.py:839} INFO - DAG(s) dict_keys(['example_nested_branch_dag']) retrieved from /home/airflow/.local/lib/python3.8/site-packages/airflow/example_dags/example_nested_branch_dag.py
[2023-08-20T01:15:25.630+0000] {logging_mixin.py:151} INFO - [2023-08-20T01:15:25.629+0000] {dag.py:2907} INFO - Sync 1 DAGs
[2023-08-20T01:15:25.640+0000] {logging_mixin.py:151} INFO - [2023-08-20T01:15:25.640+0000] {dag.py:3677} INFO - Setting next_dagrun for example_nested_branch_dag to 2023-08-19T00:00:00+00:00, run_after=2023-08-20T00:00:00+00:00
[2023-08-20T01:15:25.647+0000] {processor.py:179} INFO - Processing /home/airflow/.local/lib/python3.8/site-packages/airflow/example_dags/example_nested_branch_dag.py took 0.039 seconds
