[2023-08-20T01:09:26.702+0000] {processor.py:157} INFO - Started process (PID=59) to work on /home/airflow/.local/lib/python3.8/site-packages/airflow/example_dags/example_latest_only_with_trigger.py
[2023-08-20T01:09:26.703+0000] {processor.py:829} INFO - Processing file /home/airflow/.local/lib/python3.8/site-packages/airflow/example_dags/example_latest_only_with_trigger.py for tasks to queue
[2023-08-20T01:09:26.704+0000] {logging_mixin.py:151} INFO - [2023-08-20T01:09:26.704+0000] {dagbag.py:539} INFO - Filling up the DagBag from /home/airflow/.local/lib/python3.8/site-packages/airflow/example_dags/example_latest_only_with_trigger.py
[2023-08-20T01:09:26.709+0000] {processor.py:839} INFO - DAG(s) dict_keys(['latest_only_with_trigger']) retrieved from /home/airflow/.local/lib/python3.8/site-packages/airflow/example_dags/example_latest_only_with_trigger.py
[2023-08-20T01:09:26.754+0000] {logging_mixin.py:151} INFO - [2023-08-20T01:09:26.754+0000] {manager.py:501} INFO - Created Permission View: can edit on DAG:latest_only_with_trigger
[2023-08-20T01:09:26.758+0000] {logging_mixin.py:151} INFO - [2023-08-20T01:09:26.758+0000] {manager.py:501} INFO - Created Permission View: can delete on DAG:latest_only_with_trigger
[2023-08-20T01:09:26.760+0000] {logging_mixin.py:151} INFO - [2023-08-20T01:09:26.760+0000] {manager.py:501} INFO - Created Permission View: can read on DAG:latest_only_with_trigger
[2023-08-20T01:09:26.765+0000] {logging_mixin.py:151} INFO - [2023-08-20T01:09:26.765+0000] {dag.py:2907} INFO - Sync 1 DAGs
[2023-08-20T01:09:26.770+0000] {logging_mixin.py:151} INFO - [2023-08-20T01:09:26.770+0000] {dag.py:2929} INFO - Creating ORM DAG for latest_only_with_trigger
[2023-08-20T01:09:26.774+0000] {logging_mixin.py:151} INFO - [2023-08-20T01:09:26.774+0000] {dag.py:3677} INFO - Setting next_dagrun for latest_only_with_trigger to 2023-08-19T21:09:26.774525+00:00, run_after=2023-08-20T01:09:26.774525+00:00
[2023-08-20T01:09:26.781+0000] {processor.py:179} INFO - Processing /home/airflow/.local/lib/python3.8/site-packages/airflow/example_dags/example_latest_only_with_trigger.py took 0.080 seconds
[2023-08-20T01:09:57.269+0000] {processor.py:157} INFO - Started process (PID=113) to work on /home/airflow/.local/lib/python3.8/site-packages/airflow/example_dags/example_latest_only_with_trigger.py
[2023-08-20T01:09:57.269+0000] {processor.py:829} INFO - Processing file /home/airflow/.local/lib/python3.8/site-packages/airflow/example_dags/example_latest_only_with_trigger.py for tasks to queue
[2023-08-20T01:09:57.271+0000] {logging_mixin.py:151} INFO - [2023-08-20T01:09:57.270+0000] {dagbag.py:539} INFO - Filling up the DagBag from /home/airflow/.local/lib/python3.8/site-packages/airflow/example_dags/example_latest_only_with_trigger.py
[2023-08-20T01:09:57.274+0000] {processor.py:839} INFO - DAG(s) dict_keys(['latest_only_with_trigger']) retrieved from /home/airflow/.local/lib/python3.8/site-packages/airflow/example_dags/example_latest_only_with_trigger.py
[2023-08-20T01:09:57.285+0000] {logging_mixin.py:151} INFO - [2023-08-20T01:09:57.285+0000] {dag.py:2907} INFO - Sync 1 DAGs
[2023-08-20T01:09:57.294+0000] {logging_mixin.py:151} INFO - [2023-08-20T01:09:57.294+0000] {dag.py:3677} INFO - Setting next_dagrun for latest_only_with_trigger to 2023-08-19T21:09:57.294159+00:00, run_after=2023-08-20T01:09:57.294159+00:00
[2023-08-20T01:09:57.301+0000] {processor.py:179} INFO - Processing /home/airflow/.local/lib/python3.8/site-packages/airflow/example_dags/example_latest_only_with_trigger.py took 0.034 seconds
[2023-08-20T01:10:28.032+0000] {processor.py:157} INFO - Started process (PID=167) to work on /home/airflow/.local/lib/python3.8/site-packages/airflow/example_dags/example_latest_only_with_trigger.py
[2023-08-20T01:10:28.033+0000] {processor.py:829} INFO - Processing file /home/airflow/.local/lib/python3.8/site-packages/airflow/example_dags/example_latest_only_with_trigger.py for tasks to queue
[2023-08-20T01:10:28.034+0000] {logging_mixin.py:151} INFO - [2023-08-20T01:10:28.034+0000] {dagbag.py:539} INFO - Filling up the DagBag from /home/airflow/.local/lib/python3.8/site-packages/airflow/example_dags/example_latest_only_with_trigger.py
[2023-08-20T01:10:28.038+0000] {processor.py:839} INFO - DAG(s) dict_keys(['latest_only_with_trigger']) retrieved from /home/airflow/.local/lib/python3.8/site-packages/airflow/example_dags/example_latest_only_with_trigger.py
[2023-08-20T01:10:28.051+0000] {logging_mixin.py:151} INFO - [2023-08-20T01:10:28.051+0000] {dag.py:2907} INFO - Sync 1 DAGs
[2023-08-20T01:10:28.061+0000] {logging_mixin.py:151} INFO - [2023-08-20T01:10:28.061+0000] {dag.py:3677} INFO - Setting next_dagrun for latest_only_with_trigger to 2023-08-19T21:10:28.061013+00:00, run_after=2023-08-20T01:10:28.061013+00:00
[2023-08-20T01:10:28.068+0000] {processor.py:179} INFO - Processing /home/airflow/.local/lib/python3.8/site-packages/airflow/example_dags/example_latest_only_with_trigger.py took 0.038 seconds
[2023-08-20T01:10:58.723+0000] {processor.py:157} INFO - Started process (PID=221) to work on /home/airflow/.local/lib/python3.8/site-packages/airflow/example_dags/example_latest_only_with_trigger.py
[2023-08-20T01:10:58.723+0000] {processor.py:829} INFO - Processing file /home/airflow/.local/lib/python3.8/site-packages/airflow/example_dags/example_latest_only_with_trigger.py for tasks to queue
[2023-08-20T01:10:58.724+0000] {logging_mixin.py:151} INFO - [2023-08-20T01:10:58.724+0000] {dagbag.py:539} INFO - Filling up the DagBag from /home/airflow/.local/lib/python3.8/site-packages/airflow/example_dags/example_latest_only_with_trigger.py
[2023-08-20T01:10:58.727+0000] {processor.py:839} INFO - DAG(s) dict_keys(['latest_only_with_trigger']) retrieved from /home/airflow/.local/lib/python3.8/site-packages/airflow/example_dags/example_latest_only_with_trigger.py
[2023-08-20T01:10:58.739+0000] {logging_mixin.py:151} INFO - [2023-08-20T01:10:58.739+0000] {dag.py:2907} INFO - Sync 1 DAGs
[2023-08-20T01:10:58.749+0000] {logging_mixin.py:151} INFO - [2023-08-20T01:10:58.749+0000] {dag.py:3677} INFO - Setting next_dagrun for latest_only_with_trigger to 2023-08-19T21:10:58.749286+00:00, run_after=2023-08-20T01:10:58.749286+00:00
[2023-08-20T01:10:58.756+0000] {processor.py:179} INFO - Processing /home/airflow/.local/lib/python3.8/site-packages/airflow/example_dags/example_latest_only_with_trigger.py took 0.036 seconds
[2023-08-20T01:11:29.417+0000] {processor.py:157} INFO - Started process (PID=275) to work on /home/airflow/.local/lib/python3.8/site-packages/airflow/example_dags/example_latest_only_with_trigger.py
[2023-08-20T01:11:29.418+0000] {processor.py:829} INFO - Processing file /home/airflow/.local/lib/python3.8/site-packages/airflow/example_dags/example_latest_only_with_trigger.py for tasks to queue
[2023-08-20T01:11:29.419+0000] {logging_mixin.py:151} INFO - [2023-08-20T01:11:29.419+0000] {dagbag.py:539} INFO - Filling up the DagBag from /home/airflow/.local/lib/python3.8/site-packages/airflow/example_dags/example_latest_only_with_trigger.py
[2023-08-20T01:11:29.422+0000] {processor.py:839} INFO - DAG(s) dict_keys(['latest_only_with_trigger']) retrieved from /home/airflow/.local/lib/python3.8/site-packages/airflow/example_dags/example_latest_only_with_trigger.py
[2023-08-20T01:11:29.434+0000] {logging_mixin.py:151} INFO - [2023-08-20T01:11:29.434+0000] {dag.py:2907} INFO - Sync 1 DAGs
[2023-08-20T01:11:29.443+0000] {logging_mixin.py:151} INFO - [2023-08-20T01:11:29.443+0000] {dag.py:3677} INFO - Setting next_dagrun for latest_only_with_trigger to 2023-08-19T21:11:29.443323+00:00, run_after=2023-08-20T01:11:29.443323+00:00
[2023-08-20T01:11:29.450+0000] {processor.py:179} INFO - Processing /home/airflow/.local/lib/python3.8/site-packages/airflow/example_dags/example_latest_only_with_trigger.py took 0.035 seconds
[2023-08-20T01:12:00.138+0000] {processor.py:157} INFO - Started process (PID=329) to work on /home/airflow/.local/lib/python3.8/site-packages/airflow/example_dags/example_latest_only_with_trigger.py
[2023-08-20T01:12:00.138+0000] {processor.py:829} INFO - Processing file /home/airflow/.local/lib/python3.8/site-packages/airflow/example_dags/example_latest_only_with_trigger.py for tasks to queue
[2023-08-20T01:12:00.139+0000] {logging_mixin.py:151} INFO - [2023-08-20T01:12:00.139+0000] {dagbag.py:539} INFO - Filling up the DagBag from /home/airflow/.local/lib/python3.8/site-packages/airflow/example_dags/example_latest_only_with_trigger.py
[2023-08-20T01:12:00.142+0000] {processor.py:839} INFO - DAG(s) dict_keys(['latest_only_with_trigger']) retrieved from /home/airflow/.local/lib/python3.8/site-packages/airflow/example_dags/example_latest_only_with_trigger.py
[2023-08-20T01:12:00.155+0000] {logging_mixin.py:151} INFO - [2023-08-20T01:12:00.155+0000] {dag.py:2907} INFO - Sync 1 DAGs
[2023-08-20T01:12:00.165+0000] {logging_mixin.py:151} INFO - [2023-08-20T01:12:00.165+0000] {dag.py:3677} INFO - Setting next_dagrun for latest_only_with_trigger to 2023-08-19T21:12:00.165098+00:00, run_after=2023-08-20T01:12:00.165098+00:00
[2023-08-20T01:12:00.172+0000] {processor.py:179} INFO - Processing /home/airflow/.local/lib/python3.8/site-packages/airflow/example_dags/example_latest_only_with_trigger.py took 0.037 seconds
[2023-08-20T01:12:51.732+0000] {processor.py:157} INFO - Started process (PID=58) to work on /home/airflow/.local/lib/python3.8/site-packages/airflow/example_dags/example_latest_only_with_trigger.py
[2023-08-20T01:12:51.733+0000] {processor.py:829} INFO - Processing file /home/airflow/.local/lib/python3.8/site-packages/airflow/example_dags/example_latest_only_with_trigger.py for tasks to queue
[2023-08-20T01:12:51.734+0000] {logging_mixin.py:151} INFO - [2023-08-20T01:12:51.734+0000] {dagbag.py:539} INFO - Filling up the DagBag from /home/airflow/.local/lib/python3.8/site-packages/airflow/example_dags/example_latest_only_with_trigger.py
[2023-08-20T01:12:51.739+0000] {processor.py:839} INFO - DAG(s) dict_keys(['latest_only_with_trigger']) retrieved from /home/airflow/.local/lib/python3.8/site-packages/airflow/example_dags/example_latest_only_with_trigger.py
[2023-08-20T01:12:51.748+0000] {logging_mixin.py:151} INFO - [2023-08-20T01:12:51.748+0000] {dag.py:2907} INFO - Sync 1 DAGs
[2023-08-20T01:12:51.758+0000] {logging_mixin.py:151} INFO - [2023-08-20T01:12:51.758+0000] {dag.py:3677} INFO - Setting next_dagrun for latest_only_with_trigger to 2023-08-19T21:12:51.758300+00:00, run_after=2023-08-20T01:12:51.758300+00:00
[2023-08-20T01:12:51.766+0000] {processor.py:179} INFO - Processing /home/airflow/.local/lib/python3.8/site-packages/airflow/example_dags/example_latest_only_with_trigger.py took 0.036 seconds
[2023-08-20T01:13:22.641+0000] {processor.py:157} INFO - Started process (PID=111) to work on /home/airflow/.local/lib/python3.8/site-packages/airflow/example_dags/example_latest_only_with_trigger.py
[2023-08-20T01:13:22.642+0000] {processor.py:829} INFO - Processing file /home/airflow/.local/lib/python3.8/site-packages/airflow/example_dags/example_latest_only_with_trigger.py for tasks to queue
[2023-08-20T01:13:22.643+0000] {logging_mixin.py:151} INFO - [2023-08-20T01:13:22.643+0000] {dagbag.py:539} INFO - Filling up the DagBag from /home/airflow/.local/lib/python3.8/site-packages/airflow/example_dags/example_latest_only_with_trigger.py
[2023-08-20T01:13:22.646+0000] {processor.py:839} INFO - DAG(s) dict_keys(['latest_only_with_trigger']) retrieved from /home/airflow/.local/lib/python3.8/site-packages/airflow/example_dags/example_latest_only_with_trigger.py
[2023-08-20T01:13:22.657+0000] {logging_mixin.py:151} INFO - [2023-08-20T01:13:22.657+0000] {dag.py:2907} INFO - Sync 1 DAGs
[2023-08-20T01:13:22.665+0000] {logging_mixin.py:151} INFO - [2023-08-20T01:13:22.665+0000] {dag.py:3677} INFO - Setting next_dagrun for latest_only_with_trigger to 2023-08-19T21:13:22.665702+00:00, run_after=2023-08-20T01:13:22.665702+00:00
[2023-08-20T01:13:22.672+0000] {processor.py:179} INFO - Processing /home/airflow/.local/lib/python3.8/site-packages/airflow/example_dags/example_latest_only_with_trigger.py took 0.032 seconds
[2023-08-20T01:13:53.364+0000] {processor.py:157} INFO - Started process (PID=165) to work on /home/airflow/.local/lib/python3.8/site-packages/airflow/example_dags/example_latest_only_with_trigger.py
[2023-08-20T01:13:53.364+0000] {processor.py:829} INFO - Processing file /home/airflow/.local/lib/python3.8/site-packages/airflow/example_dags/example_latest_only_with_trigger.py for tasks to queue
[2023-08-20T01:13:53.365+0000] {logging_mixin.py:151} INFO - [2023-08-20T01:13:53.365+0000] {dagbag.py:539} INFO - Filling up the DagBag from /home/airflow/.local/lib/python3.8/site-packages/airflow/example_dags/example_latest_only_with_trigger.py
[2023-08-20T01:13:53.368+0000] {processor.py:839} INFO - DAG(s) dict_keys(['latest_only_with_trigger']) retrieved from /home/airflow/.local/lib/python3.8/site-packages/airflow/example_dags/example_latest_only_with_trigger.py
[2023-08-20T01:13:53.380+0000] {logging_mixin.py:151} INFO - [2023-08-20T01:13:53.379+0000] {dag.py:2907} INFO - Sync 1 DAGs
[2023-08-20T01:13:53.388+0000] {logging_mixin.py:151} INFO - [2023-08-20T01:13:53.388+0000] {dag.py:3677} INFO - Setting next_dagrun for latest_only_with_trigger to 2023-08-19T21:13:53.388198+00:00, run_after=2023-08-20T01:13:53.388198+00:00
[2023-08-20T01:13:53.394+0000] {processor.py:179} INFO - Processing /home/airflow/.local/lib/python3.8/site-packages/airflow/example_dags/example_latest_only_with_trigger.py took 0.032 seconds
[2023-08-20T01:14:23.908+0000] {processor.py:157} INFO - Started process (PID=219) to work on /home/airflow/.local/lib/python3.8/site-packages/airflow/example_dags/example_latest_only_with_trigger.py
[2023-08-20T01:14:23.909+0000] {processor.py:829} INFO - Processing file /home/airflow/.local/lib/python3.8/site-packages/airflow/example_dags/example_latest_only_with_trigger.py for tasks to queue
[2023-08-20T01:14:23.910+0000] {logging_mixin.py:151} INFO - [2023-08-20T01:14:23.910+0000] {dagbag.py:539} INFO - Filling up the DagBag from /home/airflow/.local/lib/python3.8/site-packages/airflow/example_dags/example_latest_only_with_trigger.py
[2023-08-20T01:14:23.913+0000] {processor.py:839} INFO - DAG(s) dict_keys(['latest_only_with_trigger']) retrieved from /home/airflow/.local/lib/python3.8/site-packages/airflow/example_dags/example_latest_only_with_trigger.py
[2023-08-20T01:14:23.925+0000] {logging_mixin.py:151} INFO - [2023-08-20T01:14:23.925+0000] {dag.py:2907} INFO - Sync 1 DAGs
[2023-08-20T01:14:23.935+0000] {logging_mixin.py:151} INFO - [2023-08-20T01:14:23.935+0000] {dag.py:3677} INFO - Setting next_dagrun for latest_only_with_trigger to 2023-08-19T21:14:23.934976+00:00, run_after=2023-08-20T01:14:23.934976+00:00
[2023-08-20T01:14:23.942+0000] {processor.py:179} INFO - Processing /home/airflow/.local/lib/python3.8/site-packages/airflow/example_dags/example_latest_only_with_trigger.py took 0.035 seconds
[2023-08-20T01:14:54.594+0000] {processor.py:157} INFO - Started process (PID=273) to work on /home/airflow/.local/lib/python3.8/site-packages/airflow/example_dags/example_latest_only_with_trigger.py
[2023-08-20T01:14:54.594+0000] {processor.py:829} INFO - Processing file /home/airflow/.local/lib/python3.8/site-packages/airflow/example_dags/example_latest_only_with_trigger.py for tasks to queue
[2023-08-20T01:14:54.595+0000] {logging_mixin.py:151} INFO - [2023-08-20T01:14:54.595+0000] {dagbag.py:539} INFO - Filling up the DagBag from /home/airflow/.local/lib/python3.8/site-packages/airflow/example_dags/example_latest_only_with_trigger.py
[2023-08-20T01:14:54.598+0000] {processor.py:839} INFO - DAG(s) dict_keys(['latest_only_with_trigger']) retrieved from /home/airflow/.local/lib/python3.8/site-packages/airflow/example_dags/example_latest_only_with_trigger.py
[2023-08-20T01:14:54.610+0000] {logging_mixin.py:151} INFO - [2023-08-20T01:14:54.610+0000] {dag.py:2907} INFO - Sync 1 DAGs
[2023-08-20T01:14:54.619+0000] {logging_mixin.py:151} INFO - [2023-08-20T01:14:54.619+0000] {dag.py:3677} INFO - Setting next_dagrun for latest_only_with_trigger to 2023-08-19T21:14:54.619179+00:00, run_after=2023-08-20T01:14:54.619179+00:00
[2023-08-20T01:14:54.626+0000] {processor.py:179} INFO - Processing /home/airflow/.local/lib/python3.8/site-packages/airflow/example_dags/example_latest_only_with_trigger.py took 0.034 seconds
[2023-08-20T01:15:25.135+0000] {processor.py:157} INFO - Started process (PID=327) to work on /home/airflow/.local/lib/python3.8/site-packages/airflow/example_dags/example_latest_only_with_trigger.py
[2023-08-20T01:15:25.135+0000] {processor.py:829} INFO - Processing file /home/airflow/.local/lib/python3.8/site-packages/airflow/example_dags/example_latest_only_with_trigger.py for tasks to queue
[2023-08-20T01:15:25.136+0000] {logging_mixin.py:151} INFO - [2023-08-20T01:15:25.136+0000] {dagbag.py:539} INFO - Filling up the DagBag from /home/airflow/.local/lib/python3.8/site-packages/airflow/example_dags/example_latest_only_with_trigger.py
[2023-08-20T01:15:25.139+0000] {processor.py:839} INFO - DAG(s) dict_keys(['latest_only_with_trigger']) retrieved from /home/airflow/.local/lib/python3.8/site-packages/airflow/example_dags/example_latest_only_with_trigger.py
[2023-08-20T01:15:25.151+0000] {logging_mixin.py:151} INFO - [2023-08-20T01:15:25.151+0000] {dag.py:2907} INFO - Sync 1 DAGs
[2023-08-20T01:15:25.160+0000] {logging_mixin.py:151} INFO - [2023-08-20T01:15:25.160+0000] {dag.py:3677} INFO - Setting next_dagrun for latest_only_with_trigger to 2023-08-19T21:15:25.160034+00:00, run_after=2023-08-20T01:15:25.160034+00:00
[2023-08-20T01:15:25.167+0000] {processor.py:179} INFO - Processing /home/airflow/.local/lib/python3.8/site-packages/airflow/example_dags/example_latest_only_with_trigger.py took 0.034 seconds
