[2023-08-20T01:09:24.305+0000] {processor.py:157} INFO - Started process (PID=39) to work on /home/airflow/.local/lib/python3.8/site-packages/airflow/example_dags/example_trigger_target_dag.py
[2023-08-20T01:09:24.305+0000] {processor.py:829} INFO - Processing file /home/airflow/.local/lib/python3.8/site-packages/airflow/example_dags/example_trigger_target_dag.py for tasks to queue
[2023-08-20T01:09:24.307+0000] {logging_mixin.py:151} INFO - [2023-08-20T01:09:24.307+0000] {dagbag.py:539} INFO - Filling up the DagBag from /home/airflow/.local/lib/python3.8/site-packages/airflow/example_dags/example_trigger_target_dag.py
[2023-08-20T01:09:24.311+0000] {processor.py:839} INFO - DAG(s) dict_keys(['example_trigger_target_dag']) retrieved from /home/airflow/.local/lib/python3.8/site-packages/airflow/example_dags/example_trigger_target_dag.py
[2023-08-20T01:09:24.435+0000] {logging_mixin.py:151} INFO - [2023-08-20T01:09:24.435+0000] {manager.py:501} INFO - Created Permission View: can edit on DAG:example_trigger_target_dag
[2023-08-20T01:09:24.439+0000] {logging_mixin.py:151} INFO - [2023-08-20T01:09:24.439+0000] {manager.py:501} INFO - Created Permission View: can delete on DAG:example_trigger_target_dag
[2023-08-20T01:09:24.442+0000] {logging_mixin.py:151} INFO - [2023-08-20T01:09:24.442+0000] {manager.py:501} INFO - Created Permission View: can read on DAG:example_trigger_target_dag
[2023-08-20T01:09:24.448+0000] {logging_mixin.py:151} INFO - [2023-08-20T01:09:24.447+0000] {dag.py:2907} INFO - Sync 1 DAGs
[2023-08-20T01:09:24.452+0000] {logging_mixin.py:151} INFO - [2023-08-20T01:09:24.452+0000] {dag.py:2929} INFO - Creating ORM DAG for example_trigger_target_dag
[2023-08-20T01:09:24.452+0000] {logging_mixin.py:151} INFO - [2023-08-20T01:09:24.452+0000] {dag.py:3677} INFO - Setting next_dagrun for example_trigger_target_dag to None, run_after=None
[2023-08-20T01:09:24.459+0000] {processor.py:179} INFO - Processing /home/airflow/.local/lib/python3.8/site-packages/airflow/example_dags/example_trigger_target_dag.py took 0.156 seconds
[2023-08-20T01:09:54.600+0000] {processor.py:157} INFO - Started process (PID=93) to work on /home/airflow/.local/lib/python3.8/site-packages/airflow/example_dags/example_trigger_target_dag.py
[2023-08-20T01:09:54.601+0000] {processor.py:829} INFO - Processing file /home/airflow/.local/lib/python3.8/site-packages/airflow/example_dags/example_trigger_target_dag.py for tasks to queue
[2023-08-20T01:09:54.603+0000] {logging_mixin.py:151} INFO - [2023-08-20T01:09:54.602+0000] {dagbag.py:539} INFO - Filling up the DagBag from /home/airflow/.local/lib/python3.8/site-packages/airflow/example_dags/example_trigger_target_dag.py
[2023-08-20T01:09:54.606+0000] {processor.py:839} INFO - DAG(s) dict_keys(['example_trigger_target_dag']) retrieved from /home/airflow/.local/lib/python3.8/site-packages/airflow/example_dags/example_trigger_target_dag.py
[2023-08-20T01:09:54.617+0000] {logging_mixin.py:151} INFO - [2023-08-20T01:09:54.617+0000] {dag.py:2907} INFO - Sync 1 DAGs
[2023-08-20T01:09:54.623+0000] {logging_mixin.py:151} INFO - [2023-08-20T01:09:54.623+0000] {dag.py:3677} INFO - Setting next_dagrun for example_trigger_target_dag to None, run_after=None
[2023-08-20T01:09:54.630+0000] {processor.py:179} INFO - Processing /home/airflow/.local/lib/python3.8/site-packages/airflow/example_dags/example_trigger_target_dag.py took 0.032 seconds
[2023-08-20T01:10:25.392+0000] {processor.py:157} INFO - Started process (PID=147) to work on /home/airflow/.local/lib/python3.8/site-packages/airflow/example_dags/example_trigger_target_dag.py
[2023-08-20T01:10:25.392+0000] {processor.py:829} INFO - Processing file /home/airflow/.local/lib/python3.8/site-packages/airflow/example_dags/example_trigger_target_dag.py for tasks to queue
[2023-08-20T01:10:25.393+0000] {logging_mixin.py:151} INFO - [2023-08-20T01:10:25.393+0000] {dagbag.py:539} INFO - Filling up the DagBag from /home/airflow/.local/lib/python3.8/site-packages/airflow/example_dags/example_trigger_target_dag.py
[2023-08-20T01:10:25.397+0000] {processor.py:839} INFO - DAG(s) dict_keys(['example_trigger_target_dag']) retrieved from /home/airflow/.local/lib/python3.8/site-packages/airflow/example_dags/example_trigger_target_dag.py
[2023-08-20T01:10:25.409+0000] {logging_mixin.py:151} INFO - [2023-08-20T01:10:25.409+0000] {dag.py:2907} INFO - Sync 1 DAGs
[2023-08-20T01:10:25.415+0000] {logging_mixin.py:151} INFO - [2023-08-20T01:10:25.415+0000] {dag.py:3677} INFO - Setting next_dagrun for example_trigger_target_dag to None, run_after=None
[2023-08-20T01:10:25.423+0000] {processor.py:179} INFO - Processing /home/airflow/.local/lib/python3.8/site-packages/airflow/example_dags/example_trigger_target_dag.py took 0.033 seconds
[2023-08-20T01:10:56.095+0000] {processor.py:157} INFO - Started process (PID=201) to work on /home/airflow/.local/lib/python3.8/site-packages/airflow/example_dags/example_trigger_target_dag.py
[2023-08-20T01:10:56.096+0000] {processor.py:829} INFO - Processing file /home/airflow/.local/lib/python3.8/site-packages/airflow/example_dags/example_trigger_target_dag.py for tasks to queue
[2023-08-20T01:10:56.097+0000] {logging_mixin.py:151} INFO - [2023-08-20T01:10:56.097+0000] {dagbag.py:539} INFO - Filling up the DagBag from /home/airflow/.local/lib/python3.8/site-packages/airflow/example_dags/example_trigger_target_dag.py
[2023-08-20T01:10:56.100+0000] {processor.py:839} INFO - DAG(s) dict_keys(['example_trigger_target_dag']) retrieved from /home/airflow/.local/lib/python3.8/site-packages/airflow/example_dags/example_trigger_target_dag.py
[2023-08-20T01:10:56.112+0000] {logging_mixin.py:151} INFO - [2023-08-20T01:10:56.111+0000] {dag.py:2907} INFO - Sync 1 DAGs
[2023-08-20T01:10:56.117+0000] {logging_mixin.py:151} INFO - [2023-08-20T01:10:56.117+0000] {dag.py:3677} INFO - Setting next_dagrun for example_trigger_target_dag to None, run_after=None
[2023-08-20T01:10:56.124+0000] {processor.py:179} INFO - Processing /home/airflow/.local/lib/python3.8/site-packages/airflow/example_dags/example_trigger_target_dag.py took 0.031 seconds
[2023-08-20T01:11:26.744+0000] {processor.py:157} INFO - Started process (PID=255) to work on /home/airflow/.local/lib/python3.8/site-packages/airflow/example_dags/example_trigger_target_dag.py
[2023-08-20T01:11:26.744+0000] {processor.py:829} INFO - Processing file /home/airflow/.local/lib/python3.8/site-packages/airflow/example_dags/example_trigger_target_dag.py for tasks to queue
[2023-08-20T01:11:26.745+0000] {logging_mixin.py:151} INFO - [2023-08-20T01:11:26.745+0000] {dagbag.py:539} INFO - Filling up the DagBag from /home/airflow/.local/lib/python3.8/site-packages/airflow/example_dags/example_trigger_target_dag.py
[2023-08-20T01:11:26.749+0000] {processor.py:839} INFO - DAG(s) dict_keys(['example_trigger_target_dag']) retrieved from /home/airflow/.local/lib/python3.8/site-packages/airflow/example_dags/example_trigger_target_dag.py
[2023-08-20T01:11:26.761+0000] {logging_mixin.py:151} INFO - [2023-08-20T01:11:26.761+0000] {dag.py:2907} INFO - Sync 1 DAGs
[2023-08-20T01:11:26.767+0000] {logging_mixin.py:151} INFO - [2023-08-20T01:11:26.767+0000] {dag.py:3677} INFO - Setting next_dagrun for example_trigger_target_dag to None, run_after=None
[2023-08-20T01:11:26.774+0000] {processor.py:179} INFO - Processing /home/airflow/.local/lib/python3.8/site-packages/airflow/example_dags/example_trigger_target_dag.py took 0.032 seconds
[2023-08-20T01:11:57.486+0000] {processor.py:157} INFO - Started process (PID=309) to work on /home/airflow/.local/lib/python3.8/site-packages/airflow/example_dags/example_trigger_target_dag.py
[2023-08-20T01:11:57.486+0000] {processor.py:829} INFO - Processing file /home/airflow/.local/lib/python3.8/site-packages/airflow/example_dags/example_trigger_target_dag.py for tasks to queue
[2023-08-20T01:11:57.487+0000] {logging_mixin.py:151} INFO - [2023-08-20T01:11:57.487+0000] {dagbag.py:539} INFO - Filling up the DagBag from /home/airflow/.local/lib/python3.8/site-packages/airflow/example_dags/example_trigger_target_dag.py
[2023-08-20T01:11:57.491+0000] {processor.py:839} INFO - DAG(s) dict_keys(['example_trigger_target_dag']) retrieved from /home/airflow/.local/lib/python3.8/site-packages/airflow/example_dags/example_trigger_target_dag.py
[2023-08-20T01:11:57.501+0000] {logging_mixin.py:151} INFO - [2023-08-20T01:11:57.501+0000] {dag.py:2907} INFO - Sync 1 DAGs
[2023-08-20T01:11:57.507+0000] {logging_mixin.py:151} INFO - [2023-08-20T01:11:57.507+0000] {dag.py:3677} INFO - Setting next_dagrun for example_trigger_target_dag to None, run_after=None
[2023-08-20T01:11:57.514+0000] {processor.py:179} INFO - Processing /home/airflow/.local/lib/python3.8/site-packages/airflow/example_dags/example_trigger_target_dag.py took 0.030 seconds
[2023-08-20T01:12:51.028+0000] {processor.py:157} INFO - Started process (PID=38) to work on /home/airflow/.local/lib/python3.8/site-packages/airflow/example_dags/example_trigger_target_dag.py
[2023-08-20T01:12:51.029+0000] {processor.py:829} INFO - Processing file /home/airflow/.local/lib/python3.8/site-packages/airflow/example_dags/example_trigger_target_dag.py for tasks to queue
[2023-08-20T01:12:51.030+0000] {logging_mixin.py:151} INFO - [2023-08-20T01:12:51.030+0000] {dagbag.py:539} INFO - Filling up the DagBag from /home/airflow/.local/lib/python3.8/site-packages/airflow/example_dags/example_trigger_target_dag.py
[2023-08-20T01:12:51.037+0000] {processor.py:839} INFO - DAG(s) dict_keys(['example_trigger_target_dag']) retrieved from /home/airflow/.local/lib/python3.8/site-packages/airflow/example_dags/example_trigger_target_dag.py
[2023-08-20T01:12:51.047+0000] {logging_mixin.py:151} INFO - [2023-08-20T01:12:51.047+0000] {dag.py:2907} INFO - Sync 1 DAGs
[2023-08-20T01:12:51.054+0000] {logging_mixin.py:151} INFO - [2023-08-20T01:12:51.054+0000] {dag.py:3677} INFO - Setting next_dagrun for example_trigger_target_dag to None, run_after=None
[2023-08-20T01:12:51.063+0000] {processor.py:179} INFO - Processing /home/airflow/.local/lib/python3.8/site-packages/airflow/example_dags/example_trigger_target_dag.py took 0.037 seconds
[2023-08-20T01:13:21.405+0000] {processor.py:157} INFO - Started process (PID=91) to work on /home/airflow/.local/lib/python3.8/site-packages/airflow/example_dags/example_trigger_target_dag.py
[2023-08-20T01:13:21.405+0000] {processor.py:829} INFO - Processing file /home/airflow/.local/lib/python3.8/site-packages/airflow/example_dags/example_trigger_target_dag.py for tasks to queue
[2023-08-20T01:13:21.406+0000] {logging_mixin.py:151} INFO - [2023-08-20T01:13:21.406+0000] {dagbag.py:539} INFO - Filling up the DagBag from /home/airflow/.local/lib/python3.8/site-packages/airflow/example_dags/example_trigger_target_dag.py
[2023-08-20T01:13:21.409+0000] {processor.py:839} INFO - DAG(s) dict_keys(['example_trigger_target_dag']) retrieved from /home/airflow/.local/lib/python3.8/site-packages/airflow/example_dags/example_trigger_target_dag.py
[2023-08-20T01:13:21.485+0000] {logging_mixin.py:151} INFO - [2023-08-20T01:13:21.485+0000] {dag.py:2907} INFO - Sync 1 DAGs
[2023-08-20T01:13:21.490+0000] {logging_mixin.py:151} INFO - [2023-08-20T01:13:21.490+0000] {dag.py:3677} INFO - Setting next_dagrun for example_trigger_target_dag to None, run_after=None
[2023-08-20T01:13:21.498+0000] {processor.py:179} INFO - Processing /home/airflow/.local/lib/python3.8/site-packages/airflow/example_dags/example_trigger_target_dag.py took 0.095 seconds
[2023-08-20T01:13:51.728+0000] {processor.py:157} INFO - Started process (PID=145) to work on /home/airflow/.local/lib/python3.8/site-packages/airflow/example_dags/example_trigger_target_dag.py
[2023-08-20T01:13:51.729+0000] {processor.py:829} INFO - Processing file /home/airflow/.local/lib/python3.8/site-packages/airflow/example_dags/example_trigger_target_dag.py for tasks to queue
[2023-08-20T01:13:51.730+0000] {logging_mixin.py:151} INFO - [2023-08-20T01:13:51.729+0000] {dagbag.py:539} INFO - Filling up the DagBag from /home/airflow/.local/lib/python3.8/site-packages/airflow/example_dags/example_trigger_target_dag.py
[2023-08-20T01:13:51.733+0000] {processor.py:839} INFO - DAG(s) dict_keys(['example_trigger_target_dag']) retrieved from /home/airflow/.local/lib/python3.8/site-packages/airflow/example_dags/example_trigger_target_dag.py
[2023-08-20T01:13:51.744+0000] {logging_mixin.py:151} INFO - [2023-08-20T01:13:51.744+0000] {dag.py:2907} INFO - Sync 1 DAGs
[2023-08-20T01:13:51.750+0000] {logging_mixin.py:151} INFO - [2023-08-20T01:13:51.749+0000] {dag.py:3677} INFO - Setting next_dagrun for example_trigger_target_dag to None, run_after=None
[2023-08-20T01:13:51.759+0000] {processor.py:179} INFO - Processing /home/airflow/.local/lib/python3.8/site-packages/airflow/example_dags/example_trigger_target_dag.py took 0.032 seconds
[2023-08-20T01:14:22.319+0000] {processor.py:157} INFO - Started process (PID=199) to work on /home/airflow/.local/lib/python3.8/site-packages/airflow/example_dags/example_trigger_target_dag.py
[2023-08-20T01:14:22.320+0000] {processor.py:829} INFO - Processing file /home/airflow/.local/lib/python3.8/site-packages/airflow/example_dags/example_trigger_target_dag.py for tasks to queue
[2023-08-20T01:14:22.321+0000] {logging_mixin.py:151} INFO - [2023-08-20T01:14:22.320+0000] {dagbag.py:539} INFO - Filling up the DagBag from /home/airflow/.local/lib/python3.8/site-packages/airflow/example_dags/example_trigger_target_dag.py
[2023-08-20T01:14:22.324+0000] {processor.py:839} INFO - DAG(s) dict_keys(['example_trigger_target_dag']) retrieved from /home/airflow/.local/lib/python3.8/site-packages/airflow/example_dags/example_trigger_target_dag.py
[2023-08-20T01:14:22.335+0000] {logging_mixin.py:151} INFO - [2023-08-20T01:14:22.335+0000] {dag.py:2907} INFO - Sync 1 DAGs
[2023-08-20T01:14:22.340+0000] {logging_mixin.py:151} INFO - [2023-08-20T01:14:22.340+0000] {dag.py:3677} INFO - Setting next_dagrun for example_trigger_target_dag to None, run_after=None
[2023-08-20T01:14:22.348+0000] {processor.py:179} INFO - Processing /home/airflow/.local/lib/python3.8/site-packages/airflow/example_dags/example_trigger_target_dag.py took 0.030 seconds
[2023-08-20T01:14:52.966+0000] {processor.py:157} INFO - Started process (PID=253) to work on /home/airflow/.local/lib/python3.8/site-packages/airflow/example_dags/example_trigger_target_dag.py
[2023-08-20T01:14:52.966+0000] {processor.py:829} INFO - Processing file /home/airflow/.local/lib/python3.8/site-packages/airflow/example_dags/example_trigger_target_dag.py for tasks to queue
[2023-08-20T01:14:52.967+0000] {logging_mixin.py:151} INFO - [2023-08-20T01:14:52.967+0000] {dagbag.py:539} INFO - Filling up the DagBag from /home/airflow/.local/lib/python3.8/site-packages/airflow/example_dags/example_trigger_target_dag.py
[2023-08-20T01:14:52.970+0000] {processor.py:839} INFO - DAG(s) dict_keys(['example_trigger_target_dag']) retrieved from /home/airflow/.local/lib/python3.8/site-packages/airflow/example_dags/example_trigger_target_dag.py
[2023-08-20T01:14:52.982+0000] {logging_mixin.py:151} INFO - [2023-08-20T01:14:52.982+0000] {dag.py:2907} INFO - Sync 1 DAGs
[2023-08-20T01:14:52.987+0000] {logging_mixin.py:151} INFO - [2023-08-20T01:14:52.987+0000] {dag.py:3677} INFO - Setting next_dagrun for example_trigger_target_dag to None, run_after=None
[2023-08-20T01:14:52.995+0000] {processor.py:179} INFO - Processing /home/airflow/.local/lib/python3.8/site-packages/airflow/example_dags/example_trigger_target_dag.py took 0.031 seconds
[2023-08-20T01:15:23.591+0000] {processor.py:157} INFO - Started process (PID=307) to work on /home/airflow/.local/lib/python3.8/site-packages/airflow/example_dags/example_trigger_target_dag.py
[2023-08-20T01:15:23.592+0000] {processor.py:829} INFO - Processing file /home/airflow/.local/lib/python3.8/site-packages/airflow/example_dags/example_trigger_target_dag.py for tasks to queue
[2023-08-20T01:15:23.593+0000] {logging_mixin.py:151} INFO - [2023-08-20T01:15:23.593+0000] {dagbag.py:539} INFO - Filling up the DagBag from /home/airflow/.local/lib/python3.8/site-packages/airflow/example_dags/example_trigger_target_dag.py
[2023-08-20T01:15:23.596+0000] {processor.py:839} INFO - DAG(s) dict_keys(['example_trigger_target_dag']) retrieved from /home/airflow/.local/lib/python3.8/site-packages/airflow/example_dags/example_trigger_target_dag.py
[2023-08-20T01:15:23.607+0000] {logging_mixin.py:151} INFO - [2023-08-20T01:15:23.607+0000] {dag.py:2907} INFO - Sync 1 DAGs
[2023-08-20T01:15:23.613+0000] {logging_mixin.py:151} INFO - [2023-08-20T01:15:23.613+0000] {dag.py:3677} INFO - Setting next_dagrun for example_trigger_target_dag to None, run_after=None
[2023-08-20T01:15:23.620+0000] {processor.py:179} INFO - Processing /home/airflow/.local/lib/python3.8/site-packages/airflow/example_dags/example_trigger_target_dag.py took 0.030 seconds
