[2023-08-20T01:09:24.652+0000] {processor.py:157} INFO - Started process (PID=42) to work on /home/airflow/.local/lib/python3.8/site-packages/airflow/example_dags/example_task_group_decorator.py
[2023-08-20T01:09:24.654+0000] {processor.py:829} INFO - Processing file /home/airflow/.local/lib/python3.8/site-packages/airflow/example_dags/example_task_group_decorator.py for tasks to queue
[2023-08-20T01:09:24.655+0000] {logging_mixin.py:151} INFO - [2023-08-20T01:09:24.655+0000] {dagbag.py:539} INFO - Filling up the DagBag from /home/airflow/.local/lib/python3.8/site-packages/airflow/example_dags/example_task_group_decorator.py
[2023-08-20T01:09:24.664+0000] {processor.py:839} INFO - DAG(s) dict_keys(['example_task_group_decorator']) retrieved from /home/airflow/.local/lib/python3.8/site-packages/airflow/example_dags/example_task_group_decorator.py
[2023-08-20T01:09:24.801+0000] {logging_mixin.py:151} INFO - [2023-08-20T01:09:24.801+0000] {manager.py:501} INFO - Created Permission View: can edit on DAG:example_task_group_decorator
[2023-08-20T01:09:24.805+0000] {logging_mixin.py:151} INFO - [2023-08-20T01:09:24.805+0000] {manager.py:501} INFO - Created Permission View: can delete on DAG:example_task_group_decorator
[2023-08-20T01:09:24.807+0000] {logging_mixin.py:151} INFO - [2023-08-20T01:09:24.807+0000] {manager.py:501} INFO - Created Permission View: can read on DAG:example_task_group_decorator
[2023-08-20T01:09:24.813+0000] {logging_mixin.py:151} INFO - [2023-08-20T01:09:24.813+0000] {dag.py:2907} INFO - Sync 1 DAGs
[2023-08-20T01:09:24.817+0000] {logging_mixin.py:151} INFO - [2023-08-20T01:09:24.817+0000] {dag.py:2929} INFO - Creating ORM DAG for example_task_group_decorator
[2023-08-20T01:09:24.821+0000] {logging_mixin.py:151} INFO - [2023-08-20T01:09:24.821+0000] {dag.py:3677} INFO - Setting next_dagrun for example_task_group_decorator to 2023-08-19T01:09:24.821414+00:00, run_after=2023-08-20T01:09:24.821414+00:00
[2023-08-20T01:09:24.828+0000] {processor.py:179} INFO - Processing /home/airflow/.local/lib/python3.8/site-packages/airflow/example_dags/example_task_group_decorator.py took 0.178 seconds
[2023-08-20T01:09:55.737+0000] {processor.py:157} INFO - Started process (PID=96) to work on /home/airflow/.local/lib/python3.8/site-packages/airflow/example_dags/example_task_group_decorator.py
[2023-08-20T01:09:55.737+0000] {processor.py:829} INFO - Processing file /home/airflow/.local/lib/python3.8/site-packages/airflow/example_dags/example_task_group_decorator.py for tasks to queue
[2023-08-20T01:09:55.739+0000] {logging_mixin.py:151} INFO - [2023-08-20T01:09:55.738+0000] {dagbag.py:539} INFO - Filling up the DagBag from /home/airflow/.local/lib/python3.8/site-packages/airflow/example_dags/example_task_group_decorator.py
[2023-08-20T01:09:55.746+0000] {processor.py:839} INFO - DAG(s) dict_keys(['example_task_group_decorator']) retrieved from /home/airflow/.local/lib/python3.8/site-packages/airflow/example_dags/example_task_group_decorator.py
[2023-08-20T01:09:55.759+0000] {logging_mixin.py:151} INFO - [2023-08-20T01:09:55.759+0000] {dag.py:2907} INFO - Sync 1 DAGs
[2023-08-20T01:09:55.768+0000] {logging_mixin.py:151} INFO - [2023-08-20T01:09:55.768+0000] {dag.py:3677} INFO - Setting next_dagrun for example_task_group_decorator to 2023-08-19T01:09:55.768317+00:00, run_after=2023-08-20T01:09:55.768317+00:00
[2023-08-20T01:09:55.775+0000] {processor.py:179} INFO - Processing /home/airflow/.local/lib/python3.8/site-packages/airflow/example_dags/example_task_group_decorator.py took 0.040 seconds
[2023-08-20T01:10:26.474+0000] {processor.py:157} INFO - Started process (PID=150) to work on /home/airflow/.local/lib/python3.8/site-packages/airflow/example_dags/example_task_group_decorator.py
[2023-08-20T01:10:26.475+0000] {processor.py:829} INFO - Processing file /home/airflow/.local/lib/python3.8/site-packages/airflow/example_dags/example_task_group_decorator.py for tasks to queue
[2023-08-20T01:10:26.477+0000] {logging_mixin.py:151} INFO - [2023-08-20T01:10:26.477+0000] {dagbag.py:539} INFO - Filling up the DagBag from /home/airflow/.local/lib/python3.8/site-packages/airflow/example_dags/example_task_group_decorator.py
[2023-08-20T01:10:26.484+0000] {processor.py:839} INFO - DAG(s) dict_keys(['example_task_group_decorator']) retrieved from /home/airflow/.local/lib/python3.8/site-packages/airflow/example_dags/example_task_group_decorator.py
[2023-08-20T01:10:26.500+0000] {logging_mixin.py:151} INFO - [2023-08-20T01:10:26.499+0000] {dag.py:2907} INFO - Sync 1 DAGs
[2023-08-20T01:10:26.511+0000] {logging_mixin.py:151} INFO - [2023-08-20T01:10:26.511+0000] {dag.py:3677} INFO - Setting next_dagrun for example_task_group_decorator to 2023-08-19T01:10:26.511636+00:00, run_after=2023-08-20T01:10:26.511636+00:00
[2023-08-20T01:10:26.520+0000] {processor.py:179} INFO - Processing /home/airflow/.local/lib/python3.8/site-packages/airflow/example_dags/example_task_group_decorator.py took 0.048 seconds
[2023-08-20T01:10:57.197+0000] {processor.py:157} INFO - Started process (PID=204) to work on /home/airflow/.local/lib/python3.8/site-packages/airflow/example_dags/example_task_group_decorator.py
[2023-08-20T01:10:57.198+0000] {processor.py:829} INFO - Processing file /home/airflow/.local/lib/python3.8/site-packages/airflow/example_dags/example_task_group_decorator.py for tasks to queue
[2023-08-20T01:10:57.200+0000] {logging_mixin.py:151} INFO - [2023-08-20T01:10:57.199+0000] {dagbag.py:539} INFO - Filling up the DagBag from /home/airflow/.local/lib/python3.8/site-packages/airflow/example_dags/example_task_group_decorator.py
[2023-08-20T01:10:57.206+0000] {processor.py:839} INFO - DAG(s) dict_keys(['example_task_group_decorator']) retrieved from /home/airflow/.local/lib/python3.8/site-packages/airflow/example_dags/example_task_group_decorator.py
[2023-08-20T01:10:57.220+0000] {logging_mixin.py:151} INFO - [2023-08-20T01:10:57.219+0000] {dag.py:2907} INFO - Sync 1 DAGs
[2023-08-20T01:10:57.229+0000] {logging_mixin.py:151} INFO - [2023-08-20T01:10:57.229+0000] {dag.py:3677} INFO - Setting next_dagrun for example_task_group_decorator to 2023-08-19T01:10:57.229198+00:00, run_after=2023-08-20T01:10:57.229198+00:00
[2023-08-20T01:10:57.237+0000] {processor.py:179} INFO - Processing /home/airflow/.local/lib/python3.8/site-packages/airflow/example_dags/example_task_group_decorator.py took 0.041 seconds
[2023-08-20T01:11:27.877+0000] {processor.py:157} INFO - Started process (PID=258) to work on /home/airflow/.local/lib/python3.8/site-packages/airflow/example_dags/example_task_group_decorator.py
[2023-08-20T01:11:27.878+0000] {processor.py:829} INFO - Processing file /home/airflow/.local/lib/python3.8/site-packages/airflow/example_dags/example_task_group_decorator.py for tasks to queue
[2023-08-20T01:11:27.879+0000] {logging_mixin.py:151} INFO - [2023-08-20T01:11:27.879+0000] {dagbag.py:539} INFO - Filling up the DagBag from /home/airflow/.local/lib/python3.8/site-packages/airflow/example_dags/example_task_group_decorator.py
[2023-08-20T01:11:27.885+0000] {processor.py:839} INFO - DAG(s) dict_keys(['example_task_group_decorator']) retrieved from /home/airflow/.local/lib/python3.8/site-packages/airflow/example_dags/example_task_group_decorator.py
[2023-08-20T01:11:27.898+0000] {logging_mixin.py:151} INFO - [2023-08-20T01:11:27.898+0000] {dag.py:2907} INFO - Sync 1 DAGs
[2023-08-20T01:11:27.908+0000] {logging_mixin.py:151} INFO - [2023-08-20T01:11:27.908+0000] {dag.py:3677} INFO - Setting next_dagrun for example_task_group_decorator to 2023-08-19T01:11:27.907922+00:00, run_after=2023-08-20T01:11:27.907922+00:00
[2023-08-20T01:11:27.915+0000] {processor.py:179} INFO - Processing /home/airflow/.local/lib/python3.8/site-packages/airflow/example_dags/example_task_group_decorator.py took 0.040 seconds
[2023-08-20T01:11:58.561+0000] {processor.py:157} INFO - Started process (PID=312) to work on /home/airflow/.local/lib/python3.8/site-packages/airflow/example_dags/example_task_group_decorator.py
[2023-08-20T01:11:58.561+0000] {processor.py:829} INFO - Processing file /home/airflow/.local/lib/python3.8/site-packages/airflow/example_dags/example_task_group_decorator.py for tasks to queue
[2023-08-20T01:11:58.563+0000] {logging_mixin.py:151} INFO - [2023-08-20T01:11:58.562+0000] {dagbag.py:539} INFO - Filling up the DagBag from /home/airflow/.local/lib/python3.8/site-packages/airflow/example_dags/example_task_group_decorator.py
[2023-08-20T01:11:58.570+0000] {processor.py:839} INFO - DAG(s) dict_keys(['example_task_group_decorator']) retrieved from /home/airflow/.local/lib/python3.8/site-packages/airflow/example_dags/example_task_group_decorator.py
[2023-08-20T01:11:58.584+0000] {logging_mixin.py:151} INFO - [2023-08-20T01:11:58.584+0000] {dag.py:2907} INFO - Sync 1 DAGs
[2023-08-20T01:11:58.595+0000] {logging_mixin.py:151} INFO - [2023-08-20T01:11:58.595+0000] {dag.py:3677} INFO - Setting next_dagrun for example_task_group_decorator to 2023-08-19T01:11:58.594950+00:00, run_after=2023-08-20T01:11:58.594950+00:00
[2023-08-20T01:11:58.603+0000] {processor.py:179} INFO - Processing /home/airflow/.local/lib/python3.8/site-packages/airflow/example_dags/example_task_group_decorator.py took 0.045 seconds
[2023-08-20T01:12:51.126+0000] {processor.py:157} INFO - Started process (PID=41) to work on /home/airflow/.local/lib/python3.8/site-packages/airflow/example_dags/example_task_group_decorator.py
[2023-08-20T01:12:51.126+0000] {processor.py:829} INFO - Processing file /home/airflow/.local/lib/python3.8/site-packages/airflow/example_dags/example_task_group_decorator.py for tasks to queue
[2023-08-20T01:12:51.128+0000] {logging_mixin.py:151} INFO - [2023-08-20T01:12:51.128+0000] {dagbag.py:539} INFO - Filling up the DagBag from /home/airflow/.local/lib/python3.8/site-packages/airflow/example_dags/example_task_group_decorator.py
[2023-08-20T01:12:51.137+0000] {processor.py:839} INFO - DAG(s) dict_keys(['example_task_group_decorator']) retrieved from /home/airflow/.local/lib/python3.8/site-packages/airflow/example_dags/example_task_group_decorator.py
[2023-08-20T01:12:51.146+0000] {logging_mixin.py:151} INFO - [2023-08-20T01:12:51.146+0000] {dag.py:2907} INFO - Sync 1 DAGs
[2023-08-20T01:12:51.157+0000] {logging_mixin.py:151} INFO - [2023-08-20T01:12:51.157+0000] {dag.py:3677} INFO - Setting next_dagrun for example_task_group_decorator to 2023-08-19T01:12:51.157219+00:00, run_after=2023-08-20T01:12:51.157219+00:00
[2023-08-20T01:12:51.165+0000] {processor.py:179} INFO - Processing /home/airflow/.local/lib/python3.8/site-packages/airflow/example_dags/example_task_group_decorator.py took 0.041 seconds
[2023-08-20T01:13:21.627+0000] {processor.py:157} INFO - Started process (PID=94) to work on /home/airflow/.local/lib/python3.8/site-packages/airflow/example_dags/example_task_group_decorator.py
[2023-08-20T01:13:21.628+0000] {processor.py:829} INFO - Processing file /home/airflow/.local/lib/python3.8/site-packages/airflow/example_dags/example_task_group_decorator.py for tasks to queue
[2023-08-20T01:13:21.629+0000] {logging_mixin.py:151} INFO - [2023-08-20T01:13:21.629+0000] {dagbag.py:539} INFO - Filling up the DagBag from /home/airflow/.local/lib/python3.8/site-packages/airflow/example_dags/example_task_group_decorator.py
[2023-08-20T01:13:21.636+0000] {processor.py:839} INFO - DAG(s) dict_keys(['example_task_group_decorator']) retrieved from /home/airflow/.local/lib/python3.8/site-packages/airflow/example_dags/example_task_group_decorator.py
[2023-08-20T01:13:21.719+0000] {logging_mixin.py:151} INFO - [2023-08-20T01:13:21.719+0000] {dag.py:2907} INFO - Sync 1 DAGs
[2023-08-20T01:13:21.728+0000] {logging_mixin.py:151} INFO - [2023-08-20T01:13:21.728+0000] {dag.py:3677} INFO - Setting next_dagrun for example_task_group_decorator to 2023-08-19T01:13:21.727947+00:00, run_after=2023-08-20T01:13:21.727947+00:00
[2023-08-20T01:13:21.734+0000] {processor.py:179} INFO - Processing /home/airflow/.local/lib/python3.8/site-packages/airflow/example_dags/example_task_group_decorator.py took 0.109 seconds
[2023-08-20T01:13:51.825+0000] {processor.py:157} INFO - Started process (PID=148) to work on /home/airflow/.local/lib/python3.8/site-packages/airflow/example_dags/example_task_group_decorator.py
[2023-08-20T01:13:51.825+0000] {processor.py:829} INFO - Processing file /home/airflow/.local/lib/python3.8/site-packages/airflow/example_dags/example_task_group_decorator.py for tasks to queue
[2023-08-20T01:13:51.827+0000] {logging_mixin.py:151} INFO - [2023-08-20T01:13:51.826+0000] {dagbag.py:539} INFO - Filling up the DagBag from /home/airflow/.local/lib/python3.8/site-packages/airflow/example_dags/example_task_group_decorator.py
[2023-08-20T01:13:51.833+0000] {processor.py:839} INFO - DAG(s) dict_keys(['example_task_group_decorator']) retrieved from /home/airflow/.local/lib/python3.8/site-packages/airflow/example_dags/example_task_group_decorator.py
[2023-08-20T01:13:51.847+0000] {logging_mixin.py:151} INFO - [2023-08-20T01:13:51.847+0000] {dag.py:2907} INFO - Sync 1 DAGs
[2023-08-20T01:13:51.857+0000] {logging_mixin.py:151} INFO - [2023-08-20T01:13:51.857+0000] {dag.py:3677} INFO - Setting next_dagrun for example_task_group_decorator to 2023-08-19T01:13:51.857513+00:00, run_after=2023-08-20T01:13:51.857513+00:00
[2023-08-20T01:13:51.864+0000] {processor.py:179} INFO - Processing /home/airflow/.local/lib/python3.8/site-packages/airflow/example_dags/example_task_group_decorator.py took 0.041 seconds
[2023-08-20T01:14:22.398+0000] {processor.py:157} INFO - Started process (PID=202) to work on /home/airflow/.local/lib/python3.8/site-packages/airflow/example_dags/example_task_group_decorator.py
[2023-08-20T01:14:22.398+0000] {processor.py:829} INFO - Processing file /home/airflow/.local/lib/python3.8/site-packages/airflow/example_dags/example_task_group_decorator.py for tasks to queue
[2023-08-20T01:14:22.399+0000] {logging_mixin.py:151} INFO - [2023-08-20T01:14:22.399+0000] {dagbag.py:539} INFO - Filling up the DagBag from /home/airflow/.local/lib/python3.8/site-packages/airflow/example_dags/example_task_group_decorator.py
[2023-08-20T01:14:22.406+0000] {processor.py:839} INFO - DAG(s) dict_keys(['example_task_group_decorator']) retrieved from /home/airflow/.local/lib/python3.8/site-packages/airflow/example_dags/example_task_group_decorator.py
[2023-08-20T01:14:22.419+0000] {logging_mixin.py:151} INFO - [2023-08-20T01:14:22.419+0000] {dag.py:2907} INFO - Sync 1 DAGs
[2023-08-20T01:14:22.428+0000] {logging_mixin.py:151} INFO - [2023-08-20T01:14:22.428+0000] {dag.py:3677} INFO - Setting next_dagrun for example_task_group_decorator to 2023-08-19T01:14:22.428552+00:00, run_after=2023-08-20T01:14:22.428552+00:00
[2023-08-20T01:14:22.436+0000] {processor.py:179} INFO - Processing /home/airflow/.local/lib/python3.8/site-packages/airflow/example_dags/example_task_group_decorator.py took 0.040 seconds
[2023-08-20T01:14:53.045+0000] {processor.py:157} INFO - Started process (PID=256) to work on /home/airflow/.local/lib/python3.8/site-packages/airflow/example_dags/example_task_group_decorator.py
[2023-08-20T01:14:53.046+0000] {processor.py:829} INFO - Processing file /home/airflow/.local/lib/python3.8/site-packages/airflow/example_dags/example_task_group_decorator.py for tasks to queue
[2023-08-20T01:14:53.047+0000] {logging_mixin.py:151} INFO - [2023-08-20T01:14:53.047+0000] {dagbag.py:539} INFO - Filling up the DagBag from /home/airflow/.local/lib/python3.8/site-packages/airflow/example_dags/example_task_group_decorator.py
[2023-08-20T01:14:53.054+0000] {processor.py:839} INFO - DAG(s) dict_keys(['example_task_group_decorator']) retrieved from /home/airflow/.local/lib/python3.8/site-packages/airflow/example_dags/example_task_group_decorator.py
[2023-08-20T01:14:53.067+0000] {logging_mixin.py:151} INFO - [2023-08-20T01:14:53.067+0000] {dag.py:2907} INFO - Sync 1 DAGs
[2023-08-20T01:14:53.077+0000] {logging_mixin.py:151} INFO - [2023-08-20T01:14:53.077+0000] {dag.py:3677} INFO - Setting next_dagrun for example_task_group_decorator to 2023-08-19T01:14:53.076878+00:00, run_after=2023-08-20T01:14:53.076878+00:00
[2023-08-20T01:14:53.084+0000] {processor.py:179} INFO - Processing /home/airflow/.local/lib/python3.8/site-packages/airflow/example_dags/example_task_group_decorator.py took 0.041 seconds
[2023-08-20T01:15:23.638+0000] {processor.py:157} INFO - Started process (PID=310) to work on /home/airflow/.local/lib/python3.8/site-packages/airflow/example_dags/example_task_group_decorator.py
[2023-08-20T01:15:23.639+0000] {processor.py:829} INFO - Processing file /home/airflow/.local/lib/python3.8/site-packages/airflow/example_dags/example_task_group_decorator.py for tasks to queue
[2023-08-20T01:15:23.640+0000] {logging_mixin.py:151} INFO - [2023-08-20T01:15:23.640+0000] {dagbag.py:539} INFO - Filling up the DagBag from /home/airflow/.local/lib/python3.8/site-packages/airflow/example_dags/example_task_group_decorator.py
[2023-08-20T01:15:23.646+0000] {processor.py:839} INFO - DAG(s) dict_keys(['example_task_group_decorator']) retrieved from /home/airflow/.local/lib/python3.8/site-packages/airflow/example_dags/example_task_group_decorator.py
[2023-08-20T01:15:23.659+0000] {logging_mixin.py:151} INFO - [2023-08-20T01:15:23.659+0000] {dag.py:2907} INFO - Sync 1 DAGs
[2023-08-20T01:15:23.668+0000] {logging_mixin.py:151} INFO - [2023-08-20T01:15:23.668+0000] {dag.py:3677} INFO - Setting next_dagrun for example_task_group_decorator to 2023-08-19T01:15:23.668532+00:00, run_after=2023-08-20T01:15:23.668532+00:00
[2023-08-20T01:15:23.675+0000] {processor.py:179} INFO - Processing /home/airflow/.local/lib/python3.8/site-packages/airflow/example_dags/example_task_group_decorator.py took 0.039 seconds
