[2023-08-20T01:09:26.274+0000] {processor.py:157} INFO - Started process (PID=54) to work on /home/airflow/.local/lib/python3.8/site-packages/airflow/example_dags/example_external_task_marker_dag.py
[2023-08-20T01:09:26.274+0000] {processor.py:829} INFO - Processing file /home/airflow/.local/lib/python3.8/site-packages/airflow/example_dags/example_external_task_marker_dag.py for tasks to queue
[2023-08-20T01:09:26.276+0000] {logging_mixin.py:151} INFO - [2023-08-20T01:09:26.275+0000] {dagbag.py:539} INFO - Filling up the DagBag from /home/airflow/.local/lib/python3.8/site-packages/airflow/example_dags/example_external_task_marker_dag.py
[2023-08-20T01:09:26.352+0000] {processor.py:839} INFO - DAG(s) dict_keys(['example_external_task_marker_child', 'example_external_task_marker_parent']) retrieved from /home/airflow/.local/lib/python3.8/site-packages/airflow/example_dags/example_external_task_marker_dag.py
[2023-08-20T01:09:26.393+0000] {logging_mixin.py:151} INFO - [2023-08-20T01:09:26.392+0000] {manager.py:501} INFO - Created Permission View: can edit on DAG:example_external_task_marker_child
[2023-08-20T01:09:26.396+0000] {logging_mixin.py:151} INFO - [2023-08-20T01:09:26.396+0000] {manager.py:501} INFO - Created Permission View: can delete on DAG:example_external_task_marker_child
[2023-08-20T01:09:26.399+0000] {logging_mixin.py:151} INFO - [2023-08-20T01:09:26.398+0000] {manager.py:501} INFO - Created Permission View: can read on DAG:example_external_task_marker_child
[2023-08-20T01:09:26.413+0000] {logging_mixin.py:151} INFO - [2023-08-20T01:09:26.413+0000] {manager.py:501} INFO - Created Permission View: can edit on DAG:example_external_task_marker_parent
[2023-08-20T01:09:26.415+0000] {logging_mixin.py:151} INFO - [2023-08-20T01:09:26.415+0000] {manager.py:501} INFO - Created Permission View: can delete on DAG:example_external_task_marker_parent
[2023-08-20T01:09:26.418+0000] {logging_mixin.py:151} INFO - [2023-08-20T01:09:26.418+0000] {manager.py:501} INFO - Created Permission View: can read on DAG:example_external_task_marker_parent
[2023-08-20T01:09:26.421+0000] {logging_mixin.py:151} INFO - [2023-08-20T01:09:26.421+0000] {dag.py:2907} INFO - Sync 2 DAGs
[2023-08-20T01:09:26.425+0000] {logging_mixin.py:151} INFO - [2023-08-20T01:09:26.425+0000] {dag.py:2929} INFO - Creating ORM DAG for example_external_task_marker_parent
[2023-08-20T01:09:26.425+0000] {logging_mixin.py:151} INFO - [2023-08-20T01:09:26.425+0000] {dag.py:2929} INFO - Creating ORM DAG for example_external_task_marker_child
[2023-08-20T01:09:26.426+0000] {logging_mixin.py:151} INFO - [2023-08-20T01:09:26.426+0000] {dag.py:3677} INFO - Setting next_dagrun for example_external_task_marker_child to None, run_after=None
[2023-08-20T01:09:26.426+0000] {logging_mixin.py:151} INFO - [2023-08-20T01:09:26.426+0000] {dag.py:3677} INFO - Setting next_dagrun for example_external_task_marker_parent to None, run_after=None
[2023-08-20T01:09:26.433+0000] {processor.py:179} INFO - Processing /home/airflow/.local/lib/python3.8/site-packages/airflow/example_dags/example_external_task_marker_dag.py took 0.161 seconds
[2023-08-20T01:09:57.134+0000] {processor.py:157} INFO - Started process (PID=108) to work on /home/airflow/.local/lib/python3.8/site-packages/airflow/example_dags/example_external_task_marker_dag.py
[2023-08-20T01:09:57.135+0000] {processor.py:829} INFO - Processing file /home/airflow/.local/lib/python3.8/site-packages/airflow/example_dags/example_external_task_marker_dag.py for tasks to queue
[2023-08-20T01:09:57.136+0000] {logging_mixin.py:151} INFO - [2023-08-20T01:09:57.135+0000] {dagbag.py:539} INFO - Filling up the DagBag from /home/airflow/.local/lib/python3.8/site-packages/airflow/example_dags/example_external_task_marker_dag.py
[2023-08-20T01:09:57.139+0000] {processor.py:839} INFO - DAG(s) dict_keys(['example_external_task_marker_parent', 'example_external_task_marker_child']) retrieved from /home/airflow/.local/lib/python3.8/site-packages/airflow/example_dags/example_external_task_marker_dag.py
[2023-08-20T01:09:57.152+0000] {logging_mixin.py:151} INFO - [2023-08-20T01:09:57.152+0000] {dag.py:2907} INFO - Sync 2 DAGs
[2023-08-20T01:09:57.157+0000] {logging_mixin.py:151} INFO - [2023-08-20T01:09:57.157+0000] {dag.py:3677} INFO - Setting next_dagrun for example_external_task_marker_child to None, run_after=None
[2023-08-20T01:09:57.158+0000] {logging_mixin.py:151} INFO - [2023-08-20T01:09:57.158+0000] {dag.py:3677} INFO - Setting next_dagrun for example_external_task_marker_parent to None, run_after=None
[2023-08-20T01:09:57.164+0000] {processor.py:179} INFO - Processing /home/airflow/.local/lib/python3.8/site-packages/airflow/example_dags/example_external_task_marker_dag.py took 0.032 seconds
[2023-08-20T01:10:27.888+0000] {processor.py:157} INFO - Started process (PID=162) to work on /home/airflow/.local/lib/python3.8/site-packages/airflow/example_dags/example_external_task_marker_dag.py
[2023-08-20T01:10:27.888+0000] {processor.py:829} INFO - Processing file /home/airflow/.local/lib/python3.8/site-packages/airflow/example_dags/example_external_task_marker_dag.py for tasks to queue
[2023-08-20T01:10:27.889+0000] {logging_mixin.py:151} INFO - [2023-08-20T01:10:27.889+0000] {dagbag.py:539} INFO - Filling up the DagBag from /home/airflow/.local/lib/python3.8/site-packages/airflow/example_dags/example_external_task_marker_dag.py
[2023-08-20T01:10:27.893+0000] {processor.py:839} INFO - DAG(s) dict_keys(['example_external_task_marker_child', 'example_external_task_marker_parent']) retrieved from /home/airflow/.local/lib/python3.8/site-packages/airflow/example_dags/example_external_task_marker_dag.py
[2023-08-20T01:10:27.908+0000] {logging_mixin.py:151} INFO - [2023-08-20T01:10:27.908+0000] {dag.py:2907} INFO - Sync 2 DAGs
[2023-08-20T01:10:27.913+0000] {logging_mixin.py:151} INFO - [2023-08-20T01:10:27.913+0000] {dag.py:3677} INFO - Setting next_dagrun for example_external_task_marker_child to None, run_after=None
[2023-08-20T01:10:27.915+0000] {logging_mixin.py:151} INFO - [2023-08-20T01:10:27.915+0000] {dag.py:3677} INFO - Setting next_dagrun for example_external_task_marker_parent to None, run_after=None
[2023-08-20T01:10:27.921+0000] {processor.py:179} INFO - Processing /home/airflow/.local/lib/python3.8/site-packages/airflow/example_dags/example_external_task_marker_dag.py took 0.036 seconds
[2023-08-20T01:10:58.619+0000] {processor.py:157} INFO - Started process (PID=216) to work on /home/airflow/.local/lib/python3.8/site-packages/airflow/example_dags/example_external_task_marker_dag.py
[2023-08-20T01:10:58.619+0000] {processor.py:829} INFO - Processing file /home/airflow/.local/lib/python3.8/site-packages/airflow/example_dags/example_external_task_marker_dag.py for tasks to queue
[2023-08-20T01:10:58.620+0000] {logging_mixin.py:151} INFO - [2023-08-20T01:10:58.620+0000] {dagbag.py:539} INFO - Filling up the DagBag from /home/airflow/.local/lib/python3.8/site-packages/airflow/example_dags/example_external_task_marker_dag.py
[2023-08-20T01:10:58.623+0000] {processor.py:839} INFO - DAG(s) dict_keys(['example_external_task_marker_parent', 'example_external_task_marker_child']) retrieved from /home/airflow/.local/lib/python3.8/site-packages/airflow/example_dags/example_external_task_marker_dag.py
[2023-08-20T01:10:58.637+0000] {logging_mixin.py:151} INFO - [2023-08-20T01:10:58.637+0000] {dag.py:2907} INFO - Sync 2 DAGs
[2023-08-20T01:10:58.643+0000] {logging_mixin.py:151} INFO - [2023-08-20T01:10:58.643+0000] {dag.py:3677} INFO - Setting next_dagrun for example_external_task_marker_child to None, run_after=None
[2023-08-20T01:10:58.644+0000] {logging_mixin.py:151} INFO - [2023-08-20T01:10:58.644+0000] {dag.py:3677} INFO - Setting next_dagrun for example_external_task_marker_parent to None, run_after=None
[2023-08-20T01:10:58.652+0000] {processor.py:179} INFO - Processing /home/airflow/.local/lib/python3.8/site-packages/airflow/example_dags/example_external_task_marker_dag.py took 0.035 seconds
[2023-08-20T01:11:29.283+0000] {processor.py:157} INFO - Started process (PID=270) to work on /home/airflow/.local/lib/python3.8/site-packages/airflow/example_dags/example_external_task_marker_dag.py
[2023-08-20T01:11:29.284+0000] {processor.py:829} INFO - Processing file /home/airflow/.local/lib/python3.8/site-packages/airflow/example_dags/example_external_task_marker_dag.py for tasks to queue
[2023-08-20T01:11:29.285+0000] {logging_mixin.py:151} INFO - [2023-08-20T01:11:29.284+0000] {dagbag.py:539} INFO - Filling up the DagBag from /home/airflow/.local/lib/python3.8/site-packages/airflow/example_dags/example_external_task_marker_dag.py
[2023-08-20T01:11:29.288+0000] {processor.py:839} INFO - DAG(s) dict_keys(['example_external_task_marker_parent', 'example_external_task_marker_child']) retrieved from /home/airflow/.local/lib/python3.8/site-packages/airflow/example_dags/example_external_task_marker_dag.py
[2023-08-20T01:11:29.301+0000] {logging_mixin.py:151} INFO - [2023-08-20T01:11:29.301+0000] {dag.py:2907} INFO - Sync 2 DAGs
[2023-08-20T01:11:29.307+0000] {logging_mixin.py:151} INFO - [2023-08-20T01:11:29.306+0000] {dag.py:3677} INFO - Setting next_dagrun for example_external_task_marker_child to None, run_after=None
[2023-08-20T01:11:29.308+0000] {logging_mixin.py:151} INFO - [2023-08-20T01:11:29.308+0000] {dag.py:3677} INFO - Setting next_dagrun for example_external_task_marker_parent to None, run_after=None
[2023-08-20T01:11:29.314+0000] {processor.py:179} INFO - Processing /home/airflow/.local/lib/python3.8/site-packages/airflow/example_dags/example_external_task_marker_dag.py took 0.033 seconds
[2023-08-20T01:11:59.992+0000] {processor.py:157} INFO - Started process (PID=324) to work on /home/airflow/.local/lib/python3.8/site-packages/airflow/example_dags/example_external_task_marker_dag.py
[2023-08-20T01:11:59.992+0000] {processor.py:829} INFO - Processing file /home/airflow/.local/lib/python3.8/site-packages/airflow/example_dags/example_external_task_marker_dag.py for tasks to queue
[2023-08-20T01:11:59.993+0000] {logging_mixin.py:151} INFO - [2023-08-20T01:11:59.993+0000] {dagbag.py:539} INFO - Filling up the DagBag from /home/airflow/.local/lib/python3.8/site-packages/airflow/example_dags/example_external_task_marker_dag.py
[2023-08-20T01:11:59.997+0000] {processor.py:839} INFO - DAG(s) dict_keys(['example_external_task_marker_child', 'example_external_task_marker_parent']) retrieved from /home/airflow/.local/lib/python3.8/site-packages/airflow/example_dags/example_external_task_marker_dag.py
[2023-08-20T01:12:00.011+0000] {logging_mixin.py:151} INFO - [2023-08-20T01:12:00.011+0000] {dag.py:2907} INFO - Sync 2 DAGs
[2023-08-20T01:12:00.016+0000] {logging_mixin.py:151} INFO - [2023-08-20T01:12:00.016+0000] {dag.py:3677} INFO - Setting next_dagrun for example_external_task_marker_child to None, run_after=None
[2023-08-20T01:12:00.018+0000] {logging_mixin.py:151} INFO - [2023-08-20T01:12:00.018+0000] {dag.py:3677} INFO - Setting next_dagrun for example_external_task_marker_parent to None, run_after=None
[2023-08-20T01:12:00.024+0000] {processor.py:179} INFO - Processing /home/airflow/.local/lib/python3.8/site-packages/airflow/example_dags/example_external_task_marker_dag.py took 0.034 seconds
[2023-08-20T01:12:51.575+0000] {processor.py:157} INFO - Started process (PID=53) to work on /home/airflow/.local/lib/python3.8/site-packages/airflow/example_dags/example_external_task_marker_dag.py
[2023-08-20T01:12:51.575+0000] {processor.py:829} INFO - Processing file /home/airflow/.local/lib/python3.8/site-packages/airflow/example_dags/example_external_task_marker_dag.py for tasks to queue
[2023-08-20T01:12:51.577+0000] {logging_mixin.py:151} INFO - [2023-08-20T01:12:51.577+0000] {dagbag.py:539} INFO - Filling up the DagBag from /home/airflow/.local/lib/python3.8/site-packages/airflow/example_dags/example_external_task_marker_dag.py
[2023-08-20T01:12:51.582+0000] {processor.py:839} INFO - DAG(s) dict_keys(['example_external_task_marker_child', 'example_external_task_marker_parent']) retrieved from /home/airflow/.local/lib/python3.8/site-packages/airflow/example_dags/example_external_task_marker_dag.py
[2023-08-20T01:12:51.593+0000] {logging_mixin.py:151} INFO - [2023-08-20T01:12:51.592+0000] {dag.py:2907} INFO - Sync 2 DAGs
[2023-08-20T01:12:51.601+0000] {logging_mixin.py:151} INFO - [2023-08-20T01:12:51.600+0000] {dag.py:3677} INFO - Setting next_dagrun for example_external_task_marker_child to None, run_after=None
[2023-08-20T01:12:51.602+0000] {logging_mixin.py:151} INFO - [2023-08-20T01:12:51.602+0000] {dag.py:3677} INFO - Setting next_dagrun for example_external_task_marker_parent to None, run_after=None
[2023-08-20T01:12:51.610+0000] {processor.py:179} INFO - Processing /home/airflow/.local/lib/python3.8/site-packages/airflow/example_dags/example_external_task_marker_dag.py took 0.037 seconds
[2023-08-20T01:13:22.443+0000] {processor.py:157} INFO - Started process (PID=106) to work on /home/airflow/.local/lib/python3.8/site-packages/airflow/example_dags/example_external_task_marker_dag.py
[2023-08-20T01:13:22.443+0000] {processor.py:829} INFO - Processing file /home/airflow/.local/lib/python3.8/site-packages/airflow/example_dags/example_external_task_marker_dag.py for tasks to queue
[2023-08-20T01:13:22.444+0000] {logging_mixin.py:151} INFO - [2023-08-20T01:13:22.444+0000] {dagbag.py:539} INFO - Filling up the DagBag from /home/airflow/.local/lib/python3.8/site-packages/airflow/example_dags/example_external_task_marker_dag.py
[2023-08-20T01:13:22.518+0000] {processor.py:839} INFO - DAG(s) dict_keys(['example_external_task_marker_parent', 'example_external_task_marker_child']) retrieved from /home/airflow/.local/lib/python3.8/site-packages/airflow/example_dags/example_external_task_marker_dag.py
[2023-08-20T01:13:22.531+0000] {logging_mixin.py:151} INFO - [2023-08-20T01:13:22.531+0000] {dag.py:2907} INFO - Sync 2 DAGs
[2023-08-20T01:13:22.536+0000] {logging_mixin.py:151} INFO - [2023-08-20T01:13:22.536+0000] {dag.py:3677} INFO - Setting next_dagrun for example_external_task_marker_child to None, run_after=None
[2023-08-20T01:13:22.538+0000] {logging_mixin.py:151} INFO - [2023-08-20T01:13:22.538+0000] {dag.py:3677} INFO - Setting next_dagrun for example_external_task_marker_parent to None, run_after=None
[2023-08-20T01:13:22.545+0000] {processor.py:179} INFO - Processing /home/airflow/.local/lib/python3.8/site-packages/airflow/example_dags/example_external_task_marker_dag.py took 0.104 seconds
[2023-08-20T01:13:53.238+0000] {processor.py:157} INFO - Started process (PID=160) to work on /home/airflow/.local/lib/python3.8/site-packages/airflow/example_dags/example_external_task_marker_dag.py
[2023-08-20T01:13:53.238+0000] {processor.py:829} INFO - Processing file /home/airflow/.local/lib/python3.8/site-packages/airflow/example_dags/example_external_task_marker_dag.py for tasks to queue
[2023-08-20T01:13:53.239+0000] {logging_mixin.py:151} INFO - [2023-08-20T01:13:53.239+0000] {dagbag.py:539} INFO - Filling up the DagBag from /home/airflow/.local/lib/python3.8/site-packages/airflow/example_dags/example_external_task_marker_dag.py
[2023-08-20T01:13:53.242+0000] {processor.py:839} INFO - DAG(s) dict_keys(['example_external_task_marker_child', 'example_external_task_marker_parent']) retrieved from /home/airflow/.local/lib/python3.8/site-packages/airflow/example_dags/example_external_task_marker_dag.py
[2023-08-20T01:13:53.257+0000] {logging_mixin.py:151} INFO - [2023-08-20T01:13:53.256+0000] {dag.py:2907} INFO - Sync 2 DAGs
[2023-08-20T01:13:53.262+0000] {logging_mixin.py:151} INFO - [2023-08-20T01:13:53.262+0000] {dag.py:3677} INFO - Setting next_dagrun for example_external_task_marker_child to None, run_after=None
[2023-08-20T01:13:53.264+0000] {logging_mixin.py:151} INFO - [2023-08-20T01:13:53.264+0000] {dag.py:3677} INFO - Setting next_dagrun for example_external_task_marker_parent to None, run_after=None
[2023-08-20T01:13:53.270+0000] {processor.py:179} INFO - Processing /home/airflow/.local/lib/python3.8/site-packages/airflow/example_dags/example_external_task_marker_dag.py took 0.035 seconds
[2023-08-20T01:14:23.778+0000] {processor.py:157} INFO - Started process (PID=214) to work on /home/airflow/.local/lib/python3.8/site-packages/airflow/example_dags/example_external_task_marker_dag.py
[2023-08-20T01:14:23.778+0000] {processor.py:829} INFO - Processing file /home/airflow/.local/lib/python3.8/site-packages/airflow/example_dags/example_external_task_marker_dag.py for tasks to queue
[2023-08-20T01:14:23.779+0000] {logging_mixin.py:151} INFO - [2023-08-20T01:14:23.779+0000] {dagbag.py:539} INFO - Filling up the DagBag from /home/airflow/.local/lib/python3.8/site-packages/airflow/example_dags/example_external_task_marker_dag.py
[2023-08-20T01:14:23.783+0000] {processor.py:839} INFO - DAG(s) dict_keys(['example_external_task_marker_parent', 'example_external_task_marker_child']) retrieved from /home/airflow/.local/lib/python3.8/site-packages/airflow/example_dags/example_external_task_marker_dag.py
[2023-08-20T01:14:23.797+0000] {logging_mixin.py:151} INFO - [2023-08-20T01:14:23.797+0000] {dag.py:2907} INFO - Sync 2 DAGs
[2023-08-20T01:14:23.803+0000] {logging_mixin.py:151} INFO - [2023-08-20T01:14:23.803+0000] {dag.py:3677} INFO - Setting next_dagrun for example_external_task_marker_child to None, run_after=None
[2023-08-20T01:14:23.804+0000] {logging_mixin.py:151} INFO - [2023-08-20T01:14:23.804+0000] {dag.py:3677} INFO - Setting next_dagrun for example_external_task_marker_parent to None, run_after=None
[2023-08-20T01:14:23.810+0000] {processor.py:179} INFO - Processing /home/airflow/.local/lib/python3.8/site-packages/airflow/example_dags/example_external_task_marker_dag.py took 0.035 seconds
[2023-08-20T01:14:54.456+0000] {processor.py:157} INFO - Started process (PID=268) to work on /home/airflow/.local/lib/python3.8/site-packages/airflow/example_dags/example_external_task_marker_dag.py
[2023-08-20T01:14:54.456+0000] {processor.py:829} INFO - Processing file /home/airflow/.local/lib/python3.8/site-packages/airflow/example_dags/example_external_task_marker_dag.py for tasks to queue
[2023-08-20T01:14:54.458+0000] {logging_mixin.py:151} INFO - [2023-08-20T01:14:54.457+0000] {dagbag.py:539} INFO - Filling up the DagBag from /home/airflow/.local/lib/python3.8/site-packages/airflow/example_dags/example_external_task_marker_dag.py
[2023-08-20T01:14:54.461+0000] {processor.py:839} INFO - DAG(s) dict_keys(['example_external_task_marker_child', 'example_external_task_marker_parent']) retrieved from /home/airflow/.local/lib/python3.8/site-packages/airflow/example_dags/example_external_task_marker_dag.py
[2023-08-20T01:14:54.474+0000] {logging_mixin.py:151} INFO - [2023-08-20T01:14:54.474+0000] {dag.py:2907} INFO - Sync 2 DAGs
[2023-08-20T01:14:54.479+0000] {logging_mixin.py:151} INFO - [2023-08-20T01:14:54.479+0000] {dag.py:3677} INFO - Setting next_dagrun for example_external_task_marker_child to None, run_after=None
[2023-08-20T01:14:54.481+0000] {logging_mixin.py:151} INFO - [2023-08-20T01:14:54.481+0000] {dag.py:3677} INFO - Setting next_dagrun for example_external_task_marker_parent to None, run_after=None
[2023-08-20T01:14:54.487+0000] {processor.py:179} INFO - Processing /home/airflow/.local/lib/python3.8/site-packages/airflow/example_dags/example_external_task_marker_dag.py took 0.033 seconds
[2023-08-20T01:15:25.002+0000] {processor.py:157} INFO - Started process (PID=322) to work on /home/airflow/.local/lib/python3.8/site-packages/airflow/example_dags/example_external_task_marker_dag.py
[2023-08-20T01:15:25.003+0000] {processor.py:829} INFO - Processing file /home/airflow/.local/lib/python3.8/site-packages/airflow/example_dags/example_external_task_marker_dag.py for tasks to queue
[2023-08-20T01:15:25.004+0000] {logging_mixin.py:151} INFO - [2023-08-20T01:15:25.004+0000] {dagbag.py:539} INFO - Filling up the DagBag from /home/airflow/.local/lib/python3.8/site-packages/airflow/example_dags/example_external_task_marker_dag.py
[2023-08-20T01:15:25.007+0000] {processor.py:839} INFO - DAG(s) dict_keys(['example_external_task_marker_child', 'example_external_task_marker_parent']) retrieved from /home/airflow/.local/lib/python3.8/site-packages/airflow/example_dags/example_external_task_marker_dag.py
[2023-08-20T01:15:25.020+0000] {logging_mixin.py:151} INFO - [2023-08-20T01:15:25.020+0000] {dag.py:2907} INFO - Sync 2 DAGs
[2023-08-20T01:15:25.026+0000] {logging_mixin.py:151} INFO - [2023-08-20T01:15:25.026+0000] {dag.py:3677} INFO - Setting next_dagrun for example_external_task_marker_child to None, run_after=None
[2023-08-20T01:15:25.027+0000] {logging_mixin.py:151} INFO - [2023-08-20T01:15:25.027+0000] {dag.py:3677} INFO - Setting next_dagrun for example_external_task_marker_parent to None, run_after=None
[2023-08-20T01:15:25.033+0000] {processor.py:179} INFO - Processing /home/airflow/.local/lib/python3.8/site-packages/airflow/example_dags/example_external_task_marker_dag.py took 0.033 seconds
