[2023-08-20T01:09:26.796+0000] {processor.py:157} INFO - Started process (PID=61) to work on /home/airflow/.local/lib/python3.8/site-packages/airflow/example_dags/example_dynamic_task_mapping_with_no_taskflow_operators.py
[2023-08-20T01:09:26.797+0000] {processor.py:829} INFO - Processing file /home/airflow/.local/lib/python3.8/site-packages/airflow/example_dags/example_dynamic_task_mapping_with_no_taskflow_operators.py for tasks to queue
[2023-08-20T01:09:26.799+0000] {logging_mixin.py:151} INFO - [2023-08-20T01:09:26.798+0000] {dagbag.py:539} INFO - Filling up the DagBag from /home/airflow/.local/lib/python3.8/site-packages/airflow/example_dags/example_dynamic_task_mapping_with_no_taskflow_operators.py
[2023-08-20T01:09:26.804+0000] {processor.py:839} INFO - DAG(s) dict_keys(['example_dynamic_task_mapping_with_no_taskflow_operators']) retrieved from /home/airflow/.local/lib/python3.8/site-packages/airflow/example_dags/example_dynamic_task_mapping_with_no_taskflow_operators.py
[2023-08-20T01:09:26.854+0000] {logging_mixin.py:151} INFO - [2023-08-20T01:09:26.853+0000] {manager.py:501} INFO - Created Permission View: can edit on DAG:example_dynamic_task_mapping_with_no_taskflow_operators
[2023-08-20T01:09:26.857+0000] {logging_mixin.py:151} INFO - [2023-08-20T01:09:26.857+0000] {manager.py:501} INFO - Created Permission View: can delete on DAG:example_dynamic_task_mapping_with_no_taskflow_operators
[2023-08-20T01:09:26.860+0000] {logging_mixin.py:151} INFO - [2023-08-20T01:09:26.860+0000] {manager.py:501} INFO - Created Permission View: can read on DAG:example_dynamic_task_mapping_with_no_taskflow_operators
[2023-08-20T01:09:26.865+0000] {logging_mixin.py:151} INFO - [2023-08-20T01:09:26.865+0000] {dag.py:2907} INFO - Sync 1 DAGs
[2023-08-20T01:09:26.871+0000] {logging_mixin.py:151} INFO - [2023-08-20T01:09:26.871+0000] {dag.py:2929} INFO - Creating ORM DAG for example_dynamic_task_mapping_with_no_taskflow_operators
[2023-08-20T01:09:26.875+0000] {logging_mixin.py:151} INFO - [2023-08-20T01:09:26.875+0000] {dag.py:3677} INFO - Setting next_dagrun for example_dynamic_task_mapping_with_no_taskflow_operators to 2023-08-19T01:09:26.875152+00:00, run_after=2023-08-20T01:09:26.875152+00:00
[2023-08-20T01:09:26.881+0000] {processor.py:179} INFO - Processing /home/airflow/.local/lib/python3.8/site-packages/airflow/example_dags/example_dynamic_task_mapping_with_no_taskflow_operators.py took 0.087 seconds
[2023-08-20T01:09:57.312+0000] {processor.py:157} INFO - Started process (PID=114) to work on /home/airflow/.local/lib/python3.8/site-packages/airflow/example_dags/example_dynamic_task_mapping_with_no_taskflow_operators.py
[2023-08-20T01:09:57.313+0000] {processor.py:829} INFO - Processing file /home/airflow/.local/lib/python3.8/site-packages/airflow/example_dags/example_dynamic_task_mapping_with_no_taskflow_operators.py for tasks to queue
[2023-08-20T01:09:57.314+0000] {logging_mixin.py:151} INFO - [2023-08-20T01:09:57.314+0000] {dagbag.py:539} INFO - Filling up the DagBag from /home/airflow/.local/lib/python3.8/site-packages/airflow/example_dags/example_dynamic_task_mapping_with_no_taskflow_operators.py
[2023-08-20T01:09:57.317+0000] {processor.py:839} INFO - DAG(s) dict_keys(['example_dynamic_task_mapping_with_no_taskflow_operators']) retrieved from /home/airflow/.local/lib/python3.8/site-packages/airflow/example_dags/example_dynamic_task_mapping_with_no_taskflow_operators.py
[2023-08-20T01:09:57.328+0000] {logging_mixin.py:151} INFO - [2023-08-20T01:09:57.328+0000] {dag.py:2907} INFO - Sync 1 DAGs
[2023-08-20T01:09:57.337+0000] {logging_mixin.py:151} INFO - [2023-08-20T01:09:57.337+0000] {dag.py:3677} INFO - Setting next_dagrun for example_dynamic_task_mapping_with_no_taskflow_operators to 2023-08-19T01:09:57.337018+00:00, run_after=2023-08-20T01:09:57.337018+00:00
[2023-08-20T01:09:57.343+0000] {processor.py:179} INFO - Processing /home/airflow/.local/lib/python3.8/site-packages/airflow/example_dags/example_dynamic_task_mapping_with_no_taskflow_operators.py took 0.032 seconds
[2023-08-20T01:10:28.083+0000] {processor.py:157} INFO - Started process (PID=169) to work on /home/airflow/.local/lib/python3.8/site-packages/airflow/example_dags/example_dynamic_task_mapping_with_no_taskflow_operators.py
[2023-08-20T01:10:28.084+0000] {processor.py:829} INFO - Processing file /home/airflow/.local/lib/python3.8/site-packages/airflow/example_dags/example_dynamic_task_mapping_with_no_taskflow_operators.py for tasks to queue
[2023-08-20T01:10:28.085+0000] {logging_mixin.py:151} INFO - [2023-08-20T01:10:28.085+0000] {dagbag.py:539} INFO - Filling up the DagBag from /home/airflow/.local/lib/python3.8/site-packages/airflow/example_dags/example_dynamic_task_mapping_with_no_taskflow_operators.py
[2023-08-20T01:10:28.089+0000] {processor.py:839} INFO - DAG(s) dict_keys(['example_dynamic_task_mapping_with_no_taskflow_operators']) retrieved from /home/airflow/.local/lib/python3.8/site-packages/airflow/example_dags/example_dynamic_task_mapping_with_no_taskflow_operators.py
[2023-08-20T01:10:28.101+0000] {logging_mixin.py:151} INFO - [2023-08-20T01:10:28.101+0000] {dag.py:2907} INFO - Sync 1 DAGs
[2023-08-20T01:10:28.110+0000] {logging_mixin.py:151} INFO - [2023-08-20T01:10:28.110+0000] {dag.py:3677} INFO - Setting next_dagrun for example_dynamic_task_mapping_with_no_taskflow_operators to 2023-08-19T01:10:28.110663+00:00, run_after=2023-08-20T01:10:28.110663+00:00
[2023-08-20T01:10:28.117+0000] {processor.py:179} INFO - Processing /home/airflow/.local/lib/python3.8/site-packages/airflow/example_dags/example_dynamic_task_mapping_with_no_taskflow_operators.py took 0.036 seconds
[2023-08-20T01:10:58.768+0000] {processor.py:157} INFO - Started process (PID=223) to work on /home/airflow/.local/lib/python3.8/site-packages/airflow/example_dags/example_dynamic_task_mapping_with_no_taskflow_operators.py
[2023-08-20T01:10:58.768+0000] {processor.py:829} INFO - Processing file /home/airflow/.local/lib/python3.8/site-packages/airflow/example_dags/example_dynamic_task_mapping_with_no_taskflow_operators.py for tasks to queue
[2023-08-20T01:10:58.769+0000] {logging_mixin.py:151} INFO - [2023-08-20T01:10:58.769+0000] {dagbag.py:539} INFO - Filling up the DagBag from /home/airflow/.local/lib/python3.8/site-packages/airflow/example_dags/example_dynamic_task_mapping_with_no_taskflow_operators.py
[2023-08-20T01:10:58.773+0000] {processor.py:839} INFO - DAG(s) dict_keys(['example_dynamic_task_mapping_with_no_taskflow_operators']) retrieved from /home/airflow/.local/lib/python3.8/site-packages/airflow/example_dags/example_dynamic_task_mapping_with_no_taskflow_operators.py
[2023-08-20T01:10:58.785+0000] {logging_mixin.py:151} INFO - [2023-08-20T01:10:58.785+0000] {dag.py:2907} INFO - Sync 1 DAGs
[2023-08-20T01:10:58.796+0000] {logging_mixin.py:151} INFO - [2023-08-20T01:10:58.795+0000] {dag.py:3677} INFO - Setting next_dagrun for example_dynamic_task_mapping_with_no_taskflow_operators to 2023-08-19T01:10:58.795789+00:00, run_after=2023-08-20T01:10:58.795789+00:00
[2023-08-20T01:10:58.803+0000] {processor.py:179} INFO - Processing /home/airflow/.local/lib/python3.8/site-packages/airflow/example_dags/example_dynamic_task_mapping_with_no_taskflow_operators.py took 0.037 seconds
[2023-08-20T01:11:29.461+0000] {processor.py:157} INFO - Started process (PID=277) to work on /home/airflow/.local/lib/python3.8/site-packages/airflow/example_dags/example_dynamic_task_mapping_with_no_taskflow_operators.py
[2023-08-20T01:11:29.462+0000] {processor.py:829} INFO - Processing file /home/airflow/.local/lib/python3.8/site-packages/airflow/example_dags/example_dynamic_task_mapping_with_no_taskflow_operators.py for tasks to queue
[2023-08-20T01:11:29.463+0000] {logging_mixin.py:151} INFO - [2023-08-20T01:11:29.462+0000] {dagbag.py:539} INFO - Filling up the DagBag from /home/airflow/.local/lib/python3.8/site-packages/airflow/example_dags/example_dynamic_task_mapping_with_no_taskflow_operators.py
[2023-08-20T01:11:29.466+0000] {processor.py:839} INFO - DAG(s) dict_keys(['example_dynamic_task_mapping_with_no_taskflow_operators']) retrieved from /home/airflow/.local/lib/python3.8/site-packages/airflow/example_dags/example_dynamic_task_mapping_with_no_taskflow_operators.py
[2023-08-20T01:11:29.477+0000] {logging_mixin.py:151} INFO - [2023-08-20T01:11:29.477+0000] {dag.py:2907} INFO - Sync 1 DAGs
[2023-08-20T01:11:29.486+0000] {logging_mixin.py:151} INFO - [2023-08-20T01:11:29.486+0000] {dag.py:3677} INFO - Setting next_dagrun for example_dynamic_task_mapping_with_no_taskflow_operators to 2023-08-19T01:11:29.486445+00:00, run_after=2023-08-20T01:11:29.486445+00:00
[2023-08-20T01:11:29.494+0000] {processor.py:179} INFO - Processing /home/airflow/.local/lib/python3.8/site-packages/airflow/example_dags/example_dynamic_task_mapping_with_no_taskflow_operators.py took 0.034 seconds
[2023-08-20T01:12:00.339+0000] {processor.py:157} INFO - Started process (PID=331) to work on /home/airflow/.local/lib/python3.8/site-packages/airflow/example_dags/example_dynamic_task_mapping_with_no_taskflow_operators.py
[2023-08-20T01:12:00.340+0000] {processor.py:829} INFO - Processing file /home/airflow/.local/lib/python3.8/site-packages/airflow/example_dags/example_dynamic_task_mapping_with_no_taskflow_operators.py for tasks to queue
[2023-08-20T01:12:00.341+0000] {logging_mixin.py:151} INFO - [2023-08-20T01:12:00.341+0000] {dagbag.py:539} INFO - Filling up the DagBag from /home/airflow/.local/lib/python3.8/site-packages/airflow/example_dags/example_dynamic_task_mapping_with_no_taskflow_operators.py
[2023-08-20T01:12:00.345+0000] {processor.py:839} INFO - DAG(s) dict_keys(['example_dynamic_task_mapping_with_no_taskflow_operators']) retrieved from /home/airflow/.local/lib/python3.8/site-packages/airflow/example_dags/example_dynamic_task_mapping_with_no_taskflow_operators.py
[2023-08-20T01:12:00.358+0000] {logging_mixin.py:151} INFO - [2023-08-20T01:12:00.358+0000] {dag.py:2907} INFO - Sync 1 DAGs
[2023-08-20T01:12:00.368+0000] {logging_mixin.py:151} INFO - [2023-08-20T01:12:00.368+0000] {dag.py:3677} INFO - Setting next_dagrun for example_dynamic_task_mapping_with_no_taskflow_operators to 2023-08-19T01:12:00.367924+00:00, run_after=2023-08-20T01:12:00.367924+00:00
[2023-08-20T01:12:00.375+0000] {processor.py:179} INFO - Processing /home/airflow/.local/lib/python3.8/site-packages/airflow/example_dags/example_dynamic_task_mapping_with_no_taskflow_operators.py took 0.038 seconds
[2023-08-20T01:12:51.782+0000] {processor.py:157} INFO - Started process (PID=60) to work on /home/airflow/.local/lib/python3.8/site-packages/airflow/example_dags/example_dynamic_task_mapping_with_no_taskflow_operators.py
[2023-08-20T01:12:51.782+0000] {processor.py:829} INFO - Processing file /home/airflow/.local/lib/python3.8/site-packages/airflow/example_dags/example_dynamic_task_mapping_with_no_taskflow_operators.py for tasks to queue
[2023-08-20T01:12:51.784+0000] {logging_mixin.py:151} INFO - [2023-08-20T01:12:51.783+0000] {dagbag.py:539} INFO - Filling up the DagBag from /home/airflow/.local/lib/python3.8/site-packages/airflow/example_dags/example_dynamic_task_mapping_with_no_taskflow_operators.py
[2023-08-20T01:12:51.789+0000] {processor.py:839} INFO - DAG(s) dict_keys(['example_dynamic_task_mapping_with_no_taskflow_operators']) retrieved from /home/airflow/.local/lib/python3.8/site-packages/airflow/example_dags/example_dynamic_task_mapping_with_no_taskflow_operators.py
[2023-08-20T01:12:51.798+0000] {logging_mixin.py:151} INFO - [2023-08-20T01:12:51.798+0000] {dag.py:2907} INFO - Sync 1 DAGs
[2023-08-20T01:12:51.809+0000] {logging_mixin.py:151} INFO - [2023-08-20T01:12:51.809+0000] {dag.py:3677} INFO - Setting next_dagrun for example_dynamic_task_mapping_with_no_taskflow_operators to 2023-08-19T01:12:51.809513+00:00, run_after=2023-08-20T01:12:51.809513+00:00
[2023-08-20T01:12:51.907+0000] {processor.py:179} INFO - Processing /home/airflow/.local/lib/python3.8/site-packages/airflow/example_dags/example_dynamic_task_mapping_with_no_taskflow_operators.py took 0.127 seconds
[2023-08-20T01:13:22.682+0000] {processor.py:157} INFO - Started process (PID=112) to work on /home/airflow/.local/lib/python3.8/site-packages/airflow/example_dags/example_dynamic_task_mapping_with_no_taskflow_operators.py
[2023-08-20T01:13:22.683+0000] {processor.py:829} INFO - Processing file /home/airflow/.local/lib/python3.8/site-packages/airflow/example_dags/example_dynamic_task_mapping_with_no_taskflow_operators.py for tasks to queue
[2023-08-20T01:13:22.684+0000] {logging_mixin.py:151} INFO - [2023-08-20T01:13:22.684+0000] {dagbag.py:539} INFO - Filling up the DagBag from /home/airflow/.local/lib/python3.8/site-packages/airflow/example_dags/example_dynamic_task_mapping_with_no_taskflow_operators.py
[2023-08-20T01:13:22.687+0000] {processor.py:839} INFO - DAG(s) dict_keys(['example_dynamic_task_mapping_with_no_taskflow_operators']) retrieved from /home/airflow/.local/lib/python3.8/site-packages/airflow/example_dags/example_dynamic_task_mapping_with_no_taskflow_operators.py
[2023-08-20T01:13:22.697+0000] {logging_mixin.py:151} INFO - [2023-08-20T01:13:22.697+0000] {dag.py:2907} INFO - Sync 1 DAGs
[2023-08-20T01:13:22.706+0000] {logging_mixin.py:151} INFO - [2023-08-20T01:13:22.706+0000] {dag.py:3677} INFO - Setting next_dagrun for example_dynamic_task_mapping_with_no_taskflow_operators to 2023-08-19T01:13:22.705962+00:00, run_after=2023-08-20T01:13:22.705962+00:00
[2023-08-20T01:13:22.712+0000] {processor.py:179} INFO - Processing /home/airflow/.local/lib/python3.8/site-packages/airflow/example_dags/example_dynamic_task_mapping_with_no_taskflow_operators.py took 0.031 seconds
[2023-08-20T01:13:53.408+0000] {processor.py:157} INFO - Started process (PID=167) to work on /home/airflow/.local/lib/python3.8/site-packages/airflow/example_dags/example_dynamic_task_mapping_with_no_taskflow_operators.py
[2023-08-20T01:13:53.408+0000] {processor.py:829} INFO - Processing file /home/airflow/.local/lib/python3.8/site-packages/airflow/example_dags/example_dynamic_task_mapping_with_no_taskflow_operators.py for tasks to queue
[2023-08-20T01:13:53.410+0000] {logging_mixin.py:151} INFO - [2023-08-20T01:13:53.409+0000] {dagbag.py:539} INFO - Filling up the DagBag from /home/airflow/.local/lib/python3.8/site-packages/airflow/example_dags/example_dynamic_task_mapping_with_no_taskflow_operators.py
[2023-08-20T01:13:53.413+0000] {processor.py:839} INFO - DAG(s) dict_keys(['example_dynamic_task_mapping_with_no_taskflow_operators']) retrieved from /home/airflow/.local/lib/python3.8/site-packages/airflow/example_dags/example_dynamic_task_mapping_with_no_taskflow_operators.py
[2023-08-20T01:13:53.424+0000] {logging_mixin.py:151} INFO - [2023-08-20T01:13:53.424+0000] {dag.py:2907} INFO - Sync 1 DAGs
[2023-08-20T01:13:53.433+0000] {logging_mixin.py:151} INFO - [2023-08-20T01:13:53.433+0000] {dag.py:3677} INFO - Setting next_dagrun for example_dynamic_task_mapping_with_no_taskflow_operators to 2023-08-19T01:13:53.433049+00:00, run_after=2023-08-20T01:13:53.433049+00:00
[2023-08-20T01:13:53.439+0000] {processor.py:179} INFO - Processing /home/airflow/.local/lib/python3.8/site-packages/airflow/example_dags/example_dynamic_task_mapping_with_no_taskflow_operators.py took 0.033 seconds
[2023-08-20T01:14:23.911+0000] {processor.py:157} INFO - Started process (PID=220) to work on /home/airflow/.local/lib/python3.8/site-packages/airflow/example_dags/example_dynamic_task_mapping_with_no_taskflow_operators.py
[2023-08-20T01:14:23.911+0000] {processor.py:829} INFO - Processing file /home/airflow/.local/lib/python3.8/site-packages/airflow/example_dags/example_dynamic_task_mapping_with_no_taskflow_operators.py for tasks to queue
[2023-08-20T01:14:23.912+0000] {logging_mixin.py:151} INFO - [2023-08-20T01:14:23.912+0000] {dagbag.py:539} INFO - Filling up the DagBag from /home/airflow/.local/lib/python3.8/site-packages/airflow/example_dags/example_dynamic_task_mapping_with_no_taskflow_operators.py
[2023-08-20T01:14:23.916+0000] {processor.py:839} INFO - DAG(s) dict_keys(['example_dynamic_task_mapping_with_no_taskflow_operators']) retrieved from /home/airflow/.local/lib/python3.8/site-packages/airflow/example_dags/example_dynamic_task_mapping_with_no_taskflow_operators.py
[2023-08-20T01:14:23.926+0000] {logging_mixin.py:151} INFO - [2023-08-20T01:14:23.926+0000] {dag.py:2907} INFO - Sync 1 DAGs
[2023-08-20T01:14:23.935+0000] {logging_mixin.py:151} INFO - [2023-08-20T01:14:23.935+0000] {dag.py:3677} INFO - Setting next_dagrun for example_dynamic_task_mapping_with_no_taskflow_operators to 2023-08-19T01:14:23.935457+00:00, run_after=2023-08-20T01:14:23.935457+00:00
[2023-08-20T01:14:23.942+0000] {processor.py:179} INFO - Processing /home/airflow/.local/lib/python3.8/site-packages/airflow/example_dags/example_dynamic_task_mapping_with_no_taskflow_operators.py took 0.033 seconds
[2023-08-20T01:14:54.638+0000] {processor.py:157} INFO - Started process (PID=275) to work on /home/airflow/.local/lib/python3.8/site-packages/airflow/example_dags/example_dynamic_task_mapping_with_no_taskflow_operators.py
[2023-08-20T01:14:54.638+0000] {processor.py:829} INFO - Processing file /home/airflow/.local/lib/python3.8/site-packages/airflow/example_dags/example_dynamic_task_mapping_with_no_taskflow_operators.py for tasks to queue
[2023-08-20T01:14:54.639+0000] {logging_mixin.py:151} INFO - [2023-08-20T01:14:54.639+0000] {dagbag.py:539} INFO - Filling up the DagBag from /home/airflow/.local/lib/python3.8/site-packages/airflow/example_dags/example_dynamic_task_mapping_with_no_taskflow_operators.py
[2023-08-20T01:14:54.643+0000] {processor.py:839} INFO - DAG(s) dict_keys(['example_dynamic_task_mapping_with_no_taskflow_operators']) retrieved from /home/airflow/.local/lib/python3.8/site-packages/airflow/example_dags/example_dynamic_task_mapping_with_no_taskflow_operators.py
[2023-08-20T01:14:54.654+0000] {logging_mixin.py:151} INFO - [2023-08-20T01:14:54.654+0000] {dag.py:2907} INFO - Sync 1 DAGs
[2023-08-20T01:14:54.663+0000] {logging_mixin.py:151} INFO - [2023-08-20T01:14:54.663+0000] {dag.py:3677} INFO - Setting next_dagrun for example_dynamic_task_mapping_with_no_taskflow_operators to 2023-08-19T01:14:54.663295+00:00, run_after=2023-08-20T01:14:54.663295+00:00
[2023-08-20T01:14:54.670+0000] {processor.py:179} INFO - Processing /home/airflow/.local/lib/python3.8/site-packages/airflow/example_dags/example_dynamic_task_mapping_with_no_taskflow_operators.py took 0.034 seconds
[2023-08-20T01:15:25.179+0000] {processor.py:157} INFO - Started process (PID=328) to work on /home/airflow/.local/lib/python3.8/site-packages/airflow/example_dags/example_dynamic_task_mapping_with_no_taskflow_operators.py
[2023-08-20T01:15:25.180+0000] {processor.py:829} INFO - Processing file /home/airflow/.local/lib/python3.8/site-packages/airflow/example_dags/example_dynamic_task_mapping_with_no_taskflow_operators.py for tasks to queue
[2023-08-20T01:15:25.181+0000] {logging_mixin.py:151} INFO - [2023-08-20T01:15:25.180+0000] {dagbag.py:539} INFO - Filling up the DagBag from /home/airflow/.local/lib/python3.8/site-packages/airflow/example_dags/example_dynamic_task_mapping_with_no_taskflow_operators.py
[2023-08-20T01:15:25.184+0000] {processor.py:839} INFO - DAG(s) dict_keys(['example_dynamic_task_mapping_with_no_taskflow_operators']) retrieved from /home/airflow/.local/lib/python3.8/site-packages/airflow/example_dags/example_dynamic_task_mapping_with_no_taskflow_operators.py
[2023-08-20T01:15:25.195+0000] {logging_mixin.py:151} INFO - [2023-08-20T01:15:25.195+0000] {dag.py:2907} INFO - Sync 1 DAGs
[2023-08-20T01:15:25.203+0000] {logging_mixin.py:151} INFO - [2023-08-20T01:15:25.203+0000] {dag.py:3677} INFO - Setting next_dagrun for example_dynamic_task_mapping_with_no_taskflow_operators to 2023-08-19T01:15:25.203612+00:00, run_after=2023-08-20T01:15:25.203612+00:00
[2023-08-20T01:15:25.209+0000] {processor.py:179} INFO - Processing /home/airflow/.local/lib/python3.8/site-packages/airflow/example_dags/example_dynamic_task_mapping_with_no_taskflow_operators.py took 0.032 seconds
