[2023-08-20T01:09:26.584+0000] {processor.py:157} INFO - Started process (PID=57) to work on /home/airflow/.local/lib/python3.8/site-packages/airflow/example_dags/example_branch_datetime_operator.py
[2023-08-20T01:09:26.585+0000] {processor.py:829} INFO - Processing file /home/airflow/.local/lib/python3.8/site-packages/airflow/example_dags/example_branch_datetime_operator.py for tasks to queue
[2023-08-20T01:09:26.586+0000] {logging_mixin.py:151} INFO - [2023-08-20T01:09:26.586+0000] {dagbag.py:539} INFO - Filling up the DagBag from /home/airflow/.local/lib/python3.8/site-packages/airflow/example_dags/example_branch_datetime_operator.py
[2023-08-20T01:09:26.592+0000] {processor.py:839} INFO - DAG(s) dict_keys(['example_branch_datetime_operator_3', 'example_branch_datetime_operator_2', 'example_branch_datetime_operator']) retrieved from /home/airflow/.local/lib/python3.8/site-packages/airflow/example_dags/example_branch_datetime_operator.py
[2023-08-20T01:09:26.637+0000] {logging_mixin.py:151} INFO - [2023-08-20T01:09:26.637+0000] {manager.py:501} INFO - Created Permission View: can edit on DAG:example_branch_datetime_operator_3
[2023-08-20T01:09:26.640+0000] {logging_mixin.py:151} INFO - [2023-08-20T01:09:26.640+0000] {manager.py:501} INFO - Created Permission View: can delete on DAG:example_branch_datetime_operator_3
[2023-08-20T01:09:26.642+0000] {logging_mixin.py:151} INFO - [2023-08-20T01:09:26.642+0000] {manager.py:501} INFO - Created Permission View: can read on DAG:example_branch_datetime_operator_3
[2023-08-20T01:09:26.652+0000] {logging_mixin.py:151} INFO - [2023-08-20T01:09:26.652+0000] {manager.py:501} INFO - Created Permission View: can edit on DAG:example_branch_datetime_operator_2
[2023-08-20T01:09:26.654+0000] {logging_mixin.py:151} INFO - [2023-08-20T01:09:26.654+0000] {manager.py:501} INFO - Created Permission View: can delete on DAG:example_branch_datetime_operator_2
[2023-08-20T01:09:26.657+0000] {logging_mixin.py:151} INFO - [2023-08-20T01:09:26.657+0000] {manager.py:501} INFO - Created Permission View: can read on DAG:example_branch_datetime_operator_2
[2023-08-20T01:09:26.663+0000] {logging_mixin.py:151} INFO - [2023-08-20T01:09:26.663+0000] {manager.py:501} INFO - Created Permission View: can edit on DAG:example_branch_datetime_operator
[2023-08-20T01:09:26.666+0000] {logging_mixin.py:151} INFO - [2023-08-20T01:09:26.666+0000] {manager.py:501} INFO - Created Permission View: can delete on DAG:example_branch_datetime_operator
[2023-08-20T01:09:26.668+0000] {logging_mixin.py:151} INFO - [2023-08-20T01:09:26.668+0000] {manager.py:501} INFO - Created Permission View: can read on DAG:example_branch_datetime_operator
[2023-08-20T01:09:26.670+0000] {logging_mixin.py:151} INFO - [2023-08-20T01:09:26.670+0000] {dag.py:2907} INFO - Sync 3 DAGs
[2023-08-20T01:09:26.675+0000] {logging_mixin.py:151} INFO - [2023-08-20T01:09:26.675+0000] {dag.py:2929} INFO - Creating ORM DAG for example_branch_datetime_operator
[2023-08-20T01:09:26.675+0000] {logging_mixin.py:151} INFO - [2023-08-20T01:09:26.675+0000] {dag.py:2929} INFO - Creating ORM DAG for example_branch_datetime_operator_3
[2023-08-20T01:09:26.675+0000] {logging_mixin.py:151} INFO - [2023-08-20T01:09:26.675+0000] {dag.py:2929} INFO - Creating ORM DAG for example_branch_datetime_operator_2
[2023-08-20T01:09:26.680+0000] {logging_mixin.py:151} INFO - [2023-08-20T01:09:26.680+0000] {dag.py:3677} INFO - Setting next_dagrun for example_branch_datetime_operator to 2023-08-19T00:00:00+00:00, run_after=2023-08-20T00:00:00+00:00
[2023-08-20T01:09:26.681+0000] {logging_mixin.py:151} INFO - [2023-08-20T01:09:26.681+0000] {dag.py:3677} INFO - Setting next_dagrun for example_branch_datetime_operator_2 to 2023-08-19T00:00:00+00:00, run_after=2023-08-20T00:00:00+00:00
[2023-08-20T01:09:26.682+0000] {logging_mixin.py:151} INFO - [2023-08-20T01:09:26.682+0000] {dag.py:3677} INFO - Setting next_dagrun for example_branch_datetime_operator_3 to 2023-08-19T00:00:00+00:00, run_after=2023-08-20T00:00:00+00:00
[2023-08-20T01:09:26.689+0000] {processor.py:179} INFO - Processing /home/airflow/.local/lib/python3.8/site-packages/airflow/example_dags/example_branch_datetime_operator.py took 0.107 seconds
[2023-08-20T01:09:57.218+0000] {processor.py:157} INFO - Started process (PID=111) to work on /home/airflow/.local/lib/python3.8/site-packages/airflow/example_dags/example_branch_datetime_operator.py
[2023-08-20T01:09:57.219+0000] {processor.py:829} INFO - Processing file /home/airflow/.local/lib/python3.8/site-packages/airflow/example_dags/example_branch_datetime_operator.py for tasks to queue
[2023-08-20T01:09:57.220+0000] {logging_mixin.py:151} INFO - [2023-08-20T01:09:57.220+0000] {dagbag.py:539} INFO - Filling up the DagBag from /home/airflow/.local/lib/python3.8/site-packages/airflow/example_dags/example_branch_datetime_operator.py
[2023-08-20T01:09:57.226+0000] {processor.py:839} INFO - DAG(s) dict_keys(['example_branch_datetime_operator_2', 'example_branch_datetime_operator', 'example_branch_datetime_operator_3']) retrieved from /home/airflow/.local/lib/python3.8/site-packages/airflow/example_dags/example_branch_datetime_operator.py
[2023-08-20T01:09:57.239+0000] {logging_mixin.py:151} INFO - [2023-08-20T01:09:57.239+0000] {dag.py:2907} INFO - Sync 3 DAGs
[2023-08-20T01:09:57.249+0000] {logging_mixin.py:151} INFO - [2023-08-20T01:09:57.248+0000] {dag.py:3677} INFO - Setting next_dagrun for example_branch_datetime_operator to 2023-08-19T00:00:00+00:00, run_after=2023-08-20T00:00:00+00:00
[2023-08-20T01:09:57.250+0000] {logging_mixin.py:151} INFO - [2023-08-20T01:09:57.250+0000] {dag.py:3677} INFO - Setting next_dagrun for example_branch_datetime_operator_2 to 2023-08-19T00:00:00+00:00, run_after=2023-08-20T00:00:00+00:00
[2023-08-20T01:09:57.251+0000] {logging_mixin.py:151} INFO - [2023-08-20T01:09:57.251+0000] {dag.py:3677} INFO - Setting next_dagrun for example_branch_datetime_operator_3 to 2023-08-19T00:00:00+00:00, run_after=2023-08-20T00:00:00+00:00
[2023-08-20T01:09:57.257+0000] {processor.py:179} INFO - Processing /home/airflow/.local/lib/python3.8/site-packages/airflow/example_dags/example_branch_datetime_operator.py took 0.041 seconds
[2023-08-20T01:10:27.978+0000] {processor.py:157} INFO - Started process (PID=165) to work on /home/airflow/.local/lib/python3.8/site-packages/airflow/example_dags/example_branch_datetime_operator.py
[2023-08-20T01:10:27.978+0000] {processor.py:829} INFO - Processing file /home/airflow/.local/lib/python3.8/site-packages/airflow/example_dags/example_branch_datetime_operator.py for tasks to queue
[2023-08-20T01:10:27.979+0000] {logging_mixin.py:151} INFO - [2023-08-20T01:10:27.979+0000] {dagbag.py:539} INFO - Filling up the DagBag from /home/airflow/.local/lib/python3.8/site-packages/airflow/example_dags/example_branch_datetime_operator.py
[2023-08-20T01:10:27.985+0000] {processor.py:839} INFO - DAG(s) dict_keys(['example_branch_datetime_operator_2', 'example_branch_datetime_operator_3', 'example_branch_datetime_operator']) retrieved from /home/airflow/.local/lib/python3.8/site-packages/airflow/example_dags/example_branch_datetime_operator.py
[2023-08-20T01:10:28.002+0000] {logging_mixin.py:151} INFO - [2023-08-20T01:10:28.002+0000] {dag.py:2907} INFO - Sync 3 DAGs
[2023-08-20T01:10:28.013+0000] {logging_mixin.py:151} INFO - [2023-08-20T01:10:28.013+0000] {dag.py:3677} INFO - Setting next_dagrun for example_branch_datetime_operator to 2023-08-19T00:00:00+00:00, run_after=2023-08-20T00:00:00+00:00
[2023-08-20T01:10:28.015+0000] {logging_mixin.py:151} INFO - [2023-08-20T01:10:28.015+0000] {dag.py:3677} INFO - Setting next_dagrun for example_branch_datetime_operator_2 to 2023-08-19T00:00:00+00:00, run_after=2023-08-20T00:00:00+00:00
[2023-08-20T01:10:28.016+0000] {logging_mixin.py:151} INFO - [2023-08-20T01:10:28.016+0000] {dag.py:3677} INFO - Setting next_dagrun for example_branch_datetime_operator_3 to 2023-08-19T00:00:00+00:00, run_after=2023-08-20T00:00:00+00:00
[2023-08-20T01:10:28.023+0000] {processor.py:179} INFO - Processing /home/airflow/.local/lib/python3.8/site-packages/airflow/example_dags/example_branch_datetime_operator.py took 0.048 seconds
[2023-08-20T01:10:58.671+0000] {processor.py:157} INFO - Started process (PID=219) to work on /home/airflow/.local/lib/python3.8/site-packages/airflow/example_dags/example_branch_datetime_operator.py
[2023-08-20T01:10:58.671+0000] {processor.py:829} INFO - Processing file /home/airflow/.local/lib/python3.8/site-packages/airflow/example_dags/example_branch_datetime_operator.py for tasks to queue
[2023-08-20T01:10:58.672+0000] {logging_mixin.py:151} INFO - [2023-08-20T01:10:58.672+0000] {dagbag.py:539} INFO - Filling up the DagBag from /home/airflow/.local/lib/python3.8/site-packages/airflow/example_dags/example_branch_datetime_operator.py
[2023-08-20T01:10:58.677+0000] {processor.py:839} INFO - DAG(s) dict_keys(['example_branch_datetime_operator_2', 'example_branch_datetime_operator_3', 'example_branch_datetime_operator']) retrieved from /home/airflow/.local/lib/python3.8/site-packages/airflow/example_dags/example_branch_datetime_operator.py
[2023-08-20T01:10:58.691+0000] {logging_mixin.py:151} INFO - [2023-08-20T01:10:58.691+0000] {dag.py:2907} INFO - Sync 3 DAGs
[2023-08-20T01:10:58.702+0000] {logging_mixin.py:151} INFO - [2023-08-20T01:10:58.702+0000] {dag.py:3677} INFO - Setting next_dagrun for example_branch_datetime_operator to 2023-08-19T00:00:00+00:00, run_after=2023-08-20T00:00:00+00:00
[2023-08-20T01:10:58.704+0000] {logging_mixin.py:151} INFO - [2023-08-20T01:10:58.704+0000] {dag.py:3677} INFO - Setting next_dagrun for example_branch_datetime_operator_2 to 2023-08-19T00:00:00+00:00, run_after=2023-08-20T00:00:00+00:00
[2023-08-20T01:10:58.705+0000] {logging_mixin.py:151} INFO - [2023-08-20T01:10:58.705+0000] {dag.py:3677} INFO - Setting next_dagrun for example_branch_datetime_operator_3 to 2023-08-19T00:00:00+00:00, run_after=2023-08-20T00:00:00+00:00
[2023-08-20T01:10:58.712+0000] {processor.py:179} INFO - Processing /home/airflow/.local/lib/python3.8/site-packages/airflow/example_dags/example_branch_datetime_operator.py took 0.043 seconds
[2023-08-20T01:11:29.365+0000] {processor.py:157} INFO - Started process (PID=273) to work on /home/airflow/.local/lib/python3.8/site-packages/airflow/example_dags/example_branch_datetime_operator.py
[2023-08-20T01:11:29.366+0000] {processor.py:829} INFO - Processing file /home/airflow/.local/lib/python3.8/site-packages/airflow/example_dags/example_branch_datetime_operator.py for tasks to queue
[2023-08-20T01:11:29.367+0000] {logging_mixin.py:151} INFO - [2023-08-20T01:11:29.367+0000] {dagbag.py:539} INFO - Filling up the DagBag from /home/airflow/.local/lib/python3.8/site-packages/airflow/example_dags/example_branch_datetime_operator.py
[2023-08-20T01:11:29.372+0000] {processor.py:839} INFO - DAG(s) dict_keys(['example_branch_datetime_operator_3', 'example_branch_datetime_operator', 'example_branch_datetime_operator_2']) retrieved from /home/airflow/.local/lib/python3.8/site-packages/airflow/example_dags/example_branch_datetime_operator.py
[2023-08-20T01:11:29.386+0000] {logging_mixin.py:151} INFO - [2023-08-20T01:11:29.386+0000] {dag.py:2907} INFO - Sync 3 DAGs
[2023-08-20T01:11:29.397+0000] {logging_mixin.py:151} INFO - [2023-08-20T01:11:29.396+0000] {dag.py:3677} INFO - Setting next_dagrun for example_branch_datetime_operator to 2023-08-19T00:00:00+00:00, run_after=2023-08-20T00:00:00+00:00
[2023-08-20T01:11:29.399+0000] {logging_mixin.py:151} INFO - [2023-08-20T01:11:29.398+0000] {dag.py:3677} INFO - Setting next_dagrun for example_branch_datetime_operator_2 to 2023-08-19T00:00:00+00:00, run_after=2023-08-20T00:00:00+00:00
[2023-08-20T01:11:29.400+0000] {logging_mixin.py:151} INFO - [2023-08-20T01:11:29.400+0000] {dag.py:3677} INFO - Setting next_dagrun for example_branch_datetime_operator_3 to 2023-08-19T00:00:00+00:00, run_after=2023-08-20T00:00:00+00:00
[2023-08-20T01:11:29.406+0000] {processor.py:179} INFO - Processing /home/airflow/.local/lib/python3.8/site-packages/airflow/example_dags/example_branch_datetime_operator.py took 0.042 seconds
[2023-08-20T01:12:00.082+0000] {processor.py:157} INFO - Started process (PID=327) to work on /home/airflow/.local/lib/python3.8/site-packages/airflow/example_dags/example_branch_datetime_operator.py
[2023-08-20T01:12:00.083+0000] {processor.py:829} INFO - Processing file /home/airflow/.local/lib/python3.8/site-packages/airflow/example_dags/example_branch_datetime_operator.py for tasks to queue
[2023-08-20T01:12:00.084+0000] {logging_mixin.py:151} INFO - [2023-08-20T01:12:00.084+0000] {dagbag.py:539} INFO - Filling up the DagBag from /home/airflow/.local/lib/python3.8/site-packages/airflow/example_dags/example_branch_datetime_operator.py
[2023-08-20T01:12:00.090+0000] {processor.py:839} INFO - DAG(s) dict_keys(['example_branch_datetime_operator_3', 'example_branch_datetime_operator', 'example_branch_datetime_operator_2']) retrieved from /home/airflow/.local/lib/python3.8/site-packages/airflow/example_dags/example_branch_datetime_operator.py
[2023-08-20T01:12:00.105+0000] {logging_mixin.py:151} INFO - [2023-08-20T01:12:00.104+0000] {dag.py:2907} INFO - Sync 3 DAGs
[2023-08-20T01:12:00.114+0000] {logging_mixin.py:151} INFO - [2023-08-20T01:12:00.114+0000] {dag.py:3677} INFO - Setting next_dagrun for example_branch_datetime_operator to 2023-08-19T00:00:00+00:00, run_after=2023-08-20T00:00:00+00:00
[2023-08-20T01:12:00.116+0000] {logging_mixin.py:151} INFO - [2023-08-20T01:12:00.116+0000] {dag.py:3677} INFO - Setting next_dagrun for example_branch_datetime_operator_2 to 2023-08-19T00:00:00+00:00, run_after=2023-08-20T00:00:00+00:00
[2023-08-20T01:12:00.117+0000] {logging_mixin.py:151} INFO - [2023-08-20T01:12:00.117+0000] {dag.py:3677} INFO - Setting next_dagrun for example_branch_datetime_operator_3 to 2023-08-19T00:00:00+00:00, run_after=2023-08-20T00:00:00+00:00
[2023-08-20T01:12:00.124+0000] {processor.py:179} INFO - Processing /home/airflow/.local/lib/python3.8/site-packages/airflow/example_dags/example_branch_datetime_operator.py took 0.043 seconds
[2023-08-20T01:12:51.680+0000] {processor.py:157} INFO - Started process (PID=56) to work on /home/airflow/.local/lib/python3.8/site-packages/airflow/example_dags/example_branch_datetime_operator.py
[2023-08-20T01:12:51.680+0000] {processor.py:829} INFO - Processing file /home/airflow/.local/lib/python3.8/site-packages/airflow/example_dags/example_branch_datetime_operator.py for tasks to queue
[2023-08-20T01:12:51.682+0000] {logging_mixin.py:151} INFO - [2023-08-20T01:12:51.681+0000] {dagbag.py:539} INFO - Filling up the DagBag from /home/airflow/.local/lib/python3.8/site-packages/airflow/example_dags/example_branch_datetime_operator.py
[2023-08-20T01:12:51.688+0000] {processor.py:839} INFO - DAG(s) dict_keys(['example_branch_datetime_operator', 'example_branch_datetime_operator_2', 'example_branch_datetime_operator_3']) retrieved from /home/airflow/.local/lib/python3.8/site-packages/airflow/example_dags/example_branch_datetime_operator.py
[2023-08-20T01:12:51.698+0000] {logging_mixin.py:151} INFO - [2023-08-20T01:12:51.698+0000] {dag.py:2907} INFO - Sync 3 DAGs
[2023-08-20T01:12:51.710+0000] {logging_mixin.py:151} INFO - [2023-08-20T01:12:51.710+0000] {dag.py:3677} INFO - Setting next_dagrun for example_branch_datetime_operator to 2023-08-19T00:00:00+00:00, run_after=2023-08-20T00:00:00+00:00
[2023-08-20T01:12:51.712+0000] {logging_mixin.py:151} INFO - [2023-08-20T01:12:51.712+0000] {dag.py:3677} INFO - Setting next_dagrun for example_branch_datetime_operator_2 to 2023-08-19T00:00:00+00:00, run_after=2023-08-20T00:00:00+00:00
[2023-08-20T01:12:51.713+0000] {logging_mixin.py:151} INFO - [2023-08-20T01:12:51.713+0000] {dag.py:3677} INFO - Setting next_dagrun for example_branch_datetime_operator_3 to 2023-08-19T00:00:00+00:00, run_after=2023-08-20T00:00:00+00:00
[2023-08-20T01:12:51.720+0000] {processor.py:179} INFO - Processing /home/airflow/.local/lib/python3.8/site-packages/airflow/example_dags/example_branch_datetime_operator.py took 0.042 seconds
[2023-08-20T01:13:22.588+0000] {processor.py:157} INFO - Started process (PID=109) to work on /home/airflow/.local/lib/python3.8/site-packages/airflow/example_dags/example_branch_datetime_operator.py
[2023-08-20T01:13:22.589+0000] {processor.py:829} INFO - Processing file /home/airflow/.local/lib/python3.8/site-packages/airflow/example_dags/example_branch_datetime_operator.py for tasks to queue
[2023-08-20T01:13:22.590+0000] {logging_mixin.py:151} INFO - [2023-08-20T01:13:22.590+0000] {dagbag.py:539} INFO - Filling up the DagBag from /home/airflow/.local/lib/python3.8/site-packages/airflow/example_dags/example_branch_datetime_operator.py
[2023-08-20T01:13:22.595+0000] {processor.py:839} INFO - DAG(s) dict_keys(['example_branch_datetime_operator_3', 'example_branch_datetime_operator_2', 'example_branch_datetime_operator']) retrieved from /home/airflow/.local/lib/python3.8/site-packages/airflow/example_dags/example_branch_datetime_operator.py
[2023-08-20T01:13:22.610+0000] {logging_mixin.py:151} INFO - [2023-08-20T01:13:22.610+0000] {dag.py:2907} INFO - Sync 3 DAGs
[2023-08-20T01:13:22.620+0000] {logging_mixin.py:151} INFO - [2023-08-20T01:13:22.620+0000] {dag.py:3677} INFO - Setting next_dagrun for example_branch_datetime_operator to 2023-08-19T00:00:00+00:00, run_after=2023-08-20T00:00:00+00:00
[2023-08-20T01:13:22.622+0000] {logging_mixin.py:151} INFO - [2023-08-20T01:13:22.622+0000] {dag.py:3677} INFO - Setting next_dagrun for example_branch_datetime_operator_2 to 2023-08-19T00:00:00+00:00, run_after=2023-08-20T00:00:00+00:00
[2023-08-20T01:13:22.623+0000] {logging_mixin.py:151} INFO - [2023-08-20T01:13:22.623+0000] {dag.py:3677} INFO - Setting next_dagrun for example_branch_datetime_operator_3 to 2023-08-19T00:00:00+00:00, run_after=2023-08-20T00:00:00+00:00
[2023-08-20T01:13:22.630+0000] {processor.py:179} INFO - Processing /home/airflow/.local/lib/python3.8/site-packages/airflow/example_dags/example_branch_datetime_operator.py took 0.043 seconds
[2023-08-20T01:13:53.312+0000] {processor.py:157} INFO - Started process (PID=163) to work on /home/airflow/.local/lib/python3.8/site-packages/airflow/example_dags/example_branch_datetime_operator.py
[2023-08-20T01:13:53.312+0000] {processor.py:829} INFO - Processing file /home/airflow/.local/lib/python3.8/site-packages/airflow/example_dags/example_branch_datetime_operator.py for tasks to queue
[2023-08-20T01:13:53.313+0000] {logging_mixin.py:151} INFO - [2023-08-20T01:13:53.313+0000] {dagbag.py:539} INFO - Filling up the DagBag from /home/airflow/.local/lib/python3.8/site-packages/airflow/example_dags/example_branch_datetime_operator.py
[2023-08-20T01:13:53.318+0000] {processor.py:839} INFO - DAG(s) dict_keys(['example_branch_datetime_operator', 'example_branch_datetime_operator_2', 'example_branch_datetime_operator_3']) retrieved from /home/airflow/.local/lib/python3.8/site-packages/airflow/example_dags/example_branch_datetime_operator.py
[2023-08-20T01:13:53.333+0000] {logging_mixin.py:151} INFO - [2023-08-20T01:13:53.333+0000] {dag.py:2907} INFO - Sync 3 DAGs
[2023-08-20T01:13:53.343+0000] {logging_mixin.py:151} INFO - [2023-08-20T01:13:53.342+0000] {dag.py:3677} INFO - Setting next_dagrun for example_branch_datetime_operator to 2023-08-19T00:00:00+00:00, run_after=2023-08-20T00:00:00+00:00
[2023-08-20T01:13:53.345+0000] {logging_mixin.py:151} INFO - [2023-08-20T01:13:53.344+0000] {dag.py:3677} INFO - Setting next_dagrun for example_branch_datetime_operator_2 to 2023-08-19T00:00:00+00:00, run_after=2023-08-20T00:00:00+00:00
[2023-08-20T01:13:53.346+0000] {logging_mixin.py:151} INFO - [2023-08-20T01:13:53.346+0000] {dag.py:3677} INFO - Setting next_dagrun for example_branch_datetime_operator_3 to 2023-08-19T00:00:00+00:00, run_after=2023-08-20T00:00:00+00:00
[2023-08-20T01:13:53.352+0000] {processor.py:179} INFO - Processing /home/airflow/.local/lib/python3.8/site-packages/airflow/example_dags/example_branch_datetime_operator.py took 0.042 seconds
[2023-08-20T01:14:23.857+0000] {processor.py:157} INFO - Started process (PID=217) to work on /home/airflow/.local/lib/python3.8/site-packages/airflow/example_dags/example_branch_datetime_operator.py
[2023-08-20T01:14:23.857+0000] {processor.py:829} INFO - Processing file /home/airflow/.local/lib/python3.8/site-packages/airflow/example_dags/example_branch_datetime_operator.py for tasks to queue
[2023-08-20T01:14:23.858+0000] {logging_mixin.py:151} INFO - [2023-08-20T01:14:23.858+0000] {dagbag.py:539} INFO - Filling up the DagBag from /home/airflow/.local/lib/python3.8/site-packages/airflow/example_dags/example_branch_datetime_operator.py
[2023-08-20T01:14:23.863+0000] {processor.py:839} INFO - DAG(s) dict_keys(['example_branch_datetime_operator_3', 'example_branch_datetime_operator_2', 'example_branch_datetime_operator']) retrieved from /home/airflow/.local/lib/python3.8/site-packages/airflow/example_dags/example_branch_datetime_operator.py
[2023-08-20T01:14:23.878+0000] {logging_mixin.py:151} INFO - [2023-08-20T01:14:23.878+0000] {dag.py:2907} INFO - Sync 3 DAGs
[2023-08-20T01:14:23.887+0000] {logging_mixin.py:151} INFO - [2023-08-20T01:14:23.887+0000] {dag.py:3677} INFO - Setting next_dagrun for example_branch_datetime_operator to 2023-08-19T00:00:00+00:00, run_after=2023-08-20T00:00:00+00:00
[2023-08-20T01:14:23.889+0000] {logging_mixin.py:151} INFO - [2023-08-20T01:14:23.889+0000] {dag.py:3677} INFO - Setting next_dagrun for example_branch_datetime_operator_2 to 2023-08-19T00:00:00+00:00, run_after=2023-08-20T00:00:00+00:00
[2023-08-20T01:14:23.890+0000] {logging_mixin.py:151} INFO - [2023-08-20T01:14:23.890+0000] {dag.py:3677} INFO - Setting next_dagrun for example_branch_datetime_operator_3 to 2023-08-19T00:00:00+00:00, run_after=2023-08-20T00:00:00+00:00
[2023-08-20T01:14:23.897+0000] {processor.py:179} INFO - Processing /home/airflow/.local/lib/python3.8/site-packages/airflow/example_dags/example_branch_datetime_operator.py took 0.042 seconds
[2023-08-20T01:14:54.542+0000] {processor.py:157} INFO - Started process (PID=271) to work on /home/airflow/.local/lib/python3.8/site-packages/airflow/example_dags/example_branch_datetime_operator.py
[2023-08-20T01:14:54.543+0000] {processor.py:829} INFO - Processing file /home/airflow/.local/lib/python3.8/site-packages/airflow/example_dags/example_branch_datetime_operator.py for tasks to queue
[2023-08-20T01:14:54.544+0000] {logging_mixin.py:151} INFO - [2023-08-20T01:14:54.543+0000] {dagbag.py:539} INFO - Filling up the DagBag from /home/airflow/.local/lib/python3.8/site-packages/airflow/example_dags/example_branch_datetime_operator.py
[2023-08-20T01:14:54.548+0000] {processor.py:839} INFO - DAG(s) dict_keys(['example_branch_datetime_operator', 'example_branch_datetime_operator_2', 'example_branch_datetime_operator_3']) retrieved from /home/airflow/.local/lib/python3.8/site-packages/airflow/example_dags/example_branch_datetime_operator.py
[2023-08-20T01:14:54.563+0000] {logging_mixin.py:151} INFO - [2023-08-20T01:14:54.563+0000] {dag.py:2907} INFO - Sync 3 DAGs
[2023-08-20T01:14:54.573+0000] {logging_mixin.py:151} INFO - [2023-08-20T01:14:54.573+0000] {dag.py:3677} INFO - Setting next_dagrun for example_branch_datetime_operator to 2023-08-19T00:00:00+00:00, run_after=2023-08-20T00:00:00+00:00
[2023-08-20T01:14:54.575+0000] {logging_mixin.py:151} INFO - [2023-08-20T01:14:54.575+0000] {dag.py:3677} INFO - Setting next_dagrun for example_branch_datetime_operator_2 to 2023-08-19T00:00:00+00:00, run_after=2023-08-20T00:00:00+00:00
[2023-08-20T01:14:54.576+0000] {logging_mixin.py:151} INFO - [2023-08-20T01:14:54.576+0000] {dag.py:3677} INFO - Setting next_dagrun for example_branch_datetime_operator_3 to 2023-08-19T00:00:00+00:00, run_after=2023-08-20T00:00:00+00:00
[2023-08-20T01:14:54.583+0000] {processor.py:179} INFO - Processing /home/airflow/.local/lib/python3.8/site-packages/airflow/example_dags/example_branch_datetime_operator.py took 0.042 seconds
[2023-08-20T01:15:25.081+0000] {processor.py:157} INFO - Started process (PID=325) to work on /home/airflow/.local/lib/python3.8/site-packages/airflow/example_dags/example_branch_datetime_operator.py
[2023-08-20T01:15:25.081+0000] {processor.py:829} INFO - Processing file /home/airflow/.local/lib/python3.8/site-packages/airflow/example_dags/example_branch_datetime_operator.py for tasks to queue
[2023-08-20T01:15:25.083+0000] {logging_mixin.py:151} INFO - [2023-08-20T01:15:25.082+0000] {dagbag.py:539} INFO - Filling up the DagBag from /home/airflow/.local/lib/python3.8/site-packages/airflow/example_dags/example_branch_datetime_operator.py
[2023-08-20T01:15:25.088+0000] {processor.py:839} INFO - DAG(s) dict_keys(['example_branch_datetime_operator_2', 'example_branch_datetime_operator', 'example_branch_datetime_operator_3']) retrieved from /home/airflow/.local/lib/python3.8/site-packages/airflow/example_dags/example_branch_datetime_operator.py
[2023-08-20T01:15:25.103+0000] {logging_mixin.py:151} INFO - [2023-08-20T01:15:25.103+0000] {dag.py:2907} INFO - Sync 3 DAGs
[2023-08-20T01:15:25.112+0000] {logging_mixin.py:151} INFO - [2023-08-20T01:15:25.112+0000] {dag.py:3677} INFO - Setting next_dagrun for example_branch_datetime_operator to 2023-08-19T00:00:00+00:00, run_after=2023-08-20T00:00:00+00:00
[2023-08-20T01:15:25.114+0000] {logging_mixin.py:151} INFO - [2023-08-20T01:15:25.114+0000] {dag.py:3677} INFO - Setting next_dagrun for example_branch_datetime_operator_2 to 2023-08-19T00:00:00+00:00, run_after=2023-08-20T00:00:00+00:00
[2023-08-20T01:15:25.115+0000] {logging_mixin.py:151} INFO - [2023-08-20T01:15:25.115+0000] {dag.py:3677} INFO - Setting next_dagrun for example_branch_datetime_operator_3 to 2023-08-19T00:00:00+00:00, run_after=2023-08-20T00:00:00+00:00
[2023-08-20T01:15:25.121+0000] {processor.py:179} INFO - Processing /home/airflow/.local/lib/python3.8/site-packages/airflow/example_dags/example_branch_datetime_operator.py took 0.042 seconds
