[2023-08-20T01:09:25.428+0000] {processor.py:157} INFO - Started process (PID=48) to work on /home/airflow/.local/lib/python3.8/site-packages/airflow/example_dags/example_params_ui_tutorial.py
[2023-08-20T01:09:25.428+0000] {processor.py:829} INFO - Processing file /home/airflow/.local/lib/python3.8/site-packages/airflow/example_dags/example_params_ui_tutorial.py for tasks to queue
[2023-08-20T01:09:25.430+0000] {logging_mixin.py:151} INFO - [2023-08-20T01:09:25.430+0000] {dagbag.py:539} INFO - Filling up the DagBag from /home/airflow/.local/lib/python3.8/site-packages/airflow/example_dags/example_params_ui_tutorial.py
[2023-08-20T01:09:25.558+0000] {processor.py:839} INFO - DAG(s) dict_keys(['example_params_ui_tutorial']) retrieved from /home/airflow/.local/lib/python3.8/site-packages/airflow/example_dags/example_params_ui_tutorial.py
[2023-08-20T01:09:25.622+0000] {logging_mixin.py:151} INFO - [2023-08-20T01:09:25.622+0000] {manager.py:501} INFO - Created Permission View: can edit on DAG:example_params_ui_tutorial
[2023-08-20T01:09:25.627+0000] {logging_mixin.py:151} INFO - [2023-08-20T01:09:25.626+0000] {manager.py:501} INFO - Created Permission View: can delete on DAG:example_params_ui_tutorial
[2023-08-20T01:09:25.629+0000] {logging_mixin.py:151} INFO - [2023-08-20T01:09:25.629+0000] {manager.py:501} INFO - Created Permission View: can read on DAG:example_params_ui_tutorial
[2023-08-20T01:09:25.635+0000] {logging_mixin.py:151} INFO - [2023-08-20T01:09:25.635+0000] {dag.py:2907} INFO - Sync 1 DAGs
[2023-08-20T01:09:25.640+0000] {logging_mixin.py:151} INFO - [2023-08-20T01:09:25.640+0000] {dag.py:2929} INFO - Creating ORM DAG for example_params_ui_tutorial
[2023-08-20T01:09:25.640+0000] {logging_mixin.py:151} INFO - [2023-08-20T01:09:25.640+0000] {dag.py:3677} INFO - Setting next_dagrun for example_params_ui_tutorial to None, run_after=None
[2023-08-20T01:09:25.648+0000] {processor.py:179} INFO - Processing /home/airflow/.local/lib/python3.8/site-packages/airflow/example_dags/example_params_ui_tutorial.py took 0.224 seconds
[2023-08-20T01:09:55.881+0000] {processor.py:157} INFO - Started process (PID=102) to work on /home/airflow/.local/lib/python3.8/site-packages/airflow/example_dags/example_params_ui_tutorial.py
[2023-08-20T01:09:55.881+0000] {processor.py:829} INFO - Processing file /home/airflow/.local/lib/python3.8/site-packages/airflow/example_dags/example_params_ui_tutorial.py for tasks to queue
[2023-08-20T01:09:55.882+0000] {logging_mixin.py:151} INFO - [2023-08-20T01:09:55.882+0000] {dagbag.py:539} INFO - Filling up the DagBag from /home/airflow/.local/lib/python3.8/site-packages/airflow/example_dags/example_params_ui_tutorial.py
[2023-08-20T01:09:55.900+0000] {processor.py:839} INFO - DAG(s) dict_keys(['example_params_ui_tutorial']) retrieved from /home/airflow/.local/lib/python3.8/site-packages/airflow/example_dags/example_params_ui_tutorial.py
[2023-08-20T01:09:55.922+0000] {logging_mixin.py:151} INFO - [2023-08-20T01:09:55.922+0000] {dag.py:2907} INFO - Sync 1 DAGs
[2023-08-20T01:09:55.928+0000] {logging_mixin.py:151} INFO - [2023-08-20T01:09:55.927+0000] {dag.py:3677} INFO - Setting next_dagrun for example_params_ui_tutorial to None, run_after=None
[2023-08-20T01:09:55.934+0000] {processor.py:179} INFO - Processing /home/airflow/.local/lib/python3.8/site-packages/airflow/example_dags/example_params_ui_tutorial.py took 0.055 seconds
[2023-08-20T01:10:26.641+0000] {processor.py:157} INFO - Started process (PID=156) to work on /home/airflow/.local/lib/python3.8/site-packages/airflow/example_dags/example_params_ui_tutorial.py
[2023-08-20T01:10:26.642+0000] {processor.py:829} INFO - Processing file /home/airflow/.local/lib/python3.8/site-packages/airflow/example_dags/example_params_ui_tutorial.py for tasks to queue
[2023-08-20T01:10:26.643+0000] {logging_mixin.py:151} INFO - [2023-08-20T01:10:26.643+0000] {dagbag.py:539} INFO - Filling up the DagBag from /home/airflow/.local/lib/python3.8/site-packages/airflow/example_dags/example_params_ui_tutorial.py
[2023-08-20T01:10:26.660+0000] {processor.py:839} INFO - DAG(s) dict_keys(['example_params_ui_tutorial']) retrieved from /home/airflow/.local/lib/python3.8/site-packages/airflow/example_dags/example_params_ui_tutorial.py
[2023-08-20T01:10:26.684+0000] {logging_mixin.py:151} INFO - [2023-08-20T01:10:26.684+0000] {dag.py:2907} INFO - Sync 1 DAGs
[2023-08-20T01:10:26.690+0000] {logging_mixin.py:151} INFO - [2023-08-20T01:10:26.690+0000] {dag.py:3677} INFO - Setting next_dagrun for example_params_ui_tutorial to None, run_after=None
[2023-08-20T01:10:26.697+0000] {processor.py:179} INFO - Processing /home/airflow/.local/lib/python3.8/site-packages/airflow/example_dags/example_params_ui_tutorial.py took 0.058 seconds
[2023-08-20T01:10:57.345+0000] {processor.py:157} INFO - Started process (PID=210) to work on /home/airflow/.local/lib/python3.8/site-packages/airflow/example_dags/example_params_ui_tutorial.py
[2023-08-20T01:10:57.345+0000] {processor.py:829} INFO - Processing file /home/airflow/.local/lib/python3.8/site-packages/airflow/example_dags/example_params_ui_tutorial.py for tasks to queue
[2023-08-20T01:10:57.346+0000] {logging_mixin.py:151} INFO - [2023-08-20T01:10:57.346+0000] {dagbag.py:539} INFO - Filling up the DagBag from /home/airflow/.local/lib/python3.8/site-packages/airflow/example_dags/example_params_ui_tutorial.py
[2023-08-20T01:10:57.363+0000] {processor.py:839} INFO - DAG(s) dict_keys(['example_params_ui_tutorial']) retrieved from /home/airflow/.local/lib/python3.8/site-packages/airflow/example_dags/example_params_ui_tutorial.py
[2023-08-20T01:10:57.386+0000] {logging_mixin.py:151} INFO - [2023-08-20T01:10:57.386+0000] {dag.py:2907} INFO - Sync 1 DAGs
[2023-08-20T01:10:57.391+0000] {logging_mixin.py:151} INFO - [2023-08-20T01:10:57.391+0000] {dag.py:3677} INFO - Setting next_dagrun for example_params_ui_tutorial to None, run_after=None
[2023-08-20T01:10:57.399+0000] {processor.py:179} INFO - Processing /home/airflow/.local/lib/python3.8/site-packages/airflow/example_dags/example_params_ui_tutorial.py took 0.056 seconds
[2023-08-20T01:11:28.018+0000] {processor.py:157} INFO - Started process (PID=264) to work on /home/airflow/.local/lib/python3.8/site-packages/airflow/example_dags/example_params_ui_tutorial.py
[2023-08-20T01:11:28.019+0000] {processor.py:829} INFO - Processing file /home/airflow/.local/lib/python3.8/site-packages/airflow/example_dags/example_params_ui_tutorial.py for tasks to queue
[2023-08-20T01:11:28.020+0000] {logging_mixin.py:151} INFO - [2023-08-20T01:11:28.020+0000] {dagbag.py:539} INFO - Filling up the DagBag from /home/airflow/.local/lib/python3.8/site-packages/airflow/example_dags/example_params_ui_tutorial.py
[2023-08-20T01:11:28.035+0000] {processor.py:839} INFO - DAG(s) dict_keys(['example_params_ui_tutorial']) retrieved from /home/airflow/.local/lib/python3.8/site-packages/airflow/example_dags/example_params_ui_tutorial.py
[2023-08-20T01:11:28.058+0000] {logging_mixin.py:151} INFO - [2023-08-20T01:11:28.058+0000] {dag.py:2907} INFO - Sync 1 DAGs
[2023-08-20T01:11:28.063+0000] {logging_mixin.py:151} INFO - [2023-08-20T01:11:28.063+0000] {dag.py:3677} INFO - Setting next_dagrun for example_params_ui_tutorial to None, run_after=None
[2023-08-20T01:11:28.069+0000] {processor.py:179} INFO - Processing /home/airflow/.local/lib/python3.8/site-packages/airflow/example_dags/example_params_ui_tutorial.py took 0.052 seconds
[2023-08-20T01:11:58.725+0000] {processor.py:157} INFO - Started process (PID=318) to work on /home/airflow/.local/lib/python3.8/site-packages/airflow/example_dags/example_params_ui_tutorial.py
[2023-08-20T01:11:58.726+0000] {processor.py:829} INFO - Processing file /home/airflow/.local/lib/python3.8/site-packages/airflow/example_dags/example_params_ui_tutorial.py for tasks to queue
[2023-08-20T01:11:58.727+0000] {logging_mixin.py:151} INFO - [2023-08-20T01:11:58.727+0000] {dagbag.py:539} INFO - Filling up the DagBag from /home/airflow/.local/lib/python3.8/site-packages/airflow/example_dags/example_params_ui_tutorial.py
[2023-08-20T01:11:58.745+0000] {processor.py:839} INFO - DAG(s) dict_keys(['example_params_ui_tutorial']) retrieved from /home/airflow/.local/lib/python3.8/site-packages/airflow/example_dags/example_params_ui_tutorial.py
[2023-08-20T01:11:58.770+0000] {logging_mixin.py:151} INFO - [2023-08-20T01:11:58.770+0000] {dag.py:2907} INFO - Sync 1 DAGs
[2023-08-20T01:11:58.776+0000] {logging_mixin.py:151} INFO - [2023-08-20T01:11:58.775+0000] {dag.py:3677} INFO - Setting next_dagrun for example_params_ui_tutorial to None, run_after=None
[2023-08-20T01:11:58.784+0000] {processor.py:179} INFO - Processing /home/airflow/.local/lib/python3.8/site-packages/airflow/example_dags/example_params_ui_tutorial.py took 0.061 seconds
[2023-08-20T01:12:51.288+0000] {processor.py:157} INFO - Started process (PID=47) to work on /home/airflow/.local/lib/python3.8/site-packages/airflow/example_dags/example_params_ui_tutorial.py
[2023-08-20T01:12:51.289+0000] {processor.py:829} INFO - Processing file /home/airflow/.local/lib/python3.8/site-packages/airflow/example_dags/example_params_ui_tutorial.py for tasks to queue
[2023-08-20T01:12:51.290+0000] {logging_mixin.py:151} INFO - [2023-08-20T01:12:51.290+0000] {dagbag.py:539} INFO - Filling up the DagBag from /home/airflow/.local/lib/python3.8/site-packages/airflow/example_dags/example_params_ui_tutorial.py
[2023-08-20T01:12:51.307+0000] {processor.py:839} INFO - DAG(s) dict_keys(['example_params_ui_tutorial']) retrieved from /home/airflow/.local/lib/python3.8/site-packages/airflow/example_dags/example_params_ui_tutorial.py
[2023-08-20T01:12:51.316+0000] {logging_mixin.py:151} INFO - [2023-08-20T01:12:51.316+0000] {dag.py:2907} INFO - Sync 1 DAGs
[2023-08-20T01:12:51.322+0000] {logging_mixin.py:151} INFO - [2023-08-20T01:12:51.322+0000] {dag.py:3677} INFO - Setting next_dagrun for example_params_ui_tutorial to None, run_after=None
[2023-08-20T01:12:51.331+0000] {processor.py:179} INFO - Processing /home/airflow/.local/lib/python3.8/site-packages/airflow/example_dags/example_params_ui_tutorial.py took 0.045 seconds
[2023-08-20T01:13:22.012+0000] {processor.py:157} INFO - Started process (PID=100) to work on /home/airflow/.local/lib/python3.8/site-packages/airflow/example_dags/example_params_ui_tutorial.py
[2023-08-20T01:13:22.013+0000] {processor.py:829} INFO - Processing file /home/airflow/.local/lib/python3.8/site-packages/airflow/example_dags/example_params_ui_tutorial.py for tasks to queue
[2023-08-20T01:13:22.014+0000] {logging_mixin.py:151} INFO - [2023-08-20T01:13:22.014+0000] {dagbag.py:539} INFO - Filling up the DagBag from /home/airflow/.local/lib/python3.8/site-packages/airflow/example_dags/example_params_ui_tutorial.py
[2023-08-20T01:13:22.097+0000] {processor.py:839} INFO - DAG(s) dict_keys(['example_params_ui_tutorial']) retrieved from /home/airflow/.local/lib/python3.8/site-packages/airflow/example_dags/example_params_ui_tutorial.py
[2023-08-20T01:13:22.120+0000] {logging_mixin.py:151} INFO - [2023-08-20T01:13:22.120+0000] {dag.py:2907} INFO - Sync 1 DAGs
[2023-08-20T01:13:22.125+0000] {logging_mixin.py:151} INFO - [2023-08-20T01:13:22.125+0000] {dag.py:3677} INFO - Setting next_dagrun for example_params_ui_tutorial to None, run_after=None
[2023-08-20T01:13:22.132+0000] {processor.py:179} INFO - Processing /home/airflow/.local/lib/python3.8/site-packages/airflow/example_dags/example_params_ui_tutorial.py took 0.122 seconds
[2023-08-20T01:13:53.022+0000] {processor.py:157} INFO - Started process (PID=154) to work on /home/airflow/.local/lib/python3.8/site-packages/airflow/example_dags/example_params_ui_tutorial.py
[2023-08-20T01:13:53.023+0000] {processor.py:829} INFO - Processing file /home/airflow/.local/lib/python3.8/site-packages/airflow/example_dags/example_params_ui_tutorial.py for tasks to queue
[2023-08-20T01:13:53.024+0000] {logging_mixin.py:151} INFO - [2023-08-20T01:13:53.024+0000] {dagbag.py:539} INFO - Filling up the DagBag from /home/airflow/.local/lib/python3.8/site-packages/airflow/example_dags/example_params_ui_tutorial.py
[2023-08-20T01:13:53.040+0000] {processor.py:839} INFO - DAG(s) dict_keys(['example_params_ui_tutorial']) retrieved from /home/airflow/.local/lib/python3.8/site-packages/airflow/example_dags/example_params_ui_tutorial.py
[2023-08-20T01:13:53.063+0000] {logging_mixin.py:151} INFO - [2023-08-20T01:13:53.063+0000] {dag.py:2907} INFO - Sync 1 DAGs
[2023-08-20T01:13:53.069+0000] {logging_mixin.py:151} INFO - [2023-08-20T01:13:53.069+0000] {dag.py:3677} INFO - Setting next_dagrun for example_params_ui_tutorial to None, run_after=None
[2023-08-20T01:13:53.076+0000] {processor.py:179} INFO - Processing /home/airflow/.local/lib/python3.8/site-packages/airflow/example_dags/example_params_ui_tutorial.py took 0.056 seconds
[2023-08-20T01:14:23.563+0000] {processor.py:157} INFO - Started process (PID=208) to work on /home/airflow/.local/lib/python3.8/site-packages/airflow/example_dags/example_params_ui_tutorial.py
[2023-08-20T01:14:23.564+0000] {processor.py:829} INFO - Processing file /home/airflow/.local/lib/python3.8/site-packages/airflow/example_dags/example_params_ui_tutorial.py for tasks to queue
[2023-08-20T01:14:23.566+0000] {logging_mixin.py:151} INFO - [2023-08-20T01:14:23.565+0000] {dagbag.py:539} INFO - Filling up the DagBag from /home/airflow/.local/lib/python3.8/site-packages/airflow/example_dags/example_params_ui_tutorial.py
[2023-08-20T01:14:23.581+0000] {processor.py:839} INFO - DAG(s) dict_keys(['example_params_ui_tutorial']) retrieved from /home/airflow/.local/lib/python3.8/site-packages/airflow/example_dags/example_params_ui_tutorial.py
[2023-08-20T01:14:23.605+0000] {logging_mixin.py:151} INFO - [2023-08-20T01:14:23.605+0000] {dag.py:2907} INFO - Sync 1 DAGs
[2023-08-20T01:14:23.611+0000] {logging_mixin.py:151} INFO - [2023-08-20T01:14:23.611+0000] {dag.py:3677} INFO - Setting next_dagrun for example_params_ui_tutorial to None, run_after=None
[2023-08-20T01:14:23.618+0000] {processor.py:179} INFO - Processing /home/airflow/.local/lib/python3.8/site-packages/airflow/example_dags/example_params_ui_tutorial.py took 0.057 seconds
[2023-08-20T01:14:54.243+0000] {processor.py:157} INFO - Started process (PID=262) to work on /home/airflow/.local/lib/python3.8/site-packages/airflow/example_dags/example_params_ui_tutorial.py
[2023-08-20T01:14:54.243+0000] {processor.py:829} INFO - Processing file /home/airflow/.local/lib/python3.8/site-packages/airflow/example_dags/example_params_ui_tutorial.py for tasks to queue
[2023-08-20T01:14:54.245+0000] {logging_mixin.py:151} INFO - [2023-08-20T01:14:54.244+0000] {dagbag.py:539} INFO - Filling up the DagBag from /home/airflow/.local/lib/python3.8/site-packages/airflow/example_dags/example_params_ui_tutorial.py
[2023-08-20T01:14:54.260+0000] {processor.py:839} INFO - DAG(s) dict_keys(['example_params_ui_tutorial']) retrieved from /home/airflow/.local/lib/python3.8/site-packages/airflow/example_dags/example_params_ui_tutorial.py
[2023-08-20T01:14:54.283+0000] {logging_mixin.py:151} INFO - [2023-08-20T01:14:54.283+0000] {dag.py:2907} INFO - Sync 1 DAGs
[2023-08-20T01:14:54.288+0000] {logging_mixin.py:151} INFO - [2023-08-20T01:14:54.288+0000] {dag.py:3677} INFO - Setting next_dagrun for example_params_ui_tutorial to None, run_after=None
[2023-08-20T01:14:54.296+0000] {processor.py:179} INFO - Processing /home/airflow/.local/lib/python3.8/site-packages/airflow/example_dags/example_params_ui_tutorial.py took 0.055 seconds
[2023-08-20T01:15:24.791+0000] {processor.py:157} INFO - Started process (PID=316) to work on /home/airflow/.local/lib/python3.8/site-packages/airflow/example_dags/example_params_ui_tutorial.py
[2023-08-20T01:15:24.792+0000] {processor.py:829} INFO - Processing file /home/airflow/.local/lib/python3.8/site-packages/airflow/example_dags/example_params_ui_tutorial.py for tasks to queue
[2023-08-20T01:15:24.793+0000] {logging_mixin.py:151} INFO - [2023-08-20T01:15:24.793+0000] {dagbag.py:539} INFO - Filling up the DagBag from /home/airflow/.local/lib/python3.8/site-packages/airflow/example_dags/example_params_ui_tutorial.py
[2023-08-20T01:15:24.809+0000] {processor.py:839} INFO - DAG(s) dict_keys(['example_params_ui_tutorial']) retrieved from /home/airflow/.local/lib/python3.8/site-packages/airflow/example_dags/example_params_ui_tutorial.py
[2023-08-20T01:15:24.832+0000] {logging_mixin.py:151} INFO - [2023-08-20T01:15:24.832+0000] {dag.py:2907} INFO - Sync 1 DAGs
[2023-08-20T01:15:24.838+0000] {logging_mixin.py:151} INFO - [2023-08-20T01:15:24.838+0000] {dag.py:3677} INFO - Setting next_dagrun for example_params_ui_tutorial to None, run_after=None
[2023-08-20T01:15:24.845+0000] {processor.py:179} INFO - Processing /home/airflow/.local/lib/python3.8/site-packages/airflow/example_dags/example_params_ui_tutorial.py took 0.055 seconds
