[2023-08-20T01:09:27.224+0000] {processor.py:157} INFO - Started process (PID=68) to work on /home/airflow/.local/lib/python3.8/site-packages/airflow/example_dags/tutorial_taskflow_api.py
[2023-08-20T01:09:27.224+0000] {processor.py:829} INFO - Processing file /home/airflow/.local/lib/python3.8/site-packages/airflow/example_dags/tutorial_taskflow_api.py for tasks to queue
[2023-08-20T01:09:27.225+0000] {logging_mixin.py:151} INFO - [2023-08-20T01:09:27.225+0000] {dagbag.py:539} INFO - Filling up the DagBag from /home/airflow/.local/lib/python3.8/site-packages/airflow/example_dags/tutorial_taskflow_api.py
[2023-08-20T01:09:27.230+0000] {processor.py:839} INFO - DAG(s) dict_keys(['tutorial_taskflow_api']) retrieved from /home/airflow/.local/lib/python3.8/site-packages/airflow/example_dags/tutorial_taskflow_api.py
[2023-08-20T01:09:27.277+0000] {logging_mixin.py:151} INFO - [2023-08-20T01:09:27.277+0000] {manager.py:501} INFO - Created Permission View: can edit on DAG:tutorial_taskflow_api
[2023-08-20T01:09:27.280+0000] {logging_mixin.py:151} INFO - [2023-08-20T01:09:27.280+0000] {manager.py:501} INFO - Created Permission View: can delete on DAG:tutorial_taskflow_api
[2023-08-20T01:09:27.282+0000] {logging_mixin.py:151} INFO - [2023-08-20T01:09:27.282+0000] {manager.py:501} INFO - Created Permission View: can read on DAG:tutorial_taskflow_api
[2023-08-20T01:09:27.287+0000] {logging_mixin.py:151} INFO - [2023-08-20T01:09:27.287+0000] {dag.py:2907} INFO - Sync 1 DAGs
[2023-08-20T01:09:27.292+0000] {logging_mixin.py:151} INFO - [2023-08-20T01:09:27.292+0000] {dag.py:2929} INFO - Creating ORM DAG for tutorial_taskflow_api
[2023-08-20T01:09:27.293+0000] {logging_mixin.py:151} INFO - [2023-08-20T01:09:27.293+0000] {dag.py:3677} INFO - Setting next_dagrun for tutorial_taskflow_api to None, run_after=None
[2023-08-20T01:09:27.299+0000] {processor.py:179} INFO - Processing /home/airflow/.local/lib/python3.8/site-packages/airflow/example_dags/tutorial_taskflow_api.py took 0.078 seconds
[2023-08-20T01:09:57.652+0000] {processor.py:157} INFO - Started process (PID=122) to work on /home/airflow/.local/lib/python3.8/site-packages/airflow/example_dags/tutorial_taskflow_api.py
[2023-08-20T01:09:57.652+0000] {processor.py:829} INFO - Processing file /home/airflow/.local/lib/python3.8/site-packages/airflow/example_dags/tutorial_taskflow_api.py for tasks to queue
[2023-08-20T01:09:57.653+0000] {logging_mixin.py:151} INFO - [2023-08-20T01:09:57.653+0000] {dagbag.py:539} INFO - Filling up the DagBag from /home/airflow/.local/lib/python3.8/site-packages/airflow/example_dags/tutorial_taskflow_api.py
[2023-08-20T01:09:57.657+0000] {processor.py:839} INFO - DAG(s) dict_keys(['tutorial_taskflow_api']) retrieved from /home/airflow/.local/lib/python3.8/site-packages/airflow/example_dags/tutorial_taskflow_api.py
[2023-08-20T01:09:57.668+0000] {logging_mixin.py:151} INFO - [2023-08-20T01:09:57.668+0000] {dag.py:2907} INFO - Sync 1 DAGs
[2023-08-20T01:09:57.673+0000] {logging_mixin.py:151} INFO - [2023-08-20T01:09:57.673+0000] {dag.py:3677} INFO - Setting next_dagrun for tutorial_taskflow_api to None, run_after=None
[2023-08-20T01:09:57.679+0000] {processor.py:179} INFO - Processing /home/airflow/.local/lib/python3.8/site-packages/airflow/example_dags/tutorial_taskflow_api.py took 0.029 seconds
[2023-08-20T01:10:28.361+0000] {processor.py:157} INFO - Started process (PID=176) to work on /home/airflow/.local/lib/python3.8/site-packages/airflow/example_dags/tutorial_taskflow_api.py
[2023-08-20T01:10:28.361+0000] {processor.py:829} INFO - Processing file /home/airflow/.local/lib/python3.8/site-packages/airflow/example_dags/tutorial_taskflow_api.py for tasks to queue
[2023-08-20T01:10:28.362+0000] {logging_mixin.py:151} INFO - [2023-08-20T01:10:28.362+0000] {dagbag.py:539} INFO - Filling up the DagBag from /home/airflow/.local/lib/python3.8/site-packages/airflow/example_dags/tutorial_taskflow_api.py
[2023-08-20T01:10:28.366+0000] {processor.py:839} INFO - DAG(s) dict_keys(['tutorial_taskflow_api']) retrieved from /home/airflow/.local/lib/python3.8/site-packages/airflow/example_dags/tutorial_taskflow_api.py
[2023-08-20T01:10:28.378+0000] {logging_mixin.py:151} INFO - [2023-08-20T01:10:28.378+0000] {dag.py:2907} INFO - Sync 1 DAGs
[2023-08-20T01:10:28.383+0000] {logging_mixin.py:151} INFO - [2023-08-20T01:10:28.383+0000] {dag.py:3677} INFO - Setting next_dagrun for tutorial_taskflow_api to None, run_after=None
[2023-08-20T01:10:28.391+0000] {processor.py:179} INFO - Processing /home/airflow/.local/lib/python3.8/site-packages/airflow/example_dags/tutorial_taskflow_api.py took 0.032 seconds
[2023-08-20T01:10:59.059+0000] {processor.py:157} INFO - Started process (PID=230) to work on /home/airflow/.local/lib/python3.8/site-packages/airflow/example_dags/tutorial_taskflow_api.py
[2023-08-20T01:10:59.060+0000] {processor.py:829} INFO - Processing file /home/airflow/.local/lib/python3.8/site-packages/airflow/example_dags/tutorial_taskflow_api.py for tasks to queue
[2023-08-20T01:10:59.061+0000] {logging_mixin.py:151} INFO - [2023-08-20T01:10:59.061+0000] {dagbag.py:539} INFO - Filling up the DagBag from /home/airflow/.local/lib/python3.8/site-packages/airflow/example_dags/tutorial_taskflow_api.py
[2023-08-20T01:10:59.065+0000] {processor.py:839} INFO - DAG(s) dict_keys(['tutorial_taskflow_api']) retrieved from /home/airflow/.local/lib/python3.8/site-packages/airflow/example_dags/tutorial_taskflow_api.py
[2023-08-20T01:10:59.076+0000] {logging_mixin.py:151} INFO - [2023-08-20T01:10:59.076+0000] {dag.py:2907} INFO - Sync 1 DAGs
[2023-08-20T01:10:59.082+0000] {logging_mixin.py:151} INFO - [2023-08-20T01:10:59.082+0000] {dag.py:3677} INFO - Setting next_dagrun for tutorial_taskflow_api to None, run_after=None
[2023-08-20T01:10:59.090+0000] {processor.py:179} INFO - Processing /home/airflow/.local/lib/python3.8/site-packages/airflow/example_dags/tutorial_taskflow_api.py took 0.032 seconds
[2023-08-20T01:11:29.712+0000] {processor.py:157} INFO - Started process (PID=284) to work on /home/airflow/.local/lib/python3.8/site-packages/airflow/example_dags/tutorial_taskflow_api.py
[2023-08-20T01:11:29.712+0000] {processor.py:829} INFO - Processing file /home/airflow/.local/lib/python3.8/site-packages/airflow/example_dags/tutorial_taskflow_api.py for tasks to queue
[2023-08-20T01:11:29.713+0000] {logging_mixin.py:151} INFO - [2023-08-20T01:11:29.713+0000] {dagbag.py:539} INFO - Filling up the DagBag from /home/airflow/.local/lib/python3.8/site-packages/airflow/example_dags/tutorial_taskflow_api.py
[2023-08-20T01:11:29.717+0000] {processor.py:839} INFO - DAG(s) dict_keys(['tutorial_taskflow_api']) retrieved from /home/airflow/.local/lib/python3.8/site-packages/airflow/example_dags/tutorial_taskflow_api.py
[2023-08-20T01:11:29.728+0000] {logging_mixin.py:151} INFO - [2023-08-20T01:11:29.728+0000] {dag.py:2907} INFO - Sync 1 DAGs
[2023-08-20T01:11:29.734+0000] {logging_mixin.py:151} INFO - [2023-08-20T01:11:29.734+0000] {dag.py:3677} INFO - Setting next_dagrun for tutorial_taskflow_api to None, run_after=None
[2023-08-20T01:11:29.741+0000] {processor.py:179} INFO - Processing /home/airflow/.local/lib/python3.8/site-packages/airflow/example_dags/tutorial_taskflow_api.py took 0.031 seconds
[2023-08-20T01:12:00.540+0000] {processor.py:157} INFO - Started process (PID=338) to work on /home/airflow/.local/lib/python3.8/site-packages/airflow/example_dags/tutorial_taskflow_api.py
[2023-08-20T01:12:00.540+0000] {processor.py:829} INFO - Processing file /home/airflow/.local/lib/python3.8/site-packages/airflow/example_dags/tutorial_taskflow_api.py for tasks to queue
[2023-08-20T01:12:00.541+0000] {logging_mixin.py:151} INFO - [2023-08-20T01:12:00.541+0000] {dagbag.py:539} INFO - Filling up the DagBag from /home/airflow/.local/lib/python3.8/site-packages/airflow/example_dags/tutorial_taskflow_api.py
[2023-08-20T01:12:00.545+0000] {processor.py:839} INFO - DAG(s) dict_keys(['tutorial_taskflow_api']) retrieved from /home/airflow/.local/lib/python3.8/site-packages/airflow/example_dags/tutorial_taskflow_api.py
[2023-08-20T01:12:00.557+0000] {logging_mixin.py:151} INFO - [2023-08-20T01:12:00.557+0000] {dag.py:2907} INFO - Sync 1 DAGs
[2023-08-20T01:12:00.563+0000] {logging_mixin.py:151} INFO - [2023-08-20T01:12:00.563+0000] {dag.py:3677} INFO - Setting next_dagrun for tutorial_taskflow_api to None, run_after=None
[2023-08-20T01:12:00.570+0000] {processor.py:179} INFO - Processing /home/airflow/.local/lib/python3.8/site-packages/airflow/example_dags/tutorial_taskflow_api.py took 0.032 seconds
[2023-08-20T01:12:52.256+0000] {processor.py:157} INFO - Started process (PID=67) to work on /home/airflow/.local/lib/python3.8/site-packages/airflow/example_dags/tutorial_taskflow_api.py
[2023-08-20T01:12:52.256+0000] {processor.py:829} INFO - Processing file /home/airflow/.local/lib/python3.8/site-packages/airflow/example_dags/tutorial_taskflow_api.py for tasks to queue
[2023-08-20T01:12:52.257+0000] {logging_mixin.py:151} INFO - [2023-08-20T01:12:52.257+0000] {dagbag.py:539} INFO - Filling up the DagBag from /home/airflow/.local/lib/python3.8/site-packages/airflow/example_dags/tutorial_taskflow_api.py
[2023-08-20T01:12:52.263+0000] {processor.py:839} INFO - DAG(s) dict_keys(['tutorial_taskflow_api']) retrieved from /home/airflow/.local/lib/python3.8/site-packages/airflow/example_dags/tutorial_taskflow_api.py
[2023-08-20T01:12:52.272+0000] {logging_mixin.py:151} INFO - [2023-08-20T01:12:52.272+0000] {dag.py:2907} INFO - Sync 1 DAGs
[2023-08-20T01:12:52.279+0000] {logging_mixin.py:151} INFO - [2023-08-20T01:12:52.279+0000] {dag.py:3677} INFO - Setting next_dagrun for tutorial_taskflow_api to None, run_after=None
[2023-08-20T01:12:52.288+0000] {processor.py:179} INFO - Processing /home/airflow/.local/lib/python3.8/site-packages/airflow/example_dags/tutorial_taskflow_api.py took 0.034 seconds
[2023-08-20T01:13:23.021+0000] {processor.py:157} INFO - Started process (PID=120) to work on /home/airflow/.local/lib/python3.8/site-packages/airflow/example_dags/tutorial_taskflow_api.py
[2023-08-20T01:13:23.021+0000] {processor.py:829} INFO - Processing file /home/airflow/.local/lib/python3.8/site-packages/airflow/example_dags/tutorial_taskflow_api.py for tasks to queue
[2023-08-20T01:13:23.022+0000] {logging_mixin.py:151} INFO - [2023-08-20T01:13:23.022+0000] {dagbag.py:539} INFO - Filling up the DagBag from /home/airflow/.local/lib/python3.8/site-packages/airflow/example_dags/tutorial_taskflow_api.py
[2023-08-20T01:13:23.026+0000] {processor.py:839} INFO - DAG(s) dict_keys(['tutorial_taskflow_api']) retrieved from /home/airflow/.local/lib/python3.8/site-packages/airflow/example_dags/tutorial_taskflow_api.py
[2023-08-20T01:13:23.039+0000] {logging_mixin.py:151} INFO - [2023-08-20T01:13:23.039+0000] {dag.py:2907} INFO - Sync 1 DAGs
[2023-08-20T01:13:23.045+0000] {logging_mixin.py:151} INFO - [2023-08-20T01:13:23.045+0000] {dag.py:3677} INFO - Setting next_dagrun for tutorial_taskflow_api to None, run_after=None
[2023-08-20T01:13:23.052+0000] {processor.py:179} INFO - Processing /home/airflow/.local/lib/python3.8/site-packages/airflow/example_dags/tutorial_taskflow_api.py took 0.033 seconds
[2023-08-20T01:13:53.666+0000] {processor.py:157} INFO - Started process (PID=174) to work on /home/airflow/.local/lib/python3.8/site-packages/airflow/example_dags/tutorial_taskflow_api.py
[2023-08-20T01:13:53.666+0000] {processor.py:829} INFO - Processing file /home/airflow/.local/lib/python3.8/site-packages/airflow/example_dags/tutorial_taskflow_api.py for tasks to queue
[2023-08-20T01:13:53.667+0000] {logging_mixin.py:151} INFO - [2023-08-20T01:13:53.667+0000] {dagbag.py:539} INFO - Filling up the DagBag from /home/airflow/.local/lib/python3.8/site-packages/airflow/example_dags/tutorial_taskflow_api.py
[2023-08-20T01:13:53.671+0000] {processor.py:839} INFO - DAG(s) dict_keys(['tutorial_taskflow_api']) retrieved from /home/airflow/.local/lib/python3.8/site-packages/airflow/example_dags/tutorial_taskflow_api.py
[2023-08-20T01:13:53.682+0000] {logging_mixin.py:151} INFO - [2023-08-20T01:13:53.682+0000] {dag.py:2907} INFO - Sync 1 DAGs
[2023-08-20T01:13:53.688+0000] {logging_mixin.py:151} INFO - [2023-08-20T01:13:53.688+0000] {dag.py:3677} INFO - Setting next_dagrun for tutorial_taskflow_api to None, run_after=None
[2023-08-20T01:13:53.695+0000] {processor.py:179} INFO - Processing /home/airflow/.local/lib/python3.8/site-packages/airflow/example_dags/tutorial_taskflow_api.py took 0.031 seconds
[2023-08-20T01:14:24.251+0000] {processor.py:157} INFO - Started process (PID=228) to work on /home/airflow/.local/lib/python3.8/site-packages/airflow/example_dags/tutorial_taskflow_api.py
[2023-08-20T01:14:24.251+0000] {processor.py:829} INFO - Processing file /home/airflow/.local/lib/python3.8/site-packages/airflow/example_dags/tutorial_taskflow_api.py for tasks to queue
[2023-08-20T01:14:24.252+0000] {logging_mixin.py:151} INFO - [2023-08-20T01:14:24.252+0000] {dagbag.py:539} INFO - Filling up the DagBag from /home/airflow/.local/lib/python3.8/site-packages/airflow/example_dags/tutorial_taskflow_api.py
[2023-08-20T01:14:24.256+0000] {processor.py:839} INFO - DAG(s) dict_keys(['tutorial_taskflow_api']) retrieved from /home/airflow/.local/lib/python3.8/site-packages/airflow/example_dags/tutorial_taskflow_api.py
[2023-08-20T01:14:24.267+0000] {logging_mixin.py:151} INFO - [2023-08-20T01:14:24.267+0000] {dag.py:2907} INFO - Sync 1 DAGs
[2023-08-20T01:14:24.272+0000] {logging_mixin.py:151} INFO - [2023-08-20T01:14:24.272+0000] {dag.py:3677} INFO - Setting next_dagrun for tutorial_taskflow_api to None, run_after=None
[2023-08-20T01:14:24.279+0000] {processor.py:179} INFO - Processing /home/airflow/.local/lib/python3.8/site-packages/airflow/example_dags/tutorial_taskflow_api.py took 0.029 seconds
[2023-08-20T01:14:54.888+0000] {processor.py:157} INFO - Started process (PID=282) to work on /home/airflow/.local/lib/python3.8/site-packages/airflow/example_dags/tutorial_taskflow_api.py
[2023-08-20T01:14:54.888+0000] {processor.py:829} INFO - Processing file /home/airflow/.local/lib/python3.8/site-packages/airflow/example_dags/tutorial_taskflow_api.py for tasks to queue
[2023-08-20T01:14:54.889+0000] {logging_mixin.py:151} INFO - [2023-08-20T01:14:54.889+0000] {dagbag.py:539} INFO - Filling up the DagBag from /home/airflow/.local/lib/python3.8/site-packages/airflow/example_dags/tutorial_taskflow_api.py
[2023-08-20T01:14:54.893+0000] {processor.py:839} INFO - DAG(s) dict_keys(['tutorial_taskflow_api']) retrieved from /home/airflow/.local/lib/python3.8/site-packages/airflow/example_dags/tutorial_taskflow_api.py
[2023-08-20T01:14:54.904+0000] {logging_mixin.py:151} INFO - [2023-08-20T01:14:54.904+0000] {dag.py:2907} INFO - Sync 1 DAGs
[2023-08-20T01:14:54.910+0000] {logging_mixin.py:151} INFO - [2023-08-20T01:14:54.910+0000] {dag.py:3677} INFO - Setting next_dagrun for tutorial_taskflow_api to None, run_after=None
[2023-08-20T01:14:54.917+0000] {processor.py:179} INFO - Processing /home/airflow/.local/lib/python3.8/site-packages/airflow/example_dags/tutorial_taskflow_api.py took 0.031 seconds
[2023-08-20T01:15:25.484+0000] {processor.py:157} INFO - Started process (PID=336) to work on /home/airflow/.local/lib/python3.8/site-packages/airflow/example_dags/tutorial_taskflow_api.py
[2023-08-20T01:15:25.484+0000] {processor.py:829} INFO - Processing file /home/airflow/.local/lib/python3.8/site-packages/airflow/example_dags/tutorial_taskflow_api.py for tasks to queue
[2023-08-20T01:15:25.485+0000] {logging_mixin.py:151} INFO - [2023-08-20T01:15:25.485+0000] {dagbag.py:539} INFO - Filling up the DagBag from /home/airflow/.local/lib/python3.8/site-packages/airflow/example_dags/tutorial_taskflow_api.py
[2023-08-20T01:15:25.489+0000] {processor.py:839} INFO - DAG(s) dict_keys(['tutorial_taskflow_api']) retrieved from /home/airflow/.local/lib/python3.8/site-packages/airflow/example_dags/tutorial_taskflow_api.py
[2023-08-20T01:15:25.500+0000] {logging_mixin.py:151} INFO - [2023-08-20T01:15:25.500+0000] {dag.py:2907} INFO - Sync 1 DAGs
[2023-08-20T01:15:25.505+0000] {logging_mixin.py:151} INFO - [2023-08-20T01:15:25.505+0000] {dag.py:3677} INFO - Setting next_dagrun for tutorial_taskflow_api to None, run_after=None
[2023-08-20T01:15:25.511+0000] {processor.py:179} INFO - Processing /home/airflow/.local/lib/python3.8/site-packages/airflow/example_dags/tutorial_taskflow_api.py took 0.029 seconds
