[2023-08-20T01:09:23.949+0000] {processor.py:157} INFO - Started process (PID=36) to work on /home/airflow/.local/lib/python3.8/site-packages/airflow/example_dags/tutorial.py
[2023-08-20T01:09:23.950+0000] {processor.py:829} INFO - Processing file /home/airflow/.local/lib/python3.8/site-packages/airflow/example_dags/tutorial.py for tasks to queue
[2023-08-20T01:09:23.951+0000] {logging_mixin.py:151} INFO - [2023-08-20T01:09:23.951+0000] {dagbag.py:539} INFO - Filling up the DagBag from /home/airflow/.local/lib/python3.8/site-packages/airflow/example_dags/tutorial.py
[2023-08-20T01:09:23.956+0000] {processor.py:839} INFO - DAG(s) dict_keys(['tutorial']) retrieved from /home/airflow/.local/lib/python3.8/site-packages/airflow/example_dags/tutorial.py
[2023-08-20T01:09:24.078+0000] {logging_mixin.py:151} INFO - [2023-08-20T01:09:24.078+0000] {manager.py:501} INFO - Created Permission View: can edit on DAG:tutorial
[2023-08-20T01:09:24.083+0000] {logging_mixin.py:151} INFO - [2023-08-20T01:09:24.083+0000] {manager.py:501} INFO - Created Permission View: can delete on DAG:tutorial
[2023-08-20T01:09:24.086+0000] {logging_mixin.py:151} INFO - [2023-08-20T01:09:24.086+0000] {manager.py:501} INFO - Created Permission View: can read on DAG:tutorial
[2023-08-20T01:09:24.092+0000] {logging_mixin.py:151} INFO - [2023-08-20T01:09:24.092+0000] {dag.py:2907} INFO - Sync 1 DAGs
[2023-08-20T01:09:24.097+0000] {logging_mixin.py:151} INFO - [2023-08-20T01:09:24.097+0000] {dag.py:2929} INFO - Creating ORM DAG for tutorial
[2023-08-20T01:09:24.101+0000] {logging_mixin.py:151} INFO - [2023-08-20T01:09:24.101+0000] {dag.py:3677} INFO - Setting next_dagrun for tutorial to 2023-08-19T01:09:24.101772+00:00, run_after=2023-08-20T01:09:24.101772+00:00
[2023-08-20T01:09:24.108+0000] {processor.py:179} INFO - Processing /home/airflow/.local/lib/python3.8/site-packages/airflow/example_dags/tutorial.py took 0.161 seconds
[2023-08-20T01:09:54.515+0000] {processor.py:157} INFO - Started process (PID=90) to work on /home/airflow/.local/lib/python3.8/site-packages/airflow/example_dags/tutorial.py
[2023-08-20T01:09:54.515+0000] {processor.py:829} INFO - Processing file /home/airflow/.local/lib/python3.8/site-packages/airflow/example_dags/tutorial.py for tasks to queue
[2023-08-20T01:09:54.516+0000] {logging_mixin.py:151} INFO - [2023-08-20T01:09:54.516+0000] {dagbag.py:539} INFO - Filling up the DagBag from /home/airflow/.local/lib/python3.8/site-packages/airflow/example_dags/tutorial.py
[2023-08-20T01:09:54.519+0000] {processor.py:839} INFO - DAG(s) dict_keys(['tutorial']) retrieved from /home/airflow/.local/lib/python3.8/site-packages/airflow/example_dags/tutorial.py
[2023-08-20T01:09:54.531+0000] {logging_mixin.py:151} INFO - [2023-08-20T01:09:54.531+0000] {dag.py:2907} INFO - Sync 1 DAGs
[2023-08-20T01:09:54.540+0000] {logging_mixin.py:151} INFO - [2023-08-20T01:09:54.540+0000] {dag.py:3677} INFO - Setting next_dagrun for tutorial to 2023-08-19T01:09:54.540056+00:00, run_after=2023-08-20T01:09:54.540056+00:00
[2023-08-20T01:09:54.547+0000] {processor.py:179} INFO - Processing /home/airflow/.local/lib/python3.8/site-packages/airflow/example_dags/tutorial.py took 0.034 seconds
[2023-08-20T01:10:25.292+0000] {processor.py:157} INFO - Started process (PID=144) to work on /home/airflow/.local/lib/python3.8/site-packages/airflow/example_dags/tutorial.py
[2023-08-20T01:10:25.293+0000] {processor.py:829} INFO - Processing file /home/airflow/.local/lib/python3.8/site-packages/airflow/example_dags/tutorial.py for tasks to queue
[2023-08-20T01:10:25.294+0000] {logging_mixin.py:151} INFO - [2023-08-20T01:10:25.294+0000] {dagbag.py:539} INFO - Filling up the DagBag from /home/airflow/.local/lib/python3.8/site-packages/airflow/example_dags/tutorial.py
[2023-08-20T01:10:25.298+0000] {processor.py:839} INFO - DAG(s) dict_keys(['tutorial']) retrieved from /home/airflow/.local/lib/python3.8/site-packages/airflow/example_dags/tutorial.py
[2023-08-20T01:10:25.310+0000] {logging_mixin.py:151} INFO - [2023-08-20T01:10:25.310+0000] {dag.py:2907} INFO - Sync 1 DAGs
[2023-08-20T01:10:25.320+0000] {logging_mixin.py:151} INFO - [2023-08-20T01:10:25.320+0000] {dag.py:3677} INFO - Setting next_dagrun for tutorial to 2023-08-19T01:10:25.320743+00:00, run_after=2023-08-20T01:10:25.320743+00:00
[2023-08-20T01:10:25.329+0000] {processor.py:179} INFO - Processing /home/airflow/.local/lib/python3.8/site-packages/airflow/example_dags/tutorial.py took 0.039 seconds
[2023-08-20T01:10:56.005+0000] {processor.py:157} INFO - Started process (PID=198) to work on /home/airflow/.local/lib/python3.8/site-packages/airflow/example_dags/tutorial.py
[2023-08-20T01:10:56.006+0000] {processor.py:829} INFO - Processing file /home/airflow/.local/lib/python3.8/site-packages/airflow/example_dags/tutorial.py for tasks to queue
[2023-08-20T01:10:56.007+0000] {logging_mixin.py:151} INFO - [2023-08-20T01:10:56.006+0000] {dagbag.py:539} INFO - Filling up the DagBag from /home/airflow/.local/lib/python3.8/site-packages/airflow/example_dags/tutorial.py
[2023-08-20T01:10:56.010+0000] {processor.py:839} INFO - DAG(s) dict_keys(['tutorial']) retrieved from /home/airflow/.local/lib/python3.8/site-packages/airflow/example_dags/tutorial.py
[2023-08-20T01:10:56.021+0000] {logging_mixin.py:151} INFO - [2023-08-20T01:10:56.021+0000] {dag.py:2907} INFO - Sync 1 DAGs
[2023-08-20T01:10:56.031+0000] {logging_mixin.py:151} INFO - [2023-08-20T01:10:56.031+0000] {dag.py:3677} INFO - Setting next_dagrun for tutorial to 2023-08-19T01:10:56.031620+00:00, run_after=2023-08-20T01:10:56.031620+00:00
[2023-08-20T01:10:56.039+0000] {processor.py:179} INFO - Processing /home/airflow/.local/lib/python3.8/site-packages/airflow/example_dags/tutorial.py took 0.035 seconds
[2023-08-20T01:11:26.658+0000] {processor.py:157} INFO - Started process (PID=252) to work on /home/airflow/.local/lib/python3.8/site-packages/airflow/example_dags/tutorial.py
[2023-08-20T01:11:26.658+0000] {processor.py:829} INFO - Processing file /home/airflow/.local/lib/python3.8/site-packages/airflow/example_dags/tutorial.py for tasks to queue
[2023-08-20T01:11:26.659+0000] {logging_mixin.py:151} INFO - [2023-08-20T01:11:26.659+0000] {dagbag.py:539} INFO - Filling up the DagBag from /home/airflow/.local/lib/python3.8/site-packages/airflow/example_dags/tutorial.py
[2023-08-20T01:11:26.663+0000] {processor.py:839} INFO - DAG(s) dict_keys(['tutorial']) retrieved from /home/airflow/.local/lib/python3.8/site-packages/airflow/example_dags/tutorial.py
[2023-08-20T01:11:26.674+0000] {logging_mixin.py:151} INFO - [2023-08-20T01:11:26.674+0000] {dag.py:2907} INFO - Sync 1 DAGs
[2023-08-20T01:11:26.685+0000] {logging_mixin.py:151} INFO - [2023-08-20T01:11:26.685+0000] {dag.py:3677} INFO - Setting next_dagrun for tutorial to 2023-08-19T01:11:26.685629+00:00, run_after=2023-08-20T01:11:26.685629+00:00
[2023-08-20T01:11:26.692+0000] {processor.py:179} INFO - Processing /home/airflow/.local/lib/python3.8/site-packages/airflow/example_dags/tutorial.py took 0.036 seconds
[2023-08-20T01:11:57.391+0000] {processor.py:157} INFO - Started process (PID=306) to work on /home/airflow/.local/lib/python3.8/site-packages/airflow/example_dags/tutorial.py
[2023-08-20T01:11:57.392+0000] {processor.py:829} INFO - Processing file /home/airflow/.local/lib/python3.8/site-packages/airflow/example_dags/tutorial.py for tasks to queue
[2023-08-20T01:11:57.393+0000] {logging_mixin.py:151} INFO - [2023-08-20T01:11:57.393+0000] {dagbag.py:539} INFO - Filling up the DagBag from /home/airflow/.local/lib/python3.8/site-packages/airflow/example_dags/tutorial.py
[2023-08-20T01:11:57.396+0000] {processor.py:839} INFO - DAG(s) dict_keys(['tutorial']) retrieved from /home/airflow/.local/lib/python3.8/site-packages/airflow/example_dags/tutorial.py
[2023-08-20T01:11:57.408+0000] {logging_mixin.py:151} INFO - [2023-08-20T01:11:57.408+0000] {dag.py:2907} INFO - Sync 1 DAGs
[2023-08-20T01:11:57.419+0000] {logging_mixin.py:151} INFO - [2023-08-20T01:11:57.419+0000] {dag.py:3677} INFO - Setting next_dagrun for tutorial to 2023-08-19T01:11:57.419051+00:00, run_after=2023-08-20T01:11:57.419051+00:00
[2023-08-20T01:11:57.428+0000] {processor.py:179} INFO - Processing /home/airflow/.local/lib/python3.8/site-packages/airflow/example_dags/tutorial.py took 0.038 seconds
[2023-08-20T01:12:50.933+0000] {processor.py:157} INFO - Started process (PID=35) to work on /home/airflow/.local/lib/python3.8/site-packages/airflow/example_dags/tutorial.py
[2023-08-20T01:12:50.933+0000] {processor.py:829} INFO - Processing file /home/airflow/.local/lib/python3.8/site-packages/airflow/example_dags/tutorial.py for tasks to queue
[2023-08-20T01:12:50.935+0000] {logging_mixin.py:151} INFO - [2023-08-20T01:12:50.935+0000] {dagbag.py:539} INFO - Filling up the DagBag from /home/airflow/.local/lib/python3.8/site-packages/airflow/example_dags/tutorial.py
[2023-08-20T01:12:50.940+0000] {processor.py:839} INFO - DAG(s) dict_keys(['tutorial']) retrieved from /home/airflow/.local/lib/python3.8/site-packages/airflow/example_dags/tutorial.py
[2023-08-20T01:12:50.948+0000] {logging_mixin.py:151} INFO - [2023-08-20T01:12:50.948+0000] {dag.py:2907} INFO - Sync 1 DAGs
[2023-08-20T01:12:50.958+0000] {logging_mixin.py:151} INFO - [2023-08-20T01:12:50.958+0000] {dag.py:3677} INFO - Setting next_dagrun for tutorial to 2023-08-19T01:12:50.958062+00:00, run_after=2023-08-20T01:12:50.958062+00:00
[2023-08-20T01:12:50.966+0000] {processor.py:179} INFO - Processing /home/airflow/.local/lib/python3.8/site-packages/airflow/example_dags/tutorial.py took 0.034 seconds
[2023-08-20T01:13:21.194+0000] {processor.py:157} INFO - Started process (PID=88) to work on /home/airflow/.local/lib/python3.8/site-packages/airflow/example_dags/tutorial.py
[2023-08-20T01:13:21.195+0000] {processor.py:829} INFO - Processing file /home/airflow/.local/lib/python3.8/site-packages/airflow/example_dags/tutorial.py for tasks to queue
[2023-08-20T01:13:21.196+0000] {logging_mixin.py:151} INFO - [2023-08-20T01:13:21.196+0000] {dagbag.py:539} INFO - Filling up the DagBag from /home/airflow/.local/lib/python3.8/site-packages/airflow/example_dags/tutorial.py
[2023-08-20T01:13:21.199+0000] {processor.py:839} INFO - DAG(s) dict_keys(['tutorial']) retrieved from /home/airflow/.local/lib/python3.8/site-packages/airflow/example_dags/tutorial.py
[2023-08-20T01:13:21.273+0000] {logging_mixin.py:151} INFO - [2023-08-20T01:13:21.273+0000] {dag.py:2907} INFO - Sync 1 DAGs
[2023-08-20T01:13:21.282+0000] {logging_mixin.py:151} INFO - [2023-08-20T01:13:21.281+0000] {dag.py:3677} INFO - Setting next_dagrun for tutorial to 2023-08-19T01:13:21.281804+00:00, run_after=2023-08-20T01:13:21.281804+00:00
[2023-08-20T01:13:21.289+0000] {processor.py:179} INFO - Processing /home/airflow/.local/lib/python3.8/site-packages/airflow/example_dags/tutorial.py took 0.096 seconds
[2023-08-20T01:13:51.645+0000] {processor.py:157} INFO - Started process (PID=142) to work on /home/airflow/.local/lib/python3.8/site-packages/airflow/example_dags/tutorial.py
[2023-08-20T01:13:51.645+0000] {processor.py:829} INFO - Processing file /home/airflow/.local/lib/python3.8/site-packages/airflow/example_dags/tutorial.py for tasks to queue
[2023-08-20T01:13:51.646+0000] {logging_mixin.py:151} INFO - [2023-08-20T01:13:51.646+0000] {dagbag.py:539} INFO - Filling up the DagBag from /home/airflow/.local/lib/python3.8/site-packages/airflow/example_dags/tutorial.py
[2023-08-20T01:13:51.649+0000] {processor.py:839} INFO - DAG(s) dict_keys(['tutorial']) retrieved from /home/airflow/.local/lib/python3.8/site-packages/airflow/example_dags/tutorial.py
[2023-08-20T01:13:51.660+0000] {logging_mixin.py:151} INFO - [2023-08-20T01:13:51.660+0000] {dag.py:2907} INFO - Sync 1 DAGs
[2023-08-20T01:13:51.670+0000] {logging_mixin.py:151} INFO - [2023-08-20T01:13:51.669+0000] {dag.py:3677} INFO - Setting next_dagrun for tutorial to 2023-08-19T01:13:51.669844+00:00, run_after=2023-08-20T01:13:51.669844+00:00
[2023-08-20T01:13:51.677+0000] {processor.py:179} INFO - Processing /home/airflow/.local/lib/python3.8/site-packages/airflow/example_dags/tutorial.py took 0.034 seconds
[2023-08-20T01:14:22.236+0000] {processor.py:157} INFO - Started process (PID=196) to work on /home/airflow/.local/lib/python3.8/site-packages/airflow/example_dags/tutorial.py
[2023-08-20T01:14:22.237+0000] {processor.py:829} INFO - Processing file /home/airflow/.local/lib/python3.8/site-packages/airflow/example_dags/tutorial.py for tasks to queue
[2023-08-20T01:14:22.238+0000] {logging_mixin.py:151} INFO - [2023-08-20T01:14:22.238+0000] {dagbag.py:539} INFO - Filling up the DagBag from /home/airflow/.local/lib/python3.8/site-packages/airflow/example_dags/tutorial.py
[2023-08-20T01:14:22.241+0000] {processor.py:839} INFO - DAG(s) dict_keys(['tutorial']) retrieved from /home/airflow/.local/lib/python3.8/site-packages/airflow/example_dags/tutorial.py
[2023-08-20T01:14:22.252+0000] {logging_mixin.py:151} INFO - [2023-08-20T01:14:22.252+0000] {dag.py:2907} INFO - Sync 1 DAGs
[2023-08-20T01:14:22.261+0000] {logging_mixin.py:151} INFO - [2023-08-20T01:14:22.261+0000] {dag.py:3677} INFO - Setting next_dagrun for tutorial to 2023-08-19T01:14:22.261715+00:00, run_after=2023-08-20T01:14:22.261715+00:00
[2023-08-20T01:14:22.269+0000] {processor.py:179} INFO - Processing /home/airflow/.local/lib/python3.8/site-packages/airflow/example_dags/tutorial.py took 0.034 seconds
[2023-08-20T01:14:52.881+0000] {processor.py:157} INFO - Started process (PID=250) to work on /home/airflow/.local/lib/python3.8/site-packages/airflow/example_dags/tutorial.py
[2023-08-20T01:14:52.882+0000] {processor.py:829} INFO - Processing file /home/airflow/.local/lib/python3.8/site-packages/airflow/example_dags/tutorial.py for tasks to queue
[2023-08-20T01:14:52.883+0000] {logging_mixin.py:151} INFO - [2023-08-20T01:14:52.883+0000] {dagbag.py:539} INFO - Filling up the DagBag from /home/airflow/.local/lib/python3.8/site-packages/airflow/example_dags/tutorial.py
[2023-08-20T01:14:52.886+0000] {processor.py:839} INFO - DAG(s) dict_keys(['tutorial']) retrieved from /home/airflow/.local/lib/python3.8/site-packages/airflow/example_dags/tutorial.py
[2023-08-20T01:14:52.898+0000] {logging_mixin.py:151} INFO - [2023-08-20T01:14:52.897+0000] {dag.py:2907} INFO - Sync 1 DAGs
[2023-08-20T01:14:52.907+0000] {logging_mixin.py:151} INFO - [2023-08-20T01:14:52.907+0000] {dag.py:3677} INFO - Setting next_dagrun for tutorial to 2023-08-19T01:14:52.906984+00:00, run_after=2023-08-20T01:14:52.906984+00:00
[2023-08-20T01:14:52.914+0000] {processor.py:179} INFO - Processing /home/airflow/.local/lib/python3.8/site-packages/airflow/example_dags/tutorial.py took 0.035 seconds
[2023-08-20T01:15:23.505+0000] {processor.py:157} INFO - Started process (PID=304) to work on /home/airflow/.local/lib/python3.8/site-packages/airflow/example_dags/tutorial.py
[2023-08-20T01:15:23.505+0000] {processor.py:829} INFO - Processing file /home/airflow/.local/lib/python3.8/site-packages/airflow/example_dags/tutorial.py for tasks to queue
[2023-08-20T01:15:23.507+0000] {logging_mixin.py:151} INFO - [2023-08-20T01:15:23.506+0000] {dagbag.py:539} INFO - Filling up the DagBag from /home/airflow/.local/lib/python3.8/site-packages/airflow/example_dags/tutorial.py
[2023-08-20T01:15:23.510+0000] {processor.py:839} INFO - DAG(s) dict_keys(['tutorial']) retrieved from /home/airflow/.local/lib/python3.8/site-packages/airflow/example_dags/tutorial.py
[2023-08-20T01:15:23.521+0000] {logging_mixin.py:151} INFO - [2023-08-20T01:15:23.521+0000] {dag.py:2907} INFO - Sync 1 DAGs
[2023-08-20T01:15:23.531+0000] {logging_mixin.py:151} INFO - [2023-08-20T01:15:23.530+0000] {dag.py:3677} INFO - Setting next_dagrun for tutorial to 2023-08-19T01:15:23.530830+00:00, run_after=2023-08-20T01:15:23.530830+00:00
[2023-08-20T01:15:23.538+0000] {processor.py:179} INFO - Processing /home/airflow/.local/lib/python3.8/site-packages/airflow/example_dags/tutorial.py took 0.034 seconds
